pnm_aniso_he stages: 43238 28526 18820 12417 8192
reason=initial checkpointTarget=0 accepted=0 rejected=0 aliveV=65536 aliveF=131072 heap=196608 sec=0.562289 rebuildSec=0.506034 makeItemSec=0.46804 linkSec=0.238914 placeSec=0.0280392 nonFlipSec=0.132691 collapseSec=0 heapPops=0 stale=0 dead=0 fresh=0 requeues=0
reason=progress checkpointTarget=0 accepted=5000 rejected=5871 aliveV=60536 aliveF=121072 heap=219387 sec=2.55499 rebuildSec=0.506034 makeItemSec=0.602399 linkSec=0.305789 placeSec=0.0342292 nonFlipSec=0.16894 collapseSec=0.0089252 heapPops=10871 stale=2909 dead=2962 fresh=5000 requeues=0
reason=rebuild checkpointTarget=0 accepted=10000 rejected=12746 aliveV=55536 aliveF=111072 heap=162025 sec=5.20363 rebuildSec=0.95015 makeItemSec=1.15863 linkSec=0.593058 placeSec=0.0642984 nonFlipSec=0.323476 collapseSec=0.0192801 heapPops=22746 stale=6350 dead=6396 fresh=10000 requeues=0
reason=progress checkpointTarget=0 accepted=15000 rejected=15609 aliveV=50536 aliveF=101072 heap=186229 sec=6.76023 rebuildSec=0.95015 makeItemSec=1.29416 linkSec=0.663597 placeSec=0.070362 nonFlipSec=0.359504 collapseSec=0.0285823 heapPops=30609 stale=7761 dead=7848 fresh=15000 requeues=0
reason=rebuild checkpointTarget=0 accepted=20000 rejected=21547 aliveV=45536 aliveF=91072 heap=130531 sec=9.18595 rebuildSec=1.34996 makeItemSec=1.80413 linkSec=0.928062 placeSec=0.0967944 nonFlipSec=0.500567 collapseSec=0.0380589 heapPops=41547 stale=10636 dead=10911 fresh=20000 requeues=0
reason=final checkpointTarget=0 accepted=22298 rejected=22200 aliveV=43238 aliveF=86476 heap=141929 sec=9.82843 rebuildSec=1.34996 makeItemSec=1.86577 linkSec=0.960396 placeSec=0.09951 nonFlipSec=0.516848 collapseSec=0.0422961 heapPops=44498 stale=10957 dead=11243 fresh=22298 requeues=0
stage collapse target=43238 finalV=43238 sec=9.82843
stage=43238 heFlipPass=0 flipped=0
stage=43238 heRelocatePass=0 moved=28010
reason=initial checkpointTarget=0 accepted=0 rejected=0 aliveV=43238 aliveF=86476 heap=110472 sec=0.378035 rebuildSec=0.342083 makeItemSec=0.320022 linkSec=0.167535 placeSec=0.0180478 nonFlipSec=0.0880916 collapseSec=0 heapPops=0 stale=0 dead=0 fresh=0 requeues=0
reason=progress checkpointTarget=0 accepted=5000 rejected=152 aliveV=38238 aliveF=76476 heap=134495 sec=1.08745 rebuildSec=0.342083 makeItemSec=0.437535 linkSec=0.230017 placeSec=0.0236305 nonFlipSec=0.117831 collapseSec=0.008073 heapPops=5152 stale=70 dead=82 fresh=5000 requeues=0
reason=rebuild checkpointTarget=0 accepted=10000 rejected=2098 aliveV=33238 aliveF=66476 heap=90581 sec=2.32463 rebuildSec=0.66127 makeItemSec=0.873824 linkSec=0.458253 placeSec=0.0455979 nonFlipSec=0.237559 collapseSec=0.0173742 heapPops=12098 stale=914 dead=1184 fresh=10000 requeues=0
reason=final checkpointTarget=0 accepted=14712 rejected=4385 aliveV=28526 aliveF=57052 heap=112135 sec=3.39867 rebuildSec=0.66127 makeItemSec=0.993429 linkSec=0.521805 placeSec=0.0509267 nonFlipSec=0.268918 collapseSec=0.0256212 heapPops=19097 stale=1979 dead=2406 fresh=14712 requeues=0
stage collapse target=28526 finalV=28526 sec=3.39867
stage=28526 heFlipPass=0 flipped=28
stage=28526 heRelocatePass=0 moved=13020
reason=initial checkpointTarget=0 accepted=0 rejected=0 aliveV=28526 aliveF=57052 heap=76912 sec=0.268173 rebuildSec=0.245982 makeItemSec=0.230738 linkSec=0.120484 placeSec=0.0126325 nonFlipSec=0.0647598 collapseSec=0 heapPops=0 stale=0 dead=0 fresh=0 requeues=0
reason=progress checkpointTarget=0 accepted=5000 rejected=1784 aliveV=23526 aliveF=47052 heap=100980 sec=0.955418 rebuildSec=0.245982 makeItemSec=0.350925 linkSec=0.184961 placeSec=0.0181781 nonFlipSec=0.0960068 collapseSec=0.0077547 heapPops=6784 stale=784 dead=999 fresh=5001 requeues=0
reason=final checkpointTarget=0 accepted=9706 rejected=9156 aliveV=18820 aliveF=37640 heap=118214 sec=2.00905 rebuildSec=0.245982 makeItemSec=0.484806 linkSec=0.257188 placeSec=0.0241622 nonFlipSec=0.131334 collapseSec=0.017102 heapPops=18862 stale=3773 dead=5380 fresh=9709 requeues=0
stage collapse target=18820 finalV=18820 sec=2.00905
stage=18820 heFlipPass=0 flipped=84
stage=18820 heRelocatePass=0 moved=9354
reason=initial checkpointTarget=0 accepted=0 rejected=0 aliveV=18820 aliveF=37640 heap=51508 sec=0.169634 rebuildSec=0.154938 makeItemSec=0.145208 linkSec=0.0755643 placeSec=0.0077841 nonFlipSec=0.0409252 collapseSec=0 heapPops=0 stale=0 dead=0 fresh=0 requeues=0
reason=progress checkpointTarget=0 accepted=5000 rejected=3130 aliveV=13820 aliveF=27640 heap=74703 sec=0.706422 rebuildSec=0.154938 makeItemSec=0.267777 linkSec=0.140366 placeSec=0.0136055 nonFlipSec=0.0739517 collapseSec=0.0077682 heapPops=8130 stale=1373 dead=1753 fresh=5004 requeues=0
reason=final checkpointTarget=0 accepted=6403 rejected=5971 aliveV=12417 aliveF=24834 heap=79170 sec=0.9426 rebuildSec=0.154938 makeItemSec=0.303334 linkSec=0.159572 placeSec=0.0151965 nonFlipSec=0.083263 collapseSec=0.0102196 heapPops=12374 stale=2472 dead=3494 fresh=6408 requeues=0
stage collapse target=12417 finalV=12417 sec=0.9426
stage=12417 heFlipPass=0 flipped=556
stage=12417 heRelocatePass=0 moved=6940
reason=initial checkpointTarget=0 accepted=0 rejected=0 aliveV=12417 aliveF=24834 heap=34004 sec=0.110097 rebuildSec=0.0993846 makeItemSec=0.0927671 linkSec=0.0483031 placeSec=0.0049095 nonFlipSec=0.0262925 collapseSec=0 heapPops=0 stale=0 dead=0 fresh=0 requeues=0
reason=final checkpointTarget=0 accepted=4225 rejected=4419 aliveV=8192 aliveF=16384 heap=51738 sec=0.335535 rebuildSec=0.0993846 makeItemSec=0.207074 linkSec=0.107191 placeSec=0.0102768 nonFlipSec=0.0585142 collapseSec=0.0072245 heapPops=8644 stale=1778 dead=2632 fresh=4234 requeues=0
stage collapse target=8192 finalV=8192 sec=0.335535
heFlip accepted=1000 queue=95 edges=24576
stage=8192 heFlipPass=0 flipped=1052
stage=8192 heRelocatePass=0 moved=4896
final_vertices,8192
final_faces,16384
output,C:\Users\sy415\workspace\pndf_qem_phase1\out_quality_degenerate_guard_actual_flip_reloc_unwrap\meshes\brush_pnm_he_normal_ds4_v8192.meshbin
