reason=initial checkpointTarget=0 accepted=0 rejected=0 aliveV=65536 aliveF=131072 heap=196608 sec=0.515617 rebuildSec=0.463712 makeItemSec=0.431443 linkSec=0.219443 placeSec=0.0261126 nonFlipSec=0.122465 collapseSec=0 heapPops=0 stale=0 dead=0 fresh=0 requeues=0
reason=final checkpointTarget=0 accepted=49152 rejected=121077 aliveV=16384 aliveF=32768 heap=336106 sec=29.9916 rebuildSec=0.463712 makeItemSec=1.81119 linkSec=0.936685 placeSec=0.0858529 nonFlipSec=0.482358 collapseSec=0.098837 heapPops=170229 stale=48655 dead=72420 fresh=49154 requeues=0
accepted,49152
rejected,121077
final_vertices,16384
final_faces,32768
seconds,29.9916
heap_pops,170229
stale_pops,48655
dead_pops,72420
invalid_cost_pops,0
fresh_recomputes,49154
fresh_requeues,0
fresh_rejects,2
rebuild_count,1
max_heap_size,341125
initialize_seconds,0.0517016
rebuild_seconds,0.463712
make_item_seconds,1.81119
link_condition_seconds,0.936685
placement_seconds,0.0858529
non_flip_seconds,0.482358
collapse_update_seconds,0.098837
