pnm_aniso_he stages: 49667 37641 28526 21619 16384
reason=initial checkpointTarget=0 accepted=0 rejected=0 aliveV=65536 aliveF=131072 heap=196608 sec=0.50792 rebuildSec=0.457591 makeItemSec=0.425754 linkSec=0.217461 placeSec=0.0255218 nonFlipSec=0.119393 collapseSec=0 heapPops=0 stale=0 dead=0 fresh=0 requeues=0
reason=progress checkpointTarget=0 accepted=5000 rejected=5871 aliveV=60536 aliveF=121072 heap=219387 sec=2.45486 rebuildSec=0.457591 makeItemSec=0.557767 linkSec=0.283393 placeSec=0.0321445 nonFlipSec=0.154466 collapseSec=0.0090456 heapPops=10871 stale=2909 dead=2962 fresh=5000 requeues=0
reason=rebuild checkpointTarget=0 accepted=10000 rejected=12746 aliveV=55536 aliveF=111072 heap=162025 sec=4.99773 rebuildSec=0.898091 makeItemSec=1.10851 linkSec=0.568082 placeSec=0.0621146 nonFlipSec=0.306027 collapseSec=0.0186891 heapPops=22746 stale=6350 dead=6396 fresh=10000 requeues=0
reason=progress checkpointTarget=0 accepted=15000 rejected=15609 aliveV=50536 aliveF=101072 heap=186229 sec=6.58919 rebuildSec=0.898091 makeItemSec=1.24568 linkSec=0.639549 placeSec=0.0685611 nonFlipSec=0.342356 collapseSec=0.0280334 heapPops=30609 stale=7761 dead=7848 fresh=15000 requeues=0
reason=final checkpointTarget=0 accepted=15869 rejected=16557 aliveV=49667 aliveF=99334 heap=189948 sec=6.92166 rebuildSec=0.898091 makeItemSec=1.26937 linkSec=0.651743 placeSec=0.0696848 nonFlipSec=0.34859 collapseSec=0.0297647 heapPops=32426 stale=8209 dead=8348 fresh=15869 requeues=0
stage collapse target=49667 finalV=49667 sec=6.92166
stage=49667 heFlipPass=0 flipped=0
stage=49667 heRelocatePass=0 moved=33978
reason=initial checkpointTarget=0 accepted=0 rejected=0 aliveV=49667 aliveF=99334 heap=126303 sec=0.429258 rebuildSec=0.390675 makeItemSec=0.36612 linkSec=0.191812 placeSec=0.0208776 nonFlipSec=0.0988774 collapseSec=0 heapPops=0 stale=0 dead=0 fresh=0 requeues=0
reason=progress checkpointTarget=0 accepted=5000 rejected=116 aliveV=44667 aliveF=89334 heap=150606 sec=1.23999 rebuildSec=0.390675 makeItemSec=0.491071 linkSec=0.25768 placeSec=0.02671 nonFlipSec=0.130879 collapseSec=0.0084328 heapPops=5116 stale=49 dead=67 fresh=5000 requeues=0
reason=rebuild checkpointTarget=0 accepted=10000 rejected=1172 aliveV=39667 aliveF=79334 heap=107447 sec=2.49024 rebuildSec=0.699674 makeItemSec=0.919057 linkSec=0.48142 placeSec=0.0486364 nonFlipSec=0.24712 collapseSec=0.0178322 heapPops=11172 stale=474 dead=698 fresh=10000 requeues=0
reason=final checkpointTarget=0 accepted=12026 rejected=1536 aliveV=37641 aliveF=75282 heap=117522 sec=2.92063 rebuildSec=0.699674 makeItemSec=0.97241 linkSec=0.509332 placeSec=0.0509947 nonFlipSec=0.261255 collapseSec=0.0214069 heapPops=13562 stale=634 dead=902 fresh=12026 requeues=0
stage collapse target=37641 finalV=37641 sec=2.92063
stage=37641 heFlipPass=0 flipped=26
stage=37641 heRelocatePass=0 moved=16984
reason=initial checkpointTarget=0 accepted=0 rejected=0 aliveV=37641 aliveF=75282 heap=100042 sec=0.322741 rebuildSec=0.293229 makeItemSec=0.27341 linkSec=0.143072 placeSec=0.0150748 nonFlipSec=0.0752126 collapseSec=0 heapPops=0 stale=0 dead=0 fresh=0 requeues=0
reason=progress checkpointTarget=0 accepted=5000 rejected=1066 aliveV=32641 aliveF=65282 heap=124342 sec=1.18665 rebuildSec=0.293229 makeItemSec=0.391503 linkSec=0.206111 placeSec=0.0205551 nonFlipSec=0.10569 collapseSec=0.0077283 heapPops=6066 stale=451 dead=615 fresh=5000 requeues=0
reason=final checkpointTarget=0 accepted=9115 rejected=5346 aliveV=28526 aliveF=57052 heap=141799 sec=2.28 rebuildSec=0.293229 makeItemSec=0.508895 linkSec=0.269053 placeSec=0.0257087 nonFlipSec=0.136786 collapseSec=0.0158021 heapPops=14461 stale=2391 dead=2954 fresh=9116 requeues=0
stage collapse target=28526 finalV=28526 sec=2.28
stage=28526 heFlipPass=0 flipped=7
stage=28526 heRelocatePass=0 moved=11421
reason=initial checkpointTarget=0 accepted=0 rejected=0 aliveV=28526 aliveF=57052 heap=78151 sec=0.244828 rebuildSec=0.222124 makeItemSec=0.20723 linkSec=0.108032 placeSec=0.0113179 nonFlipSec=0.0574519 collapseSec=0 heapPops=0 stale=0 dead=0 fresh=0 requeues=0
reason=progress checkpointTarget=0 accepted=5000 rejected=2045 aliveV=23526 aliveF=47052 heap=102463 sec=1.03765 rebuildSec=0.222124 makeItemSec=0.329383 linkSec=0.173288 placeSec=0.0169506 nonFlipSec=0.0894774 collapseSec=0.0078026 heapPops=7045 stale=937 dead=1107 fresh=5001 requeues=0
reason=final checkpointTarget=0 accepted=6907 rejected=4214 aliveV=21619 aliveF=43238 heap=110352 sec=1.47014 rebuildSec=0.222124 makeItemSec=0.376952 linkSec=0.198878 placeSec=0.0191023 nonFlipSec=0.101887 collapseSec=0.0109467 heapPops=11121 stale=1842 dead=2371 fresh=6908 requeues=0
stage collapse target=21619 finalV=21619 sec=1.47014
stage=21619 heFlipPass=0 flipped=14
stage=21619 heRelocatePass=0 moved=9431
reason=initial checkpointTarget=0 accepted=0 rejected=0 aliveV=21619 aliveF=43238 heap=59431 sec=0.186393 rebuildSec=0.169551 makeItemSec=0.158594 linkSec=0.0825251 placeSec=0.0085817 nonFlipSec=0.044082 collapseSec=0 heapPops=0 stale=0 dead=0 fresh=0 requeues=0
reason=progress checkpointTarget=0 accepted=5000 rejected=2665 aliveV=16619 aliveF=33238 heap=83263 sec=0.785191 rebuildSec=0.169551 makeItemSec=0.300913 linkSec=0.158569 placeSec=0.0152609 nonFlipSec=0.0822384 collapseSec=0.0093683 heapPops=7665 stale=1190 dead=1472 fresh=5003 requeues=0
reason=final checkpointTarget=0 accepted=5235 rejected=2928 aliveV=16384 aliveF=32768 heap=84230 sec=0.818156 rebuildSec=0.169551 makeItemSec=0.306649 linkSec=0.161652 placeSec=0.0155259 nonFlipSec=0.083736 collapseSec=0.009765 heapPops=8163 stale=1297 dead=1628 fresh=5238 requeues=0
stage collapse target=16384 finalV=16384 sec=0.818156
stage=16384 heFlipPass=0 flipped=135
stage=16384 heRelocatePass=0 moved=7698
final_vertices,16384
final_faces,32768
output,C:\Users\sy415\workspace\pndf_qem_phase1\out_quality_degenerate_guard_actual_flip_reloc_unwrap\meshes\brush_pnm_he_normal_ds4_v16384.meshbin
