reason=initial checkpointTarget=0 accepted=0 rejected=0 aliveV=65536 aliveF=131072 heap=196608 sec=0.5112 rebuildSec=0.460881 makeItemSec=0.427814 linkSec=0.218062 placeSec=0.0257436 nonFlipSec=0.121336 collapseSec=0 heapPops=0 stale=0 dead=0 fresh=0 requeues=0
reason=rebuild checkpointTarget=0 accepted=50000 rejected=128395 aliveV=15536 aliveF=31072 heap=43393 sec=31.2052 rebuildSec=0.610195 makeItemSec=1.96732 linkSec=1.02262 placeSec=0.0938837 nonFlipSec=0.526696 collapseSec=0.101462 heapPops=178395 stale=50169 dead=78224 fresh=50002 requeues=0
reason=final checkpointTarget=0 accepted=61440 rejected=183329 aliveV=4096 aliveF=8192 heap=47338 sec=42.6411 rebuildSec=0.610195 makeItemSec=2.32672 linkSec=1.21613 placeSec=0.108152 nonFlipSec=0.6192 collapseSec=0.126849 heapPops=244769 stale=67843 dead=115456 fresh=61470 requeues=0
accepted,61440
rejected,183329
final_vertices,4096
final_faces,8192
seconds,42.6411
heap_pops,244769
stale_pops,67843
dead_pops,115456
invalid_cost_pops,0
fresh_recomputes,61470
fresh_requeues,0
fresh_rejects,30
rebuild_count,2
max_heap_size,341125
initialize_seconds,0.0501356
rebuild_seconds,0.610195
make_item_seconds,2.32672
link_condition_seconds,1.21613
placement_seconds,0.108152
non_flip_seconds,0.6192
collapse_update_seconds,0.126849
