pnm_aniso_he stages: 40960 25844 16306 10289 6492 4096
reason=initial checkpointTarget=0 accepted=0 rejected=0 aliveV=65536 aliveF=131072 heap=196608 sec=0.505963 rebuildSec=0.455674 makeItemSec=0.424735 linkSec=0.21644 placeSec=0.0255272 nonFlipSec=0.119066 collapseSec=0 heapPops=0 stale=0 dead=0 fresh=0 requeues=0
reason=progress checkpointTarget=0 accepted=5000 rejected=5871 aliveV=60536 aliveF=121072 heap=219387 sec=2.54077 rebuildSec=0.455674 makeItemSec=0.567917 linkSec=0.287562 placeSec=0.0320184 nonFlipSec=0.157691 collapseSec=0.0096423 heapPops=10871 stale=2909 dead=2962 fresh=5000 requeues=0
reason=rebuild checkpointTarget=0 accepted=10000 rejected=12746 aliveV=55536 aliveF=111072 heap=162025 sec=5.14033 rebuildSec=0.868267 makeItemSec=1.10174 linkSec=0.562953 placeSec=0.060637 nonFlipSec=0.304772 collapseSec=0.0199105 heapPops=22746 stale=6350 dead=6396 fresh=10000 requeues=0
reason=progress checkpointTarget=0 accepted=15000 rejected=15609 aliveV=50536 aliveF=101072 heap=186229 sec=6.67475 rebuildSec=0.868267 makeItemSec=1.23636 linkSec=0.632583 placeSec=0.0666411 nonFlipSec=0.340615 collapseSec=0.0291641 heapPops=30609 stale=7761 dead=7848 fresh=15000 requeues=0
reason=rebuild checkpointTarget=0 accepted=20000 rejected=21547 aliveV=45536 aliveF=91072 heap=130531 sec=9.00928 rebuildSec=1.21731 makeItemSec=1.69666 linkSec=0.870653 placeSec=0.0905558 nonFlipSec=0.466493 collapseSec=0.0384442 heapPops=41547 stale=10636 dead=10911 fresh=20000 requeues=0
reason=final checkpointTarget=0 accepted=24576 rejected=23884 aliveV=40960 aliveF=81920 heap=152055 sec=10.4658 rebuildSec=1.21731 makeItemSec=1.81339 linkSec=0.931905 placeSec=0.0956435 nonFlipSec=0.497009 collapseSec=0.0464576 heapPops=48460 stale=11753 dead=12131 fresh=24576 requeues=0
stage collapse target=40960 finalV=40960 sec=10.4658
stage=40960 heFlipPass=0 flipped=1
stage=40960 heRelocatePass=0 moved=26048
reason=initial checkpointTarget=0 accepted=0 rejected=0 aliveV=40960 aliveF=81920 heap=105233 sec=0.340374 rebuildSec=0.308357 makeItemSec=0.287647 linkSec=0.150398 placeSec=0.0163225 nonFlipSec=0.0780616 collapseSec=0 heapPops=0 stale=0 dead=0 fresh=0 requeues=0
reason=progress checkpointTarget=0 accepted=5000 rejected=191 aliveV=35960 aliveF=71920 heap=129347 sec=1.04572 rebuildSec=0.308357 makeItemSec=0.403451 linkSec=0.211942 placeSec=0.0217644 nonFlipSec=0.107279 collapseSec=0.0077779 heapPops=5191 stale=81 dead=110 fresh=5000 requeues=0
reason=rebuild checkpointTarget=0 accepted=10000 rejected=2784 aliveV=30960 aliveF=61920 heap=84712 sec=2.2698 rebuildSec=0.56247 makeItemSec=0.771406 linkSec=0.403241 placeSec=0.0400804 nonFlipSec=0.207568 collapseSec=0.0166329 heapPops=12784 stale=1236 dead=1548 fresh=10000 requeues=0
reason=progress checkpointTarget=0 accepted=15000 rejected=5501 aliveV=25960 aliveF=51920 heap=107294 sec=3.32392 rebuildSec=0.56247 makeItemSec=0.90355 linkSec=0.473701 placeSec=0.0458785 nonFlipSec=0.242178 collapseSec=0.0257815 heapPops=20501 stale=2480 dead=3021 fresh=15000 requeues=0
reason=final checkpointTarget=0 accepted=15116 rejected=5616 aliveV=25844 aliveF=51688 heap=107759 sec=3.36009 rebuildSec=0.56247 makeItemSec=0.908214 linkSec=0.476194 placeSec=0.0460877 nonFlipSec=0.243442 collapseSec=0.0261292 heapPops=20732 stale=2538 dead=3078 fresh=15116 requeues=0
stage collapse target=25844 finalV=25844 sec=3.36009
stage=25844 heFlipPass=0 flipped=26
stage=25844 heRelocatePass=0 moved=12240
reason=initial checkpointTarget=0 accepted=0 rejected=0 aliveV=25844 aliveF=51688 heap=70051 sec=0.219806 rebuildSec=0.199112 makeItemSec=0.185736 linkSec=0.0969204 placeSec=0.0101245 nonFlipSec=0.0514339 collapseSec=0 heapPops=0 stale=0 dead=0 fresh=0 requeues=0
reason=progress checkpointTarget=0 accepted=5000 rejected=2008 aliveV=20844 aliveF=41688 heap=94120 sec=0.927866 rebuildSec=0.199112 makeItemSec=0.318221 linkSec=0.167837 placeSec=0.0162751 nonFlipSec=0.0862018 collapseSec=0.0084761 heapPops=7008 stale=908 dead=1097 fresh=5003 requeues=0
reason=final checkpointTarget=0 accepted=9538 rejected=10073 aliveV=16306 aliveF=32612 heap=109659 sec=1.87272 rebuildSec=0.199112 makeItemSec=0.430411 linkSec=0.22868 placeSec=0.0213029 nonFlipSec=0.115268 collapseSec=0.0160828 heapPops=19611 stale=4121 dead=5944 fresh=9546 requeues=0
stage collapse target=16306 finalV=16306 sec=1.87272
stage=16306 heFlipPass=0 flipped=179
stage=16306 heRelocatePass=0 moved=8591
reason=initial checkpointTarget=0 accepted=0 rejected=0 aliveV=16306 aliveF=32612 heap=44643 sec=0.165955 rebuildSec=0.153135 makeItemSec=0.144084 linkSec=0.0753508 placeSec=0.0076382 nonFlipSec=0.0401294 collapseSec=0 heapPops=0 stale=0 dead=0 fresh=0 requeues=0
reason=progress checkpointTarget=0 accepted=5000 rejected=3835 aliveV=11306 aliveF=22612 heap=67061 sec=0.58591 rebuildSec=0.153135 makeItemSec=0.25807 linkSec=0.135015 placeSec=0.0131287 nonFlipSec=0.0715003 collapseSec=0.0073135 heapPops=8835 stale=1656 dead=2178 fresh=5001 requeues=0
reason=final checkpointTarget=0 accepted=6017 rejected=6632 aliveV=10289 aliveF=20578 heap=69579 sec=0.776609 rebuildSec=0.153135 makeItemSec=0.291846 linkSec=0.153018 placeSec=0.0147064 nonFlipSec=0.080752 collapseSec=0.009589 heapPops=12649 stale=2702 dead=3926 fresh=6021 requeues=0
stage collapse target=10289 finalV=10289 sec=0.776609
stage=10289 heFlipPass=0 flipped=850
stage=10289 heRelocatePass=0 moved=6030
reason=initial checkpointTarget=0 accepted=0 rejected=0 aliveV=10289 aliveF=20578 heap=27983 sec=0.0911826 rebuildSec=0.0824264 makeItemSec=0.0771435 linkSec=0.0404075 placeSec=0.0040375 nonFlipSec=0.0215816 collapseSec=0 heapPops=0 stale=0 dead=0 fresh=0 requeues=0
reason=final checkpointTarget=0 accepted=3797 rejected=4686 aliveV=6492 aliveF=12984 heap=43101 sec=0.30828 rebuildSec=0.0824264 makeItemSec=0.194156 linkSec=0.0999854 placeSec=0.0095052 nonFlipSec=0.055158 collapseSec=0.0075149 heapPops=8483 stale=1851 dead=2824 fresh=3808 requeues=0
stage collapse target=6492 finalV=6492 sec=0.30828
heFlip accepted=1000 queue=249 edges=19476
stage=6492 heFlipPass=0 flipped=1129
stage=6492 heRelocatePass=0 moved=4068
reason=initial checkpointTarget=0 accepted=0 rejected=0 aliveV=6492 aliveF=12984 heap=17215 sec=0.0723734 rebuildSec=0.0585932 makeItemSec=0.0530024 linkSec=0.0278451 placeSec=0.00264 nonFlipSec=0.014865 collapseSec=0 heapPops=0 stale=0 dead=0 fresh=0 requeues=0
reason=final checkpointTarget=0 accepted=2396 rejected=3473 aliveV=4096 aliveF=8192 heap=25817 sec=0.180839 rebuildSec=0.0585932 makeItemSec=0.122472 linkSec=0.0637651 placeSec=0.0059138 nonFlipSec=0.0350045 collapseSec=0.0045807 heapPops=5869 stale=1367 dead=2101 fresh=2401 requeues=0
stage collapse target=4096 finalV=4096 sec=0.180839
heFlip accepted=1000 queue=75 edges=12288
stage=4096 heFlipPass=0 flipped=1029
stage=4096 heRelocatePass=0 moved=2602
final_vertices,4096
final_faces,8192
output,C:\Users\sy415\workspace\pndf_qem_phase1\out_quality_degenerate_guard_actual_flip_reloc_unwrap\meshes\brush_pnm_he_normal_ds4_v4096.meshbin
