reason=initial checkpointTarget=0 accepted=0 rejected=0 aliveV=65536 aliveF=131072 heap=196608 sec=0.526208 rebuildSec=0.473078 makeItemSec=0.440789 linkSec=0.222948 placeSec=0.0267155 nonFlipSec=0.126164 collapseSec=0 heapPops=0 stale=0 dead=0 fresh=0 requeues=0
reason=rebuild checkpointTarget=0 accepted=50000 rejected=128395 aliveV=15536 aliveF=31072 heap=43393 sec=31.1728 rebuildSec=0.611267 makeItemSec=1.94181 linkSec=1.012 placeSec=0.0939987 nonFlipSec=0.51648 collapseSec=0.0976301 heapPops=178395 stale=50169 dead=78224 fresh=50002 requeues=0
reason=final checkpointTarget=0 accepted=57344 rejected=145047 aliveV=8192 aliveF=16384 heap=64885 sec=35.5673 rebuildSec=0.611267 makeItemSec=2.17466 linkSec=1.13707 placeSec=0.103664 nonFlipSec=0.577098 collapseSec=0.113637 heapPops=202391 stale=57006 dead=88027 fresh=57358 requeues=0
accepted,57344
rejected,145047
final_vertices,8192
final_faces,16384
seconds,35.5673
heap_pops,202391
stale_pops,57006
dead_pops,88027
invalid_cost_pops,0
fresh_recomputes,57358
fresh_requeues,0
fresh_rejects,14
rebuild_count,2
max_heap_size,341125
initialize_seconds,0.0529289
rebuild_seconds,0.611267
make_item_seconds,2.17466
link_condition_seconds,1.13707
placement_seconds,0.103664
non_flip_seconds,0.577098
collapse_update_seconds,0.113637
