[001/162] q0000 random00 sigma=8 TV=0.09242 H=0.15626 peak=0.03125
[002/162] q0001 random00 sigma=16 TV=0.07475 H=0.13940 peak=0.03125
[003/162] q0002 random00 sigma=32 TV=0.09192 H=0.14587 peak=0.03125
[004/162] q0003 random01 sigma=8 TV=0.19591 H=0.16707 peak=0.00000
[005/162] q0004 random01 sigma=16 TV=0.09439 H=0.13452 peak=0.00000
[006/162] q0005 random01 sigma=32 TV=0.08494 H=0.14403 peak=0.03125
[007/162] q0006 random02 sigma=8 TV=0.27624 H=0.25005 peak=0.00000
[008/162] q0007 random02 sigma=16 TV=0.18157 H=0.17955 peak=0.04419
[009/162] q0008 random02 sigma=32 TV=0.10236 H=0.14670 peak=0.04419
[010/162] q0009 random03 sigma=8 TV=0.13409 H=0.18320 peak=0.03125
[011/162] q0010 random03 sigma=16 TV=0.12533 H=0.16081 peak=0.00000
[012/162] q0011 random03 sigma=32 TV=0.10029 H=0.15312 peak=0.03125
[013/162] q0012 random04 sigma=8 TV=0.23985 H=0.19995 peak=0.03125
[014/162] q0013 random04 sigma=16 TV=0.10986 H=0.14824 peak=0.00000
[015/162] q0014 random04 sigma=32 TV=0.09172 H=0.14554 peak=0.03125
[016/162] q0015 random05 sigma=8 TV=0.22601 H=0.22160 peak=0.00000
[017/162] q0016 random05 sigma=16 TV=0.12313 H=0.17753 peak=0.00000
[018/162] q0017 random05 sigma=32 TV=0.10045 H=0.14793 peak=0.03125
[019/162] q0018 random06 sigma=8 TV=0.13162 H=0.18275 peak=0.03125
[020/162] q0019 random06 sigma=16 TV=0.13178 H=0.18990 peak=0.03125
[021/162] q0020 random06 sigma=32 TV=0.12553 H=0.16905 peak=0.03125
[022/162] q0021 random07 sigma=8 TV=0.25011 H=0.25750 peak=0.03125
[023/162] q0022 random07 sigma=16 TV=0.17971 H=0.19405 peak=0.00000
[024/162] q0023 random07 sigma=32 TV=0.12269 H=0.15662 peak=0.00000
[025/162] q0024 random08 sigma=8 TV=0.25271 H=0.22825 peak=0.04419
[026/162] q0025 random08 sigma=16 TV=0.15743 H=0.19177 peak=0.04419
[027/162] q0026 random08 sigma=32 TV=0.13143 H=0.17452 peak=0.00000
[028/162] q0027 random09 sigma=8 TV=0.22654 H=0.25496 peak=0.03125
[029/162] q0028 random09 sigma=16 TV=0.15924 H=0.17355 peak=0.03125
[030/162] q0029 random09 sigma=32 TV=0.06925 H=0.12717 peak=0.00000
[031/162] q0030 random10 sigma=8 TV=0.20754 H=0.21690 peak=0.04419
[032/162] q0031 random10 sigma=16 TV=0.14373 H=0.17879 peak=0.04419
[033/162] q0032 random10 sigma=32 TV=0.08236 H=0.14675 peak=0.03125
[034/162] q0033 random11 sigma=8 TV=0.30464 H=0.25705 peak=0.04419
[035/162] q0034 random11 sigma=16 TV=0.17480 H=0.19096 peak=0.04419
[036/162] q0035 random11 sigma=32 TV=0.13298 H=0.15897 peak=0.04419
[037/162] q0036 random12 sigma=8 TV=0.14903 H=0.16812 peak=0.04419
[038/162] q0037 random12 sigma=16 TV=0.09315 H=0.12785 peak=0.04419
[039/162] q0038 random12 sigma=32 TV=0.07579 H=0.13354 peak=0.00000
[040/162] q0039 random13 sigma=8 TV=0.12241 H=0.17230 peak=0.03125
[041/162] q0040 random13 sigma=16 TV=0.09792 H=0.15590 peak=0.03125
[042/162] q0041 random13 sigma=32 TV=0.10538 H=0.15020 peak=0.00000
[043/162] q0042 random14 sigma=8 TV=0.17632 H=0.19595 peak=0.00000
[044/162] q0043 random14 sigma=16 TV=0.12352 H=0.16265 peak=0.03125
[045/162] q0044 random14 sigma=32 TV=0.10282 H=0.14810 peak=0.03125
[046/162] q0045 random15 sigma=8 TV=0.18811 H=0.24307 peak=0.00000
[047/162] q0046 random15 sigma=16 TV=0.10102 H=0.17498 peak=0.03125
[048/162] q0047 random15 sigma=32 TV=0.07628 H=0.14598 peak=0.03125
[049/162] q0048 random16 sigma=8 TV=0.18933 H=0.21080 peak=0.03125
[050/162] q0049 random16 sigma=16 TV=0.16638 H=0.20209 peak=0.03125
[051/162] q0050 random16 sigma=32 TV=0.14850 H=0.18164 peak=0.04419
[052/162] q0051 random17 sigma=8 TV=0.10277 H=0.15149 peak=0.03125
[053/162] q0052 random17 sigma=16 TV=0.10345 H=0.13541 peak=0.00000
[054/162] q0053 random17 sigma=32 TV=0.08789 H=0.12457 peak=0.00000
[055/162] q0054 random18 sigma=8 TV=0.21530 H=0.20703 peak=0.03125
[056/162] q0055 random18 sigma=16 TV=0.07666 H=0.12960 peak=0.04419
[057/162] q0056 random18 sigma=32 TV=0.06967 H=0.12036 peak=0.00000
[058/162] q0057 random19 sigma=8 TV=0.18551 H=0.19777 peak=0.00000
[059/162] q0058 random19 sigma=16 TV=0.14922 H=0.17832 peak=0.04419
[060/162] q0059 random19 sigma=32 TV=0.10320 H=0.15093 peak=0.04419
[061/162] q0060 random20 sigma=8 TV=0.17099 H=0.19442 peak=0.03125
[062/162] q0061 random20 sigma=16 TV=0.07917 H=0.14634 peak=0.04419
[063/162] q0062 random20 sigma=32 TV=0.08542 H=0.15121 peak=0.04419
[064/162] q0063 random21 sigma=8 TV=0.16230 H=0.23785 peak=0.00000
[065/162] q0064 random21 sigma=16 TV=0.12781 H=0.19988 peak=0.03125
[066/162] q0065 random21 sigma=32 TV=0.09778 H=0.16390 peak=0.03125
[067/162] q0066 random22 sigma=8 TV=0.14249 H=0.21427 peak=0.00000
[068/162] q0067 random22 sigma=16 TV=0.09607 H=0.17078 peak=0.03125
[069/162] q0068 random22 sigma=32 TV=0.07478 H=0.14630 peak=0.00000
[070/162] q0069 random23 sigma=8 TV=0.15079 H=0.17389 peak=0.03125
[071/162] q0070 random23 sigma=16 TV=0.09900 H=0.14677 peak=0.03125
[072/162] q0071 random23 sigma=32 TV=0.10200 H=0.15032 peak=0.00000
[073/162] q0072 random24 sigma=8 TV=0.23840 H=0.24064 peak=0.03125
[074/162] q0073 random24 sigma=16 TV=0.15572 H=0.18063 peak=0.03125
[075/162] q0074 random24 sigma=32 TV=0.11741 H=0.15058 peak=0.03125
[076/162] q0075 random25 sigma=8 TV=0.17507 H=0.21378 peak=0.00000
[077/162] q0076 random25 sigma=16 TV=0.10645 H=0.16354 peak=0.04419
[078/162] q0077 random25 sigma=32 TV=0.09248 H=0.14337 peak=0.00000
[079/162] q0078 random26 sigma=8 TV=0.31761 H=0.29701 peak=0.00000
[080/162] q0079 random26 sigma=16 TV=0.24879 H=0.22709 peak=0.00000
[081/162] q0080 random26 sigma=32 TV=0.16588 H=0.18411 peak=0.00000
[082/162] q0081 random27 sigma=8 TV=0.30489 H=0.28039 peak=0.03125
[083/162] q0082 random27 sigma=16 TV=0.17033 H=0.20472 peak=0.03125
[084/162] q0083 random27 sigma=32 TV=0.10717 H=0.15827 peak=0.03125
[085/162] q0084 random28 sigma=8 TV=0.17172 H=0.18948 peak=0.00000
[086/162] q0085 random28 sigma=16 TV=0.13798 H=0.15741 peak=0.00000
[087/162] q0086 random28 sigma=32 TV=0.12018 H=0.16013 peak=0.00000
[088/162] q0087 random29 sigma=8 TV=0.18466 H=0.18148 peak=0.03125
[089/162] q0088 random29 sigma=16 TV=0.16184 H=0.17803 peak=0.03125
[090/162] q0089 random29 sigma=32 TV=0.14200 H=0.17467 peak=0.03125
[091/162] q0090 random30 sigma=8 TV=0.09708 H=0.11482 peak=0.00000
[092/162] q0091 random30 sigma=16 TV=0.09564 H=0.13389 peak=0.04419
[093/162] q0092 random30 sigma=32 TV=0.08706 H=0.13401 peak=0.04419
[094/162] q0093 random31 sigma=8 TV=0.28399 H=0.26437 peak=0.03125
[095/162] q0094 random31 sigma=16 TV=0.15613 H=0.19285 peak=0.03125
[096/162] q0095 random31 sigma=32 TV=0.13309 H=0.17424 peak=0.03125
[097/162] q0096 feature00 sigma=8 TV=0.15703 H=0.18987 peak=0.00000
[098/162] q0097 feature00 sigma=16 TV=0.12941 H=0.16600 peak=0.03125
[099/162] q0098 feature00 sigma=32 TV=0.11133 H=0.15176 peak=0.03125
[100/162] q0099 feature01 sigma=8 TV=0.18389 H=0.22785 peak=0.03125
[101/162] q0100 feature01 sigma=16 TV=0.16735 H=0.21015 peak=0.03125
[102/162] q0101 feature01 sigma=32 TV=0.13537 H=0.17895 peak=0.04419
[103/162] q0102 feature02 sigma=8 TV=0.19009 H=0.19339 peak=0.00000
[104/162] q0103 feature02 sigma=16 TV=0.16125 H=0.17784 peak=0.00000
[105/162] q0104 feature02 sigma=32 TV=0.10697 H=0.15351 peak=0.04419
[106/162] q0105 feature03 sigma=8 TV=0.23683 H=0.28106 peak=0.00000
[107/162] q0106 feature03 sigma=16 TV=0.15513 H=0.20466 peak=0.04419
[108/162] q0107 feature03 sigma=32 TV=0.16071 H=0.18750 peak=0.00000
[109/162] q0108 feature04 sigma=8 TV=0.19392 H=0.20378 peak=0.00000
[110/162] q0109 feature04 sigma=16 TV=0.16277 H=0.17714 peak=0.00000
[111/162] q0110 feature04 sigma=32 TV=0.08484 H=0.14755 peak=0.00000
[112/162] q0111 feature05 sigma=8 TV=0.17546 H=0.22275 peak=0.04419
[113/162] q0112 feature05 sigma=16 TV=0.09458 H=0.16980 peak=0.04419
[114/162] q0113 feature05 sigma=32 TV=0.09201 H=0.15983 peak=0.00000
[115/162] q0114 feature06 sigma=8 TV=0.19644 H=0.20175 peak=0.03125
[116/162] q0115 feature06 sigma=16 TV=0.12867 H=0.16317 peak=0.03125
[117/162] q0116 feature06 sigma=32 TV=0.10064 H=0.14762 peak=0.03125
[118/162] q0117 feature07 sigma=8 TV=0.21688 H=0.21735 peak=0.04419
[119/162] q0118 feature07 sigma=16 TV=0.22496 H=0.21004 peak=0.00000
[120/162] q0119 feature07 sigma=32 TV=0.17002 H=0.18465 peak=0.00000
[121/162] q0120 feature08 sigma=8 TV=0.17433 H=0.19635 peak=0.04419
[122/162] q0121 feature08 sigma=16 TV=0.12049 H=0.15281 peak=0.04419
[123/162] q0122 feature08 sigma=32 TV=0.11522 H=0.15619 peak=0.00000
[124/162] q0123 feature09 sigma=8 TV=0.14708 H=0.21089 peak=0.03125
[125/162] q0124 feature09 sigma=16 TV=0.11190 H=0.17957 peak=0.04419
[126/162] q0125 feature09 sigma=32 TV=0.09132 H=0.15982 peak=0.04419
[127/162] q0126 feature10 sigma=8 TV=0.21732 H=0.22617 peak=0.04419
[128/162] q0127 feature10 sigma=16 TV=0.14012 H=0.18930 peak=0.04419
[129/162] q0128 feature10 sigma=32 TV=0.10788 H=0.16216 peak=0.04419
[130/162] q0129 feature11 sigma=8 TV=0.23560 H=0.26381 peak=0.03125
[131/162] q0130 feature11 sigma=16 TV=0.14986 H=0.20415 peak=0.03125
[132/162] q0131 feature11 sigma=32 TV=0.11026 H=0.16106 peak=0.03125
[133/162] q0132 feature12 sigma=8 TV=0.20654 H=0.26261 peak=0.00000
[134/162] q0133 feature12 sigma=16 TV=0.20710 H=0.22969 peak=0.00000
[135/162] q0134 feature12 sigma=32 TV=0.17406 H=0.19460 peak=0.00000
[136/162] q0135 feature13 sigma=8 TV=0.12824 H=0.15719 peak=0.00000
[137/162] q0136 feature13 sigma=16 TV=0.14209 H=0.15217 peak=0.00000
[138/162] q0137 feature13 sigma=32 TV=0.11445 H=0.15684 peak=0.00000
[139/162] q0138 feature14 sigma=8 TV=0.14974 H=0.16842 peak=0.03125
[140/162] q0139 feature14 sigma=16 TV=0.10840 H=0.15558 peak=0.00000
[141/162] q0140 feature14 sigma=32 TV=0.09170 H=0.14428 peak=0.04419
[142/162] q0141 feature15 sigma=8 TV=0.17976 H=0.23926 peak=0.00000
[143/162] q0142 feature15 sigma=16 TV=0.09998 H=0.17429 peak=0.03125
[144/162] q0143 feature15 sigma=32 TV=0.07573 H=0.14581 peak=0.03125
[145/162] q0144 seam_u0 sigma=8 TV=0.31403 H=0.27085 peak=0.03125
[146/162] q0145 seam_u0 sigma=16 TV=0.17952 H=0.17065 peak=0.04419
[147/162] q0146 seam_u0 sigma=32 TV=0.09318 H=0.14531 peak=0.04419
[148/162] q0147 seam_u1 sigma=8 TV=0.34072 H=0.26914 peak=0.03125
[149/162] q0148 seam_u1 sigma=16 TV=0.18887 H=0.17122 peak=0.04419
[150/162] q0149 seam_u1 sigma=32 TV=0.08879 H=0.14418 peak=0.04419
[151/162] q0150 seam_v0 sigma=8 TV=0.14720 H=0.22328 peak=0.03125
[152/162] q0151 seam_v0 sigma=16 TV=0.09503 H=0.15518 peak=0.03125
[153/162] q0152 seam_v0 sigma=32 TV=0.11566 H=0.15478 peak=0.04419
[154/162] q0153 seam_v1 sigma=8 TV=0.19139 H=0.22358 peak=0.03125
[155/162] q0154 seam_v1 sigma=16 TV=0.10458 H=0.15365 peak=0.03125
[156/162] q0155 seam_v1 sigma=32 TV=0.11191 H=0.15142 peak=0.04419
[157/162] q0156 corner00 sigma=8 TV=0.15041 H=0.13995 peak=0.03125
[158/162] q0157 corner00 sigma=16 TV=0.12571 H=0.14945 peak=0.00000
[159/162] q0158 corner00 sigma=32 TV=0.08131 H=0.14073 peak=0.00000
[160/162] q0159 corner11 sigma=8 TV=0.13779 H=0.16189 peak=0.03125
[161/162] q0160 corner11 sigma=16 TV=0.10458 H=0.14535 peak=0.00000
[162/162] q0161 corner11 sigma=32 TV=0.07763 H=0.14314 peak=0.00000
Wrote C:\Users\sy415\workspace\pndf_qem_phase1\out_quality_local_guard_eps1e-9\metrics_sampled_pndf\scratched_pnm_he_normal_ds4_v4096\metrics.csv
Wrote C:\Users\sy415\workspace\pndf_qem_phase1\out_quality_local_guard_eps1e-9\metrics_sampled_pndf\scratched_pnm_he_normal_ds4_v4096\summary.txt
