[001/162] q0000 random00 sigma=8 TV=0.35370 H=0.34224 peak=0.03125
[002/162] q0001 random00 sigma=16 TV=0.32508 H=0.30674 peak=0.03125
[003/162] q0002 random00 sigma=32 TV=0.32158 H=0.29701 peak=0.03125
[004/162] q0003 random01 sigma=8 TV=0.37606 H=0.35486 peak=0.03125
[005/162] q0004 random01 sigma=16 TV=0.33946 H=0.31454 peak=0.03125
[006/162] q0005 random01 sigma=32 TV=0.32785 H=0.29915 peak=0.03125
[007/162] q0006 random02 sigma=8 TV=0.36638 H=0.36875 peak=0.03125
[008/162] q0007 random02 sigma=16 TV=0.32445 H=0.31265 peak=0.03125
[009/162] q0008 random02 sigma=32 TV=0.32746 H=0.30061 peak=0.03125
[010/162] q0009 random03 sigma=8 TV=0.32895 H=0.34345 peak=0.03125
[011/162] q0010 random03 sigma=16 TV=0.32587 H=0.31395 peak=0.04419
[012/162] q0011 random03 sigma=32 TV=0.32854 H=0.30245 peak=0.03125
[013/162] q0012 random04 sigma=8 TV=0.34740 H=0.34827 peak=0.04419
[014/162] q0013 random04 sigma=16 TV=0.33341 H=0.31482 peak=0.03125
[015/162] q0014 random04 sigma=32 TV=0.32800 H=0.29950 peak=0.03125
[016/162] q0015 random05 sigma=8 TV=0.36994 H=0.37050 peak=0.03125
[017/162] q0016 random05 sigma=16 TV=0.33244 H=0.32123 peak=0.04419
[018/162] q0017 random05 sigma=32 TV=0.32631 H=0.30534 peak=0.03125
[019/162] q0018 random06 sigma=8 TV=0.37436 H=0.37658 peak=0.04419
[020/162] q0019 random06 sigma=16 TV=0.34836 H=0.32542 peak=0.04419
[021/162] q0020 random06 sigma=32 TV=0.32952 H=0.30172 peak=0.03125
[022/162] q0021 random07 sigma=8 TV=0.35307 H=0.36444 peak=0.03125
[023/162] q0022 random07 sigma=16 TV=0.32839 H=0.31789 peak=0.03125
[024/162] q0023 random07 sigma=32 TV=0.32864 H=0.30575 peak=0.03125
[025/162] q0024 random08 sigma=8 TV=0.33681 H=0.35591 peak=0.03125
[026/162] q0025 random08 sigma=16 TV=0.31519 H=0.31547 peak=0.03125
[027/162] q0026 random08 sigma=32 TV=0.32379 H=0.29812 peak=0.03125
[028/162] q0027 random09 sigma=8 TV=0.35365 H=0.35457 peak=0.03125
[029/162] q0028 random09 sigma=16 TV=0.32559 H=0.30700 peak=0.00000
[030/162] q0029 random09 sigma=32 TV=0.32437 H=0.29698 peak=0.04419
[031/162] q0030 random10 sigma=8 TV=0.34097 H=0.35765 peak=0.04419
[032/162] q0031 random10 sigma=16 TV=0.31626 H=0.31045 peak=0.03125
[033/162] q0032 random10 sigma=32 TV=0.31389 H=0.29249 peak=0.00000
[034/162] q0033 random11 sigma=8 TV=0.35323 H=0.35136 peak=0.00000
[035/162] q0034 random11 sigma=16 TV=0.33034 H=0.31678 peak=0.04419
[036/162] q0035 random11 sigma=32 TV=0.32895 H=0.30568 peak=0.03125
[037/162] q0036 random12 sigma=8 TV=0.34521 H=0.34245 peak=0.03125
[038/162] q0037 random12 sigma=16 TV=0.33030 H=0.30891 peak=0.03125
[039/162] q0038 random12 sigma=32 TV=0.32937 H=0.29824 peak=0.04419
[040/162] q0039 random13 sigma=8 TV=0.33029 H=0.34308 peak=0.03125
[041/162] q0040 random13 sigma=16 TV=0.32347 H=0.31330 peak=0.03125
[042/162] q0041 random13 sigma=32 TV=0.32470 H=0.30411 peak=0.03125
[043/162] q0042 random14 sigma=8 TV=0.33403 H=0.34158 peak=0.03125
[044/162] q0043 random14 sigma=16 TV=0.33118 H=0.31663 peak=0.03125
[045/162] q0044 random14 sigma=32 TV=0.32883 H=0.30010 peak=0.03125
[046/162] q0045 random15 sigma=8 TV=0.35880 H=0.36725 peak=0.03125
[047/162] q0046 random15 sigma=16 TV=0.33782 H=0.32478 peak=0.03125
[048/162] q0047 random15 sigma=32 TV=0.32289 H=0.29994 peak=0.03125
[049/162] q0048 random16 sigma=8 TV=0.35304 H=0.34324 peak=0.00000
[050/162] q0049 random16 sigma=16 TV=0.33584 H=0.32389 peak=0.03125
[051/162] q0050 random16 sigma=32 TV=0.32799 H=0.30568 peak=0.03125
[052/162] q0051 random17 sigma=8 TV=0.34006 H=0.33696 peak=0.03125
[053/162] q0052 random17 sigma=16 TV=0.33265 H=0.30938 peak=0.04419
[054/162] q0053 random17 sigma=32 TV=0.32888 H=0.29901 peak=0.04419
[055/162] q0054 random18 sigma=8 TV=0.34374 H=0.35081 peak=0.00000
[056/162] q0055 random18 sigma=16 TV=0.33293 H=0.31063 peak=0.04419
[057/162] q0056 random18 sigma=32 TV=0.32753 H=0.29847 peak=0.04419
[058/162] q0057 random19 sigma=8 TV=0.34546 H=0.33424 peak=0.00000
[059/162] q0058 random19 sigma=16 TV=0.31426 H=0.30383 peak=0.03125
[060/162] q0059 random19 sigma=32 TV=0.31724 H=0.29547 peak=0.03125
[061/162] q0060 random20 sigma=8 TV=0.34342 H=0.34489 peak=0.03125
[062/162] q0061 random20 sigma=16 TV=0.32696 H=0.30989 peak=0.03125
[063/162] q0062 random20 sigma=32 TV=0.32545 H=0.29890 peak=0.03125
[064/162] q0063 random21 sigma=8 TV=0.38240 H=0.36989 peak=0.03125
[065/162] q0064 random21 sigma=16 TV=0.34926 H=0.32556 peak=0.03125
[066/162] q0065 random21 sigma=32 TV=0.33185 H=0.30195 peak=0.04419
[067/162] q0066 random22 sigma=8 TV=0.35635 H=0.36310 peak=0.04419
[068/162] q0067 random22 sigma=16 TV=0.33637 H=0.32590 peak=0.03125
[069/162] q0068 random22 sigma=32 TV=0.32279 H=0.30043 peak=0.03125
[070/162] q0069 random23 sigma=8 TV=0.34433 H=0.35483 peak=0.06988
[071/162] q0070 random23 sigma=16 TV=0.31644 H=0.31649 peak=0.00000
[072/162] q0071 random23 sigma=32 TV=0.32392 H=0.30286 peak=0.00000
[073/162] q0072 random24 sigma=8 TV=0.33767 H=0.33576 peak=0.03125
[074/162] q0073 random24 sigma=16 TV=0.33000 H=0.31416 peak=0.00000
[075/162] q0074 random24 sigma=32 TV=0.32996 H=0.30116 peak=0.03125
[076/162] q0075 random25 sigma=8 TV=0.33518 H=0.33783 peak=0.03125
[077/162] q0076 random25 sigma=16 TV=0.33305 H=0.31785 peak=0.03125
[078/162] q0077 random25 sigma=32 TV=0.33176 H=0.30840 peak=0.03125
[079/162] q0078 random26 sigma=8 TV=0.39521 H=0.38699 peak=0.03125
[080/162] q0079 random26 sigma=16 TV=0.35541 H=0.33038 peak=0.00000
[081/162] q0080 random26 sigma=32 TV=0.33338 H=0.30403 peak=0.03125
[082/162] q0081 random27 sigma=8 TV=0.33371 H=0.32664 peak=0.03125
[083/162] q0082 random27 sigma=16 TV=0.31717 H=0.30433 peak=0.04419
[084/162] q0083 random27 sigma=32 TV=0.31971 H=0.29433 peak=0.04419
[085/162] q0084 random28 sigma=8 TV=0.34859 H=0.34436 peak=0.03125
[086/162] q0085 random28 sigma=16 TV=0.32616 H=0.31241 peak=0.00000
[087/162] q0086 random28 sigma=32 TV=0.32771 H=0.30489 peak=0.03125
[088/162] q0087 random29 sigma=8 TV=0.32724 H=0.33644 peak=0.03125
[089/162] q0088 random29 sigma=16 TV=0.33614 H=0.32368 peak=0.03125
[090/162] q0089 random29 sigma=32 TV=0.32783 H=0.30602 peak=0.03125
[091/162] q0090 random30 sigma=8 TV=0.35617 H=0.36082 peak=0.04419
[092/162] q0091 random30 sigma=16 TV=0.32327 H=0.31652 peak=0.04419
[093/162] q0092 random30 sigma=32 TV=0.32358 H=0.30303 peak=0.04419
[094/162] q0093 random31 sigma=8 TV=0.39067 H=0.37683 peak=0.04419
[095/162] q0094 random31 sigma=16 TV=0.35353 H=0.33132 peak=0.03125
[096/162] q0095 random31 sigma=32 TV=0.33004 H=0.30439 peak=0.03125
[097/162] q0096 feature00 sigma=8 TV=0.35354 H=0.36172 peak=0.04419
[098/162] q0097 feature00 sigma=16 TV=0.32392 H=0.31168 peak=0.00000
[099/162] q0098 feature00 sigma=32 TV=0.32297 H=0.29836 peak=0.04419
[100/162] q0099 feature01 sigma=8 TV=0.36357 H=0.36259 peak=0.03125
[101/162] q0100 feature01 sigma=16 TV=0.33125 H=0.31654 peak=0.03125
[102/162] q0101 feature01 sigma=32 TV=0.32824 H=0.30123 peak=0.03125
[103/162] q0102 feature02 sigma=8 TV=0.35900 H=0.37485 peak=0.00000
[104/162] q0103 feature02 sigma=16 TV=0.32210 H=0.31743 peak=0.00000
[105/162] q0104 feature02 sigma=32 TV=0.31730 H=0.29978 peak=0.04419
[106/162] q0105 feature03 sigma=8 TV=0.34747 H=0.35784 peak=0.03125
[107/162] q0106 feature03 sigma=16 TV=0.31140 H=0.30892 peak=0.04419
[108/162] q0107 feature03 sigma=32 TV=0.31906 H=0.30116 peak=0.04419
[109/162] q0108 feature04 sigma=8 TV=0.33021 H=0.33281 peak=0.00000
[110/162] q0109 feature04 sigma=16 TV=0.33003 H=0.31187 peak=0.03125
[111/162] q0110 feature04 sigma=32 TV=0.32641 H=0.29784 peak=0.04419
[112/162] q0111 feature05 sigma=8 TV=0.36574 H=0.37637 peak=0.03125
[113/162] q0112 feature05 sigma=16 TV=0.33331 H=0.32810 peak=0.03125
[114/162] q0113 feature05 sigma=32 TV=0.32714 H=0.30719 peak=0.03125
[115/162] q0114 feature06 sigma=8 TV=0.31924 H=0.33352 peak=0.00000
[116/162] q0115 feature06 sigma=16 TV=0.32289 H=0.31563 peak=0.00000
[117/162] q0116 feature06 sigma=32 TV=0.32707 H=0.30537 peak=0.03125
[118/162] q0117 feature07 sigma=8 TV=0.37763 H=0.37280 peak=0.03125
[119/162] q0118 feature07 sigma=16 TV=0.31776 H=0.31205 peak=0.03125
[120/162] q0119 feature07 sigma=32 TV=0.31631 H=0.29557 peak=0.04419
[121/162] q0120 feature08 sigma=8 TV=0.34711 H=0.35342 peak=0.00000
[122/162] q0121 feature08 sigma=16 TV=0.33556 H=0.31966 peak=0.03125
[123/162] q0122 feature08 sigma=32 TV=0.32889 H=0.30395 peak=0.00000
[124/162] q0123 feature09 sigma=8 TV=0.35522 H=0.36216 peak=0.03125
[125/162] q0124 feature09 sigma=16 TV=0.34369 H=0.31717 peak=0.03125
[126/162] q0125 feature09 sigma=32 TV=0.33244 H=0.30137 peak=0.03125
[127/162] q0126 feature10 sigma=8 TV=0.35733 H=0.36629 peak=0.03125
[128/162] q0127 feature10 sigma=16 TV=0.32656 H=0.31453 peak=0.03125
[129/162] q0128 feature10 sigma=32 TV=0.32469 H=0.29880 peak=0.03125
[130/162] q0129 feature11 sigma=8 TV=0.34443 H=0.36009 peak=0.03125
[131/162] q0130 feature11 sigma=16 TV=0.32864 H=0.31725 peak=0.04419
[132/162] q0131 feature11 sigma=32 TV=0.32671 H=0.30057 peak=0.04419
[133/162] q0132 feature12 sigma=8 TV=0.33421 H=0.35651 peak=0.00000
[134/162] q0133 feature12 sigma=16 TV=0.32287 H=0.31790 peak=0.00000
[135/162] q0134 feature12 sigma=32 TV=0.31971 H=0.29750 peak=0.03125
[136/162] q0135 feature13 sigma=8 TV=0.33722 H=0.34571 peak=0.00000
[137/162] q0136 feature13 sigma=16 TV=0.32691 H=0.31807 peak=0.00000
[138/162] q0137 feature13 sigma=32 TV=0.32884 H=0.30502 peak=0.03125
[139/162] q0138 feature14 sigma=8 TV=0.35998 H=0.36710 peak=0.04419
[140/162] q0139 feature14 sigma=16 TV=0.33461 H=0.32677 peak=0.00000
[141/162] q0140 feature14 sigma=32 TV=0.32956 H=0.30677 peak=0.00000
[142/162] q0141 feature15 sigma=8 TV=0.33927 H=0.35124 peak=0.03125
[143/162] q0142 feature15 sigma=16 TV=0.32915 H=0.30832 peak=0.04419
[144/162] q0143 feature15 sigma=32 TV=0.32689 H=0.29774 peak=0.04419
[145/162] q0144 seam_u0 sigma=8 TV=0.31259 H=0.32284 peak=0.03125
[146/162] q0145 seam_u0 sigma=16 TV=0.30503 H=0.29520 peak=0.03125
[147/162] q0146 seam_u0 sigma=32 TV=0.31516 H=0.29334 peak=0.03125
[148/162] q0147 seam_u1 sigma=8 TV=0.32038 H=0.32891 peak=0.03125
[149/162] q0148 seam_u1 sigma=16 TV=0.30807 H=0.29795 peak=0.00000
[150/162] q0149 seam_u1 sigma=32 TV=0.31571 H=0.29362 peak=0.03125
[151/162] q0150 seam_v0 sigma=8 TV=0.37089 H=0.35401 peak=0.04419
[152/162] q0151 seam_v0 sigma=16 TV=0.33719 H=0.32157 peak=0.00000
[153/162] q0152 seam_v0 sigma=32 TV=0.32808 H=0.30330 peak=0.00000
[154/162] q0153 seam_v1 sigma=8 TV=0.36428 H=0.35441 peak=0.03125
[155/162] q0154 seam_v1 sigma=16 TV=0.33775 H=0.32307 peak=0.00000
[156/162] q0155 seam_v1 sigma=32 TV=0.32866 H=0.30446 peak=0.00000
[157/162] q0156 corner00 sigma=8 TV=0.33104 H=0.33080 peak=0.03125
[158/162] q0157 corner00 sigma=16 TV=0.33662 H=0.31131 peak=0.03125
[159/162] q0158 corner00 sigma=32 TV=0.33268 H=0.29995 peak=0.03125
[160/162] q0159 corner11 sigma=8 TV=0.35740 H=0.34887 peak=0.03125
[161/162] q0160 corner11 sigma=16 TV=0.33754 H=0.31224 peak=0.03125
[162/162] q0161 corner11 sigma=32 TV=0.33185 H=0.29958 peak=0.03125
Wrote C:\Users\sy415\workspace\pndf_qem_phase1\out_quality_local_guard_eps1e-9\metrics_sampled_pndf\isotropic_qem_normal_ds4_v8192\metrics.csv
Wrote C:\Users\sy415\workspace\pndf_qem_phase1\out_quality_local_guard_eps1e-9\metrics_sampled_pndf\isotropic_qem_normal_ds4_v8192\summary.txt
