[001/162] q0000 random00 sigma=8 TV=0.42969 H=0.43728 peak=0.03125
[002/162] q0001 random00 sigma=16 TV=0.42501 H=0.40393 peak=0.03125
[003/162] q0002 random00 sigma=32 TV=0.42097 H=0.38790 peak=0.03125
[004/162] q0003 random01 sigma=8 TV=0.46344 H=0.43054 peak=0.00000
[005/162] q0004 random01 sigma=16 TV=0.42932 H=0.39720 peak=0.03125
[006/162] q0005 random01 sigma=32 TV=0.41981 H=0.38641 peak=0.03125
[007/162] q0006 random02 sigma=8 TV=0.39559 H=0.39425 peak=0.00000
[008/162] q0007 random02 sigma=16 TV=0.39088 H=0.37614 peak=0.03125
[009/162] q0008 random02 sigma=32 TV=0.40759 H=0.37763 peak=0.03125
[010/162] q0009 random03 sigma=8 TV=0.45461 H=0.43468 peak=0.03125
[011/162] q0010 random03 sigma=16 TV=0.42174 H=0.40050 peak=0.00000
[012/162] q0011 random03 sigma=32 TV=0.41599 H=0.38715 peak=0.03125
[013/162] q0012 random04 sigma=8 TV=0.43020 H=0.41428 peak=0.03125
[014/162] q0013 random04 sigma=16 TV=0.41922 H=0.39176 peak=0.03125
[015/162] q0014 random04 sigma=32 TV=0.41883 H=0.38560 peak=0.03125
[016/162] q0015 random05 sigma=8 TV=0.41769 H=0.40961 peak=0.00000
[017/162] q0016 random05 sigma=16 TV=0.40707 H=0.39407 peak=0.00000
[018/162] q0017 random05 sigma=32 TV=0.41486 H=0.38564 peak=0.03125
[019/162] q0018 random06 sigma=8 TV=0.45921 H=0.44551 peak=0.04419
[020/162] q0019 random06 sigma=16 TV=0.41385 H=0.39412 peak=0.03125
[021/162] q0020 random06 sigma=32 TV=0.40637 H=0.38002 peak=0.04419
[022/162] q0021 random07 sigma=8 TV=0.41121 H=0.40608 peak=0.04419
[023/162] q0022 random07 sigma=16 TV=0.41167 H=0.38955 peak=0.04419
[024/162] q0023 random07 sigma=32 TV=0.41373 H=0.38425 peak=0.03125
[025/162] q0024 random08 sigma=8 TV=0.40157 H=0.41977 peak=0.03125
[026/162] q0025 random08 sigma=16 TV=0.40547 H=0.39577 peak=0.03125
[027/162] q0026 random08 sigma=32 TV=0.41796 H=0.38838 peak=0.03125
[028/162] q0027 random09 sigma=8 TV=0.42220 H=0.39985 peak=0.00000
[029/162] q0028 random09 sigma=16 TV=0.41208 H=0.38427 peak=0.00000
[030/162] q0029 random09 sigma=32 TV=0.40531 H=0.37466 peak=0.04419
[031/162] q0030 random10 sigma=8 TV=0.43234 H=0.43688 peak=0.04419
[032/162] q0031 random10 sigma=16 TV=0.40512 H=0.39632 peak=0.04419
[033/162] q0032 random10 sigma=32 TV=0.40333 H=0.37742 peak=0.04419
[034/162] q0033 random11 sigma=8 TV=0.45749 H=0.43859 peak=0.03125
[035/162] q0034 random11 sigma=16 TV=0.42304 H=0.39910 peak=0.00000
[036/162] q0035 random11 sigma=32 TV=0.41651 H=0.38603 peak=0.03125
[037/162] q0036 random12 sigma=8 TV=0.42442 H=0.41918 peak=0.00000
[038/162] q0037 random12 sigma=16 TV=0.40877 H=0.38861 peak=0.03125
[039/162] q0038 random12 sigma=32 TV=0.40820 H=0.37735 peak=0.03125
[040/162] q0039 random13 sigma=8 TV=0.45365 H=0.45099 peak=0.03125
[041/162] q0040 random13 sigma=16 TV=0.42619 H=0.41157 peak=0.03125
[042/162] q0041 random13 sigma=32 TV=0.41702 H=0.38940 peak=0.03125
[043/162] q0042 random14 sigma=8 TV=0.40295 H=0.40046 peak=0.03125
[044/162] q0043 random14 sigma=16 TV=0.40699 H=0.38748 peak=0.03125
[045/162] q0044 random14 sigma=32 TV=0.41745 H=0.38476 peak=0.03125
[046/162] q0045 random15 sigma=8 TV=0.40973 H=0.42225 peak=0.00000
[047/162] q0046 random15 sigma=16 TV=0.42151 H=0.40399 peak=0.03125
[048/162] q0047 random15 sigma=32 TV=0.42228 H=0.38946 peak=0.03125
[049/162] q0048 random16 sigma=8 TV=0.42363 H=0.42497 peak=0.04419
[050/162] q0049 random16 sigma=16 TV=0.41527 H=0.40474 peak=0.03125
[051/162] q0050 random16 sigma=32 TV=0.41385 H=0.38812 peak=0.03125
[052/162] q0051 random17 sigma=8 TV=0.41814 H=0.41556 peak=0.03125
[053/162] q0052 random17 sigma=16 TV=0.41322 H=0.39129 peak=0.03125
[054/162] q0053 random17 sigma=32 TV=0.40928 H=0.37744 peak=0.03125
[055/162] q0054 random18 sigma=8 TV=0.44130 H=0.43154 peak=0.03125
[056/162] q0055 random18 sigma=16 TV=0.41165 H=0.38948 peak=0.04419
[057/162] q0056 random18 sigma=32 TV=0.40772 H=0.37594 peak=0.03125
[058/162] q0057 random19 sigma=8 TV=0.41019 H=0.40712 peak=0.03125
[059/162] q0058 random19 sigma=16 TV=0.41783 H=0.39526 peak=0.04419
[060/162] q0059 random19 sigma=32 TV=0.41649 H=0.38532 peak=0.04419
[061/162] q0060 random20 sigma=8 TV=0.45146 H=0.43910 peak=0.00000
[062/162] q0061 random20 sigma=16 TV=0.43130 H=0.40465 peak=0.03125
[063/162] q0062 random20 sigma=32 TV=0.42118 H=0.38896 peak=0.03125
[064/162] q0063 random21 sigma=8 TV=0.45718 H=0.45392 peak=0.00000
[065/162] q0064 random21 sigma=16 TV=0.42349 H=0.40878 peak=0.00000
[066/162] q0065 random21 sigma=32 TV=0.41213 H=0.38411 peak=0.03125
[067/162] q0066 random22 sigma=8 TV=0.38993 H=0.40455 peak=0.03125
[068/162] q0067 random22 sigma=16 TV=0.41548 H=0.39893 peak=0.00000
[069/162] q0068 random22 sigma=32 TV=0.42165 H=0.38892 peak=0.03125
[070/162] q0069 random23 sigma=8 TV=0.45106 H=0.46179 peak=0.06988
[071/162] q0070 random23 sigma=16 TV=0.42815 H=0.41478 peak=0.00000
[072/162] q0071 random23 sigma=32 TV=0.41678 H=0.38977 peak=0.00000
[073/162] q0072 random24 sigma=8 TV=0.43069 H=0.42730 peak=0.03125
[074/162] q0073 random24 sigma=16 TV=0.41108 H=0.39180 peak=0.00000
[075/162] q0074 random24 sigma=32 TV=0.41549 H=0.38373 peak=0.03125
[076/162] q0075 random25 sigma=8 TV=0.43030 H=0.43101 peak=0.04419
[077/162] q0076 random25 sigma=16 TV=0.42395 H=0.40225 peak=0.03125
[078/162] q0077 random25 sigma=32 TV=0.41638 H=0.38601 peak=0.03125
[079/162] q0078 random26 sigma=8 TV=0.42916 H=0.43630 peak=0.03125
[080/162] q0079 random26 sigma=16 TV=0.42105 H=0.40410 peak=0.03125
[081/162] q0080 random26 sigma=32 TV=0.41664 H=0.38747 peak=0.03125
[082/162] q0081 random27 sigma=8 TV=0.39556 H=0.40057 peak=0.03125
[083/162] q0082 random27 sigma=16 TV=0.39445 H=0.38407 peak=0.04419
[084/162] q0083 random27 sigma=32 TV=0.40278 H=0.37684 peak=0.00000
[085/162] q0084 random28 sigma=8 TV=0.47345 H=0.45977 peak=0.03125
[086/162] q0085 random28 sigma=16 TV=0.42780 H=0.41468 peak=0.00000
[087/162] q0086 random28 sigma=32 TV=0.41946 H=0.39198 peak=0.03125
[088/162] q0087 random29 sigma=8 TV=0.41232 H=0.40937 peak=0.03125
[089/162] q0088 random29 sigma=16 TV=0.40649 H=0.39216 peak=0.03125
[090/162] q0089 random29 sigma=32 TV=0.40989 H=0.38446 peak=0.03125
[091/162] q0090 random30 sigma=8 TV=0.41308 H=0.39966 peak=0.04419
[092/162] q0091 random30 sigma=16 TV=0.40172 H=0.38108 peak=0.04419
[093/162] q0092 random30 sigma=32 TV=0.40568 H=0.37542 peak=0.04419
[094/162] q0093 random31 sigma=8 TV=0.46281 H=0.45700 peak=0.04419
[095/162] q0094 random31 sigma=16 TV=0.42287 H=0.40153 peak=0.04419
[096/162] q0095 random31 sigma=32 TV=0.40963 H=0.38341 peak=0.04419
[097/162] q0096 feature00 sigma=8 TV=0.41373 H=0.41044 peak=0.00000
[098/162] q0097 feature00 sigma=16 TV=0.40403 H=0.38108 peak=0.00000
[099/162] q0098 feature00 sigma=32 TV=0.40378 H=0.37395 peak=0.04419
[100/162] q0099 feature01 sigma=8 TV=0.38789 H=0.39598 peak=0.03125
[101/162] q0100 feature01 sigma=16 TV=0.39670 H=0.38025 peak=0.03125
[102/162] q0101 feature01 sigma=32 TV=0.40830 H=0.37768 peak=0.00000
[103/162] q0102 feature02 sigma=8 TV=0.40347 H=0.39726 peak=0.03125
[104/162] q0103 feature02 sigma=16 TV=0.40503 H=0.38096 peak=0.03125
[105/162] q0104 feature02 sigma=32 TV=0.40875 H=0.38049 peak=0.00000
[106/162] q0105 feature03 sigma=8 TV=0.42941 H=0.42926 peak=0.03125
[107/162] q0106 feature03 sigma=16 TV=0.39884 H=0.38221 peak=0.04419
[108/162] q0107 feature03 sigma=32 TV=0.40652 H=0.37735 peak=0.04419
[109/162] q0108 feature04 sigma=8 TV=0.38771 H=0.38121 peak=0.03125
[110/162] q0109 feature04 sigma=16 TV=0.39175 H=0.37909 peak=0.00000
[111/162] q0110 feature04 sigma=32 TV=0.40373 H=0.37727 peak=0.03125
[112/162] q0111 feature05 sigma=8 TV=0.44875 H=0.45407 peak=0.00000
[113/162] q0112 feature05 sigma=16 TV=0.41744 H=0.40708 peak=0.03125
[114/162] q0113 feature05 sigma=32 TV=0.41503 H=0.38839 peak=0.03125
[115/162] q0114 feature06 sigma=8 TV=0.39586 H=0.40044 peak=0.03125
[116/162] q0115 feature06 sigma=16 TV=0.39322 H=0.38280 peak=0.03125
[117/162] q0116 feature06 sigma=32 TV=0.40822 H=0.38209 peak=0.03125
[118/162] q0117 feature07 sigma=8 TV=0.44423 H=0.42636 peak=0.03125
[119/162] q0118 feature07 sigma=16 TV=0.40110 H=0.38711 peak=0.03125
[120/162] q0119 feature07 sigma=32 TV=0.40142 H=0.37534 peak=0.04419
[121/162] q0120 feature08 sigma=8 TV=0.45335 H=0.44143 peak=0.00000
[122/162] q0121 feature08 sigma=16 TV=0.42248 H=0.39928 peak=0.00000
[123/162] q0122 feature08 sigma=32 TV=0.41388 H=0.38220 peak=0.00000
[124/162] q0123 feature09 sigma=8 TV=0.44317 H=0.43375 peak=0.03125
[125/162] q0124 feature09 sigma=16 TV=0.41516 H=0.39492 peak=0.03125
[126/162] q0125 feature09 sigma=32 TV=0.41286 H=0.38280 peak=0.03125
[127/162] q0126 feature10 sigma=8 TV=0.43918 H=0.44280 peak=0.03125
[128/162] q0127 feature10 sigma=16 TV=0.42550 H=0.40341 peak=0.03125
[129/162] q0128 feature10 sigma=32 TV=0.41801 H=0.38814 peak=0.03125
[130/162] q0129 feature11 sigma=8 TV=0.41018 H=0.43726 peak=0.04419
[131/162] q0130 feature11 sigma=16 TV=0.41893 H=0.40349 peak=0.00000
[132/162] q0131 feature11 sigma=32 TV=0.41672 H=0.38682 peak=0.00000
[133/162] q0132 feature12 sigma=8 TV=0.38930 H=0.39967 peak=0.03125
[134/162] q0133 feature12 sigma=16 TV=0.40902 H=0.38628 peak=0.03125
[135/162] q0134 feature12 sigma=32 TV=0.41715 H=0.38459 peak=0.04419
[136/162] q0135 feature13 sigma=8 TV=0.42250 H=0.42071 peak=0.04419
[137/162] q0136 feature13 sigma=16 TV=0.41493 H=0.39513 peak=0.00000
[138/162] q0137 feature13 sigma=32 TV=0.41985 H=0.39108 peak=0.00000
[139/162] q0138 feature14 sigma=8 TV=0.41930 H=0.40340 peak=0.04419
[140/162] q0139 feature14 sigma=16 TV=0.42482 H=0.39947 peak=0.00000
[141/162] q0140 feature14 sigma=32 TV=0.41738 H=0.38627 peak=0.00000
[142/162] q0141 feature15 sigma=8 TV=0.43721 H=0.42912 peak=0.04419
[143/162] q0142 feature15 sigma=16 TV=0.41237 H=0.39016 peak=0.04419
[144/162] q0143 feature15 sigma=32 TV=0.40753 H=0.37603 peak=0.03125
[145/162] q0144 seam_u0 sigma=8 TV=0.44647 H=0.43868 peak=0.00000
[146/162] q0145 seam_u0 sigma=16 TV=0.42668 H=0.39913 peak=0.04419
[147/162] q0146 seam_u0 sigma=32 TV=0.41696 H=0.38462 peak=0.04419
[148/162] q0147 seam_u1 sigma=8 TV=0.45094 H=0.44310 peak=0.00000
[149/162] q0148 seam_u1 sigma=16 TV=0.42684 H=0.39938 peak=0.00000
[150/162] q0149 seam_u1 sigma=32 TV=0.41741 H=0.38475 peak=0.04419
[151/162] q0150 seam_v0 sigma=8 TV=0.43948 H=0.42980 peak=0.03125
[152/162] q0151 seam_v0 sigma=16 TV=0.42608 H=0.39968 peak=0.00000
[153/162] q0152 seam_v0 sigma=32 TV=0.41568 H=0.38411 peak=0.00000
[154/162] q0153 seam_v1 sigma=8 TV=0.43314 H=0.42517 peak=0.03125
[155/162] q0154 seam_v1 sigma=16 TV=0.42696 H=0.40069 peak=0.00000
[156/162] q0155 seam_v1 sigma=32 TV=0.41618 H=0.38465 peak=0.00000
[157/162] q0156 corner00 sigma=8 TV=0.40863 H=0.40159 peak=0.03125
[158/162] q0157 corner00 sigma=16 TV=0.40643 H=0.38783 peak=0.03125
[159/162] q0158 corner00 sigma=32 TV=0.40956 H=0.37874 peak=0.03125
[160/162] q0159 corner11 sigma=8 TV=0.42089 H=0.40770 peak=0.03125
[161/162] q0160 corner11 sigma=16 TV=0.40512 H=0.38772 peak=0.03125
[162/162] q0161 corner11 sigma=32 TV=0.40872 H=0.37888 peak=0.03125
Wrote C:\Users\sy415\workspace\pndf_qem_phase1\out_quality_local_guard_eps1e-9\metrics_sampled_pndf\isotropic_qem_4d_ds4_v8192\metrics.csv
Wrote C:\Users\sy415\workspace\pndf_qem_phase1\out_quality_local_guard_eps1e-9\metrics_sampled_pndf\isotropic_qem_4d_ds4_v8192\summary.txt
