[001/162] q0000 random00 sigma=8 TV=0.35789 H=0.35438 peak=0.03125
[002/162] q0001 random00 sigma=16 TV=0.33590 H=0.30773 peak=0.03125
[003/162] q0002 random00 sigma=32 TV=0.33488 H=0.29331 peak=0.03125
[004/162] q0003 random01 sigma=8 TV=0.36300 H=0.33961 peak=0.00000
[005/162] q0004 random01 sigma=16 TV=0.34648 H=0.30898 peak=0.03125
[006/162] q0005 random01 sigma=32 TV=0.33745 H=0.29657 peak=0.03125
[007/162] q0006 random02 sigma=8 TV=0.32064 H=0.33149 peak=0.03125
[008/162] q0007 random02 sigma=16 TV=0.32412 H=0.30382 peak=0.04419
[009/162] q0008 random02 sigma=32 TV=0.33195 H=0.29489 peak=0.00000
[010/162] q0009 random03 sigma=8 TV=0.33472 H=0.33409 peak=0.03125
[011/162] q0010 random03 sigma=16 TV=0.33491 H=0.31000 peak=0.00000
[012/162] q0011 random03 sigma=32 TV=0.33789 H=0.29717 peak=0.03125
[013/162] q0012 random04 sigma=8 TV=0.34391 H=0.32276 peak=0.03125
[014/162] q0013 random04 sigma=16 TV=0.33529 H=0.30062 peak=0.03125
[015/162] q0014 random04 sigma=32 TV=0.33717 H=0.29601 peak=0.03125
[016/162] q0015 random05 sigma=8 TV=0.32581 H=0.31720 peak=0.03125
[017/162] q0016 random05 sigma=16 TV=0.32249 H=0.29741 peak=0.03125
[018/162] q0017 random05 sigma=32 TV=0.33180 H=0.28907 peak=0.04419
[019/162] q0018 random06 sigma=8 TV=0.34828 H=0.34331 peak=0.04419
[020/162] q0019 random06 sigma=16 TV=0.33746 H=0.30666 peak=0.04419
[021/162] q0020 random06 sigma=32 TV=0.32607 H=0.29147 peak=0.03125
[022/162] q0021 random07 sigma=8 TV=0.33862 H=0.33011 peak=0.06250
[023/162] q0022 random07 sigma=16 TV=0.31997 H=0.29991 peak=0.00000
[024/162] q0023 random07 sigma=32 TV=0.32509 H=0.28980 peak=0.00000
[025/162] q0024 random08 sigma=8 TV=0.34797 H=0.36798 peak=0.03125
[026/162] q0025 random08 sigma=16 TV=0.33341 H=0.32282 peak=0.03125
[027/162] q0026 random08 sigma=32 TV=0.33233 H=0.29780 peak=0.03125
[028/162] q0027 random09 sigma=8 TV=0.33331 H=0.32973 peak=0.00000
[029/162] q0028 random09 sigma=16 TV=0.32163 H=0.30367 peak=0.03125
[030/162] q0029 random09 sigma=32 TV=0.32238 H=0.29068 peak=0.03125
[031/162] q0030 random10 sigma=8 TV=0.33374 H=0.33549 peak=0.03125
[032/162] q0031 random10 sigma=16 TV=0.31494 H=0.29547 peak=0.03125
[033/162] q0032 random10 sigma=32 TV=0.31906 H=0.28538 peak=0.03125
[034/162] q0033 random11 sigma=8 TV=0.33948 H=0.35044 peak=0.03125
[035/162] q0034 random11 sigma=16 TV=0.32850 H=0.30455 peak=0.03125
[036/162] q0035 random11 sigma=32 TV=0.32621 H=0.28975 peak=0.00000
[037/162] q0036 random12 sigma=8 TV=0.33892 H=0.33269 peak=0.00000
[038/162] q0037 random12 sigma=16 TV=0.32690 H=0.30486 peak=0.03125
[039/162] q0038 random12 sigma=32 TV=0.32787 H=0.29294 peak=0.04419
[040/162] q0039 random13 sigma=8 TV=0.35066 H=0.33570 peak=0.03125
[041/162] q0040 random13 sigma=16 TV=0.33248 H=0.30286 peak=0.03125
[042/162] q0041 random13 sigma=32 TV=0.33362 H=0.29064 peak=0.03125
[043/162] q0042 random14 sigma=8 TV=0.30587 H=0.29899 peak=0.03125
[044/162] q0043 random14 sigma=16 TV=0.32547 H=0.29509 peak=0.03125
[045/162] q0044 random14 sigma=32 TV=0.33679 H=0.29601 peak=0.03125
[046/162] q0045 random15 sigma=8 TV=0.34649 H=0.34241 peak=0.03125
[047/162] q0046 random15 sigma=16 TV=0.33279 H=0.30767 peak=0.03125
[048/162] q0047 random15 sigma=32 TV=0.33335 H=0.29308 peak=0.03125
[049/162] q0048 random16 sigma=8 TV=0.37086 H=0.36271 peak=0.03125
[050/162] q0049 random16 sigma=16 TV=0.34159 H=0.32001 peak=0.00000
[051/162] q0050 random16 sigma=32 TV=0.33204 H=0.29673 peak=0.03125
[052/162] q0051 random17 sigma=8 TV=0.35299 H=0.35184 peak=0.03125
[053/162] q0052 random17 sigma=16 TV=0.33084 H=0.30893 peak=0.03125
[054/162] q0053 random17 sigma=32 TV=0.32962 H=0.29485 peak=0.03125
[055/162] q0054 random18 sigma=8 TV=0.36346 H=0.35012 peak=0.03125
[056/162] q0055 random18 sigma=16 TV=0.33027 H=0.31008 peak=0.03125
[057/162] q0056 random18 sigma=32 TV=0.32683 H=0.29379 peak=0.03125
[058/162] q0057 random19 sigma=8 TV=0.32376 H=0.31919 peak=0.03125
[059/162] q0058 random19 sigma=16 TV=0.33342 H=0.30179 peak=0.04419
[060/162] q0059 random19 sigma=32 TV=0.33337 H=0.29212 peak=0.03125
[061/162] q0060 random20 sigma=8 TV=0.37319 H=0.35786 peak=0.03125
[062/162] q0061 random20 sigma=16 TV=0.35024 H=0.32008 peak=0.03125
[063/162] q0062 random20 sigma=32 TV=0.33576 H=0.29700 peak=0.03125
[064/162] q0063 random21 sigma=8 TV=0.36038 H=0.35021 peak=0.03125
[065/162] q0064 random21 sigma=16 TV=0.33673 H=0.31267 peak=0.03125
[066/162] q0065 random21 sigma=32 TV=0.33108 H=0.29496 peak=0.04419
[067/162] q0066 random22 sigma=8 TV=0.32504 H=0.32750 peak=0.03125
[068/162] q0067 random22 sigma=16 TV=0.32909 H=0.30522 peak=0.03125
[069/162] q0068 random22 sigma=32 TV=0.33232 H=0.29246 peak=0.03125
[070/162] q0069 random23 sigma=8 TV=0.35422 H=0.34608 peak=0.06988
[071/162] q0070 random23 sigma=16 TV=0.34284 H=0.30852 peak=0.00000
[072/162] q0071 random23 sigma=32 TV=0.33710 H=0.29324 peak=0.00000
[073/162] q0072 random24 sigma=8 TV=0.35282 H=0.34265 peak=0.03125
[074/162] q0073 random24 sigma=16 TV=0.33186 H=0.30693 peak=0.00000
[075/162] q0074 random24 sigma=32 TV=0.33603 H=0.29691 peak=0.03125
[076/162] q0075 random25 sigma=8 TV=0.31458 H=0.31749 peak=0.04419
[077/162] q0076 random25 sigma=16 TV=0.32699 H=0.29866 peak=0.03125
[078/162] q0077 random25 sigma=32 TV=0.33109 H=0.29081 peak=0.03125
[079/162] q0078 random26 sigma=8 TV=0.35035 H=0.34690 peak=0.03125
[080/162] q0079 random26 sigma=16 TV=0.34597 H=0.31200 peak=0.03125
[081/162] q0080 random26 sigma=32 TV=0.33734 H=0.29463 peak=0.03125
[082/162] q0081 random27 sigma=8 TV=0.31207 H=0.32396 peak=0.00000
[083/162] q0082 random27 sigma=16 TV=0.30793 H=0.29631 peak=0.03125
[084/162] q0083 random27 sigma=32 TV=0.31846 H=0.28666 peak=0.03125
[085/162] q0084 random28 sigma=8 TV=0.34818 H=0.34216 peak=0.04419
[086/162] q0085 random28 sigma=16 TV=0.33884 H=0.30613 peak=0.03125
[087/162] q0086 random28 sigma=32 TV=0.33569 H=0.29234 peak=0.03125
[088/162] q0087 random29 sigma=8 TV=0.34109 H=0.33057 peak=0.00000
[089/162] q0088 random29 sigma=16 TV=0.33447 H=0.30910 peak=0.00000
[090/162] q0089 random29 sigma=32 TV=0.32921 H=0.29446 peak=0.03125
[091/162] q0090 random30 sigma=8 TV=0.35763 H=0.34349 peak=0.00000
[092/162] q0091 random30 sigma=16 TV=0.33536 H=0.30432 peak=0.00000
[093/162] q0092 random30 sigma=32 TV=0.32948 H=0.29053 peak=0.00000
[094/162] q0093 random31 sigma=8 TV=0.38323 H=0.36188 peak=0.03125
[095/162] q0094 random31 sigma=16 TV=0.34741 H=0.31545 peak=0.03125
[096/162] q0095 random31 sigma=32 TV=0.32941 H=0.29410 peak=0.03125
[097/162] q0096 feature00 sigma=8 TV=0.34147 H=0.34523 peak=0.03125
[098/162] q0097 feature00 sigma=16 TV=0.31854 H=0.30338 peak=0.03125
[099/162] q0098 feature00 sigma=32 TV=0.32202 H=0.28989 peak=0.03125
[100/162] q0099 feature01 sigma=8 TV=0.34588 H=0.34504 peak=0.03125
[101/162] q0100 feature01 sigma=16 TV=0.32866 H=0.30673 peak=0.00000
[102/162] q0101 feature01 sigma=32 TV=0.33242 H=0.29596 peak=0.00000
[103/162] q0102 feature02 sigma=8 TV=0.34493 H=0.34601 peak=0.00000
[104/162] q0103 feature02 sigma=16 TV=0.33109 H=0.30194 peak=0.00000
[105/162] q0104 feature02 sigma=32 TV=0.33080 H=0.28988 peak=0.00000
[106/162] q0105 feature03 sigma=8 TV=0.35468 H=0.35416 peak=0.03125
[107/162] q0106 feature03 sigma=16 TV=0.32993 H=0.29948 peak=0.00000
[108/162] q0107 feature03 sigma=32 TV=0.32978 H=0.28892 peak=0.00000
[109/162] q0108 feature04 sigma=8 TV=0.31306 H=0.31313 peak=0.00000
[110/162] q0109 feature04 sigma=16 TV=0.31265 H=0.29385 peak=0.03125
[111/162] q0110 feature04 sigma=32 TV=0.32172 H=0.28831 peak=0.04419
[112/162] q0111 feature05 sigma=8 TV=0.35288 H=0.34732 peak=0.00000
[113/162] q0112 feature05 sigma=16 TV=0.32603 H=0.31043 peak=0.00000
[114/162] q0113 feature05 sigma=32 TV=0.33243 H=0.29550 peak=0.03125
[115/162] q0114 feature06 sigma=8 TV=0.31107 H=0.32093 peak=0.03125
[116/162] q0115 feature06 sigma=16 TV=0.31397 H=0.29939 peak=0.03125
[117/162] q0116 feature06 sigma=32 TV=0.32577 H=0.29214 peak=0.00000
[118/162] q0117 feature07 sigma=8 TV=0.36222 H=0.35755 peak=0.04419
[119/162] q0118 feature07 sigma=16 TV=0.31778 H=0.30154 peak=0.03125
[120/162] q0119 feature07 sigma=32 TV=0.31962 H=0.28651 peak=0.03125
[121/162] q0120 feature08 sigma=8 TV=0.36625 H=0.35278 peak=0.00000
[122/162] q0121 feature08 sigma=16 TV=0.34778 H=0.31545 peak=0.00000
[123/162] q0122 feature08 sigma=32 TV=0.33609 H=0.29711 peak=0.03125
[124/162] q0123 feature09 sigma=8 TV=0.35877 H=0.34911 peak=0.03125
[125/162] q0124 feature09 sigma=16 TV=0.33521 H=0.30462 peak=0.03125
[126/162] q0125 feature09 sigma=32 TV=0.33416 H=0.29352 peak=0.03125
[127/162] q0126 feature10 sigma=8 TV=0.33665 H=0.35681 peak=0.03125
[128/162] q0127 feature10 sigma=16 TV=0.33116 H=0.31328 peak=0.03125
[129/162] q0128 feature10 sigma=32 TV=0.33123 H=0.29750 peak=0.03125
[130/162] q0129 feature11 sigma=8 TV=0.33582 H=0.34732 peak=0.03125
[131/162] q0130 feature11 sigma=16 TV=0.33029 H=0.31048 peak=0.00000
[132/162] q0131 feature11 sigma=32 TV=0.33569 H=0.29587 peak=0.00000
[133/162] q0132 feature12 sigma=8 TV=0.33125 H=0.33336 peak=0.04419
[134/162] q0133 feature12 sigma=16 TV=0.32581 H=0.30157 peak=0.04419
[135/162] q0134 feature12 sigma=32 TV=0.32959 H=0.29099 peak=0.00000
[136/162] q0135 feature13 sigma=8 TV=0.33350 H=0.32715 peak=0.03125
[137/162] q0136 feature13 sigma=16 TV=0.32873 H=0.29947 peak=0.03125
[138/162] q0137 feature13 sigma=32 TV=0.33209 H=0.29136 peak=0.03125
[139/162] q0138 feature14 sigma=8 TV=0.34589 H=0.34669 peak=0.03125
[140/162] q0139 feature14 sigma=16 TV=0.34713 H=0.31443 peak=0.03125
[141/162] q0140 feature14 sigma=32 TV=0.33785 H=0.29757 peak=0.00000
[142/162] q0141 feature15 sigma=8 TV=0.34169 H=0.34348 peak=0.03125
[143/162] q0142 feature15 sigma=16 TV=0.32745 H=0.30702 peak=0.03125
[144/162] q0143 feature15 sigma=32 TV=0.32601 H=0.29285 peak=0.03125
[145/162] q0144 seam_u0 sigma=8 TV=0.35642 H=0.35758 peak=0.00000
[146/162] q0145 seam_u0 sigma=16 TV=0.33718 H=0.30839 peak=0.03125
[147/162] q0146 seam_u0 sigma=32 TV=0.33177 H=0.29105 peak=0.00000
[148/162] q0147 seam_u1 sigma=8 TV=0.35447 H=0.36204 peak=0.00000
[149/162] q0148 seam_u1 sigma=16 TV=0.33617 H=0.30872 peak=0.04419
[150/162] q0149 seam_u1 sigma=32 TV=0.33168 H=0.29104 peak=0.00000
[151/162] q0150 seam_v0 sigma=8 TV=0.36959 H=0.34990 peak=0.04419
[152/162] q0151 seam_v0 sigma=16 TV=0.35117 H=0.31476 peak=0.03125
[153/162] q0152 seam_v0 sigma=32 TV=0.33630 H=0.29684 peak=0.00000
[154/162] q0153 seam_v1 sigma=8 TV=0.35915 H=0.34379 peak=0.04419
[155/162] q0154 seam_v1 sigma=16 TV=0.35200 H=0.31587 peak=0.03125
[156/162] q0155 seam_v1 sigma=32 TV=0.33699 H=0.29732 peak=0.00000
[157/162] q0156 corner00 sigma=8 TV=0.33850 H=0.33005 peak=0.03125
[158/162] q0157 corner00 sigma=16 TV=0.33189 H=0.30892 peak=0.04419
[159/162] q0158 corner00 sigma=32 TV=0.33103 H=0.29473 peak=0.04419
[160/162] q0159 corner11 sigma=8 TV=0.35671 H=0.34300 peak=0.00000
[161/162] q0160 corner11 sigma=16 TV=0.33028 H=0.30658 peak=0.04419
[162/162] q0161 corner11 sigma=32 TV=0.32941 H=0.29361 peak=0.04419
Wrote C:\Users\sy415\workspace\pndf_qem_phase1\out_quality_local_guard_eps1e-9\metrics_sampled_pndf\isotropic_qem_4d_ds4_v16384\metrics.csv
Wrote C:\Users\sy415\workspace\pndf_qem_phase1\out_quality_local_guard_eps1e-9\metrics_sampled_pndf\isotropic_qem_4d_ds4_v16384\summary.txt
