[001/162] q0000 random00 sigma=8 TV=0.09184 H=0.12148 peak=0.04419
[002/162] q0001 random00 sigma=16 TV=0.09894 H=0.11983 peak=0.03125
[003/162] q0002 random00 sigma=32 TV=0.09808 H=0.12479 peak=0.03125
[004/162] q0003 random01 sigma=8 TV=0.12446 H=0.12885 peak=0.00000
[005/162] q0004 random01 sigma=16 TV=0.10281 H=0.12922 peak=0.00000
[006/162] q0005 random01 sigma=32 TV=0.09170 H=0.12530 peak=0.00000
[007/162] q0006 random02 sigma=8 TV=0.12000 H=0.16104 peak=0.03125
[008/162] q0007 random02 sigma=16 TV=0.07798 H=0.11993 peak=0.00000
[009/162] q0008 random02 sigma=32 TV=0.07899 H=0.11692 peak=0.00000
[010/162] q0009 random03 sigma=8 TV=0.09189 H=0.16969 peak=0.04419
[011/162] q0010 random03 sigma=16 TV=0.09608 H=0.13748 peak=0.04419
[012/162] q0011 random03 sigma=32 TV=0.09800 H=0.12776 peak=0.03125
[013/162] q0012 random04 sigma=8 TV=0.11382 H=0.15006 peak=0.00000
[014/162] q0013 random04 sigma=16 TV=0.11502 H=0.14180 peak=0.00000
[015/162] q0014 random04 sigma=32 TV=0.10219 H=0.12841 peak=0.03125
[016/162] q0015 random05 sigma=8 TV=0.11910 H=0.18087 peak=0.04419
[017/162] q0016 random05 sigma=16 TV=0.09373 H=0.14939 peak=0.04419
[018/162] q0017 random05 sigma=32 TV=0.07881 H=0.11841 peak=0.04419
[019/162] q0018 random06 sigma=8 TV=0.13406 H=0.14246 peak=0.03125
[020/162] q0019 random06 sigma=16 TV=0.12051 H=0.14827 peak=0.03125
[021/162] q0020 random06 sigma=32 TV=0.08515 H=0.12593 peak=0.03125
[022/162] q0021 random07 sigma=8 TV=0.16837 H=0.15549 peak=0.00000
[023/162] q0022 random07 sigma=16 TV=0.08326 H=0.11015 peak=0.03125
[024/162] q0023 random07 sigma=32 TV=0.06001 H=0.10580 peak=0.00000
[025/162] q0024 random08 sigma=8 TV=0.05800 H=0.12722 peak=0.04419
[026/162] q0025 random08 sigma=16 TV=0.08650 H=0.13284 peak=0.00000
[027/162] q0026 random08 sigma=32 TV=0.08729 H=0.13218 peak=0.04419
[028/162] q0027 random09 sigma=8 TV=0.20176 H=0.16463 peak=0.04419
[029/162] q0028 random09 sigma=16 TV=0.11507 H=0.11338 peak=0.00000
[030/162] q0029 random09 sigma=32 TV=0.06917 H=0.09710 peak=0.03125
[031/162] q0030 random10 sigma=8 TV=0.18835 H=0.19461 peak=0.04419
[032/162] q0031 random10 sigma=16 TV=0.11840 H=0.13962 peak=0.04419
[033/162] q0032 random10 sigma=32 TV=0.06314 H=0.11270 peak=0.04419
[034/162] q0033 random11 sigma=8 TV=0.21486 H=0.19803 peak=0.03125
[035/162] q0034 random11 sigma=16 TV=0.08621 H=0.10750 peak=0.03125
[036/162] q0035 random11 sigma=32 TV=0.06049 H=0.10605 peak=0.00000
[037/162] q0036 random12 sigma=8 TV=0.13891 H=0.16178 peak=0.03125
[038/162] q0037 random12 sigma=16 TV=0.05920 H=0.09190 peak=0.04419
[039/162] q0038 random12 sigma=32 TV=0.06046 H=0.10028 peak=0.04419
[040/162] q0039 random13 sigma=8 TV=0.09869 H=0.14069 peak=0.03125
[041/162] q0040 random13 sigma=16 TV=0.08862 H=0.12771 peak=0.04419
[042/162] q0041 random13 sigma=32 TV=0.08338 H=0.12013 peak=0.04419
[043/162] q0042 random14 sigma=8 TV=0.17177 H=0.20528 peak=0.03125
[044/162] q0043 random14 sigma=16 TV=0.14111 H=0.15776 peak=0.03125
[045/162] q0044 random14 sigma=32 TV=0.10973 H=0.13136 peak=0.03125
[046/162] q0045 random15 sigma=8 TV=0.10735 H=0.16514 peak=0.00000
[047/162] q0046 random15 sigma=16 TV=0.07694 H=0.12857 peak=0.04419
[048/162] q0047 random15 sigma=32 TV=0.06664 H=0.11592 peak=0.04419
[049/162] q0048 random16 sigma=8 TV=0.13116 H=0.19867 peak=0.03125
[050/162] q0049 random16 sigma=16 TV=0.11117 H=0.16007 peak=0.03125
[051/162] q0050 random16 sigma=32 TV=0.09568 H=0.13348 peak=0.00000
[052/162] q0051 random17 sigma=8 TV=0.06068 H=0.09635 peak=0.00000
[053/162] q0052 random17 sigma=16 TV=0.09441 H=0.09672 peak=0.04419
[054/162] q0053 random17 sigma=32 TV=0.06862 H=0.09437 peak=0.04419
[055/162] q0054 random18 sigma=8 TV=0.14708 H=0.14521 peak=0.03125
[056/162] q0055 random18 sigma=16 TV=0.13288 H=0.11689 peak=0.03125
[057/162] q0056 random18 sigma=32 TV=0.07607 H=0.09473 peak=0.03125
[058/162] q0057 random19 sigma=8 TV=0.14533 H=0.15468 peak=0.00000
[059/162] q0058 random19 sigma=16 TV=0.13082 H=0.14114 peak=0.04419
[060/162] q0059 random19 sigma=32 TV=0.10636 H=0.12876 peak=0.00000
[061/162] q0060 random20 sigma=8 TV=0.06480 H=0.11023 peak=0.00000
[062/162] q0061 random20 sigma=16 TV=0.08103 H=0.12066 peak=0.00000
[063/162] q0062 random20 sigma=32 TV=0.07479 H=0.12330 peak=0.00000
[064/162] q0063 random21 sigma=8 TV=0.13909 H=0.18228 peak=0.00000
[065/162] q0064 random21 sigma=16 TV=0.10804 H=0.15304 peak=0.00000
[066/162] q0065 random21 sigma=32 TV=0.08069 H=0.12763 peak=0.03125
[067/162] q0066 random22 sigma=8 TV=0.13374 H=0.16223 peak=0.04419
[068/162] q0067 random22 sigma=16 TV=0.08647 H=0.13011 peak=0.04419
[069/162] q0068 random22 sigma=32 TV=0.06494 H=0.11449 peak=0.04419
[070/162] q0069 random23 sigma=8 TV=0.08851 H=0.11425 peak=0.03125
[071/162] q0070 random23 sigma=16 TV=0.08234 H=0.11468 peak=0.00000
[072/162] q0071 random23 sigma=32 TV=0.08838 H=0.12327 peak=0.04419
[073/162] q0072 random24 sigma=8 TV=0.23697 H=0.22962 peak=0.03125
[074/162] q0073 random24 sigma=16 TV=0.15678 H=0.16185 peak=0.03125
[075/162] q0074 random24 sigma=32 TV=0.11261 H=0.13142 peak=0.03125
[076/162] q0075 random25 sigma=8 TV=0.12152 H=0.17053 peak=0.04419
[077/162] q0076 random25 sigma=16 TV=0.11045 H=0.12928 peak=0.04419
[078/162] q0077 random25 sigma=32 TV=0.06772 H=0.11005 peak=0.03125
[079/162] q0078 random26 sigma=8 TV=0.16116 H=0.19611 peak=0.04419
[080/162] q0079 random26 sigma=16 TV=0.12618 H=0.15565 peak=0.04419
[081/162] q0080 random26 sigma=32 TV=0.10089 H=0.13595 peak=0.04419
[082/162] q0081 random27 sigma=8 TV=0.12687 H=0.14852 peak=0.00000
[083/162] q0082 random27 sigma=16 TV=0.11380 H=0.14230 peak=0.03125
[084/162] q0083 random27 sigma=32 TV=0.07179 H=0.11664 peak=0.03125
[085/162] q0084 random28 sigma=8 TV=0.18133 H=0.19407 peak=0.03125
[086/162] q0085 random28 sigma=16 TV=0.11238 H=0.13108 peak=0.04419
[087/162] q0086 random28 sigma=32 TV=0.08632 H=0.12225 peak=0.04419
[088/162] q0087 random29 sigma=8 TV=0.10154 H=0.12354 peak=0.04419
[089/162] q0088 random29 sigma=16 TV=0.08226 H=0.12267 peak=0.04419
[090/162] q0089 random29 sigma=32 TV=0.08829 H=0.12548 peak=0.03125
[091/162] q0090 random30 sigma=8 TV=0.10045 H=0.13526 peak=0.04419
[092/162] q0091 random30 sigma=16 TV=0.06688 H=0.10776 peak=0.00000
[093/162] q0092 random30 sigma=32 TV=0.06684 H=0.10422 peak=0.00000
[094/162] q0093 random31 sigma=8 TV=0.10242 H=0.17258 peak=0.04419
[095/162] q0094 random31 sigma=16 TV=0.09748 H=0.14658 peak=0.04419
[096/162] q0095 random31 sigma=32 TV=0.09055 H=0.12925 peak=0.03125
[097/162] q0096 feature00 sigma=8 TV=0.16132 H=0.18217 peak=0.00000
[098/162] q0097 feature00 sigma=16 TV=0.15787 H=0.16061 peak=0.03125
[099/162] q0098 feature00 sigma=32 TV=0.11765 H=0.13541 peak=0.03125
[100/162] q0099 feature01 sigma=8 TV=0.13888 H=0.21302 peak=0.04419
[101/162] q0100 feature01 sigma=16 TV=0.10867 H=0.16408 peak=0.03125
[102/162] q0101 feature01 sigma=32 TV=0.09462 H=0.13391 peak=0.00000
[103/162] q0102 feature02 sigma=8 TV=0.20723 H=0.20814 peak=0.00000
[104/162] q0103 feature02 sigma=16 TV=0.15266 H=0.16122 peak=0.00000
[105/162] q0104 feature02 sigma=32 TV=0.11536 H=0.13382 peak=0.00000
[106/162] q0105 feature03 sigma=8 TV=0.16649 H=0.21456 peak=0.04419
[107/162] q0106 feature03 sigma=16 TV=0.11363 H=0.17204 peak=0.00000
[108/162] q0107 feature03 sigma=32 TV=0.09537 H=0.14595 peak=0.04419
[109/162] q0108 feature04 sigma=8 TV=0.09267 H=0.13810 peak=0.03125
[110/162] q0109 feature04 sigma=16 TV=0.09644 H=0.12990 peak=0.03125
[111/162] q0110 feature04 sigma=32 TV=0.07365 H=0.11872 peak=0.03125
[112/162] q0111 feature05 sigma=8 TV=0.14653 H=0.19976 peak=0.00000
[113/162] q0112 feature05 sigma=16 TV=0.08422 H=0.14147 peak=0.03125
[114/162] q0113 feature05 sigma=32 TV=0.07434 H=0.12362 peak=0.04419
[115/162] q0114 feature06 sigma=8 TV=0.18084 H=0.20276 peak=0.03125
[116/162] q0115 feature06 sigma=16 TV=0.14154 H=0.15763 peak=0.00000
[117/162] q0116 feature06 sigma=32 TV=0.10736 H=0.13037 peak=0.03125
[118/162] q0117 feature07 sigma=8 TV=0.15870 H=0.17327 peak=0.00000
[119/162] q0118 feature07 sigma=16 TV=0.12504 H=0.14339 peak=0.04419
[120/162] q0119 feature07 sigma=32 TV=0.09856 H=0.13079 peak=0.04419
[121/162] q0120 feature08 sigma=8 TV=0.15018 H=0.17695 peak=0.03125
[122/162] q0121 feature08 sigma=16 TV=0.10254 H=0.12599 peak=0.00000
[123/162] q0122 feature08 sigma=32 TV=0.08500 H=0.12120 peak=0.04419
[124/162] q0123 feature09 sigma=8 TV=0.12387 H=0.15732 peak=0.03125
[125/162] q0124 feature09 sigma=16 TV=0.09493 H=0.13812 peak=0.03125
[126/162] q0125 feature09 sigma=32 TV=0.07896 H=0.12744 peak=0.00000
[127/162] q0126 feature10 sigma=8 TV=0.17879 H=0.16659 peak=0.00000
[128/162] q0127 feature10 sigma=16 TV=0.11364 H=0.14650 peak=0.00000
[129/162] q0128 feature10 sigma=32 TV=0.08937 H=0.12748 peak=0.04419
[130/162] q0129 feature11 sigma=8 TV=0.27624 H=0.22661 peak=0.03125
[131/162] q0130 feature11 sigma=16 TV=0.15834 H=0.15649 peak=0.03125
[132/162] q0131 feature11 sigma=32 TV=0.07309 H=0.11892 peak=0.03125
[133/162] q0132 feature12 sigma=8 TV=0.15554 H=0.20660 peak=0.00000
[134/162] q0133 feature12 sigma=16 TV=0.11734 H=0.16750 peak=0.00000
[135/162] q0134 feature12 sigma=32 TV=0.10040 H=0.14452 peak=0.04419
[136/162] q0135 feature13 sigma=8 TV=0.09991 H=0.13236 peak=0.00000
[137/162] q0136 feature13 sigma=16 TV=0.10433 H=0.12204 peak=0.00000
[138/162] q0137 feature13 sigma=32 TV=0.09079 H=0.12527 peak=0.04419
[139/162] q0138 feature14 sigma=8 TV=0.12230 H=0.13671 peak=0.03125
[140/162] q0139 feature14 sigma=16 TV=0.10770 H=0.13070 peak=0.04419
[141/162] q0140 feature14 sigma=32 TV=0.08397 H=0.11961 peak=0.04419
[142/162] q0141 feature15 sigma=8 TV=0.10780 H=0.16548 peak=0.04419
[143/162] q0142 feature15 sigma=16 TV=0.07617 H=0.12864 peak=0.04419
[144/162] q0143 feature15 sigma=32 TV=0.06611 H=0.11553 peak=0.03125
[145/162] q0144 seam_u0 sigma=8 TV=0.08155 H=0.09046 peak=0.04419
[146/162] q0145 seam_u0 sigma=16 TV=0.07416 H=0.10121 peak=0.00000
[147/162] q0146 seam_u0 sigma=32 TV=0.08332 H=0.11850 peak=0.00000
[148/162] q0147 seam_u1 sigma=8 TV=0.05420 H=0.07857 peak=0.00000
[149/162] q0148 seam_u1 sigma=16 TV=0.06861 H=0.10082 peak=0.00000
[150/162] q0149 seam_u1 sigma=32 TV=0.07823 H=0.11658 peak=0.00000
[151/162] q0150 seam_v0 sigma=8 TV=0.16515 H=0.21770 peak=0.03125
[152/162] q0151 seam_v0 sigma=16 TV=0.10115 H=0.14573 peak=0.03125
[153/162] q0152 seam_v0 sigma=32 TV=0.08120 H=0.12822 peak=0.00000
[154/162] q0153 seam_v1 sigma=8 TV=0.22362 H=0.22385 peak=0.03125
[155/162] q0154 seam_v1 sigma=16 TV=0.10023 H=0.13949 peak=0.03125
[156/162] q0155 seam_v1 sigma=32 TV=0.07775 H=0.12463 peak=0.00000
[157/162] q0156 corner00 sigma=8 TV=0.21857 H=0.16954 peak=0.04419
[158/162] q0157 corner00 sigma=16 TV=0.07572 H=0.10051 peak=0.03125
[159/162] q0158 corner00 sigma=32 TV=0.06332 H=0.10712 peak=0.04419
[160/162] q0159 corner11 sigma=8 TV=0.19974 H=0.15828 peak=0.03125
[161/162] q0160 corner11 sigma=16 TV=0.06041 H=0.10224 peak=0.03125
[162/162] q0161 corner11 sigma=32 TV=0.06527 H=0.10975 peak=0.03125
Wrote C:\Users\sy415\workspace\pndf_qem_phase1\out_quality_local_guard_eps1e-9\metrics_sampled_pndf\scratched_pnm_he_4d_ds4_v8192\metrics.csv
Wrote C:\Users\sy415\workspace\pndf_qem_phase1\out_quality_local_guard_eps1e-9\metrics_sampled_pndf\scratched_pnm_he_4d_ds4_v8192\summary.txt
