[001/162] q0000 random00 sigma=8 TV=0.04161 H=0.07327 peak=0.03125
[002/162] q0001 random00 sigma=16 TV=0.04368 H=0.06891 peak=0.00000
[003/162] q0002 random00 sigma=32 TV=0.04105 H=0.06229 peak=0.00000
[004/162] q0003 random01 sigma=8 TV=0.10821 H=0.09709 peak=0.04419
[005/162] q0004 random01 sigma=16 TV=0.06014 H=0.07724 peak=0.04419
[006/162] q0005 random01 sigma=32 TV=0.04326 H=0.06350 peak=0.04419
[007/162] q0006 random02 sigma=8 TV=0.14210 H=0.13378 peak=0.04419
[008/162] q0007 random02 sigma=16 TV=0.08596 H=0.08946 peak=0.00000
[009/162] q0008 random02 sigma=32 TV=0.05216 H=0.06782 peak=0.00000
[010/162] q0009 random03 sigma=8 TV=0.07776 H=0.10559 peak=0.04419
[011/162] q0010 random03 sigma=16 TV=0.04767 H=0.06447 peak=0.00000
[012/162] q0011 random03 sigma=32 TV=0.04566 H=0.06060 peak=0.03125
[013/162] q0012 random04 sigma=8 TV=0.07443 H=0.08338 peak=0.03125
[014/162] q0013 random04 sigma=16 TV=0.05637 H=0.07631 peak=0.04419
[015/162] q0014 random04 sigma=32 TV=0.04271 H=0.06222 peak=0.04419
[016/162] q0015 random05 sigma=8 TV=0.05889 H=0.06637 peak=0.00000
[017/162] q0016 random05 sigma=16 TV=0.05207 H=0.06379 peak=0.00000
[018/162] q0017 random05 sigma=32 TV=0.05149 H=0.06358 peak=0.00000
[019/162] q0018 random06 sigma=8 TV=0.07101 H=0.07547 peak=0.04419
[020/162] q0019 random06 sigma=16 TV=0.06764 H=0.07267 peak=0.03125
[021/162] q0020 random06 sigma=32 TV=0.05734 H=0.06541 peak=0.03125
[022/162] q0021 random07 sigma=8 TV=0.05700 H=0.09475 peak=0.00000
[023/162] q0022 random07 sigma=16 TV=0.05868 H=0.09501 peak=0.04419
[024/162] q0023 random07 sigma=32 TV=0.05836 H=0.07742 peak=0.04419
[025/162] q0024 random08 sigma=8 TV=0.06516 H=0.07165 peak=0.04419
[026/162] q0025 random08 sigma=16 TV=0.04552 H=0.06317 peak=0.04419
[027/162] q0026 random08 sigma=32 TV=0.05178 H=0.06663 peak=0.00000
[028/162] q0027 random09 sigma=8 TV=0.08563 H=0.11030 peak=0.00000
[029/162] q0028 random09 sigma=16 TV=0.04384 H=0.06727 peak=0.04419
[030/162] q0029 random09 sigma=32 TV=0.03333 H=0.05614 peak=0.03125
[031/162] q0030 random10 sigma=8 TV=0.03707 H=0.05269 peak=0.00000
[032/162] q0031 random10 sigma=16 TV=0.03775 H=0.05967 peak=0.03125
[033/162] q0032 random10 sigma=32 TV=0.03973 H=0.06012 peak=0.03125
[034/162] q0033 random11 sigma=8 TV=0.05714 H=0.07439 peak=0.04419
[035/162] q0034 random11 sigma=16 TV=0.06429 H=0.08775 peak=0.04419
[036/162] q0035 random11 sigma=32 TV=0.06091 H=0.07720 peak=0.04419
[037/162] q0036 random12 sigma=8 TV=0.05100 H=0.07078 peak=0.04419
[038/162] q0037 random12 sigma=16 TV=0.02688 H=0.04583 peak=0.04419
[039/162] q0038 random12 sigma=32 TV=0.03040 H=0.05158 peak=0.04419
[040/162] q0039 random13 sigma=8 TV=0.04941 H=0.06960 peak=0.00000
[041/162] q0040 random13 sigma=16 TV=0.05268 H=0.06541 peak=0.00000
[042/162] q0041 random13 sigma=32 TV=0.05207 H=0.06502 peak=0.00000
[043/162] q0042 random14 sigma=8 TV=0.16576 H=0.13023 peak=0.03125
[044/162] q0043 random14 sigma=16 TV=0.07227 H=0.07947 peak=0.03125
[045/162] q0044 random14 sigma=32 TV=0.04142 H=0.06103 peak=0.03125
[046/162] q0045 random15 sigma=8 TV=0.09173 H=0.11811 peak=0.04419
[047/162] q0046 random15 sigma=16 TV=0.06058 H=0.07930 peak=0.04419
[048/162] q0047 random15 sigma=32 TV=0.04785 H=0.06816 peak=0.00000
[049/162] q0048 random16 sigma=8 TV=0.05784 H=0.06752 peak=0.04419
[050/162] q0049 random16 sigma=16 TV=0.04238 H=0.05937 peak=0.03125
[051/162] q0050 random16 sigma=32 TV=0.04962 H=0.06349 peak=0.00000
[052/162] q0051 random17 sigma=8 TV=0.05689 H=0.06985 peak=0.00000
[053/162] q0052 random17 sigma=16 TV=0.03004 H=0.05217 peak=0.00000
[054/162] q0053 random17 sigma=32 TV=0.02874 H=0.05169 peak=0.00000
[055/162] q0054 random18 sigma=8 TV=0.08785 H=0.09055 peak=0.03125
[056/162] q0055 random18 sigma=16 TV=0.03183 H=0.05371 peak=0.00000
[057/162] q0056 random18 sigma=32 TV=0.03013 H=0.05315 peak=0.03125
[058/162] q0057 random19 sigma=8 TV=0.06958 H=0.11398 peak=0.00000
[059/162] q0058 random19 sigma=16 TV=0.05512 H=0.08965 peak=0.04419
[060/162] q0059 random19 sigma=32 TV=0.04305 H=0.05977 peak=0.00000
[061/162] q0060 random20 sigma=8 TV=0.06220 H=0.09845 peak=0.00000
[062/162] q0061 random20 sigma=16 TV=0.06044 H=0.07692 peak=0.04419
[063/162] q0062 random20 sigma=32 TV=0.04606 H=0.06689 peak=0.04419
[064/162] q0063 random21 sigma=8 TV=0.05544 H=0.07540 peak=0.04419
[065/162] q0064 random21 sigma=16 TV=0.05377 H=0.06933 peak=0.03125
[066/162] q0065 random21 sigma=32 TV=0.04473 H=0.06002 peak=0.03125
[067/162] q0066 random22 sigma=8 TV=0.12525 H=0.13279 peak=0.04419
[068/162] q0067 random22 sigma=16 TV=0.06245 H=0.08224 peak=0.04419
[069/162] q0068 random22 sigma=32 TV=0.05091 H=0.06915 peak=0.00000
[070/162] q0069 random23 sigma=8 TV=0.07379 H=0.08404 peak=0.03125
[071/162] q0070 random23 sigma=16 TV=0.04425 H=0.05957 peak=0.03125
[072/162] q0071 random23 sigma=32 TV=0.04809 H=0.06303 peak=0.04419
[073/162] q0072 random24 sigma=8 TV=0.03988 H=0.05548 peak=0.00000
[074/162] q0073 random24 sigma=16 TV=0.05208 H=0.06516 peak=0.00000
[075/162] q0074 random24 sigma=32 TV=0.04255 H=0.05932 peak=0.03125
[076/162] q0075 random25 sigma=8 TV=0.08084 H=0.08149 peak=0.04419
[077/162] q0076 random25 sigma=16 TV=0.04314 H=0.07181 peak=0.04419
[078/162] q0077 random25 sigma=32 TV=0.05385 H=0.06897 peak=0.00000
[079/162] q0078 random26 sigma=8 TV=0.11287 H=0.12361 peak=0.00000
[080/162] q0079 random26 sigma=16 TV=0.08553 H=0.09538 peak=0.00000
[081/162] q0080 random26 sigma=32 TV=0.06774 H=0.07839 peak=0.00000
[082/162] q0081 random27 sigma=8 TV=0.12344 H=0.09891 peak=0.03125
[083/162] q0082 random27 sigma=16 TV=0.10955 H=0.09033 peak=0.03125
[084/162] q0083 random27 sigma=32 TV=0.06627 H=0.06729 peak=0.03125
[085/162] q0084 random28 sigma=8 TV=0.07762 H=0.09218 peak=0.04419
[086/162] q0085 random28 sigma=16 TV=0.06004 H=0.07339 peak=0.04419
[087/162] q0086 random28 sigma=32 TV=0.05588 H=0.07038 peak=0.00000
[088/162] q0087 random29 sigma=8 TV=0.04561 H=0.07102 peak=0.00000
[089/162] q0088 random29 sigma=16 TV=0.04850 H=0.05996 peak=0.00000
[090/162] q0089 random29 sigma=32 TV=0.05057 H=0.06646 peak=0.03125
[091/162] q0090 random30 sigma=8 TV=0.13126 H=0.10673 peak=0.04419
[092/162] q0091 random30 sigma=16 TV=0.06909 H=0.07253 peak=0.04419
[093/162] q0092 random30 sigma=32 TV=0.04269 H=0.06133 peak=0.04419
[094/162] q0093 random31 sigma=8 TV=0.05879 H=0.06588 peak=0.04419
[095/162] q0094 random31 sigma=16 TV=0.04387 H=0.06191 peak=0.00000
[096/162] q0095 random31 sigma=32 TV=0.05207 H=0.06422 peak=0.03125
[097/162] q0096 feature00 sigma=8 TV=0.10862 H=0.10008 peak=0.00000
[098/162] q0097 feature00 sigma=16 TV=0.06866 H=0.07351 peak=0.03125
[099/162] q0098 feature00 sigma=32 TV=0.04175 H=0.06066 peak=0.03125
[100/162] q0099 feature01 sigma=8 TV=0.08225 H=0.09119 peak=0.00000
[101/162] q0100 feature01 sigma=16 TV=0.04944 H=0.06486 peak=0.03125
[102/162] q0101 feature01 sigma=32 TV=0.04900 H=0.06248 peak=0.00000
[103/162] q0102 feature02 sigma=8 TV=0.11734 H=0.11082 peak=0.00000
[104/162] q0103 feature02 sigma=16 TV=0.07658 H=0.07936 peak=0.00000
[105/162] q0104 feature02 sigma=32 TV=0.04665 H=0.05996 peak=0.04419
[106/162] q0105 feature03 sigma=8 TV=0.10808 H=0.10283 peak=0.04419
[107/162] q0106 feature03 sigma=16 TV=0.06341 H=0.07125 peak=0.00000
[108/162] q0107 feature03 sigma=32 TV=0.06382 H=0.07133 peak=0.00000
[109/162] q0108 feature04 sigma=8 TV=0.06704 H=0.07994 peak=0.00000
[110/162] q0109 feature04 sigma=16 TV=0.03729 H=0.05368 peak=0.00000
[111/162] q0110 feature04 sigma=32 TV=0.03723 H=0.05483 peak=0.03125
[112/162] q0111 feature05 sigma=8 TV=0.06277 H=0.09429 peak=0.03125
[113/162] q0112 feature05 sigma=16 TV=0.04488 H=0.06911 peak=0.03125
[114/162] q0113 feature05 sigma=32 TV=0.05046 H=0.06974 peak=0.00000
[115/162] q0114 feature06 sigma=8 TV=0.16144 H=0.12440 peak=0.03125
[116/162] q0115 feature06 sigma=16 TV=0.07097 H=0.07851 peak=0.03125
[117/162] q0116 feature06 sigma=32 TV=0.04136 H=0.06091 peak=0.04419
[118/162] q0117 feature07 sigma=8 TV=0.12031 H=0.11802 peak=0.04419
[119/162] q0118 feature07 sigma=16 TV=0.08523 H=0.09409 peak=0.04419
[120/162] q0119 feature07 sigma=32 TV=0.06497 H=0.07725 peak=0.04419
[121/162] q0120 feature08 sigma=8 TV=0.06217 H=0.07659 peak=0.00000
[122/162] q0121 feature08 sigma=16 TV=0.05488 H=0.06934 peak=0.00000
[123/162] q0122 feature08 sigma=32 TV=0.05484 H=0.06865 peak=0.00000
[124/162] q0123 feature09 sigma=8 TV=0.06144 H=0.05792 peak=0.03125
[125/162] q0124 feature09 sigma=16 TV=0.04474 H=0.05931 peak=0.04419
[126/162] q0125 feature09 sigma=32 TV=0.04230 H=0.05915 peak=0.04419
[127/162] q0126 feature10 sigma=8 TV=0.10754 H=0.12450 peak=0.00000
[128/162] q0127 feature10 sigma=16 TV=0.08296 H=0.09159 peak=0.00000
[129/162] q0128 feature10 sigma=32 TV=0.05778 H=0.07078 peak=0.00000
[130/162] q0129 feature11 sigma=8 TV=0.15631 H=0.14648 peak=0.03125
[131/162] q0130 feature11 sigma=16 TV=0.10461 H=0.09300 peak=0.03125
[132/162] q0131 feature11 sigma=32 TV=0.06122 H=0.06582 peak=0.03125
[133/162] q0132 feature12 sigma=8 TV=0.10565 H=0.11527 peak=0.00000
[134/162] q0133 feature12 sigma=16 TV=0.07817 H=0.08709 peak=0.00000
[135/162] q0134 feature12 sigma=32 TV=0.06766 H=0.07728 peak=0.00000
[136/162] q0135 feature13 sigma=8 TV=0.05527 H=0.06708 peak=0.04419
[137/162] q0136 feature13 sigma=16 TV=0.04940 H=0.06163 peak=0.04419
[138/162] q0137 feature13 sigma=32 TV=0.05095 H=0.06610 peak=0.04419
[139/162] q0138 feature14 sigma=8 TV=0.08454 H=0.09135 peak=0.03125
[140/162] q0139 feature14 sigma=16 TV=0.06613 H=0.07501 peak=0.00000
[141/162] q0140 feature14 sigma=32 TV=0.04637 H=0.06149 peak=0.00000
[142/162] q0141 feature15 sigma=8 TV=0.10093 H=0.12148 peak=0.04419
[143/162] q0142 feature15 sigma=16 TV=0.06104 H=0.07972 peak=0.04419
[144/162] q0143 feature15 sigma=32 TV=0.04834 H=0.06827 peak=0.00000
[145/162] q0144 seam_u0 sigma=8 TV=0.09929 H=0.09925 peak=0.00000
[146/162] q0145 seam_u0 sigma=16 TV=0.04110 H=0.06832 peak=0.03125
[147/162] q0146 seam_u0 sigma=32 TV=0.03620 H=0.05879 peak=0.03125
[148/162] q0147 seam_u1 sigma=8 TV=0.06933 H=0.06704 peak=0.00000
[149/162] q0148 seam_u1 sigma=16 TV=0.03511 H=0.05887 peak=0.03125
[150/162] q0149 seam_u1 sigma=32 TV=0.03532 H=0.05919 peak=0.03125
[151/162] q0150 seam_v0 sigma=8 TV=0.08718 H=0.08921 peak=0.03125
[152/162] q0151 seam_v0 sigma=16 TV=0.04889 H=0.06444 peak=0.03125
[153/162] q0152 seam_v0 sigma=32 TV=0.05641 H=0.06614 peak=0.00000
[154/162] q0153 seam_v1 sigma=8 TV=0.10052 H=0.09444 peak=0.03125
[155/162] q0154 seam_v1 sigma=16 TV=0.05063 H=0.06619 peak=0.03125
[156/162] q0155 seam_v1 sigma=32 TV=0.05449 H=0.06539 peak=0.00000
[157/162] q0156 corner00 sigma=8 TV=0.05291 H=0.04975 peak=0.00000
[158/162] q0157 corner00 sigma=16 TV=0.03392 H=0.04342 peak=0.04419
[159/162] q0158 corner00 sigma=32 TV=0.03291 H=0.05232 peak=0.04419
[160/162] q0159 corner11 sigma=8 TV=0.06056 H=0.05668 peak=0.03125
[161/162] q0160 corner11 sigma=16 TV=0.04521 H=0.04897 peak=0.04419
[162/162] q0161 corner11 sigma=32 TV=0.03435 H=0.05370 peak=0.04419
Wrote C:\Users\sy415\workspace\pndf_qem_phase1\out_quality_local_guard_eps1e-9\metrics_sampled_pndf\scratched_qem_4d_ds4_v16384\metrics.csv
Wrote C:\Users\sy415\workspace\pndf_qem_phase1\out_quality_local_guard_eps1e-9\metrics_sampled_pndf\scratched_qem_4d_ds4_v16384\summary.txt
