[001/162] q0000 random00 sigma=8 TV=0.03282 H=0.02960 peak=0.00000
[002/162] q0001 random00 sigma=16 TV=0.01768 H=0.01495 peak=0.00000
[003/162] q0002 random00 sigma=32 TV=0.00729 H=0.00874 peak=0.03125
[004/162] q0003 random01 sigma=8 TV=0.01738 H=0.02098 peak=0.03125
[005/162] q0004 random01 sigma=16 TV=0.01744 H=0.01766 peak=0.00000
[006/162] q0005 random01 sigma=32 TV=0.00961 H=0.01029 peak=0.03125
[007/162] q0006 random02 sigma=8 TV=0.02269 H=0.02323 peak=0.00000
[008/162] q0007 random02 sigma=16 TV=0.01104 H=0.01292 peak=0.00000
[009/162] q0008 random02 sigma=32 TV=0.00695 H=0.00874 peak=0.00000
[010/162] q0009 random03 sigma=8 TV=0.02247 H=0.02806 peak=0.00000
[011/162] q0010 random03 sigma=16 TV=0.01087 H=0.01168 peak=0.00000
[012/162] q0011 random03 sigma=32 TV=0.00719 H=0.00858 peak=0.00000
[013/162] q0012 random04 sigma=8 TV=0.01939 H=0.01721 peak=0.00000
[014/162] q0013 random04 sigma=16 TV=0.01759 H=0.01508 peak=0.00000
[015/162] q0014 random04 sigma=32 TV=0.00934 H=0.00971 peak=0.00000
[016/162] q0015 random05 sigma=8 TV=0.04237 H=0.04090 peak=0.00000
[017/162] q0016 random05 sigma=16 TV=0.01744 H=0.01889 peak=0.00000
[018/162] q0017 random05 sigma=32 TV=0.01073 H=0.01165 peak=0.00000
[019/162] q0018 random06 sigma=8 TV=0.02276 H=0.02546 peak=0.00000
[020/162] q0019 random06 sigma=16 TV=0.01575 H=0.01420 peak=0.00000
[021/162] q0020 random06 sigma=32 TV=0.00872 H=0.00910 peak=0.00000
[022/162] q0021 random07 sigma=8 TV=0.01888 H=0.03436 peak=0.00000
[023/162] q0022 random07 sigma=16 TV=0.01526 H=0.01636 peak=0.00000
[024/162] q0023 random07 sigma=32 TV=0.00923 H=0.01037 peak=0.00000
[025/162] q0024 random08 sigma=8 TV=0.02803 H=0.04516 peak=0.00000
[026/162] q0025 random08 sigma=16 TV=0.01762 H=0.01936 peak=0.00000
[027/162] q0026 random08 sigma=32 TV=0.01070 H=0.01026 peak=0.00000
[028/162] q0027 random09 sigma=8 TV=0.01956 H=0.03102 peak=0.00000
[029/162] q0028 random09 sigma=16 TV=0.01197 H=0.01924 peak=0.00000
[030/162] q0029 random09 sigma=32 TV=0.00809 H=0.01105 peak=0.00000
[031/162] q0030 random10 sigma=8 TV=0.02005 H=0.02137 peak=0.00000
[032/162] q0031 random10 sigma=16 TV=0.01189 H=0.01696 peak=0.00000
[033/162] q0032 random10 sigma=32 TV=0.00706 H=0.00982 peak=0.00000
[034/162] q0033 random11 sigma=8 TV=0.02106 H=0.02166 peak=0.00000
[035/162] q0034 random11 sigma=16 TV=0.01693 H=0.01616 peak=0.00000
[036/162] q0035 random11 sigma=32 TV=0.01098 H=0.01113 peak=0.00000
[037/162] q0036 random12 sigma=8 TV=0.02230 H=0.06000 peak=0.00000
[038/162] q0037 random12 sigma=16 TV=0.01639 H=0.02494 peak=0.00000
[039/162] q0038 random12 sigma=32 TV=0.00854 H=0.01020 peak=0.00000
[040/162] q0039 random13 sigma=8 TV=0.02133 H=0.02644 peak=0.04419
[041/162] q0040 random13 sigma=16 TV=0.01320 H=0.01569 peak=0.00000
[042/162] q0041 random13 sigma=32 TV=0.00891 H=0.01076 peak=0.00000
[043/162] q0042 random14 sigma=8 TV=0.02521 H=0.02357 peak=0.00000
[044/162] q0043 random14 sigma=16 TV=0.01689 H=0.01506 peak=0.00000
[045/162] q0044 random14 sigma=32 TV=0.00903 H=0.00926 peak=0.00000
[046/162] q0045 random15 sigma=8 TV=0.04031 H=0.04254 peak=0.00000
[047/162] q0046 random15 sigma=16 TV=0.01762 H=0.02023 peak=0.00000
[048/162] q0047 random15 sigma=32 TV=0.00915 H=0.01059 peak=0.00000
[049/162] q0048 random16 sigma=8 TV=0.01928 H=0.01769 peak=0.00000
[050/162] q0049 random16 sigma=16 TV=0.00942 H=0.01017 peak=0.03125
[051/162] q0050 random16 sigma=32 TV=0.00936 H=0.00929 peak=0.00000
[052/162] q0051 random17 sigma=8 TV=0.03257 H=0.04326 peak=0.00000
[053/162] q0052 random17 sigma=16 TV=0.01571 H=0.01988 peak=0.00000
[054/162] q0053 random17 sigma=32 TV=0.00752 H=0.00933 peak=0.03125
[055/162] q0054 random18 sigma=8 TV=0.01999 H=0.03215 peak=0.00000
[056/162] q0055 random18 sigma=16 TV=0.01251 H=0.02082 peak=0.00000
[057/162] q0056 random18 sigma=32 TV=0.00725 H=0.01028 peak=0.03125
[058/162] q0057 random19 sigma=8 TV=0.01899 H=0.04172 peak=0.00000
[059/162] q0058 random19 sigma=16 TV=0.01178 H=0.01898 peak=0.00000
[060/162] q0059 random19 sigma=32 TV=0.00600 H=0.00959 peak=0.00000
[061/162] q0060 random20 sigma=8 TV=0.03685 H=0.06964 peak=0.00000
[062/162] q0061 random20 sigma=16 TV=0.01648 H=0.02589 peak=0.00000
[063/162] q0062 random20 sigma=32 TV=0.00964 H=0.01082 peak=0.00000
[064/162] q0063 random21 sigma=8 TV=0.02242 H=0.03468 peak=0.00000
[065/162] q0064 random21 sigma=16 TV=0.01593 H=0.01553 peak=0.00000
[066/162] q0065 random21 sigma=32 TV=0.00916 H=0.00955 peak=0.00000
[067/162] q0066 random22 sigma=8 TV=0.03024 H=0.03094 peak=0.00000
[068/162] q0067 random22 sigma=16 TV=0.01686 H=0.01971 peak=0.00000
[069/162] q0068 random22 sigma=32 TV=0.00938 H=0.01063 peak=0.00000
[070/162] q0069 random23 sigma=8 TV=0.03693 H=0.03402 peak=0.03125
[071/162] q0070 random23 sigma=16 TV=0.01765 H=0.01703 peak=0.03125
[072/162] q0071 random23 sigma=32 TV=0.00792 H=0.01033 peak=0.00000
[073/162] q0072 random24 sigma=8 TV=0.03574 H=0.03669 peak=0.00000
[074/162] q0073 random24 sigma=16 TV=0.01455 H=0.01729 peak=0.06988
[075/162] q0074 random24 sigma=32 TV=0.00758 H=0.00843 peak=0.03125
[076/162] q0075 random25 sigma=8 TV=0.01897 H=0.03100 peak=0.00000
[077/162] q0076 random25 sigma=16 TV=0.01390 H=0.02221 peak=0.00000
[078/162] q0077 random25 sigma=32 TV=0.01009 H=0.01114 peak=0.00000
[079/162] q0078 random26 sigma=8 TV=0.02351 H=0.03041 peak=0.00000
[080/162] q0079 random26 sigma=16 TV=0.01512 H=0.01711 peak=0.00000
[081/162] q0080 random26 sigma=32 TV=0.01117 H=0.01104 peak=0.00000
[082/162] q0081 random27 sigma=8 TV=0.01887 H=0.02059 peak=0.00000
[083/162] q0082 random27 sigma=16 TV=0.01046 H=0.01253 peak=0.00000
[084/162] q0083 random27 sigma=32 TV=0.00696 H=0.00838 peak=0.00000
[085/162] q0084 random28 sigma=8 TV=0.02229 H=0.01964 peak=0.00000
[086/162] q0085 random28 sigma=16 TV=0.01238 H=0.01386 peak=0.00000
[087/162] q0086 random28 sigma=32 TV=0.00936 H=0.01011 peak=0.00000
[088/162] q0087 random29 sigma=8 TV=0.01105 H=0.02069 peak=0.00000
[089/162] q0088 random29 sigma=16 TV=0.00875 H=0.01016 peak=0.00000
[090/162] q0089 random29 sigma=32 TV=0.00775 H=0.00848 peak=0.00000
[091/162] q0090 random30 sigma=8 TV=0.02438 H=0.02435 peak=0.00000
[092/162] q0091 random30 sigma=16 TV=0.01775 H=0.01926 peak=0.00000
[093/162] q0092 random30 sigma=32 TV=0.00862 H=0.01205 peak=0.00000
[094/162] q0093 random31 sigma=8 TV=0.02194 H=0.01830 peak=0.00000
[095/162] q0094 random31 sigma=16 TV=0.01232 H=0.01083 peak=0.00000
[096/162] q0095 random31 sigma=32 TV=0.00889 H=0.00874 peak=0.00000
[097/162] q0096 feature00 sigma=8 TV=0.02181 H=0.02799 peak=0.00000
[098/162] q0097 feature00 sigma=16 TV=0.01346 H=0.01589 peak=0.00000
[099/162] q0098 feature00 sigma=32 TV=0.00911 H=0.01083 peak=0.00000
[100/162] q0099 feature01 sigma=8 TV=0.01144 H=0.01090 peak=0.00000
[101/162] q0100 feature01 sigma=16 TV=0.01265 H=0.01188 peak=0.00000
[102/162] q0101 feature01 sigma=32 TV=0.01043 H=0.01026 peak=0.00000
[103/162] q0102 feature02 sigma=8 TV=0.03098 H=0.04377 peak=0.03125
[104/162] q0103 feature02 sigma=16 TV=0.01633 H=0.01883 peak=0.03125
[105/162] q0104 feature02 sigma=32 TV=0.01197 H=0.01058 peak=0.04419
[106/162] q0105 feature03 sigma=8 TV=0.03736 H=0.03985 peak=0.00000
[107/162] q0106 feature03 sigma=16 TV=0.01709 H=0.02057 peak=0.00000
[108/162] q0107 feature03 sigma=32 TV=0.00848 H=0.01018 peak=0.00000
[109/162] q0108 feature04 sigma=8 TV=0.02673 H=0.04817 peak=0.00000
[110/162] q0109 feature04 sigma=16 TV=0.01649 H=0.01912 peak=0.00000
[111/162] q0110 feature04 sigma=32 TV=0.01072 H=0.01030 peak=0.00000
[112/162] q0111 feature05 sigma=8 TV=0.02877 H=0.03320 peak=0.00000
[113/162] q0112 feature05 sigma=16 TV=0.01660 H=0.01858 peak=0.00000
[114/162] q0113 feature05 sigma=32 TV=0.00883 H=0.01030 peak=0.00000
[115/162] q0114 feature06 sigma=8 TV=0.01806 H=0.01604 peak=0.00000
[116/162] q0115 feature06 sigma=16 TV=0.01382 H=0.01427 peak=0.00000
[117/162] q0116 feature06 sigma=32 TV=0.01038 H=0.01055 peak=0.00000
[118/162] q0117 feature07 sigma=8 TV=0.02148 H=0.02215 peak=0.00000
[119/162] q0118 feature07 sigma=16 TV=0.01324 H=0.01500 peak=0.00000
[120/162] q0119 feature07 sigma=32 TV=0.00762 H=0.00852 peak=0.00000
[121/162] q0120 feature08 sigma=8 TV=0.02578 H=0.02594 peak=0.00000
[122/162] q0121 feature08 sigma=16 TV=0.01541 H=0.01469 peak=0.00000
[123/162] q0122 feature08 sigma=32 TV=0.00897 H=0.00957 peak=0.00000
[124/162] q0123 feature09 sigma=8 TV=0.02437 H=0.02578 peak=0.00000
[125/162] q0124 feature09 sigma=16 TV=0.01584 H=0.01482 peak=0.00000
[126/162] q0125 feature09 sigma=32 TV=0.00820 H=0.00869 peak=0.00000
[127/162] q0126 feature10 sigma=8 TV=0.01963 H=0.01959 peak=0.00000
[128/162] q0127 feature10 sigma=16 TV=0.01035 H=0.01222 peak=0.00000
[129/162] q0128 feature10 sigma=32 TV=0.00674 H=0.00854 peak=0.00000
[130/162] q0129 feature11 sigma=8 TV=0.02074 H=0.02713 peak=0.04419
[131/162] q0130 feature11 sigma=16 TV=0.01429 H=0.01653 peak=0.00000
[132/162] q0131 feature11 sigma=32 TV=0.01036 H=0.01068 peak=0.00000
[133/162] q0132 feature12 sigma=8 TV=0.03900 H=0.04723 peak=0.00000
[134/162] q0133 feature12 sigma=16 TV=0.01894 H=0.02161 peak=0.00000
[135/162] q0134 feature12 sigma=32 TV=0.00834 H=0.01132 peak=0.00000
[136/162] q0135 feature13 sigma=8 TV=0.03758 H=0.03774 peak=0.00000
[137/162] q0136 feature13 sigma=16 TV=0.01826 H=0.01912 peak=0.00000
[138/162] q0137 feature13 sigma=32 TV=0.01092 H=0.01180 peak=0.00000
[139/162] q0138 feature14 sigma=8 TV=0.02160 H=0.02885 peak=0.00000
[140/162] q0139 feature14 sigma=16 TV=0.01335 H=0.02028 peak=0.00000
[141/162] q0140 feature14 sigma=32 TV=0.00847 H=0.01209 peak=0.00000
[142/162] q0141 feature15 sigma=8 TV=0.02332 H=0.04305 peak=0.00000
[143/162] q0142 feature15 sigma=16 TV=0.01557 H=0.01894 peak=0.00000
[144/162] q0143 feature15 sigma=32 TV=0.00848 H=0.01034 peak=0.00000
[145/162] q0144 seam_u0 sigma=8 TV=0.01286 H=0.01499 peak=0.00000
[146/162] q0145 seam_u0 sigma=16 TV=0.00983 H=0.01166 peak=0.00000
[147/162] q0146 seam_u0 sigma=32 TV=0.00654 H=0.00894 peak=0.00000
[148/162] q0147 seam_u1 sigma=8 TV=0.01501 H=0.01583 peak=0.00000
[149/162] q0148 seam_u1 sigma=16 TV=0.01044 H=0.01221 peak=0.00000
[150/162] q0149 seam_u1 sigma=32 TV=0.00711 H=0.00867 peak=0.00000
[151/162] q0150 seam_v0 sigma=8 TV=0.03714 H=0.04004 peak=0.04419
[152/162] q0151 seam_v0 sigma=16 TV=0.01776 H=0.01938 peak=0.00000
[153/162] q0152 seam_v0 sigma=32 TV=0.00934 H=0.01040 peak=0.00000
[154/162] q0153 seam_v1 sigma=8 TV=0.04620 H=0.05116 peak=0.00000
[155/162] q0154 seam_v1 sigma=16 TV=0.01816 H=0.01956 peak=0.00000
[156/162] q0155 seam_v1 sigma=32 TV=0.00919 H=0.01039 peak=0.00000
[157/162] q0156 corner00 sigma=8 TV=0.03889 H=0.04285 peak=0.00000
[158/162] q0157 corner00 sigma=16 TV=0.01762 H=0.02085 peak=0.00000
[159/162] q0158 corner00 sigma=32 TV=0.00851 H=0.01017 peak=0.00000
[160/162] q0159 corner11 sigma=8 TV=0.03505 H=0.03484 peak=0.00000
[161/162] q0160 corner11 sigma=16 TV=0.01684 H=0.01955 peak=0.00000
[162/162] q0161 corner11 sigma=32 TV=0.00836 H=0.01010 peak=0.00000
Wrote C:\Users\sy415\workspace\pndf_qem_phase1\out_quality_local_guard_eps1e-9\metrics_sampled_pndf\brush_qem_normal_ds4_v16384\metrics.csv
Wrote C:\Users\sy415\workspace\pndf_qem_phase1\out_quality_local_guard_eps1e-9\metrics_sampled_pndf\brush_qem_normal_ds4_v16384\summary.txt
