[001/162] q0000 random00 sigma=8 TV=0.51081 H=0.51686 peak=0.03125
[002/162] q0001 random00 sigma=16 TV=0.50907 H=0.50018 peak=0.03125
[003/162] q0002 random00 sigma=32 TV=0.50427 H=0.48374 peak=0.03125
[004/162] q0003 random01 sigma=8 TV=0.54336 H=0.52619 peak=0.04419
[005/162] q0004 random01 sigma=16 TV=0.52567 H=0.50642 peak=0.03125
[006/162] q0005 random01 sigma=32 TV=0.50933 H=0.48864 peak=0.03125
[007/162] q0006 random02 sigma=8 TV=0.48720 H=0.49266 peak=0.00000
[008/162] q0007 random02 sigma=16 TV=0.48239 H=0.46589 peak=0.00000
[009/162] q0008 random02 sigma=32 TV=0.49007 H=0.46184 peak=0.03125
[010/162] q0009 random03 sigma=8 TV=0.52911 H=0.49787 peak=0.03125
[011/162] q0010 random03 sigma=16 TV=0.50935 H=0.48637 peak=0.00000
[012/162] q0011 random03 sigma=32 TV=0.50221 H=0.47517 peak=0.03125
[013/162] q0012 random04 sigma=8 TV=0.53662 H=0.52973 peak=0.03125
[014/162] q0013 random04 sigma=16 TV=0.51700 H=0.50265 peak=0.03125
[015/162] q0014 random04 sigma=32 TV=0.50735 H=0.48555 peak=0.03125
[016/162] q0015 random05 sigma=8 TV=0.52252 H=0.50657 peak=0.04419
[017/162] q0016 random05 sigma=16 TV=0.51228 H=0.49435 peak=0.00000
[018/162] q0017 random05 sigma=32 TV=0.50445 H=0.48380 peak=0.03125
[019/162] q0018 random06 sigma=8 TV=0.58847 H=0.53318 peak=0.04419
[020/162] q0019 random06 sigma=16 TV=0.50418 H=0.48602 peak=0.04419
[021/162] q0020 random06 sigma=32 TV=0.49327 H=0.47467 peak=0.03125
[022/162] q0021 random07 sigma=8 TV=0.51518 H=0.49974 peak=0.06988
[023/162] q0022 random07 sigma=16 TV=0.50538 H=0.48795 peak=0.03125
[024/162] q0023 random07 sigma=32 TV=0.49902 H=0.48087 peak=0.03125
[025/162] q0024 random08 sigma=8 TV=0.52241 H=0.53412 peak=0.03125
[026/162] q0025 random08 sigma=16 TV=0.51556 H=0.50192 peak=0.03125
[027/162] q0026 random08 sigma=32 TV=0.50200 H=0.48697 peak=0.03125
[028/162] q0027 random09 sigma=8 TV=0.53058 H=0.51981 peak=0.00000
[029/162] q0028 random09 sigma=16 TV=0.51860 H=0.49616 peak=0.00000
[030/162] q0029 random09 sigma=32 TV=0.49703 H=0.47334 peak=0.04419
[031/162] q0030 random10 sigma=8 TV=0.51510 H=0.53153 peak=0.00000
[032/162] q0031 random10 sigma=16 TV=0.49760 H=0.50000 peak=0.03125
[033/162] q0032 random10 sigma=32 TV=0.49106 H=0.47811 peak=0.00000
[034/162] q0033 random11 sigma=8 TV=0.53779 H=0.52644 peak=0.04419
[035/162] q0034 random11 sigma=16 TV=0.51338 H=0.49729 peak=0.00000
[036/162] q0035 random11 sigma=32 TV=0.49930 H=0.48217 peak=0.03125
[037/162] q0036 random12 sigma=8 TV=0.53227 H=0.52231 peak=0.03125
[038/162] q0037 random12 sigma=16 TV=0.50333 H=0.48946 peak=0.04419
[039/162] q0038 random12 sigma=32 TV=0.49449 H=0.47360 peak=0.04419
[040/162] q0039 random13 sigma=8 TV=0.54370 H=0.52609 peak=0.03125
[041/162] q0040 random13 sigma=16 TV=0.52701 H=0.50075 peak=0.03125
[042/162] q0041 random13 sigma=32 TV=0.50458 H=0.48569 peak=0.03125
[043/162] q0042 random14 sigma=8 TV=0.51808 H=0.51815 peak=0.03125
[044/162] q0043 random14 sigma=16 TV=0.51135 H=0.49833 peak=0.03125
[045/162] q0044 random14 sigma=32 TV=0.50462 H=0.48211 peak=0.03125
[046/162] q0045 random15 sigma=8 TV=0.49086 H=0.51441 peak=0.03125
[047/162] q0046 random15 sigma=16 TV=0.49790 H=0.49209 peak=0.04419
[048/162] q0047 random15 sigma=32 TV=0.50213 H=0.48496 peak=0.03125
[049/162] q0048 random16 sigma=8 TV=0.50838 H=0.49407 peak=0.00000
[050/162] q0049 random16 sigma=16 TV=0.50716 H=0.48911 peak=0.03125
[051/162] q0050 random16 sigma=32 TV=0.49858 H=0.47998 peak=0.03125
[052/162] q0051 random17 sigma=8 TV=0.52410 H=0.50427 peak=0.03125
[053/162] q0052 random17 sigma=16 TV=0.49189 H=0.47457 peak=0.03125
[054/162] q0053 random17 sigma=32 TV=0.48986 H=0.46635 peak=0.04419
[055/162] q0054 random18 sigma=8 TV=0.54540 H=0.52235 peak=0.00000
[056/162] q0055 random18 sigma=16 TV=0.50092 H=0.48008 peak=0.04419
[057/162] q0056 random18 sigma=32 TV=0.49212 H=0.46780 peak=0.04419
[058/162] q0057 random19 sigma=8 TV=0.51504 H=0.50166 peak=0.00000
[059/162] q0058 random19 sigma=16 TV=0.49448 H=0.48412 peak=0.03125
[060/162] q0059 random19 sigma=32 TV=0.49655 H=0.48023 peak=0.03125
[061/162] q0060 random20 sigma=8 TV=0.56516 H=0.54927 peak=0.03125
[062/162] q0061 random20 sigma=16 TV=0.54335 H=0.51464 peak=0.03125
[063/162] q0062 random20 sigma=32 TV=0.50748 H=0.48928 peak=0.03125
[064/162] q0063 random21 sigma=8 TV=0.51806 H=0.53173 peak=0.03125
[065/162] q0064 random21 sigma=16 TV=0.51388 H=0.50213 peak=0.03125
[066/162] q0065 random21 sigma=32 TV=0.50189 H=0.48180 peak=0.04419
[067/162] q0066 random22 sigma=8 TV=0.48384 H=0.48794 peak=0.03125
[068/162] q0067 random22 sigma=16 TV=0.49108 H=0.48665 peak=0.04419
[069/162] q0068 random22 sigma=32 TV=0.50052 H=0.48415 peak=0.03125
[070/162] q0069 random23 sigma=8 TV=0.57697 H=0.55136 peak=0.03125
[071/162] q0070 random23 sigma=16 TV=0.52742 H=0.51064 peak=0.04419
[072/162] q0071 random23 sigma=32 TV=0.50552 H=0.48668 peak=0.04419
[073/162] q0072 random24 sigma=8 TV=0.50883 H=0.49651 peak=0.03125
[074/162] q0073 random24 sigma=16 TV=0.50043 H=0.48081 peak=0.00000
[075/162] q0074 random24 sigma=32 TV=0.49607 H=0.47247 peak=0.03125
[076/162] q0075 random25 sigma=8 TV=0.51906 H=0.50832 peak=0.03125
[077/162] q0076 random25 sigma=16 TV=0.50865 H=0.49227 peak=0.03125
[078/162] q0077 random25 sigma=32 TV=0.50334 H=0.48158 peak=0.03125
[079/162] q0078 random26 sigma=8 TV=0.54767 H=0.53540 peak=0.03125
[080/162] q0079 random26 sigma=16 TV=0.52053 H=0.50494 peak=0.00000
[081/162] q0080 random26 sigma=32 TV=0.49762 H=0.48178 peak=0.03125
[082/162] q0081 random27 sigma=8 TV=0.48220 H=0.48856 peak=0.03125
[083/162] q0082 random27 sigma=16 TV=0.48784 H=0.47519 peak=0.03125
[084/162] q0083 random27 sigma=32 TV=0.48986 H=0.47400 peak=0.03125
[085/162] q0084 random28 sigma=8 TV=0.54833 H=0.52681 peak=0.03125
[086/162] q0085 random28 sigma=16 TV=0.51351 H=0.49834 peak=0.03125
[087/162] q0086 random28 sigma=32 TV=0.50085 H=0.48655 peak=0.03125
[088/162] q0087 random29 sigma=8 TV=0.50515 H=0.49153 peak=0.03125
[089/162] q0088 random29 sigma=16 TV=0.49621 H=0.47757 peak=0.03125
[090/162] q0089 random29 sigma=32 TV=0.49417 H=0.47649 peak=0.03125
[091/162] q0090 random30 sigma=8 TV=0.50781 H=0.50292 peak=0.04419
[092/162] q0091 random30 sigma=16 TV=0.50142 H=0.48744 peak=0.04419
[093/162] q0092 random30 sigma=32 TV=0.50402 H=0.47932 peak=0.04419
[094/162] q0093 random31 sigma=8 TV=0.52112 H=0.52424 peak=0.03125
[095/162] q0094 random31 sigma=16 TV=0.50452 H=0.48750 peak=0.03125
[096/162] q0095 random31 sigma=32 TV=0.49579 H=0.47631 peak=0.03125
[097/162] q0096 feature00 sigma=8 TV=0.57564 H=0.53824 peak=0.00000
[098/162] q0097 feature00 sigma=16 TV=0.52764 H=0.50140 peak=0.00000
[099/162] q0098 feature00 sigma=32 TV=0.50200 H=0.47629 peak=0.04419
[100/162] q0099 feature01 sigma=8 TV=0.48106 H=0.48486 peak=0.04419
[101/162] q0100 feature01 sigma=16 TV=0.47998 H=0.46107 peak=0.04419
[102/162] q0101 feature01 sigma=32 TV=0.48868 H=0.45966 peak=0.04419
[103/162] q0102 feature02 sigma=8 TV=0.49892 H=0.51313 peak=0.03125
[104/162] q0103 feature02 sigma=16 TV=0.50396 H=0.49183 peak=0.03125
[105/162] q0104 feature02 sigma=32 TV=0.50158 H=0.48224 peak=0.00000
[106/162] q0105 feature03 sigma=8 TV=0.52960 H=0.51482 peak=0.03125
[107/162] q0106 feature03 sigma=16 TV=0.50307 H=0.48499 peak=0.04419
[108/162] q0107 feature03 sigma=32 TV=0.50316 H=0.48129 peak=0.00000
[109/162] q0108 feature04 sigma=8 TV=0.52963 H=0.51469 peak=0.00000
[110/162] q0109 feature04 sigma=16 TV=0.50876 H=0.48509 peak=0.03125
[111/162] q0110 feature04 sigma=32 TV=0.49391 H=0.47524 peak=0.04419
[112/162] q0111 feature05 sigma=8 TV=0.59928 H=0.56700 peak=0.03125
[113/162] q0112 feature05 sigma=16 TV=0.52778 H=0.50459 peak=0.03125
[114/162] q0113 feature05 sigma=32 TV=0.50195 H=0.48156 peak=0.03125
[115/162] q0114 feature06 sigma=8 TV=0.50611 H=0.49863 peak=0.03125
[116/162] q0115 feature06 sigma=16 TV=0.49238 H=0.47663 peak=0.03125
[117/162] q0116 feature06 sigma=32 TV=0.49345 H=0.47618 peak=0.03125
[118/162] q0117 feature07 sigma=8 TV=0.57692 H=0.55651 peak=0.06988
[119/162] q0118 feature07 sigma=16 TV=0.51861 H=0.50407 peak=0.03125
[120/162] q0119 feature07 sigma=32 TV=0.49978 H=0.47926 peak=0.00000
[121/162] q0120 feature08 sigma=8 TV=0.54555 H=0.52758 peak=0.00000
[122/162] q0121 feature08 sigma=16 TV=0.51961 H=0.49523 peak=0.03125
[123/162] q0122 feature08 sigma=32 TV=0.50068 H=0.47442 peak=0.00000
[124/162] q0123 feature09 sigma=8 TV=0.52408 H=0.52052 peak=0.03125
[125/162] q0124 feature09 sigma=16 TV=0.50955 H=0.49630 peak=0.03125
[126/162] q0125 feature09 sigma=32 TV=0.49492 H=0.47621 peak=0.03125
[127/162] q0126 feature10 sigma=8 TV=0.54828 H=0.54649 peak=0.03125
[128/162] q0127 feature10 sigma=16 TV=0.52245 H=0.50106 peak=0.03125
[129/162] q0128 feature10 sigma=32 TV=0.50092 H=0.48477 peak=0.03125
[130/162] q0129 feature11 sigma=8 TV=0.46854 H=0.48714 peak=0.03125
[131/162] q0130 feature11 sigma=16 TV=0.48545 H=0.47766 peak=0.00000
[132/162] q0131 feature11 sigma=32 TV=0.49809 H=0.47387 peak=0.00000
[133/162] q0132 feature12 sigma=8 TV=0.49594 H=0.49950 peak=0.00000
[134/162] q0133 feature12 sigma=16 TV=0.50121 H=0.49156 peak=0.03125
[135/162] q0134 feature12 sigma=32 TV=0.49917 H=0.48215 peak=0.03125
[136/162] q0135 feature13 sigma=8 TV=0.49522 H=0.50122 peak=0.03125
[137/162] q0136 feature13 sigma=16 TV=0.49543 H=0.48806 peak=0.03125
[138/162] q0137 feature13 sigma=32 TV=0.49683 H=0.48407 peak=0.03125
[139/162] q0138 feature14 sigma=8 TV=0.54665 H=0.53132 peak=0.04419
[140/162] q0139 feature14 sigma=16 TV=0.53209 H=0.50309 peak=0.00000
[141/162] q0140 feature14 sigma=32 TV=0.50431 H=0.48048 peak=0.00000
[142/162] q0141 feature15 sigma=8 TV=0.55336 H=0.53603 peak=0.04419
[143/162] q0142 feature15 sigma=16 TV=0.50039 H=0.48435 peak=0.04419
[144/162] q0143 feature15 sigma=32 TV=0.49209 H=0.46872 peak=0.04419
[145/162] q0144 seam_u0 sigma=8 TV=0.53665 H=0.54597 peak=0.03125
[146/162] q0145 seam_u0 sigma=16 TV=0.51001 H=0.49368 peak=0.03125
[147/162] q0146 seam_u0 sigma=32 TV=0.49891 H=0.48113 peak=0.03125
[148/162] q0147 seam_u1 sigma=8 TV=0.54892 H=0.55231 peak=0.03125
[149/162] q0148 seam_u1 sigma=16 TV=0.51402 H=0.49569 peak=0.00000
[150/162] q0149 seam_u1 sigma=32 TV=0.49964 H=0.48143 peak=0.03125
[151/162] q0150 seam_v0 sigma=8 TV=0.52142 H=0.51208 peak=0.00000
[152/162] q0151 seam_v0 sigma=16 TV=0.51945 H=0.49630 peak=0.00000
[153/162] q0152 seam_v0 sigma=32 TV=0.50202 H=0.47764 peak=0.00000
[154/162] q0153 seam_v1 sigma=8 TV=0.53383 H=0.51718 peak=0.00000
[155/162] q0154 seam_v1 sigma=16 TV=0.52561 H=0.49928 peak=0.00000
[156/162] q0155 seam_v1 sigma=32 TV=0.50304 H=0.47833 peak=0.00000
[157/162] q0156 corner00 sigma=8 TV=0.53566 H=0.52111 peak=0.03125
[158/162] q0157 corner00 sigma=16 TV=0.52239 H=0.49712 peak=0.03125
[159/162] q0158 corner00 sigma=32 TV=0.49952 H=0.47802 peak=0.04419
[160/162] q0159 corner11 sigma=8 TV=0.57755 H=0.53863 peak=0.03125
[161/162] q0160 corner11 sigma=16 TV=0.53210 H=0.49757 peak=0.04419
[162/162] q0161 corner11 sigma=32 TV=0.50090 H=0.47860 peak=0.04419
Wrote C:\Users\sy415\workspace\pndf_qem_phase1\out_quality_local_guard_eps1e-9\metrics_sampled_pndf\isotropic_qem_4d_ds4_v4096\metrics.csv
Wrote C:\Users\sy415\workspace\pndf_qem_phase1\out_quality_local_guard_eps1e-9\metrics_sampled_pndf\isotropic_qem_4d_ds4_v4096\summary.txt
