[001/162] q0000 random00 sigma=8 TV=0.05722 H=0.08651 peak=0.00000
[002/162] q0001 random00 sigma=16 TV=0.04790 H=0.06840 peak=0.03125
[003/162] q0002 random00 sigma=32 TV=0.04005 H=0.05610 peak=0.03125
[004/162] q0003 random01 sigma=8 TV=0.09758 H=0.08725 peak=0.03125
[005/162] q0004 random01 sigma=16 TV=0.05175 H=0.06107 peak=0.03125
[006/162] q0005 random01 sigma=32 TV=0.03755 H=0.05569 peak=0.04419
[007/162] q0006 random02 sigma=8 TV=0.14411 H=0.12883 peak=0.00000
[008/162] q0007 random02 sigma=16 TV=0.08086 H=0.08027 peak=0.04419
[009/162] q0008 random02 sigma=32 TV=0.04165 H=0.05833 peak=0.04419
[010/162] q0009 random03 sigma=8 TV=0.09039 H=0.11283 peak=0.00000
[011/162] q0010 random03 sigma=16 TV=0.05246 H=0.05753 peak=0.00000
[012/162] q0011 random03 sigma=32 TV=0.04302 H=0.05245 peak=0.03125
[013/162] q0012 random04 sigma=8 TV=0.13020 H=0.11199 peak=0.03125
[014/162] q0013 random04 sigma=16 TV=0.05798 H=0.06589 peak=0.03125
[015/162] q0014 random04 sigma=32 TV=0.03625 H=0.05495 peak=0.03125
[016/162] q0015 random05 sigma=8 TV=0.04527 H=0.07662 peak=0.00000
[017/162] q0016 random05 sigma=16 TV=0.04394 H=0.07290 peak=0.03125
[018/162] q0017 random05 sigma=32 TV=0.04169 H=0.06086 peak=0.00000
[019/162] q0018 random06 sigma=8 TV=0.06469 H=0.07553 peak=0.00000
[020/162] q0019 random06 sigma=16 TV=0.04094 H=0.06017 peak=0.00000
[021/162] q0020 random06 sigma=32 TV=0.03976 H=0.05859 peak=0.03125
[022/162] q0021 random07 sigma=8 TV=0.08318 H=0.09801 peak=0.04419
[023/162] q0022 random07 sigma=16 TV=0.05276 H=0.09185 peak=0.04419
[024/162] q0023 random07 sigma=32 TV=0.04454 H=0.07507 peak=0.04419
[025/162] q0024 random08 sigma=8 TV=0.08529 H=0.08922 peak=0.03125
[026/162] q0025 random08 sigma=16 TV=0.05815 H=0.07369 peak=0.04419
[027/162] q0026 random08 sigma=32 TV=0.05681 H=0.06949 peak=0.00000
[028/162] q0027 random09 sigma=8 TV=0.05916 H=0.06458 peak=0.04419
[029/162] q0028 random09 sigma=16 TV=0.04391 H=0.06514 peak=0.00000
[030/162] q0029 random09 sigma=32 TV=0.03223 H=0.05383 peak=0.00000
[031/162] q0030 random10 sigma=8 TV=0.08759 H=0.08422 peak=0.00000
[032/162] q0031 random10 sigma=16 TV=0.03316 H=0.05760 peak=0.04419
[033/162] q0032 random10 sigma=32 TV=0.03146 H=0.04984 peak=0.00000
[034/162] q0033 random11 sigma=8 TV=0.11278 H=0.09703 peak=0.04419
[035/162] q0034 random11 sigma=16 TV=0.05893 H=0.08300 peak=0.04419
[036/162] q0035 random11 sigma=32 TV=0.05019 H=0.07518 peak=0.04419
[037/162] q0036 random12 sigma=8 TV=0.06396 H=0.09541 peak=0.04419
[038/162] q0037 random12 sigma=16 TV=0.03776 H=0.05876 peak=0.04419
[039/162] q0038 random12 sigma=32 TV=0.03017 H=0.05113 peak=0.04419
[040/162] q0039 random13 sigma=8 TV=0.06044 H=0.10085 peak=0.03125
[041/162] q0040 random13 sigma=16 TV=0.04498 H=0.06895 peak=0.00000
[042/162] q0041 random13 sigma=32 TV=0.04341 H=0.06030 peak=0.04419
[043/162] q0042 random14 sigma=8 TV=0.11837 H=0.09812 peak=0.03125
[044/162] q0043 random14 sigma=16 TV=0.07036 H=0.06914 peak=0.03125
[045/162] q0044 random14 sigma=32 TV=0.03821 H=0.05426 peak=0.03125
[046/162] q0045 random15 sigma=8 TV=0.05850 H=0.08914 peak=0.04419
[047/162] q0046 random15 sigma=16 TV=0.03825 H=0.06667 peak=0.04419
[048/162] q0047 random15 sigma=32 TV=0.03598 H=0.05981 peak=0.00000
[049/162] q0048 random16 sigma=8 TV=0.05278 H=0.05375 peak=0.04419
[050/162] q0049 random16 sigma=16 TV=0.04173 H=0.05598 peak=0.03125
[051/162] q0050 random16 sigma=32 TV=0.05007 H=0.06506 peak=0.04419
[052/162] q0051 random17 sigma=8 TV=0.04306 H=0.06544 peak=0.00000
[053/162] q0052 random17 sigma=16 TV=0.03764 H=0.05283 peak=0.04419
[054/162] q0053 random17 sigma=32 TV=0.02883 H=0.04907 peak=0.04419
[055/162] q0054 random18 sigma=8 TV=0.08944 H=0.07616 peak=0.03125
[056/162] q0055 random18 sigma=16 TV=0.04752 H=0.05489 peak=0.04419
[057/162] q0056 random18 sigma=32 TV=0.03189 H=0.05052 peak=0.00000
[058/162] q0057 random19 sigma=8 TV=0.10224 H=0.09712 peak=0.00000
[059/162] q0058 random19 sigma=16 TV=0.07358 H=0.08018 peak=0.04419
[060/162] q0059 random19 sigma=32 TV=0.05111 H=0.05528 peak=0.04419
[061/162] q0060 random20 sigma=8 TV=0.06302 H=0.10324 peak=0.03125
[062/162] q0061 random20 sigma=16 TV=0.04123 H=0.06332 peak=0.00000
[063/162] q0062 random20 sigma=32 TV=0.04048 H=0.06119 peak=0.04419
[064/162] q0063 random21 sigma=8 TV=0.09631 H=0.10798 peak=0.00000
[065/162] q0064 random21 sigma=16 TV=0.06277 H=0.07718 peak=0.00000
[066/162] q0065 random21 sigma=32 TV=0.04392 H=0.06102 peak=0.03125
[067/162] q0066 random22 sigma=8 TV=0.06870 H=0.10412 peak=0.04419
[068/162] q0067 random22 sigma=16 TV=0.04355 H=0.07224 peak=0.04419
[069/162] q0068 random22 sigma=32 TV=0.03563 H=0.06144 peak=0.00000
[070/162] q0069 random23 sigma=8 TV=0.07488 H=0.07837 peak=0.04419
[071/162] q0070 random23 sigma=16 TV=0.04785 H=0.05710 peak=0.04419
[072/162] q0071 random23 sigma=32 TV=0.04163 H=0.05508 peak=0.04419
[073/162] q0072 random24 sigma=8 TV=0.04216 H=0.06867 peak=0.04419
[074/162] q0073 random24 sigma=16 TV=0.03748 H=0.06354 peak=0.00000
[075/162] q0074 random24 sigma=32 TV=0.03709 H=0.05271 peak=0.03125
[076/162] q0075 random25 sigma=8 TV=0.07299 H=0.08139 peak=0.00000
[077/162] q0076 random25 sigma=16 TV=0.04367 H=0.07354 peak=0.00000
[078/162] q0077 random25 sigma=32 TV=0.04200 H=0.06619 peak=0.03125
[079/162] q0078 random26 sigma=8 TV=0.13452 H=0.13231 peak=0.04419
[080/162] q0079 random26 sigma=16 TV=0.08623 H=0.08973 peak=0.04419
[081/162] q0080 random26 sigma=32 TV=0.06024 H=0.07097 peak=0.04419
[082/162] q0081 random27 sigma=8 TV=0.08880 H=0.08002 peak=0.03125
[083/162] q0082 random27 sigma=16 TV=0.04457 H=0.05423 peak=0.03125
[084/162] q0083 random27 sigma=32 TV=0.03688 H=0.05291 peak=0.03125
[085/162] q0084 random28 sigma=8 TV=0.10433 H=0.11439 peak=0.04419
[086/162] q0085 random28 sigma=16 TV=0.06606 H=0.07755 peak=0.04419
[087/162] q0086 random28 sigma=32 TV=0.05149 H=0.06570 peak=0.04419
[088/162] q0087 random29 sigma=8 TV=0.08224 H=0.06713 peak=0.04419
[089/162] q0088 random29 sigma=16 TV=0.03914 H=0.05341 peak=0.00000
[090/162] q0089 random29 sigma=32 TV=0.04307 H=0.06439 peak=0.03125
[091/162] q0090 random30 sigma=8 TV=0.11362 H=0.08752 peak=0.00000
[092/162] q0091 random30 sigma=16 TV=0.05327 H=0.05948 peak=0.04419
[093/162] q0092 random30 sigma=32 TV=0.03492 H=0.05550 peak=0.00000
[094/162] q0093 random31 sigma=8 TV=0.09118 H=0.08352 peak=0.00000
[095/162] q0094 random31 sigma=16 TV=0.04678 H=0.05754 peak=0.00000
[096/162] q0095 random31 sigma=32 TV=0.04209 H=0.06137 peak=0.03125
[097/162] q0096 feature00 sigma=8 TV=0.08709 H=0.07724 peak=0.00000
[098/162] q0097 feature00 sigma=16 TV=0.07538 H=0.07297 peak=0.03125
[099/162] q0098 feature00 sigma=32 TV=0.04984 H=0.05669 peak=0.03125
[100/162] q0099 feature01 sigma=8 TV=0.07230 H=0.07086 peak=0.00000
[101/162] q0100 feature01 sigma=16 TV=0.04856 H=0.06164 peak=0.03125
[102/162] q0101 feature01 sigma=32 TV=0.04959 H=0.06404 peak=0.04419
[103/162] q0102 feature02 sigma=8 TV=0.16179 H=0.13606 peak=0.00000
[104/162] q0103 feature02 sigma=16 TV=0.09578 H=0.08488 peak=0.00000
[105/162] q0104 feature02 sigma=32 TV=0.05483 H=0.05700 peak=0.04419
[106/162] q0105 feature03 sigma=8 TV=0.06811 H=0.09476 peak=0.00000
[107/162] q0106 feature03 sigma=16 TV=0.04530 H=0.06933 peak=0.04419
[108/162] q0107 feature03 sigma=32 TV=0.05747 H=0.06975 peak=0.00000
[109/162] q0108 feature04 sigma=8 TV=0.06926 H=0.07687 peak=0.03125
[110/162] q0109 feature04 sigma=16 TV=0.03569 H=0.04855 peak=0.03125
[111/162] q0110 feature04 sigma=32 TV=0.03496 H=0.05364 peak=0.03125
[112/162] q0111 feature05 sigma=8 TV=0.06667 H=0.08875 peak=0.00000
[113/162] q0112 feature05 sigma=16 TV=0.04884 H=0.07195 peak=0.00000
[114/162] q0113 feature05 sigma=32 TV=0.04902 H=0.06685 peak=0.00000
[115/162] q0114 feature06 sigma=8 TV=0.11549 H=0.10314 peak=0.03125
[116/162] q0115 feature06 sigma=16 TV=0.06803 H=0.06782 peak=0.03125
[117/162] q0116 feature06 sigma=32 TV=0.03602 H=0.05391 peak=0.03125
[118/162] q0117 feature07 sigma=8 TV=0.09554 H=0.09304 peak=0.00000
[119/162] q0118 feature07 sigma=16 TV=0.09226 H=0.09267 peak=0.00000
[120/162] q0119 feature07 sigma=32 TV=0.06674 H=0.07521 peak=0.00000
[121/162] q0120 feature08 sigma=8 TV=0.07427 H=0.09122 peak=0.00000
[122/162] q0121 feature08 sigma=16 TV=0.05580 H=0.07296 peak=0.00000
[123/162] q0122 feature08 sigma=32 TV=0.04780 H=0.06379 peak=0.04419
[124/162] q0123 feature09 sigma=8 TV=0.06547 H=0.07067 peak=0.03125
[125/162] q0124 feature09 sigma=16 TV=0.05975 H=0.07176 peak=0.04419
[126/162] q0125 feature09 sigma=32 TV=0.04714 H=0.06244 peak=0.04419
[127/162] q0126 feature10 sigma=8 TV=0.09938 H=0.10286 peak=0.00000
[128/162] q0127 feature10 sigma=16 TV=0.06498 H=0.07102 peak=0.04419
[129/162] q0128 feature10 sigma=32 TV=0.04466 H=0.06027 peak=0.04419
[130/162] q0129 feature11 sigma=8 TV=0.08224 H=0.08393 peak=0.03125
[131/162] q0130 feature11 sigma=16 TV=0.05145 H=0.06081 peak=0.00000
[132/162] q0131 feature11 sigma=32 TV=0.03767 H=0.05473 peak=0.03125
[133/162] q0132 feature12 sigma=8 TV=0.09157 H=0.09718 peak=0.00000
[134/162] q0133 feature12 sigma=16 TV=0.06140 H=0.08328 peak=0.00000
[135/162] q0134 feature12 sigma=32 TV=0.06082 H=0.07329 peak=0.00000
[136/162] q0135 feature13 sigma=8 TV=0.07148 H=0.07777 peak=0.00000
[137/162] q0136 feature13 sigma=16 TV=0.04987 H=0.05508 peak=0.00000
[138/162] q0137 feature13 sigma=32 TV=0.04395 H=0.05731 peak=0.04419
[139/162] q0138 feature14 sigma=8 TV=0.06468 H=0.06769 peak=0.03125
[140/162] q0139 feature14 sigma=16 TV=0.05856 H=0.06187 peak=0.00000
[141/162] q0140 feature14 sigma=32 TV=0.04053 H=0.05328 peak=0.00000
[142/162] q0141 feature15 sigma=8 TV=0.05811 H=0.09253 peak=0.04419
[143/162] q0142 feature15 sigma=16 TV=0.03970 H=0.06755 peak=0.04419
[144/162] q0143 feature15 sigma=32 TV=0.03575 H=0.05990 peak=0.00000
[145/162] q0144 seam_u0 sigma=8 TV=0.07463 H=0.07875 peak=0.04419
[146/162] q0145 seam_u0 sigma=16 TV=0.03912 H=0.05397 peak=0.04419
[147/162] q0146 seam_u0 sigma=32 TV=0.03480 H=0.05084 peak=0.04419
[148/162] q0147 seam_u1 sigma=8 TV=0.07029 H=0.07279 peak=0.04419
[149/162] q0148 seam_u1 sigma=16 TV=0.03997 H=0.04988 peak=0.04419
[150/162] q0149 seam_u1 sigma=32 TV=0.03111 H=0.05062 peak=0.04419
[151/162] q0150 seam_v0 sigma=8 TV=0.07657 H=0.09622 peak=0.03125
[152/162] q0151 seam_v0 sigma=16 TV=0.05227 H=0.06732 peak=0.00000
[153/162] q0152 seam_v0 sigma=32 TV=0.04524 H=0.06140 peak=0.04419
[154/162] q0153 seam_v1 sigma=8 TV=0.09628 H=0.10288 peak=0.03125
[155/162] q0154 seam_v1 sigma=16 TV=0.05094 H=0.06839 peak=0.04419
[156/162] q0155 seam_v1 sigma=32 TV=0.04418 H=0.06090 peak=0.04419
[157/162] q0156 corner00 sigma=8 TV=0.04935 H=0.05149 peak=0.04419
[158/162] q0157 corner00 sigma=16 TV=0.03516 H=0.04543 peak=0.04419
[159/162] q0158 corner00 sigma=32 TV=0.03127 H=0.05151 peak=0.04419
[160/162] q0159 corner11 sigma=8 TV=0.05719 H=0.06129 peak=0.03125
[161/162] q0160 corner11 sigma=16 TV=0.04383 H=0.05250 peak=0.03125
[162/162] q0161 corner11 sigma=32 TV=0.03294 H=0.05312 peak=0.04419
Wrote C:\Users\sy415\workspace\pndf_qem_phase1\out_quality_local_guard_eps1e-9\metrics_sampled_pndf\scratched_qem_normal_ds4_v16384\metrics.csv
Wrote C:\Users\sy415\workspace\pndf_qem_phase1\out_quality_local_guard_eps1e-9\metrics_sampled_pndf\scratched_qem_normal_ds4_v16384\summary.txt
