[001/162] q0000 random00 sigma=8 TV=0.30862 H=0.29464 peak=0.03125
[002/162] q0001 random00 sigma=16 TV=0.28720 H=0.25221 peak=0.03125
[003/162] q0002 random00 sigma=32 TV=0.28201 H=0.23732 peak=0.04419
[004/162] q0003 random01 sigma=8 TV=0.33002 H=0.30017 peak=0.03125
[005/162] q0004 random01 sigma=16 TV=0.29640 H=0.25470 peak=0.00000
[006/162] q0005 random01 sigma=32 TV=0.28312 H=0.23770 peak=0.04419
[007/162] q0006 random02 sigma=8 TV=0.28162 H=0.28371 peak=0.03125
[008/162] q0007 random02 sigma=16 TV=0.27676 H=0.25246 peak=0.03125
[009/162] q0008 random02 sigma=32 TV=0.28007 H=0.23992 peak=0.00000
[010/162] q0009 random03 sigma=8 TV=0.30223 H=0.29703 peak=0.03125
[011/162] q0010 random03 sigma=16 TV=0.28236 H=0.25635 peak=0.03125
[012/162] q0011 random03 sigma=32 TV=0.28321 H=0.24204 peak=0.04419
[013/162] q0012 random04 sigma=8 TV=0.29393 H=0.28197 peak=0.04419
[014/162] q0013 random04 sigma=16 TV=0.28791 H=0.24900 peak=0.04419
[015/162] q0014 random04 sigma=32 TV=0.28383 H=0.23842 peak=0.04419
[016/162] q0015 random05 sigma=8 TV=0.30295 H=0.29409 peak=0.03125
[017/162] q0016 random05 sigma=16 TV=0.27535 H=0.25162 peak=0.03125
[018/162] q0017 random05 sigma=32 TV=0.27252 H=0.23360 peak=0.00000
[019/162] q0018 random06 sigma=8 TV=0.31018 H=0.28158 peak=0.04419
[020/162] q0019 random06 sigma=16 TV=0.28066 H=0.24377 peak=0.04419
[021/162] q0020 random06 sigma=32 TV=0.27112 H=0.23247 peak=0.04419
[022/162] q0021 random07 sigma=8 TV=0.28339 H=0.30588 peak=0.03125
[023/162] q0022 random07 sigma=16 TV=0.25944 H=0.25310 peak=0.03125
[024/162] q0023 random07 sigma=32 TV=0.26910 H=0.23336 peak=0.03125
[025/162] q0024 random08 sigma=8 TV=0.29648 H=0.31543 peak=0.03125
[026/162] q0025 random08 sigma=16 TV=0.26890 H=0.25455 peak=0.03125
[027/162] q0026 random08 sigma=32 TV=0.27276 H=0.23442 peak=0.03125
[028/162] q0027 random09 sigma=8 TV=0.25721 H=0.27158 peak=0.04419
[029/162] q0028 random09 sigma=16 TV=0.27340 H=0.24843 peak=0.03125
[030/162] q0029 random09 sigma=32 TV=0.27362 H=0.23597 peak=0.03125
[031/162] q0030 random10 sigma=8 TV=0.27215 H=0.29114 peak=0.03125
[032/162] q0031 random10 sigma=16 TV=0.25468 H=0.24396 peak=0.03125
[033/162] q0032 random10 sigma=32 TV=0.26452 H=0.23017 peak=0.03125
[034/162] q0033 random11 sigma=8 TV=0.28498 H=0.30204 peak=0.00000
[035/162] q0034 random11 sigma=16 TV=0.26376 H=0.24900 peak=0.00000
[036/162] q0035 random11 sigma=32 TV=0.26864 H=0.23209 peak=0.04419
[037/162] q0036 random12 sigma=8 TV=0.30191 H=0.29524 peak=0.03125
[038/162] q0037 random12 sigma=16 TV=0.27929 H=0.25294 peak=0.03125
[039/162] q0038 random12 sigma=32 TV=0.27652 H=0.23756 peak=0.03125
[040/162] q0039 random13 sigma=8 TV=0.30786 H=0.30752 peak=0.00000
[041/162] q0040 random13 sigma=16 TV=0.28376 H=0.25544 peak=0.00000
[042/162] q0041 random13 sigma=32 TV=0.27419 H=0.23395 peak=0.00000
[043/162] q0042 random14 sigma=8 TV=0.27859 H=0.26461 peak=0.04419
[044/162] q0043 random14 sigma=16 TV=0.28447 H=0.24516 peak=0.03125
[045/162] q0044 random14 sigma=32 TV=0.28412 H=0.23920 peak=0.03125
[046/162] q0045 random15 sigma=8 TV=0.29046 H=0.28991 peak=0.03125
[047/162] q0046 random15 sigma=16 TV=0.28279 H=0.24832 peak=0.03125
[048/162] q0047 random15 sigma=32 TV=0.27827 H=0.23394 peak=0.03125
[049/162] q0048 random16 sigma=8 TV=0.28153 H=0.28336 peak=0.00000
[050/162] q0049 random16 sigma=16 TV=0.27677 H=0.25266 peak=0.00000
[051/162] q0050 random16 sigma=32 TV=0.27641 H=0.23636 peak=0.03125
[052/162] q0051 random17 sigma=8 TV=0.31723 H=0.31316 peak=0.03125
[053/162] q0052 random17 sigma=16 TV=0.28939 H=0.26283 peak=0.03125
[054/162] q0053 random17 sigma=32 TV=0.28072 H=0.24084 peak=0.03125
[055/162] q0054 random18 sigma=8 TV=0.32103 H=0.31486 peak=0.03125
[056/162] q0055 random18 sigma=16 TV=0.28772 H=0.26152 peak=0.03125
[057/162] q0056 random18 sigma=32 TV=0.27833 H=0.23932 peak=0.03125
[058/162] q0057 random19 sigma=8 TV=0.28090 H=0.28262 peak=0.03125
[059/162] q0058 random19 sigma=16 TV=0.27518 H=0.24733 peak=0.00000
[060/162] q0059 random19 sigma=32 TV=0.27851 H=0.23806 peak=0.00000
[061/162] q0060 random20 sigma=8 TV=0.31198 H=0.29152 peak=0.03125
[062/162] q0061 random20 sigma=16 TV=0.28673 H=0.25387 peak=0.03125
[063/162] q0062 random20 sigma=32 TV=0.27808 H=0.23551 peak=0.03125
[064/162] q0063 random21 sigma=8 TV=0.31254 H=0.30348 peak=0.00000
[065/162] q0064 random21 sigma=16 TV=0.28670 H=0.25678 peak=0.00000
[066/162] q0065 random21 sigma=32 TV=0.27643 H=0.23619 peak=0.03125
[067/162] q0066 random22 sigma=8 TV=0.28180 H=0.28347 peak=0.04419
[068/162] q0067 random22 sigma=16 TV=0.28135 H=0.24646 peak=0.04419
[069/162] q0068 random22 sigma=32 TV=0.27690 H=0.23314 peak=0.03125
[070/162] q0069 random23 sigma=8 TV=0.32260 H=0.30982 peak=0.03125
[071/162] q0070 random23 sigma=16 TV=0.28650 H=0.25703 peak=0.03125
[072/162] q0071 random23 sigma=32 TV=0.27782 H=0.23735 peak=0.03125
[073/162] q0072 random24 sigma=8 TV=0.30277 H=0.28931 peak=0.03125
[074/162] q0073 random24 sigma=16 TV=0.28974 H=0.25495 peak=0.00000
[075/162] q0074 random24 sigma=32 TV=0.28480 H=0.24137 peak=0.03125
[076/162] q0075 random25 sigma=8 TV=0.29908 H=0.29365 peak=0.03125
[077/162] q0076 random25 sigma=16 TV=0.28114 H=0.25271 peak=0.03125
[078/162] q0077 random25 sigma=32 TV=0.27208 H=0.23512 peak=0.03125
[079/162] q0078 random26 sigma=8 TV=0.29628 H=0.28961 peak=0.00000
[080/162] q0079 random26 sigma=16 TV=0.27682 H=0.24755 peak=0.00000
[081/162] q0080 random26 sigma=32 TV=0.27530 H=0.23391 peak=0.00000
[082/162] q0081 random27 sigma=8 TV=0.28275 H=0.27085 peak=0.04419
[083/162] q0082 random27 sigma=16 TV=0.25106 H=0.23421 peak=0.00000
[084/162] q0083 random27 sigma=32 TV=0.26293 H=0.22809 peak=0.00000
[085/162] q0084 random28 sigma=8 TV=0.28693 H=0.28475 peak=0.04419
[086/162] q0085 random28 sigma=16 TV=0.27913 H=0.24753 peak=0.00000
[087/162] q0086 random28 sigma=32 TV=0.27343 H=0.23263 peak=0.00000
[088/162] q0087 random29 sigma=8 TV=0.29159 H=0.28179 peak=0.03125
[089/162] q0088 random29 sigma=16 TV=0.27990 H=0.24951 peak=0.00000
[090/162] q0089 random29 sigma=32 TV=0.27445 H=0.23560 peak=0.03125
[091/162] q0090 random30 sigma=8 TV=0.28907 H=0.27637 peak=0.03125
[092/162] q0091 random30 sigma=16 TV=0.27925 H=0.24792 peak=0.04419
[093/162] q0092 random30 sigma=32 TV=0.27198 H=0.23446 peak=0.04419
[094/162] q0093 random31 sigma=8 TV=0.34234 H=0.30885 peak=0.00000
[095/162] q0094 random31 sigma=16 TV=0.29443 H=0.25297 peak=0.00000
[096/162] q0095 random31 sigma=32 TV=0.27425 H=0.23471 peak=0.04419
[097/162] q0096 feature00 sigma=8 TV=0.31282 H=0.30092 peak=0.03125
[098/162] q0097 feature00 sigma=16 TV=0.27747 H=0.24892 peak=0.03125
[099/162] q0098 feature00 sigma=32 TV=0.27185 H=0.23458 peak=0.03125
[100/162] q0099 feature01 sigma=8 TV=0.31009 H=0.30274 peak=0.00000
[101/162] q0100 feature01 sigma=16 TV=0.28703 H=0.25744 peak=0.00000
[102/162] q0101 feature01 sigma=32 TV=0.28225 H=0.24150 peak=0.00000
[103/162] q0102 feature02 sigma=8 TV=0.28236 H=0.30564 peak=0.04419
[104/162] q0103 feature02 sigma=16 TV=0.27014 H=0.25723 peak=0.04419
[105/162] q0104 feature02 sigma=32 TV=0.27425 H=0.23789 peak=0.03125
[106/162] q0105 feature03 sigma=8 TV=0.29803 H=0.30330 peak=0.03125
[107/162] q0106 feature03 sigma=16 TV=0.27344 H=0.24824 peak=0.04419
[108/162] q0107 feature03 sigma=32 TV=0.27199 H=0.23517 peak=0.04419
[109/162] q0108 feature04 sigma=8 TV=0.28101 H=0.28435 peak=0.03125
[110/162] q0109 feature04 sigma=16 TV=0.25984 H=0.23957 peak=0.00000
[111/162] q0110 feature04 sigma=32 TV=0.26789 H=0.23077 peak=0.03125
[112/162] q0111 feature05 sigma=8 TV=0.33881 H=0.32063 peak=0.00000
[113/162] q0112 feature05 sigma=16 TV=0.28699 H=0.26100 peak=0.03125
[114/162] q0113 feature05 sigma=32 TV=0.27628 H=0.23719 peak=0.03125
[115/162] q0114 feature06 sigma=8 TV=0.27031 H=0.28411 peak=0.03125
[116/162] q0115 feature06 sigma=16 TV=0.26664 H=0.25009 peak=0.00000
[117/162] q0116 feature06 sigma=32 TV=0.27175 H=0.23491 peak=0.03125
[118/162] q0117 feature07 sigma=8 TV=0.32281 H=0.31340 peak=0.03125
[119/162] q0118 feature07 sigma=16 TV=0.27163 H=0.25056 peak=0.03125
[120/162] q0119 feature07 sigma=32 TV=0.26760 H=0.23274 peak=0.03125
[121/162] q0120 feature08 sigma=8 TV=0.29825 H=0.28902 peak=0.00000
[122/162] q0121 feature08 sigma=16 TV=0.27850 H=0.24653 peak=0.00000
[123/162] q0122 feature08 sigma=32 TV=0.27700 H=0.23566 peak=0.00000
[124/162] q0123 feature09 sigma=8 TV=0.30174 H=0.30088 peak=0.03125
[125/162] q0124 feature09 sigma=16 TV=0.27680 H=0.24953 peak=0.00000
[126/162] q0125 feature09 sigma=32 TV=0.27601 H=0.23479 peak=0.00000
[127/162] q0126 feature10 sigma=8 TV=0.29353 H=0.28729 peak=0.03125
[128/162] q0127 feature10 sigma=16 TV=0.27755 H=0.24927 peak=0.03125
[129/162] q0128 feature10 sigma=32 TV=0.27491 H=0.23439 peak=0.03125
[130/162] q0129 feature11 sigma=8 TV=0.28436 H=0.30008 peak=0.04419
[131/162] q0130 feature11 sigma=16 TV=0.28339 H=0.26097 peak=0.03125
[132/162] q0131 feature11 sigma=32 TV=0.28338 H=0.24238 peak=0.00000
[133/162] q0132 feature12 sigma=8 TV=0.27854 H=0.28915 peak=0.00000
[134/162] q0133 feature12 sigma=16 TV=0.28226 H=0.24748 peak=0.00000
[135/162] q0134 feature12 sigma=32 TV=0.27567 H=0.23286 peak=0.00000
[136/162] q0135 feature13 sigma=8 TV=0.26777 H=0.26738 peak=0.00000
[137/162] q0136 feature13 sigma=16 TV=0.25862 H=0.23540 peak=0.00000
[138/162] q0137 feature13 sigma=32 TV=0.26809 H=0.22929 peak=0.00000
[139/162] q0138 feature14 sigma=8 TV=0.28140 H=0.29068 peak=0.04419
[140/162] q0139 feature14 sigma=16 TV=0.27991 H=0.25076 peak=0.00000
[141/162] q0140 feature14 sigma=32 TV=0.27725 H=0.23602 peak=0.00000
[142/162] q0141 feature15 sigma=8 TV=0.29877 H=0.30368 peak=0.03125
[143/162] q0142 feature15 sigma=16 TV=0.28289 H=0.25834 peak=0.03125
[144/162] q0143 feature15 sigma=32 TV=0.27754 H=0.23886 peak=0.03125
[145/162] q0144 seam_u0 sigma=8 TV=0.30430 H=0.28881 peak=0.00000
[146/162] q0145 seam_u0 sigma=16 TV=0.28293 H=0.24440 peak=0.00000
[147/162] q0146 seam_u0 sigma=32 TV=0.27739 H=0.23498 peak=0.00000
[148/162] q0147 seam_u1 sigma=8 TV=0.30623 H=0.29193 peak=0.00000
[149/162] q0148 seam_u1 sigma=16 TV=0.28408 H=0.24572 peak=0.03125
[150/162] q0149 seam_u1 sigma=32 TV=0.27755 H=0.23469 peak=0.00000
[151/162] q0150 seam_v0 sigma=8 TV=0.26810 H=0.26716 peak=0.03125
[152/162] q0151 seam_v0 sigma=16 TV=0.27903 H=0.24496 peak=0.03125
[153/162] q0152 seam_v0 sigma=32 TV=0.27719 H=0.23516 peak=0.00000
[154/162] q0153 seam_v1 sigma=8 TV=0.26868 H=0.27184 peak=0.03125
[155/162] q0154 seam_v1 sigma=16 TV=0.27927 H=0.24575 peak=0.03125
[156/162] q0155 seam_v1 sigma=32 TV=0.27728 H=0.23537 peak=0.00000
[157/162] q0156 corner00 sigma=8 TV=0.29707 H=0.29086 peak=0.03125
[158/162] q0157 corner00 sigma=16 TV=0.27954 H=0.25207 peak=0.03125
[159/162] q0158 corner00 sigma=32 TV=0.27750 H=0.23777 peak=0.03125
[160/162] q0159 corner11 sigma=8 TV=0.30769 H=0.29539 peak=0.03125
[161/162] q0160 corner11 sigma=16 TV=0.28085 H=0.25127 peak=0.03125
[162/162] q0161 corner11 sigma=32 TV=0.27592 H=0.23649 peak=0.03125
Wrote C:\Users\sy415\workspace\pndf_qem_phase1\out_quality_local_guard_eps1e-9\metrics_sampled_pndf\isotropic_pnm_he_4d_ds4_v16384\metrics.csv
Wrote C:\Users\sy415\workspace\pndf_qem_phase1\out_quality_local_guard_eps1e-9\metrics_sampled_pndf\isotropic_pnm_he_4d_ds4_v16384\summary.txt
