[001/162] q0000 random00 sigma=8 TV=0.43081 H=0.43834 peak=0.03125
[002/162] q0001 random00 sigma=16 TV=0.45126 H=0.41741 peak=0.03125
[003/162] q0002 random00 sigma=32 TV=0.45561 H=0.41351 peak=0.03125
[004/162] q0003 random01 sigma=8 TV=0.49494 H=0.47216 peak=0.03125
[005/162] q0004 random01 sigma=16 TV=0.49538 H=0.44681 peak=0.04419
[006/162] q0005 random01 sigma=32 TV=0.47478 H=0.42590 peak=0.04419
[007/162] q0006 random02 sigma=8 TV=0.47059 H=0.44547 peak=0.04419
[008/162] q0007 random02 sigma=16 TV=0.45211 H=0.41561 peak=0.04419
[009/162] q0008 random02 sigma=32 TV=0.45679 H=0.41168 peak=0.00000
[010/162] q0009 random03 sigma=8 TV=0.57414 H=0.50992 peak=0.03125
[011/162] q0010 random03 sigma=16 TV=0.50662 H=0.45272 peak=0.04419
[012/162] q0011 random03 sigma=32 TV=0.46906 H=0.42794 peak=0.03125
[013/162] q0012 random04 sigma=8 TV=0.49108 H=0.45680 peak=0.04419
[014/162] q0013 random04 sigma=16 TV=0.47116 H=0.43252 peak=0.03125
[015/162] q0014 random04 sigma=32 TV=0.47338 H=0.42552 peak=0.03125
[016/162] q0015 random05 sigma=8 TV=0.54111 H=0.47181 peak=0.03125
[017/162] q0016 random05 sigma=16 TV=0.49752 H=0.43745 peak=0.03125
[018/162] q0017 random05 sigma=32 TV=0.46771 H=0.41642 peak=0.03125
[019/162] q0018 random06 sigma=8 TV=0.57724 H=0.50684 peak=0.03125
[020/162] q0019 random06 sigma=16 TV=0.50733 H=0.44600 peak=0.03125
[021/162] q0020 random06 sigma=32 TV=0.46334 H=0.41529 peak=0.00000
[022/162] q0021 random07 sigma=8 TV=0.52497 H=0.47029 peak=0.06250
[023/162] q0022 random07 sigma=16 TV=0.48194 H=0.42549 peak=0.03125
[024/162] q0023 random07 sigma=32 TV=0.46352 H=0.41373 peak=0.03125
[025/162] q0024 random08 sigma=8 TV=0.48340 H=0.46957 peak=0.03125
[026/162] q0025 random08 sigma=16 TV=0.47997 H=0.43906 peak=0.03125
[027/162] q0026 random08 sigma=32 TV=0.46299 H=0.42414 peak=0.03125
[028/162] q0027 random09 sigma=8 TV=0.48532 H=0.45800 peak=0.00000
[029/162] q0028 random09 sigma=16 TV=0.47413 H=0.42885 peak=0.03125
[030/162] q0029 random09 sigma=32 TV=0.45015 H=0.40685 peak=0.03125
[031/162] q0030 random10 sigma=8 TV=0.47172 H=0.46149 peak=0.03125
[032/162] q0031 random10 sigma=16 TV=0.44482 H=0.41335 peak=0.03125
[033/162] q0032 random10 sigma=32 TV=0.43166 H=0.39686 peak=0.00000
[034/162] q0033 random11 sigma=8 TV=0.51539 H=0.47529 peak=0.04419
[035/162] q0034 random11 sigma=16 TV=0.48419 H=0.43352 peak=0.00000
[036/162] q0035 random11 sigma=32 TV=0.46319 H=0.41505 peak=0.03125
[037/162] q0036 random12 sigma=8 TV=0.45809 H=0.44610 peak=0.03125
[038/162] q0037 random12 sigma=16 TV=0.45341 H=0.41977 peak=0.03125
[039/162] q0038 random12 sigma=32 TV=0.45961 H=0.41509 peak=0.03125
[040/162] q0039 random13 sigma=8 TV=0.47578 H=0.45976 peak=0.00000
[041/162] q0040 random13 sigma=16 TV=0.47627 H=0.43438 peak=0.00000
[042/162] q0041 random13 sigma=32 TV=0.47245 H=0.42188 peak=0.03125
[043/162] q0042 random14 sigma=8 TV=0.49597 H=0.46680 peak=0.03125
[044/162] q0043 random14 sigma=16 TV=0.47192 H=0.43455 peak=0.03125
[045/162] q0044 random14 sigma=32 TV=0.47259 H=0.42671 peak=0.03125
[046/162] q0045 random15 sigma=8 TV=0.43353 H=0.43749 peak=0.03125
[047/162] q0046 random15 sigma=16 TV=0.44957 H=0.41569 peak=0.03125
[048/162] q0047 random15 sigma=32 TV=0.45243 H=0.41105 peak=0.03125
[049/162] q0048 random16 sigma=8 TV=0.54674 H=0.51322 peak=0.00000
[050/162] q0049 random16 sigma=16 TV=0.51205 H=0.46486 peak=0.03125
[051/162] q0050 random16 sigma=32 TV=0.48003 H=0.42891 peak=0.03125
[052/162] q0051 random17 sigma=8 TV=0.46990 H=0.44087 peak=0.03125
[053/162] q0052 random17 sigma=16 TV=0.45327 H=0.41495 peak=0.03125
[054/162] q0053 random17 sigma=32 TV=0.45734 H=0.41192 peak=0.03125
[055/162] q0054 random18 sigma=8 TV=0.53542 H=0.48444 peak=0.00000
[056/162] q0055 random18 sigma=16 TV=0.47074 H=0.42218 peak=0.04419
[057/162] q0056 random18 sigma=32 TV=0.45448 H=0.40868 peak=0.03125
[058/162] q0057 random19 sigma=8 TV=0.48581 H=0.46726 peak=0.03125
[059/162] q0058 random19 sigma=16 TV=0.47302 H=0.43258 peak=0.03125
[060/162] q0059 random19 sigma=32 TV=0.45023 H=0.41254 peak=0.03125
[061/162] q0060 random20 sigma=8 TV=0.60707 H=0.55123 peak=0.00000
[062/162] q0061 random20 sigma=16 TV=0.51265 H=0.46369 peak=0.00000
[063/162] q0062 random20 sigma=32 TV=0.47050 H=0.42463 peak=0.04419
[064/162] q0063 random21 sigma=8 TV=0.51545 H=0.49792 peak=0.03125
[065/162] q0064 random21 sigma=16 TV=0.49704 H=0.45378 peak=0.03125
[066/162] q0065 random21 sigma=32 TV=0.47635 H=0.42653 peak=0.03125
[067/162] q0066 random22 sigma=8 TV=0.43619 H=0.41949 peak=0.04419
[068/162] q0067 random22 sigma=16 TV=0.44454 H=0.41219 peak=0.03125
[069/162] q0068 random22 sigma=32 TV=0.45134 H=0.40988 peak=0.03125
[070/162] q0069 random23 sigma=8 TV=0.49572 H=0.47487 peak=0.03125
[071/162] q0070 random23 sigma=16 TV=0.46701 H=0.43945 peak=0.03125
[072/162] q0071 random23 sigma=32 TV=0.47340 H=0.42401 peak=0.00000
[073/162] q0072 random24 sigma=8 TV=0.54916 H=0.52335 peak=0.04419
[074/162] q0073 random24 sigma=16 TV=0.49831 H=0.46040 peak=0.03125
[075/162] q0074 random24 sigma=32 TV=0.47084 H=0.42777 peak=0.00000
[076/162] q0075 random25 sigma=8 TV=0.48353 H=0.46508 peak=0.03125
[077/162] q0076 random25 sigma=16 TV=0.46436 H=0.42461 peak=0.03125
[078/162] q0077 random25 sigma=32 TV=0.46393 H=0.41498 peak=0.03125
[079/162] q0078 random26 sigma=8 TV=0.57941 H=0.53001 peak=0.03125
[080/162] q0079 random26 sigma=16 TV=0.50513 H=0.45915 peak=0.03125
[081/162] q0080 random26 sigma=32 TV=0.47250 H=0.42531 peak=0.03125
[082/162] q0081 random27 sigma=8 TV=0.39955 H=0.39542 peak=0.03125
[083/162] q0082 random27 sigma=16 TV=0.41509 H=0.38540 peak=0.04419
[084/162] q0083 random27 sigma=32 TV=0.43629 H=0.39669 peak=0.04419
[085/162] q0084 random28 sigma=8 TV=0.49510 H=0.48008 peak=0.03125
[086/162] q0085 random28 sigma=16 TV=0.47384 H=0.44407 peak=0.00000
[087/162] q0086 random28 sigma=32 TV=0.47441 H=0.42691 peak=0.03125
[088/162] q0087 random29 sigma=8 TV=0.49359 H=0.47385 peak=0.04419
[089/162] q0088 random29 sigma=16 TV=0.50339 H=0.45326 peak=0.03125
[090/162] q0089 random29 sigma=32 TV=0.47587 H=0.42291 peak=0.03125
[091/162] q0090 random30 sigma=8 TV=0.48484 H=0.44133 peak=0.03125
[092/162] q0091 random30 sigma=16 TV=0.44835 H=0.40328 peak=0.03125
[093/162] q0092 random30 sigma=32 TV=0.45157 H=0.40371 peak=0.00000
[094/162] q0093 random31 sigma=8 TV=0.59737 H=0.54785 peak=0.03125
[095/162] q0094 random31 sigma=16 TV=0.51777 H=0.46503 peak=0.03125
[096/162] q0095 random31 sigma=32 TV=0.47217 H=0.42260 peak=0.03125
[097/162] q0096 feature00 sigma=8 TV=0.52766 H=0.49913 peak=0.03125
[098/162] q0097 feature00 sigma=16 TV=0.47420 H=0.43166 peak=0.03125
[099/162] q0098 feature00 sigma=32 TV=0.44758 H=0.40506 peak=0.00000
[100/162] q0099 feature01 sigma=8 TV=0.48865 H=0.45812 peak=0.00000
[101/162] q0100 feature01 sigma=16 TV=0.44970 H=0.41719 peak=0.00000
[102/162] q0101 feature01 sigma=32 TV=0.45627 H=0.41196 peak=0.00000
[103/162] q0102 feature02 sigma=8 TV=0.47031 H=0.45106 peak=0.04419
[104/162] q0103 feature02 sigma=16 TV=0.46342 H=0.41717 peak=0.04419
[105/162] q0104 feature02 sigma=32 TV=0.45578 H=0.41079 peak=0.00000
[106/162] q0105 feature03 sigma=8 TV=0.41568 H=0.41115 peak=0.04419
[107/162] q0106 feature03 sigma=16 TV=0.44200 H=0.39965 peak=0.03125
[108/162] q0107 feature03 sigma=32 TV=0.45356 H=0.40561 peak=0.03125
[109/162] q0108 feature04 sigma=8 TV=0.46491 H=0.44152 peak=0.03125
[110/162] q0109 feature04 sigma=16 TV=0.46938 H=0.42344 peak=0.03125
[111/162] q0110 feature04 sigma=32 TV=0.45711 H=0.41000 peak=0.03125
[112/162] q0111 feature05 sigma=8 TV=0.57006 H=0.53366 peak=0.04419
[113/162] q0112 feature05 sigma=16 TV=0.51825 H=0.46344 peak=0.03125
[114/162] q0113 feature05 sigma=32 TV=0.47614 H=0.42412 peak=0.03125
[115/162] q0114 feature06 sigma=8 TV=0.50111 H=0.47338 peak=0.03125
[116/162] q0115 feature06 sigma=16 TV=0.46985 H=0.42926 peak=0.03125
[117/162] q0116 feature06 sigma=32 TV=0.46644 H=0.41552 peak=0.03125
[118/162] q0117 feature07 sigma=8 TV=0.53067 H=0.49744 peak=0.06988
[119/162] q0118 feature07 sigma=16 TV=0.46042 H=0.42355 peak=0.03125
[120/162] q0119 feature07 sigma=32 TV=0.44077 H=0.40076 peak=0.00000
[121/162] q0120 feature08 sigma=8 TV=0.50277 H=0.47167 peak=0.03125
[122/162] q0121 feature08 sigma=16 TV=0.46635 H=0.42308 peak=0.03125
[123/162] q0122 feature08 sigma=32 TV=0.45914 H=0.41112 peak=0.04419
[124/162] q0123 feature09 sigma=8 TV=0.51285 H=0.47283 peak=0.03125
[125/162] q0124 feature09 sigma=16 TV=0.47186 H=0.43179 peak=0.03125
[126/162] q0125 feature09 sigma=32 TV=0.46258 H=0.41865 peak=0.00000
[127/162] q0126 feature10 sigma=8 TV=0.51000 H=0.48907 peak=0.03125
[128/162] q0127 feature10 sigma=16 TV=0.48205 H=0.44597 peak=0.03125
[129/162] q0128 feature10 sigma=32 TV=0.46473 H=0.42459 peak=0.03125
[130/162] q0129 feature11 sigma=8 TV=0.50884 H=0.48725 peak=0.03125
[131/162] q0130 feature11 sigma=16 TV=0.49348 H=0.45515 peak=0.04419
[132/162] q0131 feature11 sigma=32 TV=0.46489 H=0.42695 peak=0.04419
[133/162] q0132 feature12 sigma=8 TV=0.40200 H=0.40416 peak=0.04419
[134/162] q0133 feature12 sigma=16 TV=0.43477 H=0.40348 peak=0.00000
[135/162] q0134 feature12 sigma=32 TV=0.43915 H=0.40083 peak=0.03125
[136/162] q0135 feature13 sigma=8 TV=0.52070 H=0.48609 peak=0.03125
[137/162] q0136 feature13 sigma=16 TV=0.47504 H=0.44248 peak=0.03125
[138/162] q0137 feature13 sigma=32 TV=0.47110 H=0.42564 peak=0.03125
[139/162] q0138 feature14 sigma=8 TV=0.48840 H=0.45005 peak=0.03125
[140/162] q0139 feature14 sigma=16 TV=0.46206 H=0.41501 peak=0.04419
[141/162] q0140 feature14 sigma=32 TV=0.46490 H=0.41486 peak=0.04419
[142/162] q0141 feature15 sigma=8 TV=0.49551 H=0.47565 peak=0.04419
[143/162] q0142 feature15 sigma=16 TV=0.46230 H=0.41949 peak=0.04419
[144/162] q0143 feature15 sigma=32 TV=0.45422 H=0.40909 peak=0.03125
[145/162] q0144 seam_u0 sigma=8 TV=0.47112 H=0.45653 peak=0.03125
[146/162] q0145 seam_u0 sigma=16 TV=0.44784 H=0.41140 peak=0.00000
[147/162] q0146 seam_u0 sigma=32 TV=0.44078 H=0.40389 peak=0.03125
[148/162] q0147 seam_u1 sigma=8 TV=0.46873 H=0.45094 peak=0.00000
[149/162] q0148 seam_u1 sigma=16 TV=0.44561 H=0.40846 peak=0.00000
[150/162] q0149 seam_u1 sigma=32 TV=0.44030 H=0.40290 peak=0.03125
[151/162] q0150 seam_v0 sigma=8 TV=0.48822 H=0.45138 peak=0.03125
[152/162] q0151 seam_v0 sigma=16 TV=0.46600 H=0.42142 peak=0.04419
[153/162] q0152 seam_v0 sigma=32 TV=0.46181 H=0.41367 peak=0.04419
[154/162] q0153 seam_v1 sigma=8 TV=0.49026 H=0.45658 peak=0.03125
[155/162] q0154 seam_v1 sigma=16 TV=0.46594 H=0.41955 peak=0.04419
[156/162] q0155 seam_v1 sigma=32 TV=0.46259 H=0.41371 peak=0.04419
[157/162] q0156 corner00 sigma=8 TV=0.49124 H=0.46665 peak=0.00000
[158/162] q0157 corner00 sigma=16 TV=0.47954 H=0.43514 peak=0.03125
[159/162] q0158 corner00 sigma=32 TV=0.46701 H=0.42077 peak=0.03125
[160/162] q0159 corner11 sigma=8 TV=0.53485 H=0.48994 peak=0.00000
[161/162] q0160 corner11 sigma=16 TV=0.48232 H=0.43776 peak=0.03125
[162/162] q0161 corner11 sigma=32 TV=0.46672 H=0.42005 peak=0.03125
Wrote C:\Users\sy415\workspace\pndf_qem_phase1\out_quality_local_guard_eps1e-9\metrics_sampled_pndf\isotropic_pnm_he_normal_ds4_v4096\metrics.csv
Wrote C:\Users\sy415\workspace\pndf_qem_phase1\out_quality_local_guard_eps1e-9\metrics_sampled_pndf\isotropic_pnm_he_normal_ds4_v4096\summary.txt
