[001/162] q0000 random00 sigma=8 TV=0.24433 H=0.24189 peak=0.00000
[002/162] q0001 random00 sigma=16 TV=0.22652 H=0.20880 peak=0.03125
[003/162] q0002 random00 sigma=32 TV=0.22905 H=0.19784 peak=0.03125
[004/162] q0003 random01 sigma=8 TV=0.27423 H=0.26066 peak=0.03125
[005/162] q0004 random01 sigma=16 TV=0.24185 H=0.21603 peak=0.03125
[006/162] q0005 random01 sigma=32 TV=0.23286 H=0.20024 peak=0.03125
[007/162] q0006 random02 sigma=8 TV=0.24842 H=0.25816 peak=0.03125
[008/162] q0007 random02 sigma=16 TV=0.22749 H=0.21591 peak=0.04419
[009/162] q0008 random02 sigma=32 TV=0.23170 H=0.20120 peak=0.00000
[010/162] q0009 random03 sigma=8 TV=0.25868 H=0.27163 peak=0.00000
[011/162] q0010 random03 sigma=16 TV=0.23218 H=0.22223 peak=0.04419
[012/162] q0011 random03 sigma=32 TV=0.23262 H=0.20349 peak=0.03125
[013/162] q0012 random04 sigma=8 TV=0.25647 H=0.26790 peak=0.04419
[014/162] q0013 random04 sigma=16 TV=0.23261 H=0.21374 peak=0.03125
[015/162] q0014 random04 sigma=32 TV=0.23206 H=0.19985 peak=0.03125
[016/162] q0015 random05 sigma=8 TV=0.27780 H=0.27934 peak=0.03125
[017/162] q0016 random05 sigma=16 TV=0.24131 H=0.22196 peak=0.03125
[018/162] q0017 random05 sigma=32 TV=0.23535 H=0.20311 peak=0.00000
[019/162] q0018 random06 sigma=8 TV=0.29373 H=0.26717 peak=0.04419
[020/162] q0019 random06 sigma=16 TV=0.24016 H=0.21156 peak=0.04419
[021/162] q0020 random06 sigma=32 TV=0.22962 H=0.19813 peak=0.03125
[022/162] q0021 random07 sigma=8 TV=0.25847 H=0.26075 peak=0.03125
[023/162] q0022 random07 sigma=16 TV=0.23245 H=0.21654 peak=0.03125
[024/162] q0023 random07 sigma=32 TV=0.23003 H=0.19937 peak=0.03125
[025/162] q0024 random08 sigma=8 TV=0.25146 H=0.27351 peak=0.03125
[026/162] q0025 random08 sigma=16 TV=0.23601 H=0.22338 peak=0.03125
[027/162] q0026 random08 sigma=32 TV=0.23232 H=0.20167 peak=0.03125
[028/162] q0027 random09 sigma=8 TV=0.23778 H=0.25334 peak=0.04419
[029/162] q0028 random09 sigma=16 TV=0.22437 H=0.21186 peak=0.04419
[030/162] q0029 random09 sigma=32 TV=0.22744 H=0.19818 peak=0.00000
[031/162] q0030 random10 sigma=8 TV=0.25049 H=0.25606 peak=0.03125
[032/162] q0031 random10 sigma=16 TV=0.22578 H=0.21326 peak=0.03125
[033/162] q0032 random10 sigma=32 TV=0.22422 H=0.19514 peak=0.04419
[034/162] q0033 random11 sigma=8 TV=0.27183 H=0.27356 peak=0.00000
[035/162] q0034 random11 sigma=16 TV=0.23251 H=0.21714 peak=0.00000
[036/162] q0035 random11 sigma=32 TV=0.23012 H=0.19899 peak=0.03125
[037/162] q0036 random12 sigma=8 TV=0.23792 H=0.23707 peak=0.04419
[038/162] q0037 random12 sigma=16 TV=0.23183 H=0.21042 peak=0.03125
[039/162] q0038 random12 sigma=32 TV=0.22832 H=0.19934 peak=0.00000
[040/162] q0039 random13 sigma=8 TV=0.26945 H=0.27554 peak=0.00000
[041/162] q0040 random13 sigma=16 TV=0.24537 H=0.22603 peak=0.00000
[042/162] q0041 random13 sigma=32 TV=0.23628 H=0.20410 peak=0.00000
[043/162] q0042 random14 sigma=8 TV=0.24119 H=0.24820 peak=0.03125
[044/162] q0043 random14 sigma=16 TV=0.22810 H=0.21154 peak=0.03125
[045/162] q0044 random14 sigma=32 TV=0.23131 H=0.19997 peak=0.03125
[046/162] q0045 random15 sigma=8 TV=0.24674 H=0.27227 peak=0.03125
[047/162] q0046 random15 sigma=16 TV=0.23410 H=0.21987 peak=0.03125
[048/162] q0047 random15 sigma=32 TV=0.23040 H=0.19867 peak=0.03125
[049/162] q0048 random16 sigma=8 TV=0.26000 H=0.25389 peak=0.03125
[050/162] q0049 random16 sigma=16 TV=0.24246 H=0.21930 peak=0.03125
[051/162] q0050 random16 sigma=32 TV=0.23664 H=0.20144 peak=0.03125
[052/162] q0051 random17 sigma=8 TV=0.24724 H=0.24516 peak=0.00000
[053/162] q0052 random17 sigma=16 TV=0.22628 H=0.21405 peak=0.03125
[054/162] q0053 random17 sigma=32 TV=0.22874 H=0.20036 peak=0.03125
[055/162] q0054 random18 sigma=8 TV=0.26430 H=0.25635 peak=0.04419
[056/162] q0055 random18 sigma=16 TV=0.23122 H=0.21627 peak=0.00000
[057/162] q0056 random18 sigma=32 TV=0.22911 H=0.19975 peak=0.03125
[058/162] q0057 random19 sigma=8 TV=0.25815 H=0.26847 peak=0.00000
[059/162] q0058 random19 sigma=16 TV=0.23298 H=0.21392 peak=0.03125
[060/162] q0059 random19 sigma=32 TV=0.22814 H=0.19753 peak=0.03125
[061/162] q0060 random20 sigma=8 TV=0.28972 H=0.28904 peak=0.03125
[062/162] q0061 random20 sigma=16 TV=0.24556 H=0.22302 peak=0.03125
[063/162] q0062 random20 sigma=32 TV=0.23290 H=0.20151 peak=0.03125
[064/162] q0063 random21 sigma=8 TV=0.29711 H=0.28081 peak=0.00000
[065/162] q0064 random21 sigma=16 TV=0.25110 H=0.22703 peak=0.00000
[066/162] q0065 random21 sigma=32 TV=0.23567 H=0.20229 peak=0.04419
[067/162] q0066 random22 sigma=8 TV=0.25325 H=0.26875 peak=0.04419
[068/162] q0067 random22 sigma=16 TV=0.23456 H=0.21795 peak=0.03125
[069/162] q0068 random22 sigma=32 TV=0.23018 H=0.19835 peak=0.03125
[070/162] q0069 random23 sigma=8 TV=0.27180 H=0.27148 peak=0.03125
[071/162] q0070 random23 sigma=16 TV=0.25052 H=0.22545 peak=0.00000
[072/162] q0071 random23 sigma=32 TV=0.23756 H=0.20422 peak=0.03125
[073/162] q0072 random24 sigma=8 TV=0.25787 H=0.25813 peak=0.04419
[074/162] q0073 random24 sigma=16 TV=0.24215 H=0.21978 peak=0.03125
[075/162] q0074 random24 sigma=32 TV=0.23111 H=0.20154 peak=0.04419
[076/162] q0075 random25 sigma=8 TV=0.27050 H=0.26687 peak=0.04419
[077/162] q0076 random25 sigma=16 TV=0.25050 H=0.22807 peak=0.04419
[078/162] q0077 random25 sigma=32 TV=0.23798 H=0.20426 peak=0.03125
[079/162] q0078 random26 sigma=8 TV=0.27098 H=0.26321 peak=0.00000
[080/162] q0079 random26 sigma=16 TV=0.24507 H=0.22339 peak=0.00000
[081/162] q0080 random26 sigma=32 TV=0.23534 H=0.20335 peak=0.00000
[082/162] q0081 random27 sigma=8 TV=0.25820 H=0.25429 peak=0.03125
[083/162] q0082 random27 sigma=16 TV=0.21910 H=0.20532 peak=0.03125
[084/162] q0083 random27 sigma=32 TV=0.22209 H=0.19375 peak=0.00000
[085/162] q0084 random28 sigma=8 TV=0.25762 H=0.27866 peak=0.03125
[086/162] q0085 random28 sigma=16 TV=0.24132 H=0.22477 peak=0.00000
[087/162] q0086 random28 sigma=32 TV=0.23674 H=0.20451 peak=0.00000
[088/162] q0087 random29 sigma=8 TV=0.24950 H=0.25090 peak=0.03125
[089/162] q0088 random29 sigma=16 TV=0.23134 H=0.21389 peak=0.03125
[090/162] q0089 random29 sigma=32 TV=0.23296 H=0.20019 peak=0.03125
[091/162] q0090 random30 sigma=8 TV=0.27075 H=0.25131 peak=0.00000
[092/162] q0091 random30 sigma=16 TV=0.24013 H=0.21114 peak=0.00000
[093/162] q0092 random30 sigma=32 TV=0.23271 H=0.19916 peak=0.03125
[094/162] q0093 random31 sigma=8 TV=0.28762 H=0.26775 peak=0.00000
[095/162] q0094 random31 sigma=16 TV=0.25033 H=0.21877 peak=0.03125
[096/162] q0095 random31 sigma=32 TV=0.23292 H=0.19990 peak=0.03125
[097/162] q0096 feature00 sigma=8 TV=0.26487 H=0.26220 peak=0.00000
[098/162] q0097 feature00 sigma=16 TV=0.22821 H=0.21214 peak=0.00000
[099/162] q0098 feature00 sigma=32 TV=0.22819 H=0.19789 peak=0.00000
[100/162] q0099 feature01 sigma=8 TV=0.28799 H=0.28051 peak=0.03125
[101/162] q0100 feature01 sigma=16 TV=0.23344 H=0.22122 peak=0.00000
[102/162] q0101 feature01 sigma=32 TV=0.23116 H=0.20186 peak=0.00000
[103/162] q0102 feature02 sigma=8 TV=0.23288 H=0.24847 peak=0.04419
[104/162] q0103 feature02 sigma=16 TV=0.22388 H=0.21062 peak=0.03125
[105/162] q0104 feature02 sigma=32 TV=0.23053 H=0.19894 peak=0.00000
[106/162] q0105 feature03 sigma=8 TV=0.24955 H=0.26481 peak=0.00000
[107/162] q0106 feature03 sigma=16 TV=0.22752 H=0.20988 peak=0.00000
[108/162] q0107 feature03 sigma=32 TV=0.23168 H=0.19896 peak=0.03125
[109/162] q0108 feature04 sigma=8 TV=0.23589 H=0.22803 peak=0.00000
[110/162] q0109 feature04 sigma=16 TV=0.22520 H=0.20164 peak=0.03125
[111/162] q0110 feature04 sigma=32 TV=0.22696 H=0.19685 peak=0.00000
[112/162] q0111 feature05 sigma=8 TV=0.29841 H=0.29266 peak=0.00000
[113/162] q0112 feature05 sigma=16 TV=0.24449 H=0.22822 peak=0.00000
[114/162] q0113 feature05 sigma=32 TV=0.23904 H=0.20308 peak=0.03125
[115/162] q0114 feature06 sigma=8 TV=0.23826 H=0.24530 peak=0.03125
[116/162] q0115 feature06 sigma=16 TV=0.22084 H=0.20801 peak=0.03125
[117/162] q0116 feature06 sigma=32 TV=0.22948 H=0.19919 peak=0.03125
[118/162] q0117 feature07 sigma=8 TV=0.26419 H=0.26375 peak=0.04419
[119/162] q0118 feature07 sigma=16 TV=0.22930 H=0.21658 peak=0.00000
[120/162] q0119 feature07 sigma=32 TV=0.22627 H=0.19655 peak=0.00000
[121/162] q0120 feature08 sigma=8 TV=0.28549 H=0.28236 peak=0.00000
[122/162] q0121 feature08 sigma=16 TV=0.25575 H=0.22314 peak=0.00000
[123/162] q0122 feature08 sigma=32 TV=0.24186 H=0.20172 peak=0.00000
[124/162] q0123 feature09 sigma=8 TV=0.26246 H=0.25580 peak=0.03125
[125/162] q0124 feature09 sigma=16 TV=0.23906 H=0.21567 peak=0.03125
[126/162] q0125 feature09 sigma=32 TV=0.23411 H=0.20112 peak=0.00000
[127/162] q0126 feature10 sigma=8 TV=0.26401 H=0.25750 peak=0.03125
[128/162] q0127 feature10 sigma=16 TV=0.23438 H=0.21494 peak=0.03125
[129/162] q0128 feature10 sigma=32 TV=0.23368 H=0.19974 peak=0.03125
[130/162] q0129 feature11 sigma=8 TV=0.24057 H=0.25121 peak=0.04419
[131/162] q0130 feature11 sigma=16 TV=0.22760 H=0.21589 peak=0.03125
[132/162] q0131 feature11 sigma=32 TV=0.23013 H=0.20164 peak=0.04419
[133/162] q0132 feature12 sigma=8 TV=0.23991 H=0.25928 peak=0.04419
[134/162] q0133 feature12 sigma=16 TV=0.23057 H=0.20912 peak=0.04419
[135/162] q0134 feature12 sigma=32 TV=0.22789 H=0.19625 peak=0.03125
[136/162] q0135 feature13 sigma=8 TV=0.25747 H=0.27212 peak=0.00000
[137/162] q0136 feature13 sigma=16 TV=0.23510 H=0.21732 peak=0.00000
[138/162] q0137 feature13 sigma=32 TV=0.23204 H=0.20169 peak=0.00000
[139/162] q0138 feature14 sigma=8 TV=0.26220 H=0.25201 peak=0.04419
[140/162] q0139 feature14 sigma=16 TV=0.25143 H=0.22008 peak=0.03125
[141/162] q0140 feature14 sigma=32 TV=0.24404 H=0.20328 peak=0.00000
[142/162] q0141 feature15 sigma=8 TV=0.24624 H=0.24624 peak=0.00000
[143/162] q0142 feature15 sigma=16 TV=0.22613 H=0.21325 peak=0.00000
[144/162] q0143 feature15 sigma=32 TV=0.22811 H=0.19930 peak=0.00000
[145/162] q0144 seam_u0 sigma=8 TV=0.25141 H=0.25383 peak=0.03125
[146/162] q0145 seam_u0 sigma=16 TV=0.23185 H=0.21056 peak=0.03125
[147/162] q0146 seam_u0 sigma=32 TV=0.22777 H=0.19627 peak=0.03125
[148/162] q0147 seam_u1 sigma=8 TV=0.24801 H=0.24441 peak=0.00000
[149/162] q0148 seam_u1 sigma=16 TV=0.22956 H=0.20915 peak=0.03125
[150/162] q0149 seam_u1 sigma=32 TV=0.22779 H=0.19618 peak=0.03125
[151/162] q0150 seam_v0 sigma=8 TV=0.27509 H=0.26639 peak=0.03125
[152/162] q0151 seam_v0 sigma=16 TV=0.25544 H=0.22035 peak=0.03125
[153/162] q0152 seam_v0 sigma=32 TV=0.24175 H=0.20129 peak=0.00000
[154/162] q0153 seam_v1 sigma=8 TV=0.26614 H=0.26336 peak=0.03125
[155/162] q0154 seam_v1 sigma=16 TV=0.25549 H=0.22039 peak=0.03125
[156/162] q0155 seam_v1 sigma=32 TV=0.24270 H=0.20187 peak=0.00000
[157/162] q0156 corner00 sigma=8 TV=0.27000 H=0.25931 peak=0.00000
[158/162] q0157 corner00 sigma=16 TV=0.23357 H=0.21378 peak=0.03125
[159/162] q0158 corner00 sigma=32 TV=0.23095 H=0.20067 peak=0.03125
[160/162] q0159 corner11 sigma=8 TV=0.29318 H=0.27328 peak=0.00000
[161/162] q0160 corner11 sigma=16 TV=0.23628 H=0.21582 peak=0.00000
[162/162] q0161 corner11 sigma=32 TV=0.23114 H=0.20044 peak=0.04419
Wrote C:\Users\sy415\workspace\pndf_qem_phase1\out_quality_local_guard_eps1e-9\metrics_sampled_pndf\isotropic_pnm_he_normal_ds4_v16384\metrics.csv
Wrote C:\Users\sy415\workspace\pndf_qem_phase1\out_quality_local_guard_eps1e-9\metrics_sampled_pndf\isotropic_pnm_he_normal_ds4_v16384\summary.txt
