[001/162] q0000 random00 sigma=8 TV=0.04332 H=0.03838 peak=0.00000
[002/162] q0001 random00 sigma=16 TV=0.03264 H=0.02813 peak=0.00000
[003/162] q0002 random00 sigma=32 TV=0.03122 H=0.02700 peak=0.03125
[004/162] q0003 random01 sigma=8 TV=0.04991 H=0.04681 peak=0.00000
[005/162] q0004 random01 sigma=16 TV=0.04011 H=0.03933 peak=0.03125
[006/162] q0005 random01 sigma=32 TV=0.03325 H=0.02959 peak=0.03125
[007/162] q0006 random02 sigma=8 TV=0.05595 H=0.05372 peak=0.00000
[008/162] q0007 random02 sigma=16 TV=0.03364 H=0.03602 peak=0.00000
[009/162] q0008 random02 sigma=32 TV=0.02786 H=0.02762 peak=0.03125
[010/162] q0009 random03 sigma=8 TV=0.06632 H=0.06444 peak=0.00000
[011/162] q0010 random03 sigma=16 TV=0.03834 H=0.03988 peak=0.00000
[012/162] q0011 random03 sigma=32 TV=0.03159 H=0.03108 peak=0.00000
[013/162] q0012 random04 sigma=8 TV=0.03745 H=0.04466 peak=0.04419
[014/162] q0013 random04 sigma=16 TV=0.03668 H=0.03450 peak=0.00000
[015/162] q0014 random04 sigma=32 TV=0.03333 H=0.02904 peak=0.00000
[016/162] q0015 random05 sigma=8 TV=0.07344 H=0.07942 peak=0.00000
[017/162] q0016 random05 sigma=16 TV=0.04607 H=0.05101 peak=0.00000
[018/162] q0017 random05 sigma=32 TV=0.03165 H=0.03310 peak=0.03125
[019/162] q0018 random06 sigma=8 TV=0.04778 H=0.03970 peak=0.00000
[020/162] q0019 random06 sigma=16 TV=0.03253 H=0.02793 peak=0.00000
[021/162] q0020 random06 sigma=32 TV=0.03332 H=0.02770 peak=0.00000
[022/162] q0021 random07 sigma=8 TV=0.04997 H=0.05415 peak=0.00000
[023/162] q0022 random07 sigma=16 TV=0.04071 H=0.03911 peak=0.03125
[024/162] q0023 random07 sigma=32 TV=0.03177 H=0.02892 peak=0.00000
[025/162] q0024 random08 sigma=8 TV=0.06215 H=0.06963 peak=0.00000
[026/162] q0025 random08 sigma=16 TV=0.04297 H=0.04368 peak=0.00000
[027/162] q0026 random08 sigma=32 TV=0.03697 H=0.03136 peak=0.00000
[028/162] q0027 random09 sigma=8 TV=0.05332 H=0.05047 peak=0.00000
[029/162] q0028 random09 sigma=16 TV=0.04163 H=0.04092 peak=0.04419
[030/162] q0029 random09 sigma=32 TV=0.03278 H=0.02938 peak=0.04419
[031/162] q0030 random10 sigma=8 TV=0.05182 H=0.05048 peak=0.00000
[032/162] q0031 random10 sigma=16 TV=0.03427 H=0.03314 peak=0.00000
[033/162] q0032 random10 sigma=32 TV=0.02910 H=0.02562 peak=0.04419
[034/162] q0033 random11 sigma=8 TV=0.05826 H=0.06012 peak=0.00000
[035/162] q0034 random11 sigma=16 TV=0.03761 H=0.03544 peak=0.03125
[036/162] q0035 random11 sigma=32 TV=0.02981 H=0.02804 peak=0.00000
[037/162] q0036 random12 sigma=8 TV=0.06815 H=0.08096 peak=0.00000
[038/162] q0037 random12 sigma=16 TV=0.05006 H=0.05288 peak=0.03125
[039/162] q0038 random12 sigma=32 TV=0.03610 H=0.03104 peak=0.00000
[040/162] q0039 random13 sigma=8 TV=0.06947 H=0.09693 peak=0.04419
[041/162] q0040 random13 sigma=16 TV=0.04755 H=0.05613 peak=0.00000
[042/162] q0041 random13 sigma=32 TV=0.03174 H=0.03313 peak=0.03125
[043/162] q0042 random14 sigma=8 TV=0.04760 H=0.04392 peak=0.00000
[044/162] q0043 random14 sigma=16 TV=0.03772 H=0.03318 peak=0.00000
[045/162] q0044 random14 sigma=32 TV=0.03342 H=0.02889 peak=0.00000
[046/162] q0045 random15 sigma=8 TV=0.05556 H=0.05053 peak=0.00000
[047/162] q0046 random15 sigma=16 TV=0.03891 H=0.03688 peak=0.00000
[048/162] q0047 random15 sigma=32 TV=0.03029 H=0.02694 peak=0.00000
[049/162] q0048 random16 sigma=8 TV=0.06022 H=0.05511 peak=0.00000
[050/162] q0049 random16 sigma=16 TV=0.04738 H=0.03734 peak=0.04419
[051/162] q0050 random16 sigma=32 TV=0.04008 H=0.03188 peak=0.00000
[052/162] q0051 random17 sigma=8 TV=0.05447 H=0.05361 peak=0.00000
[053/162] q0052 random17 sigma=16 TV=0.04411 H=0.03944 peak=0.00000
[054/162] q0053 random17 sigma=32 TV=0.03291 H=0.02834 peak=0.00000
[055/162] q0054 random18 sigma=8 TV=0.05036 H=0.06514 peak=0.03125
[056/162] q0055 random18 sigma=16 TV=0.03961 H=0.04227 peak=0.00000
[057/162] q0056 random18 sigma=32 TV=0.03224 H=0.02832 peak=0.03125
[058/162] q0057 random19 sigma=8 TV=0.05238 H=0.05493 peak=0.00000
[059/162] q0058 random19 sigma=16 TV=0.04179 H=0.03799 peak=0.00000
[060/162] q0059 random19 sigma=32 TV=0.02979 H=0.02738 peak=0.00000
[061/162] q0060 random20 sigma=8 TV=0.07851 H=0.09558 peak=0.00000
[062/162] q0061 random20 sigma=16 TV=0.05063 H=0.04708 peak=0.04419
[063/162] q0062 random20 sigma=32 TV=0.03405 H=0.03058 peak=0.03125
[064/162] q0063 random21 sigma=8 TV=0.05471 H=0.05835 peak=0.00000
[065/162] q0064 random21 sigma=16 TV=0.03579 H=0.03245 peak=0.00000
[066/162] q0065 random21 sigma=32 TV=0.03480 H=0.02871 peak=0.00000
[067/162] q0066 random22 sigma=8 TV=0.05882 H=0.05579 peak=0.06250
[068/162] q0067 random22 sigma=16 TV=0.03881 H=0.03984 peak=0.00000
[069/162] q0068 random22 sigma=32 TV=0.02982 H=0.02666 peak=0.00000
[070/162] q0069 random23 sigma=8 TV=0.05567 H=0.09032 peak=0.03125
[071/162] q0070 random23 sigma=16 TV=0.03518 H=0.04516 peak=0.00000
[072/162] q0071 random23 sigma=32 TV=0.03057 H=0.03225 peak=0.03125
[073/162] q0072 random24 sigma=8 TV=0.07855 H=0.06989 peak=0.00000
[074/162] q0073 random24 sigma=16 TV=0.03726 H=0.03797 peak=0.06988
[075/162] q0074 random24 sigma=32 TV=0.03218 H=0.02923 peak=0.03125
[076/162] q0075 random25 sigma=8 TV=0.02830 H=0.04899 peak=0.00000
[077/162] q0076 random25 sigma=16 TV=0.03292 H=0.04074 peak=0.00000
[078/162] q0077 random25 sigma=32 TV=0.03195 H=0.03013 peak=0.00000
[079/162] q0078 random26 sigma=8 TV=0.04116 H=0.04920 peak=0.00000
[080/162] q0079 random26 sigma=16 TV=0.03195 H=0.03376 peak=0.00000
[081/162] q0080 random26 sigma=32 TV=0.02820 H=0.02622 peak=0.00000
[082/162] q0081 random27 sigma=8 TV=0.04953 H=0.04568 peak=0.00000
[083/162] q0082 random27 sigma=16 TV=0.03967 H=0.03570 peak=0.00000
[084/162] q0083 random27 sigma=32 TV=0.02950 H=0.02646 peak=0.00000
[085/162] q0084 random28 sigma=8 TV=0.07739 H=0.06861 peak=0.00000
[086/162] q0085 random28 sigma=16 TV=0.04740 H=0.04423 peak=0.00000
[087/162] q0086 random28 sigma=32 TV=0.02955 H=0.03039 peak=0.00000
[088/162] q0087 random29 sigma=8 TV=0.03390 H=0.03504 peak=0.00000
[089/162] q0088 random29 sigma=16 TV=0.03917 H=0.03057 peak=0.00000
[090/162] q0089 random29 sigma=32 TV=0.03791 H=0.03037 peak=0.00000
[091/162] q0090 random30 sigma=8 TV=0.05050 H=0.04802 peak=0.00000
[092/162] q0091 random30 sigma=16 TV=0.04026 H=0.03614 peak=0.03125
[093/162] q0092 random30 sigma=32 TV=0.03134 H=0.02962 peak=0.00000
[094/162] q0093 random31 sigma=8 TV=0.03527 H=0.03200 peak=0.04419
[095/162] q0094 random31 sigma=16 TV=0.03082 H=0.02655 peak=0.00000
[096/162] q0095 random31 sigma=32 TV=0.03595 H=0.02884 peak=0.00000
[097/162] q0096 feature00 sigma=8 TV=0.06768 H=0.09786 peak=0.00000
[098/162] q0097 feature00 sigma=16 TV=0.04819 H=0.05633 peak=0.00000
[099/162] q0098 feature00 sigma=32 TV=0.03172 H=0.03313 peak=0.03125
[100/162] q0099 feature01 sigma=8 TV=0.07548 H=0.06265 peak=0.00000
[101/162] q0100 feature01 sigma=16 TV=0.06020 H=0.04713 peak=0.03125
[102/162] q0101 feature01 sigma=32 TV=0.04201 H=0.03387 peak=0.00000
[103/162] q0102 feature02 sigma=8 TV=0.07662 H=0.07823 peak=0.00000
[104/162] q0103 feature02 sigma=16 TV=0.04222 H=0.04011 peak=0.00000
[105/162] q0104 feature02 sigma=32 TV=0.03499 H=0.02944 peak=0.00000
[106/162] q0105 feature03 sigma=8 TV=0.07463 H=0.07792 peak=0.00000
[107/162] q0106 feature03 sigma=16 TV=0.04655 H=0.05235 peak=0.00000
[108/162] q0107 feature03 sigma=32 TV=0.03558 H=0.03093 peak=0.00000
[109/162] q0108 feature04 sigma=8 TV=0.06565 H=0.07626 peak=0.03125
[110/162] q0109 feature04 sigma=16 TV=0.04271 H=0.04513 peak=0.00000
[111/162] q0110 feature04 sigma=32 TV=0.03735 H=0.03154 peak=0.00000
[112/162] q0111 feature05 sigma=8 TV=0.06003 H=0.05495 peak=0.00000
[113/162] q0112 feature05 sigma=16 TV=0.03657 H=0.03767 peak=0.00000
[114/162] q0113 feature05 sigma=32 TV=0.03210 H=0.02937 peak=0.00000
[115/162] q0114 feature06 sigma=8 TV=0.04924 H=0.05090 peak=0.00000
[116/162] q0115 feature06 sigma=16 TV=0.03510 H=0.03297 peak=0.00000
[117/162] q0116 feature06 sigma=32 TV=0.02802 H=0.02710 peak=0.00000
[118/162] q0117 feature07 sigma=8 TV=0.05480 H=0.04947 peak=0.00000
[119/162] q0118 feature07 sigma=16 TV=0.03488 H=0.03230 peak=0.00000
[120/162] q0119 feature07 sigma=32 TV=0.02540 H=0.02354 peak=0.00000
[121/162] q0120 feature08 sigma=8 TV=0.05142 H=0.04882 peak=0.00000
[122/162] q0121 feature08 sigma=16 TV=0.03636 H=0.03172 peak=0.00000
[123/162] q0122 feature08 sigma=32 TV=0.03502 H=0.02896 peak=0.00000
[124/162] q0123 feature09 sigma=8 TV=0.03504 H=0.03298 peak=0.00000
[125/162] q0124 feature09 sigma=16 TV=0.03014 H=0.02917 peak=0.00000
[126/162] q0125 feature09 sigma=32 TV=0.03243 H=0.02727 peak=0.00000
[127/162] q0126 feature10 sigma=8 TV=0.05436 H=0.04869 peak=0.03125
[128/162] q0127 feature10 sigma=16 TV=0.03440 H=0.03712 peak=0.03125
[129/162] q0128 feature10 sigma=32 TV=0.02787 H=0.02808 peak=0.03125
[130/162] q0129 feature11 sigma=8 TV=0.06504 H=0.07955 peak=0.03125
[131/162] q0130 feature11 sigma=16 TV=0.04818 H=0.04633 peak=0.03125
[132/162] q0131 feature11 sigma=32 TV=0.03880 H=0.03298 peak=0.03125
[133/162] q0132 feature12 sigma=8 TV=0.08150 H=0.08435 peak=0.00000
[134/162] q0133 feature12 sigma=16 TV=0.04083 H=0.04720 peak=0.00000
[135/162] q0134 feature12 sigma=32 TV=0.03118 H=0.03192 peak=0.00000
[136/162] q0135 feature13 sigma=8 TV=0.06315 H=0.06937 peak=0.00000
[137/162] q0136 feature13 sigma=16 TV=0.04384 H=0.04903 peak=0.00000
[138/162] q0137 feature13 sigma=32 TV=0.03148 H=0.03281 peak=0.03125
[139/162] q0138 feature14 sigma=8 TV=0.04140 H=0.05950 peak=0.00000
[140/162] q0139 feature14 sigma=16 TV=0.03177 H=0.03978 peak=0.04419
[141/162] q0140 feature14 sigma=32 TV=0.03072 H=0.02920 peak=0.00000
[142/162] q0141 feature15 sigma=8 TV=0.04606 H=0.05968 peak=0.00000
[143/162] q0142 feature15 sigma=16 TV=0.04104 H=0.04007 peak=0.00000
[144/162] q0143 feature15 sigma=32 TV=0.03259 H=0.02954 peak=0.00000
[145/162] q0144 seam_u0 sigma=8 TV=0.06087 H=0.05989 peak=0.00000
[146/162] q0145 seam_u0 sigma=16 TV=0.03692 H=0.03422 peak=0.00000
[147/162] q0146 seam_u0 sigma=32 TV=0.02684 H=0.02463 peak=0.00000
[148/162] q0147 seam_u1 sigma=8 TV=0.05848 H=0.05565 peak=0.00000
[149/162] q0148 seam_u1 sigma=16 TV=0.03745 H=0.03377 peak=0.00000
[150/162] q0149 seam_u1 sigma=32 TV=0.02656 H=0.02427 peak=0.00000
[151/162] q0150 seam_v0 sigma=8 TV=0.07610 H=0.06746 peak=0.03125
[152/162] q0151 seam_v0 sigma=16 TV=0.03915 H=0.03916 peak=0.03125
[153/162] q0152 seam_v0 sigma=32 TV=0.03336 H=0.02995 peak=0.00000
[154/162] q0153 seam_v1 sigma=8 TV=0.08155 H=0.07416 peak=0.03125
[155/162] q0154 seam_v1 sigma=16 TV=0.04138 H=0.03999 peak=0.03125
[156/162] q0155 seam_v1 sigma=32 TV=0.03340 H=0.03025 peak=0.00000
[157/162] q0156 corner00 sigma=8 TV=0.07713 H=0.08384 peak=0.00000
[158/162] q0157 corner00 sigma=16 TV=0.04568 H=0.05312 peak=0.00000
[159/162] q0158 corner00 sigma=32 TV=0.03551 H=0.03093 peak=0.00000
[160/162] q0159 corner11 sigma=8 TV=0.07374 H=0.07829 peak=0.00000
[161/162] q0160 corner11 sigma=16 TV=0.04575 H=0.04990 peak=0.00000
[162/162] q0161 corner11 sigma=32 TV=0.03544 H=0.03066 peak=0.00000
Wrote C:\Users\sy415\workspace\pndf_qem_phase1\out_quality_local_guard_eps1e-9\metrics_sampled_pndf\brush_qem_4d_ds4_v16384\metrics.csv
Wrote C:\Users\sy415\workspace\pndf_qem_phase1\out_quality_local_guard_eps1e-9\metrics_sampled_pndf\brush_qem_4d_ds4_v16384\summary.txt
