[001/162] q0000 random00 sigma=8 TV=0.07985 H=0.07676 peak=0.00000
[002/162] q0001 random00 sigma=16 TV=0.03362 H=0.03493 peak=0.03125
[003/162] q0002 random00 sigma=32 TV=0.02038 H=0.02370 peak=0.00000
[004/162] q0003 random01 sigma=8 TV=0.05134 H=0.04815 peak=0.00000
[005/162] q0004 random01 sigma=16 TV=0.02999 H=0.02786 peak=0.00000
[006/162] q0005 random01 sigma=32 TV=0.02048 H=0.02266 peak=0.00000
[007/162] q0006 random02 sigma=8 TV=0.03584 H=0.04400 peak=0.00000
[008/162] q0007 random02 sigma=16 TV=0.02824 H=0.02907 peak=0.00000
[009/162] q0008 random02 sigma=32 TV=0.02130 H=0.02240 peak=0.00000
[010/162] q0009 random03 sigma=8 TV=0.07011 H=0.06243 peak=0.00000
[011/162] q0010 random03 sigma=16 TV=0.03246 H=0.03454 peak=0.03125
[012/162] q0011 random03 sigma=32 TV=0.02018 H=0.02523 peak=0.00000
[013/162] q0012 random04 sigma=8 TV=0.04921 H=0.04667 peak=0.00000
[014/162] q0013 random04 sigma=16 TV=0.03029 H=0.02660 peak=0.00000
[015/162] q0014 random04 sigma=32 TV=0.02027 H=0.02167 peak=0.03125
[016/162] q0015 random05 sigma=8 TV=0.07031 H=0.07538 peak=0.00000
[017/162] q0016 random05 sigma=16 TV=0.03641 H=0.04704 peak=0.00000
[018/162] q0017 random05 sigma=32 TV=0.02291 H=0.03069 peak=0.00000
[019/162] q0018 random06 sigma=8 TV=0.03863 H=0.03599 peak=0.00000
[020/162] q0019 random06 sigma=16 TV=0.03383 H=0.03040 peak=0.00000
[021/162] q0020 random06 sigma=32 TV=0.02441 H=0.02228 peak=0.00000
[022/162] q0021 random07 sigma=8 TV=0.07031 H=0.08542 peak=0.03125
[023/162] q0022 random07 sigma=16 TV=0.03562 H=0.05111 peak=0.03125
[024/162] q0023 random07 sigma=32 TV=0.02528 H=0.02810 peak=0.00000
[025/162] q0024 random08 sigma=8 TV=0.07606 H=0.08638 peak=0.03125
[026/162] q0025 random08 sigma=16 TV=0.04084 H=0.04771 peak=0.00000
[027/162] q0026 random08 sigma=32 TV=0.02849 H=0.02900 peak=0.00000
[028/162] q0027 random09 sigma=8 TV=0.06572 H=0.06388 peak=0.04419
[029/162] q0028 random09 sigma=16 TV=0.03677 H=0.04091 peak=0.00000
[030/162] q0029 random09 sigma=32 TV=0.02195 H=0.02279 peak=0.00000
[031/162] q0030 random10 sigma=8 TV=0.06037 H=0.06062 peak=0.00000
[032/162] q0031 random10 sigma=16 TV=0.03640 H=0.03657 peak=0.00000
[033/162] q0032 random10 sigma=32 TV=0.02124 H=0.02230 peak=0.04419
[034/162] q0033 random11 sigma=8 TV=0.07594 H=0.10968 peak=0.00000
[035/162] q0034 random11 sigma=16 TV=0.04606 H=0.05632 peak=0.03125
[036/162] q0035 random11 sigma=32 TV=0.02428 H=0.02849 peak=0.00000
[037/162] q0036 random12 sigma=8 TV=0.04735 H=0.05380 peak=0.00000
[038/162] q0037 random12 sigma=16 TV=0.02926 H=0.03345 peak=0.00000
[039/162] q0038 random12 sigma=32 TV=0.02236 H=0.02236 peak=0.00000
[040/162] q0039 random13 sigma=8 TV=0.07332 H=0.11000 peak=0.04419
[041/162] q0040 random13 sigma=16 TV=0.03140 H=0.05576 peak=0.03125
[042/162] q0041 random13 sigma=32 TV=0.02120 H=0.03164 peak=0.03125
[043/162] q0042 random14 sigma=8 TV=0.05526 H=0.04575 peak=0.00000
[044/162] q0043 random14 sigma=16 TV=0.02610 H=0.02795 peak=0.00000
[045/162] q0044 random14 sigma=32 TV=0.02040 H=0.02121 peak=0.03125
[046/162] q0045 random15 sigma=8 TV=0.05592 H=0.07761 peak=0.00000
[047/162] q0046 random15 sigma=16 TV=0.03476 H=0.04823 peak=0.00000
[048/162] q0047 random15 sigma=32 TV=0.02293 H=0.02761 peak=0.00000
[049/162] q0048 random16 sigma=8 TV=0.07594 H=0.06479 peak=0.00000
[050/162] q0049 random16 sigma=16 TV=0.04082 H=0.03568 peak=0.04419
[051/162] q0050 random16 sigma=32 TV=0.02923 H=0.02614 peak=0.00000
[052/162] q0051 random17 sigma=8 TV=0.05237 H=0.05092 peak=0.00000
[053/162] q0052 random17 sigma=16 TV=0.02600 H=0.03091 peak=0.00000
[054/162] q0053 random17 sigma=32 TV=0.02172 H=0.02143 peak=0.03125
[055/162] q0054 random18 sigma=8 TV=0.06001 H=0.07472 peak=0.03125
[056/162] q0055 random18 sigma=16 TV=0.02675 H=0.04052 peak=0.00000
[057/162] q0056 random18 sigma=32 TV=0.02196 H=0.02160 peak=0.03125
[058/162] q0057 random19 sigma=8 TV=0.05206 H=0.05833 peak=0.00000
[059/162] q0058 random19 sigma=16 TV=0.03524 H=0.04141 peak=0.00000
[060/162] q0059 random19 sigma=32 TV=0.01924 H=0.02563 peak=0.03125
[061/162] q0060 random20 sigma=8 TV=0.06518 H=0.09933 peak=0.00000
[062/162] q0061 random20 sigma=16 TV=0.03072 H=0.04057 peak=0.00000
[063/162] q0062 random20 sigma=32 TV=0.02307 H=0.02571 peak=0.00000
[064/162] q0063 random21 sigma=8 TV=0.06350 H=0.06179 peak=0.00000
[065/162] q0064 random21 sigma=16 TV=0.03861 H=0.03376 peak=0.00000
[066/162] q0065 random21 sigma=32 TV=0.02474 H=0.02378 peak=0.00000
[067/162] q0066 random22 sigma=8 TV=0.07010 H=0.10808 peak=0.00000
[068/162] q0067 random22 sigma=16 TV=0.03474 H=0.05225 peak=0.00000
[069/162] q0068 random22 sigma=32 TV=0.02282 H=0.02828 peak=0.00000
[070/162] q0069 random23 sigma=8 TV=0.10206 H=0.09751 peak=0.03125
[071/162] q0070 random23 sigma=16 TV=0.04124 H=0.05064 peak=0.03125
[072/162] q0071 random23 sigma=32 TV=0.02230 H=0.03207 peak=0.00000
[073/162] q0072 random24 sigma=8 TV=0.05501 H=0.06084 peak=0.00000
[074/162] q0073 random24 sigma=16 TV=0.02859 H=0.03262 peak=0.06988
[075/162] q0074 random24 sigma=32 TV=0.02033 H=0.02125 peak=0.00000
[076/162] q0075 random25 sigma=8 TV=0.05900 H=0.06442 peak=0.00000
[077/162] q0076 random25 sigma=16 TV=0.03304 H=0.04016 peak=0.00000
[078/162] q0077 random25 sigma=32 TV=0.02416 H=0.02578 peak=0.00000
[079/162] q0078 random26 sigma=8 TV=0.04569 H=0.06204 peak=0.00000
[080/162] q0079 random26 sigma=16 TV=0.03238 H=0.03818 peak=0.04419
[081/162] q0080 random26 sigma=32 TV=0.02424 H=0.02776 peak=0.00000
[082/162] q0081 random27 sigma=8 TV=0.04290 H=0.04113 peak=0.00000
[083/162] q0082 random27 sigma=16 TV=0.03738 H=0.03456 peak=0.00000
[084/162] q0083 random27 sigma=32 TV=0.02263 H=0.02262 peak=0.00000
[085/162] q0084 random28 sigma=8 TV=0.06050 H=0.05581 peak=0.00000
[086/162] q0085 random28 sigma=16 TV=0.03599 H=0.04518 peak=0.00000
[087/162] q0086 random28 sigma=32 TV=0.02115 H=0.03054 peak=0.00000
[088/162] q0087 random29 sigma=8 TV=0.05559 H=0.05566 peak=0.00000
[089/162] q0088 random29 sigma=16 TV=0.04085 H=0.03488 peak=0.00000
[090/162] q0089 random29 sigma=32 TV=0.02802 H=0.02512 peak=0.00000
[091/162] q0090 random30 sigma=8 TV=0.08000 H=0.06979 peak=0.00000
[092/162] q0091 random30 sigma=16 TV=0.04172 H=0.03922 peak=0.00000
[093/162] q0092 random30 sigma=32 TV=0.02845 H=0.02735 peak=0.00000
[094/162] q0093 random31 sigma=8 TV=0.04032 H=0.03865 peak=0.04419
[095/162] q0094 random31 sigma=16 TV=0.03064 H=0.02966 peak=0.03125
[096/162] q0095 random31 sigma=32 TV=0.02536 H=0.02298 peak=0.00000
[097/162] q0096 feature00 sigma=8 TV=0.07125 H=0.11009 peak=0.00000
[098/162] q0097 feature00 sigma=16 TV=0.03074 H=0.05528 peak=0.03125
[099/162] q0098 feature00 sigma=32 TV=0.02115 H=0.03151 peak=0.03125
[100/162] q0099 feature01 sigma=8 TV=0.05505 H=0.05387 peak=0.00000
[101/162] q0100 feature01 sigma=16 TV=0.03977 H=0.03870 peak=0.03125
[102/162] q0101 feature01 sigma=32 TV=0.03116 H=0.02856 peak=0.00000
[103/162] q0102 feature02 sigma=8 TV=0.09445 H=0.10238 peak=0.03125
[104/162] q0103 feature02 sigma=16 TV=0.04575 H=0.05245 peak=0.03125
[105/162] q0104 feature02 sigma=32 TV=0.03025 H=0.02939 peak=0.03125
[106/162] q0105 feature03 sigma=8 TV=0.07743 H=0.08296 peak=0.03125
[107/162] q0106 feature03 sigma=16 TV=0.03751 H=0.04253 peak=0.00000
[108/162] q0107 feature03 sigma=32 TV=0.02242 H=0.02323 peak=0.00000
[109/162] q0108 feature04 sigma=8 TV=0.07038 H=0.08720 peak=0.00000
[110/162] q0109 feature04 sigma=16 TV=0.04150 H=0.04786 peak=0.00000
[111/162] q0110 feature04 sigma=32 TV=0.02866 H=0.02896 peak=0.00000
[112/162] q0111 feature05 sigma=8 TV=0.04605 H=0.04715 peak=0.00000
[113/162] q0112 feature05 sigma=16 TV=0.02669 H=0.02540 peak=0.00000
[114/162] q0113 feature05 sigma=32 TV=0.02249 H=0.02112 peak=0.00000
[115/162] q0114 feature06 sigma=8 TV=0.07306 H=0.07970 peak=0.00000
[116/162] q0115 feature06 sigma=16 TV=0.03381 H=0.04009 peak=0.00000
[117/162] q0116 feature06 sigma=32 TV=0.02379 H=0.02901 peak=0.00000
[118/162] q0117 feature07 sigma=8 TV=0.08775 H=0.07825 peak=0.00000
[119/162] q0118 feature07 sigma=16 TV=0.04128 H=0.04101 peak=0.00000
[120/162] q0119 feature07 sigma=32 TV=0.02096 H=0.02425 peak=0.03125
[121/162] q0120 feature08 sigma=8 TV=0.05416 H=0.05200 peak=0.00000
[122/162] q0121 feature08 sigma=16 TV=0.03635 H=0.03312 peak=0.00000
[123/162] q0122 feature08 sigma=32 TV=0.02481 H=0.02448 peak=0.00000
[124/162] q0123 feature09 sigma=8 TV=0.07617 H=0.06490 peak=0.00000
[125/162] q0124 feature09 sigma=16 TV=0.03846 H=0.03334 peak=0.00000
[126/162] q0125 feature09 sigma=32 TV=0.02337 H=0.02229 peak=0.00000
[127/162] q0126 feature10 sigma=8 TV=0.03850 H=0.03951 peak=0.03125
[128/162] q0127 feature10 sigma=16 TV=0.02853 H=0.02987 peak=0.00000
[129/162] q0128 feature10 sigma=32 TV=0.02042 H=0.02256 peak=0.00000
[130/162] q0129 feature11 sigma=8 TV=0.04986 H=0.06087 peak=0.04419
[131/162] q0130 feature11 sigma=16 TV=0.03138 H=0.03276 peak=0.00000
[132/162] q0131 feature11 sigma=32 TV=0.02724 H=0.02544 peak=0.00000
[133/162] q0132 feature12 sigma=8 TV=0.08102 H=0.10856 peak=0.03125
[134/162] q0133 feature12 sigma=16 TV=0.04159 H=0.05178 peak=0.00000
[135/162] q0134 feature12 sigma=32 TV=0.02242 H=0.03052 peak=0.00000
[136/162] q0135 feature13 sigma=8 TV=0.05751 H=0.06792 peak=0.00000
[137/162] q0136 feature13 sigma=16 TV=0.03679 H=0.04523 peak=0.00000
[138/162] q0137 feature13 sigma=32 TV=0.02295 H=0.03017 peak=0.00000
[139/162] q0138 feature14 sigma=8 TV=0.05939 H=0.06368 peak=0.00000
[140/162] q0139 feature14 sigma=16 TV=0.03056 H=0.04046 peak=0.00000
[141/162] q0140 feature14 sigma=32 TV=0.02356 H=0.02291 peak=0.00000
[142/162] q0141 feature15 sigma=8 TV=0.06464 H=0.09968 peak=0.03125
[143/162] q0142 feature15 sigma=16 TV=0.03330 H=0.05025 peak=0.00000
[144/162] q0143 feature15 sigma=32 TV=0.02561 H=0.02762 peak=0.00000
[145/162] q0144 seam_u0 sigma=8 TV=0.07995 H=0.06852 peak=0.00000
[146/162] q0145 seam_u0 sigma=16 TV=0.04278 H=0.04355 peak=0.00000
[147/162] q0146 seam_u0 sigma=32 TV=0.02058 H=0.02490 peak=0.00000
[148/162] q0147 seam_u1 sigma=8 TV=0.08574 H=0.07672 peak=0.03125
[149/162] q0148 seam_u1 sigma=16 TV=0.04222 H=0.04308 peak=0.00000
[150/162] q0149 seam_u1 sigma=32 TV=0.02091 H=0.02481 peak=0.00000
[151/162] q0150 seam_v0 sigma=8 TV=0.05094 H=0.04669 peak=0.04419
[152/162] q0151 seam_v0 sigma=16 TV=0.02492 H=0.02522 peak=0.00000
[153/162] q0152 seam_v0 sigma=32 TV=0.02370 H=0.02192 peak=0.00000
[154/162] q0153 seam_v1 sigma=8 TV=0.04918 H=0.04834 peak=0.00000
[155/162] q0154 seam_v1 sigma=16 TV=0.02428 H=0.02523 peak=0.00000
[156/162] q0155 seam_v1 sigma=32 TV=0.02337 H=0.02164 peak=0.00000
[157/162] q0156 corner00 sigma=8 TV=0.08655 H=0.09807 peak=0.03125
[158/162] q0157 corner00 sigma=16 TV=0.03890 H=0.04412 peak=0.03125
[159/162] q0158 corner00 sigma=32 TV=0.02242 H=0.02327 peak=0.00000
[160/162] q0159 corner11 sigma=8 TV=0.06921 H=0.07538 peak=0.03125
[161/162] q0160 corner11 sigma=16 TV=0.03605 H=0.04172 peak=0.00000
[162/162] q0161 corner11 sigma=32 TV=0.02254 H=0.02335 peak=0.00000
Wrote C:\Users\sy415\workspace\pndf_qem_phase1\out_quality_local_guard_eps1e-9\metrics_sampled_pndf\brush_qem_normal_ds4_v8192\metrics.csv
Wrote C:\Users\sy415\workspace\pndf_qem_phase1\out_quality_local_guard_eps1e-9\metrics_sampled_pndf\brush_qem_normal_ds4_v8192\summary.txt
