[001/162] q0000 random00 sigma=8 TV=0.43352 H=0.42786 peak=0.00000
[002/162] q0001 random00 sigma=16 TV=0.44612 H=0.41898 peak=0.03125
[003/162] q0002 random00 sigma=32 TV=0.45505 H=0.41395 peak=0.03125
[004/162] q0003 random01 sigma=8 TV=0.54820 H=0.49880 peak=0.03125
[005/162] q0004 random01 sigma=16 TV=0.50050 H=0.44886 peak=0.00000
[006/162] q0005 random01 sigma=32 TV=0.46984 H=0.42333 peak=0.03125
[007/162] q0006 random02 sigma=8 TV=0.53149 H=0.49655 peak=0.00000
[008/162] q0007 random02 sigma=16 TV=0.49271 H=0.45118 peak=0.00000
[009/162] q0008 random02 sigma=32 TV=0.47036 H=0.42899 peak=0.00000
[010/162] q0009 random03 sigma=8 TV=0.49192 H=0.46328 peak=0.00000
[011/162] q0010 random03 sigma=16 TV=0.46591 H=0.43176 peak=0.03125
[012/162] q0011 random03 sigma=32 TV=0.46434 H=0.42412 peak=0.03125
[013/162] q0012 random04 sigma=8 TV=0.57362 H=0.50231 peak=0.03125
[014/162] q0013 random04 sigma=16 TV=0.50188 H=0.44718 peak=0.03125
[015/162] q0014 random04 sigma=32 TV=0.47247 H=0.42423 peak=0.04419
[016/162] q0015 random05 sigma=8 TV=0.54146 H=0.47662 peak=0.03125
[017/162] q0016 random05 sigma=16 TV=0.47094 H=0.43285 peak=0.03125
[018/162] q0017 random05 sigma=32 TV=0.44699 H=0.41529 peak=0.00000
[019/162] q0018 random06 sigma=8 TV=0.58335 H=0.51814 peak=0.03125
[020/162] q0019 random06 sigma=16 TV=0.48203 H=0.43553 peak=0.03125
[021/162] q0020 random06 sigma=32 TV=0.44220 H=0.40901 peak=0.00000
[022/162] q0021 random07 sigma=8 TV=0.52005 H=0.48143 peak=0.06988
[023/162] q0022 random07 sigma=16 TV=0.46257 H=0.42346 peak=0.00000
[024/162] q0023 random07 sigma=32 TV=0.44360 H=0.40668 peak=0.00000
[025/162] q0024 random08 sigma=8 TV=0.49777 H=0.46272 peak=0.00000
[026/162] q0025 random08 sigma=16 TV=0.47671 H=0.43671 peak=0.00000
[027/162] q0026 random08 sigma=32 TV=0.45549 H=0.41657 peak=0.03125
[028/162] q0027 random09 sigma=8 TV=0.49647 H=0.47039 peak=0.03125
[029/162] q0028 random09 sigma=16 TV=0.46350 H=0.43428 peak=0.04419
[030/162] q0029 random09 sigma=32 TV=0.44857 H=0.41597 peak=0.03125
[031/162] q0030 random10 sigma=8 TV=0.43388 H=0.42050 peak=0.04419
[032/162] q0031 random10 sigma=16 TV=0.43367 H=0.40572 peak=0.04419
[033/162] q0032 random10 sigma=32 TV=0.43140 H=0.39937 peak=0.03125
[034/162] q0033 random11 sigma=8 TV=0.48090 H=0.46387 peak=0.03125
[035/162] q0034 random11 sigma=16 TV=0.44858 H=0.41785 peak=0.03125
[036/162] q0035 random11 sigma=32 TV=0.44029 H=0.40439 peak=0.00000
[037/162] q0036 random12 sigma=8 TV=0.46340 H=0.46877 peak=0.03125
[038/162] q0037 random12 sigma=16 TV=0.45490 H=0.43461 peak=0.03125
[039/162] q0038 random12 sigma=32 TV=0.45629 H=0.42011 peak=0.03125
[040/162] q0039 random13 sigma=8 TV=0.52540 H=0.48241 peak=0.03125
[041/162] q0040 random13 sigma=16 TV=0.47236 H=0.43618 peak=0.00000
[042/162] q0041 random13 sigma=32 TV=0.44493 H=0.41468 peak=0.00000
[043/162] q0042 random14 sigma=8 TV=0.56500 H=0.49754 peak=0.04419
[044/162] q0043 random14 sigma=16 TV=0.50643 H=0.44956 peak=0.04419
[045/162] q0044 random14 sigma=32 TV=0.47560 H=0.42572 peak=0.04419
[046/162] q0045 random15 sigma=8 TV=0.46811 H=0.45826 peak=0.03125
[047/162] q0046 random15 sigma=16 TV=0.45137 H=0.41709 peak=0.03125
[048/162] q0047 random15 sigma=32 TV=0.44597 H=0.40692 peak=0.03125
[049/162] q0048 random16 sigma=8 TV=0.48207 H=0.44978 peak=0.03125
[050/162] q0049 random16 sigma=16 TV=0.46788 H=0.42317 peak=0.00000
[051/162] q0050 random16 sigma=32 TV=0.45333 H=0.41411 peak=0.00000
[052/162] q0051 random17 sigma=8 TV=0.50568 H=0.47553 peak=0.00000
[053/162] q0052 random17 sigma=16 TV=0.48543 H=0.44751 peak=0.00000
[054/162] q0053 random17 sigma=32 TV=0.46477 H=0.42662 peak=0.03125
[055/162] q0054 random18 sigma=8 TV=0.50741 H=0.48095 peak=0.04419
[056/162] q0055 random18 sigma=16 TV=0.47641 H=0.44436 peak=0.00000
[057/162] q0056 random18 sigma=32 TV=0.45931 H=0.42338 peak=0.03125
[058/162] q0057 random19 sigma=8 TV=0.45170 H=0.43408 peak=0.00000
[059/162] q0058 random19 sigma=16 TV=0.44956 H=0.41913 peak=0.03125
[060/162] q0059 random19 sigma=32 TV=0.45040 H=0.41198 peak=0.03125
[061/162] q0060 random20 sigma=8 TV=0.52816 H=0.50050 peak=0.03125
[062/162] q0061 random20 sigma=16 TV=0.49186 H=0.44848 peak=0.04419
[063/162] q0062 random20 sigma=32 TV=0.45966 H=0.41792 peak=0.03125
[064/162] q0063 random21 sigma=8 TV=0.46869 H=0.46982 peak=0.03125
[065/162] q0064 random21 sigma=16 TV=0.44482 H=0.42837 peak=0.03125
[066/162] q0065 random21 sigma=32 TV=0.45104 H=0.41454 peak=0.03125
[067/162] q0066 random22 sigma=8 TV=0.41024 H=0.41855 peak=0.04419
[068/162] q0067 random22 sigma=16 TV=0.44028 H=0.41029 peak=0.03125
[069/162] q0068 random22 sigma=32 TV=0.44373 H=0.40484 peak=0.03125
[070/162] q0069 random23 sigma=8 TV=0.48002 H=0.47859 peak=0.04419
[071/162] q0070 random23 sigma=16 TV=0.46784 H=0.44232 peak=0.00000
[072/162] q0071 random23 sigma=32 TV=0.45128 H=0.41933 peak=0.00000
[073/162] q0072 random24 sigma=8 TV=0.55397 H=0.48666 peak=0.00000
[074/162] q0073 random24 sigma=16 TV=0.51354 H=0.44787 peak=0.03125
[075/162] q0074 random24 sigma=32 TV=0.47718 H=0.42826 peak=0.04419
[076/162] q0075 random25 sigma=8 TV=0.45144 H=0.44222 peak=0.00000
[077/162] q0076 random25 sigma=16 TV=0.45488 H=0.42506 peak=0.00000
[078/162] q0077 random25 sigma=32 TV=0.45228 H=0.41530 peak=0.04419
[079/162] q0078 random26 sigma=8 TV=0.48691 H=0.45479 peak=0.03125
[080/162] q0079 random26 sigma=16 TV=0.45836 H=0.42330 peak=0.00000
[081/162] q0080 random26 sigma=32 TV=0.45035 H=0.41328 peak=0.00000
[082/162] q0081 random27 sigma=8 TV=0.45827 H=0.44243 peak=0.03125
[083/162] q0082 random27 sigma=16 TV=0.42554 H=0.40887 peak=0.03125
[084/162] q0083 random27 sigma=32 TV=0.42960 H=0.40191 peak=0.04419
[085/162] q0084 random28 sigma=8 TV=0.50256 H=0.47599 peak=0.03125
[086/162] q0085 random28 sigma=16 TV=0.44855 H=0.42470 peak=0.00000
[087/162] q0086 random28 sigma=32 TV=0.44371 H=0.41090 peak=0.00000
[088/162] q0087 random29 sigma=8 TV=0.44814 H=0.42332 peak=0.00000
[089/162] q0088 random29 sigma=16 TV=0.46298 H=0.41748 peak=0.00000
[090/162] q0089 random29 sigma=32 TV=0.45105 H=0.41159 peak=0.00000
[091/162] q0090 random30 sigma=8 TV=0.54141 H=0.49288 peak=0.00000
[092/162] q0091 random30 sigma=16 TV=0.47076 H=0.43420 peak=0.00000
[093/162] q0092 random30 sigma=32 TV=0.44923 H=0.41428 peak=0.00000
[094/162] q0093 random31 sigma=8 TV=0.58070 H=0.51492 peak=0.00000
[095/162] q0094 random31 sigma=16 TV=0.49336 H=0.43635 peak=0.00000
[096/162] q0095 random31 sigma=32 TV=0.44779 H=0.41120 peak=0.00000
[097/162] q0096 feature00 sigma=8 TV=0.50219 H=0.48640 peak=0.03125
[098/162] q0097 feature00 sigma=16 TV=0.45534 H=0.42914 peak=0.03125
[099/162] q0098 feature00 sigma=32 TV=0.44348 H=0.41228 peak=0.00000
[100/162] q0099 feature01 sigma=8 TV=0.54444 H=0.50366 peak=0.04419
[101/162] q0100 feature01 sigma=16 TV=0.50785 H=0.45314 peak=0.04419
[102/162] q0101 feature01 sigma=32 TV=0.47238 H=0.43089 peak=0.00000
[103/162] q0102 feature02 sigma=8 TV=0.46465 H=0.44837 peak=0.04419
[104/162] q0103 feature02 sigma=16 TV=0.44862 H=0.41878 peak=0.03125
[105/162] q0104 feature02 sigma=32 TV=0.44656 H=0.41382 peak=0.00000
[106/162] q0105 feature03 sigma=8 TV=0.46195 H=0.46172 peak=0.03125
[107/162] q0106 feature03 sigma=16 TV=0.45181 H=0.42518 peak=0.00000
[108/162] q0107 feature03 sigma=32 TV=0.44666 H=0.41333 peak=0.00000
[109/162] q0108 feature04 sigma=8 TV=0.42987 H=0.42075 peak=0.03125
[110/162] q0109 feature04 sigma=16 TV=0.42829 H=0.41132 peak=0.04419
[111/162] q0110 feature04 sigma=32 TV=0.43660 H=0.40729 peak=0.03125
[112/162] q0111 feature05 sigma=8 TV=0.50348 H=0.45990 peak=0.03125
[113/162] q0112 feature05 sigma=16 TV=0.46892 H=0.42421 peak=0.03125
[114/162] q0113 feature05 sigma=32 TV=0.45704 H=0.41638 peak=0.03125
[115/162] q0114 feature06 sigma=8 TV=0.45303 H=0.43952 peak=0.03125
[116/162] q0115 feature06 sigma=16 TV=0.44573 H=0.41599 peak=0.00000
[117/162] q0116 feature06 sigma=32 TV=0.44751 H=0.41012 peak=0.00000
[118/162] q0117 feature07 sigma=8 TV=0.52139 H=0.47764 peak=0.04419
[119/162] q0118 feature07 sigma=16 TV=0.45002 H=0.41449 peak=0.00000
[120/162] q0119 feature07 sigma=32 TV=0.43555 H=0.40355 peak=0.00000
[121/162] q0120 feature08 sigma=8 TV=0.50927 H=0.48264 peak=0.00000
[122/162] q0121 feature08 sigma=16 TV=0.48912 H=0.44611 peak=0.03125
[123/162] q0122 feature08 sigma=32 TV=0.46818 H=0.42516 peak=0.00000
[124/162] q0123 feature09 sigma=8 TV=0.49771 H=0.49255 peak=0.04419
[125/162] q0124 feature09 sigma=16 TV=0.46834 H=0.43688 peak=0.00000
[126/162] q0125 feature09 sigma=32 TV=0.45537 H=0.41691 peak=0.00000
[127/162] q0126 feature10 sigma=8 TV=0.50565 H=0.48697 peak=0.03125
[128/162] q0127 feature10 sigma=16 TV=0.47700 H=0.43811 peak=0.03125
[129/162] q0128 feature10 sigma=32 TV=0.45673 H=0.41805 peak=0.03125
[130/162] q0129 feature11 sigma=8 TV=0.47873 H=0.46696 peak=0.04419
[131/162] q0130 feature11 sigma=16 TV=0.47727 H=0.43584 peak=0.00000
[132/162] q0131 feature11 sigma=32 TV=0.46579 H=0.42385 peak=0.03125
[133/162] q0132 feature12 sigma=8 TV=0.45745 H=0.46027 peak=0.00000
[134/162] q0133 feature12 sigma=16 TV=0.46613 H=0.42325 peak=0.00000
[135/162] q0134 feature12 sigma=32 TV=0.44231 H=0.40357 peak=0.03125
[136/162] q0135 feature13 sigma=8 TV=0.43221 H=0.41896 peak=0.00000
[137/162] q0136 feature13 sigma=16 TV=0.43241 H=0.39955 peak=0.00000
[138/162] q0137 feature13 sigma=32 TV=0.43690 H=0.40232 peak=0.00000
[139/162] q0138 feature14 sigma=8 TV=0.51773 H=0.47009 peak=0.04419
[140/162] q0139 feature14 sigma=16 TV=0.49251 H=0.44410 peak=0.00000
[141/162] q0140 feature14 sigma=32 TV=0.46663 H=0.42316 peak=0.00000
[142/162] q0141 feature15 sigma=8 TV=0.48956 H=0.47368 peak=0.03125
[143/162] q0142 feature15 sigma=16 TV=0.47323 H=0.44243 peak=0.00000
[144/162] q0143 feature15 sigma=32 TV=0.45794 H=0.42224 peak=0.03125
[145/162] q0144 seam_u0 sigma=8 TV=0.45147 H=0.43534 peak=0.03125
[146/162] q0145 seam_u0 sigma=16 TV=0.44612 H=0.40995 peak=0.03125
[147/162] q0146 seam_u0 sigma=32 TV=0.44399 H=0.40636 peak=0.03125
[148/162] q0147 seam_u1 sigma=8 TV=0.49318 H=0.45696 peak=0.03125
[149/162] q0148 seam_u1 sigma=16 TV=0.45220 H=0.41273 peak=0.00000
[150/162] q0149 seam_u1 sigma=32 TV=0.44386 H=0.40590 peak=0.03125
[151/162] q0150 seam_v0 sigma=8 TV=0.49127 H=0.48744 peak=0.03125
[152/162] q0151 seam_v0 sigma=16 TV=0.47775 H=0.44126 peak=0.03125
[153/162] q0152 seam_v0 sigma=32 TV=0.46548 H=0.42338 peak=0.00000
[154/162] q0153 seam_v1 sigma=8 TV=0.47982 H=0.47445 peak=0.03125
[155/162] q0154 seam_v1 sigma=16 TV=0.48448 H=0.44419 peak=0.03125
[156/162] q0155 seam_v1 sigma=32 TV=0.46639 H=0.42373 peak=0.00000
[157/162] q0156 corner00 sigma=8 TV=0.49595 H=0.46803 peak=0.03125
[158/162] q0157 corner00 sigma=16 TV=0.46135 H=0.43058 peak=0.03125
[159/162] q0158 corner00 sigma=32 TV=0.45880 H=0.42063 peak=0.03125
[160/162] q0159 corner11 sigma=8 TV=0.51621 H=0.47506 peak=0.03125
[161/162] q0160 corner11 sigma=16 TV=0.46327 H=0.42774 peak=0.03125
[162/162] q0161 corner11 sigma=32 TV=0.45402 H=0.41761 peak=0.03125
Wrote C:\Users\sy415\workspace\pndf_qem_phase1\out_quality_local_guard_eps1e-9\metrics_sampled_pndf\isotropic_pnm_he_4d_ds4_v4096\metrics.csv
Wrote C:\Users\sy415\workspace\pndf_qem_phase1\out_quality_local_guard_eps1e-9\metrics_sampled_pndf\isotropic_pnm_he_4d_ds4_v4096\summary.txt
