[001/162] q0000 random00 sigma=8 TV=0.14862 H=0.17564 peak=0.03125
[002/162] q0001 random00 sigma=16 TV=0.08713 H=0.17253 peak=0.00000
[003/162] q0002 random00 sigma=32 TV=0.08999 H=0.17921 peak=0.00000
[004/162] q0003 random01 sigma=8 TV=0.21480 H=0.22369 peak=0.04419
[005/162] q0004 random01 sigma=16 TV=0.14281 H=0.20169 peak=0.04419
[006/162] q0005 random01 sigma=32 TV=0.10758 H=0.18826 peak=0.04419
[007/162] q0006 random02 sigma=8 TV=0.16391 H=0.22673 peak=0.04419
[008/162] q0007 random02 sigma=16 TV=0.12030 H=0.19130 peak=0.00000
[009/162] q0008 random02 sigma=32 TV=0.11179 H=0.17311 peak=0.04419
[010/162] q0009 random03 sigma=8 TV=0.14880 H=0.21165 peak=0.04419
[011/162] q0010 random03 sigma=16 TV=0.11480 H=0.19109 peak=0.03125
[012/162] q0011 random03 sigma=32 TV=0.11066 H=0.18879 peak=0.04419
[013/162] q0012 random04 sigma=8 TV=0.14892 H=0.23242 peak=0.04419
[014/162] q0013 random04 sigma=16 TV=0.11872 H=0.20874 peak=0.04419
[015/162] q0014 random04 sigma=32 TV=0.10320 H=0.18711 peak=0.04419
[016/162] q0015 random05 sigma=8 TV=0.17987 H=0.23508 peak=0.03125
[017/162] q0016 random05 sigma=16 TV=0.13806 H=0.20661 peak=0.03125
[018/162] q0017 random05 sigma=32 TV=0.11791 H=0.18509 peak=0.04419
[019/162] q0018 random06 sigma=8 TV=0.15822 H=0.18554 peak=0.03125
[020/162] q0019 random06 sigma=16 TV=0.14217 H=0.17513 peak=0.03125
[021/162] q0020 random06 sigma=32 TV=0.11948 H=0.16276 peak=0.03125
[022/162] q0021 random07 sigma=8 TV=0.06321 H=0.15492 peak=0.04419
[023/162] q0022 random07 sigma=16 TV=0.07582 H=0.16978 peak=0.04419
[024/162] q0023 random07 sigma=32 TV=0.09258 H=0.16600 peak=0.00000
[025/162] q0024 random08 sigma=8 TV=0.23575 H=0.23748 peak=0.03125
[026/162] q0025 random08 sigma=16 TV=0.12704 H=0.19886 peak=0.04419
[027/162] q0026 random08 sigma=32 TV=0.13720 H=0.19015 peak=0.00000
[028/162] q0027 random09 sigma=8 TV=0.09577 H=0.12608 peak=0.00000
[029/162] q0028 random09 sigma=16 TV=0.05894 H=0.12644 peak=0.04419
[030/162] q0029 random09 sigma=32 TV=0.06761 H=0.13544 peak=0.03125
[031/162] q0030 random10 sigma=8 TV=0.09807 H=0.16055 peak=0.00000
[032/162] q0031 random10 sigma=16 TV=0.09350 H=0.14551 peak=0.00000
[033/162] q0032 random10 sigma=32 TV=0.08415 H=0.14739 peak=0.03125
[034/162] q0033 random11 sigma=8 TV=0.14834 H=0.16680 peak=0.03125
[035/162] q0034 random11 sigma=16 TV=0.09995 H=0.16534 peak=0.04419
[036/162] q0035 random11 sigma=32 TV=0.09653 H=0.16862 peak=0.00000
[037/162] q0036 random12 sigma=8 TV=0.14800 H=0.16381 peak=0.03125
[038/162] q0037 random12 sigma=16 TV=0.07836 H=0.12236 peak=0.04419
[039/162] q0038 random12 sigma=32 TV=0.08218 H=0.14101 peak=0.03125
[040/162] q0039 random13 sigma=8 TV=0.11568 H=0.20411 peak=0.00000
[041/162] q0040 random13 sigma=16 TV=0.13408 H=0.19977 peak=0.00000
[042/162] q0041 random13 sigma=32 TV=0.13171 H=0.19028 peak=0.04419
[043/162] q0042 random14 sigma=8 TV=0.18911 H=0.28844 peak=0.03125
[044/162] q0043 random14 sigma=16 TV=0.12469 H=0.21692 peak=0.04419
[045/162] q0044 random14 sigma=32 TV=0.09926 H=0.18595 peak=0.00000
[046/162] q0045 random15 sigma=8 TV=0.21800 H=0.29456 peak=0.04419
[047/162] q0046 random15 sigma=16 TV=0.12772 H=0.22012 peak=0.04419
[048/162] q0047 random15 sigma=32 TV=0.08939 H=0.17983 peak=0.00000
[049/162] q0048 random16 sigma=8 TV=0.18162 H=0.20683 peak=0.03125
[050/162] q0049 random16 sigma=16 TV=0.16116 H=0.18696 peak=0.03125
[051/162] q0050 random16 sigma=32 TV=0.14126 H=0.17270 peak=0.00000
[052/162] q0051 random17 sigma=8 TV=0.09751 H=0.13959 peak=0.00000
[053/162] q0052 random17 sigma=16 TV=0.07132 H=0.12261 peak=0.00000
[054/162] q0053 random17 sigma=32 TV=0.06584 H=0.13491 peak=0.03125
[055/162] q0054 random18 sigma=8 TV=0.12040 H=0.13599 peak=0.00000
[056/162] q0055 random18 sigma=16 TV=0.07260 H=0.11987 peak=0.03125
[057/162] q0056 random18 sigma=32 TV=0.06708 H=0.13275 peak=0.03125
[058/162] q0057 random19 sigma=8 TV=0.14398 H=0.21705 peak=0.04419
[059/162] q0058 random19 sigma=16 TV=0.10704 H=0.19553 peak=0.04419
[060/162] q0059 random19 sigma=32 TV=0.09364 H=0.17464 peak=0.04419
[061/162] q0060 random20 sigma=8 TV=0.17388 H=0.21947 peak=0.04419
[062/162] q0061 random20 sigma=16 TV=0.12210 H=0.19942 peak=0.04419
[063/162] q0062 random20 sigma=32 TV=0.11595 H=0.19109 peak=0.04419
[064/162] q0063 random21 sigma=8 TV=0.24951 H=0.28795 peak=0.03125
[065/162] q0064 random21 sigma=16 TV=0.16715 H=0.21767 peak=0.03125
[066/162] q0065 random21 sigma=32 TV=0.12864 H=0.17371 peak=0.03125
[067/162] q0066 random22 sigma=8 TV=0.16973 H=0.25503 peak=0.04419
[068/162] q0067 random22 sigma=16 TV=0.11613 H=0.21143 peak=0.04419
[069/162] q0068 random22 sigma=32 TV=0.08689 H=0.17740 peak=0.00000
[070/162] q0069 random23 sigma=8 TV=0.17682 H=0.21329 peak=0.03125
[071/162] q0070 random23 sigma=16 TV=0.14873 H=0.20043 peak=0.03125
[072/162] q0071 random23 sigma=32 TV=0.12865 H=0.19294 peak=0.04419
[073/162] q0072 random24 sigma=8 TV=0.15680 H=0.21534 peak=0.00000
[074/162] q0073 random24 sigma=16 TV=0.12083 H=0.20122 peak=0.00000
[075/162] q0074 random24 sigma=32 TV=0.09607 H=0.18062 peak=0.00000
[076/162] q0075 random25 sigma=8 TV=0.17104 H=0.25392 peak=0.04419
[077/162] q0076 random25 sigma=16 TV=0.12086 H=0.20115 peak=0.04419
[078/162] q0077 random25 sigma=32 TV=0.10389 H=0.17229 peak=0.03125
[079/162] q0078 random26 sigma=8 TV=0.24227 H=0.22879 peak=0.00000
[080/162] q0079 random26 sigma=16 TV=0.20505 H=0.20717 peak=0.00000
[081/162] q0080 random26 sigma=32 TV=0.16837 H=0.20079 peak=0.04419
[082/162] q0081 random27 sigma=8 TV=0.11417 H=0.16409 peak=0.03125
[083/162] q0082 random27 sigma=16 TV=0.12589 H=0.16001 peak=0.03125
[084/162] q0083 random27 sigma=32 TV=0.08842 H=0.14439 peak=0.03125
[085/162] q0084 random28 sigma=8 TV=0.12481 H=0.20092 peak=0.04419
[086/162] q0085 random28 sigma=16 TV=0.14217 H=0.19472 peak=0.04419
[087/162] q0086 random28 sigma=32 TV=0.14974 H=0.19375 peak=0.04419
[088/162] q0087 random29 sigma=8 TV=0.15608 H=0.20698 peak=0.00000
[089/162] q0088 random29 sigma=16 TV=0.12687 H=0.17764 peak=0.03125
[090/162] q0089 random29 sigma=32 TV=0.12395 H=0.16775 peak=0.03125
[091/162] q0090 random30 sigma=8 TV=0.14826 H=0.20288 peak=0.04419
[092/162] q0091 random30 sigma=16 TV=0.12645 H=0.18083 peak=0.00000
[093/162] q0092 random30 sigma=32 TV=0.09512 H=0.16522 peak=0.03125
[094/162] q0093 random31 sigma=8 TV=0.15009 H=0.18607 peak=0.03125
[095/162] q0094 random31 sigma=16 TV=0.12945 H=0.17897 peak=0.03125
[096/162] q0095 random31 sigma=32 TV=0.12848 H=0.16883 peak=0.03125
[097/162] q0096 feature00 sigma=8 TV=0.13709 H=0.21099 peak=0.00000
[098/162] q0097 feature00 sigma=16 TV=0.10171 H=0.19154 peak=0.03125
[099/162] q0098 feature00 sigma=32 TV=0.09814 H=0.18336 peak=0.00000
[100/162] q0099 feature01 sigma=8 TV=0.14419 H=0.20858 peak=0.03125
[101/162] q0100 feature01 sigma=16 TV=0.15334 H=0.19385 peak=0.03125
[102/162] q0101 feature01 sigma=32 TV=0.14057 H=0.17420 peak=0.00000
[103/162] q0102 feature02 sigma=8 TV=0.25839 H=0.27877 peak=0.04419
[104/162] q0103 feature02 sigma=16 TV=0.13002 H=0.21231 peak=0.04419
[105/162] q0104 feature02 sigma=32 TV=0.09989 H=0.18226 peak=0.04419
[106/162] q0105 feature03 sigma=8 TV=0.23951 H=0.26121 peak=0.00000
[107/162] q0106 feature03 sigma=16 TV=0.18470 H=0.21645 peak=0.04419
[108/162] q0107 feature03 sigma=32 TV=0.16401 H=0.19145 peak=0.04419
[109/162] q0108 feature04 sigma=8 TV=0.12336 H=0.21183 peak=0.00000
[110/162] q0109 feature04 sigma=16 TV=0.11277 H=0.18949 peak=0.03125
[111/162] q0110 feature04 sigma=32 TV=0.11094 H=0.17161 peak=0.03125
[112/162] q0111 feature05 sigma=8 TV=0.16735 H=0.24949 peak=0.03125
[113/162] q0112 feature05 sigma=16 TV=0.11029 H=0.21571 peak=0.03125
[114/162] q0113 feature05 sigma=32 TV=0.11478 H=0.19459 peak=0.00000
[115/162] q0114 feature06 sigma=8 TV=0.19927 H=0.29950 peak=0.03125
[116/162] q0115 feature06 sigma=16 TV=0.12821 H=0.21926 peak=0.04419
[117/162] q0116 feature06 sigma=32 TV=0.10111 H=0.18577 peak=0.04419
[118/162] q0117 feature07 sigma=8 TV=0.19292 H=0.27463 peak=0.00000
[119/162] q0118 feature07 sigma=16 TV=0.19020 H=0.22027 peak=0.04419
[120/162] q0119 feature07 sigma=32 TV=0.16501 H=0.20012 peak=0.04419
[121/162] q0120 feature08 sigma=8 TV=0.13789 H=0.20320 peak=0.00000
[122/162] q0121 feature08 sigma=16 TV=0.13340 H=0.19385 peak=0.00000
[123/162] q0122 feature08 sigma=32 TV=0.14470 H=0.19281 peak=0.04419
[124/162] q0123 feature09 sigma=8 TV=0.19538 H=0.25691 peak=0.04419
[125/162] q0124 feature09 sigma=16 TV=0.13059 H=0.20546 peak=0.04419
[126/162] q0125 feature09 sigma=32 TV=0.12712 H=0.17731 peak=0.04419
[127/162] q0126 feature10 sigma=8 TV=0.18275 H=0.25282 peak=0.00000
[128/162] q0127 feature10 sigma=16 TV=0.14960 H=0.20189 peak=0.04419
[129/162] q0128 feature10 sigma=32 TV=0.13444 H=0.19167 peak=0.04419
[130/162] q0129 feature11 sigma=8 TV=0.25123 H=0.26093 peak=0.03125
[131/162] q0130 feature11 sigma=16 TV=0.16413 H=0.18024 peak=0.03125
[132/162] q0131 feature11 sigma=32 TV=0.10219 H=0.14878 peak=0.03125
[133/162] q0132 feature12 sigma=8 TV=0.24053 H=0.25978 peak=0.00000
[134/162] q0133 feature12 sigma=16 TV=0.20387 H=0.22674 peak=0.00000
[135/162] q0134 feature12 sigma=32 TV=0.17156 H=0.20213 peak=0.00000
[136/162] q0135 feature13 sigma=8 TV=0.16171 H=0.21026 peak=0.00000
[137/162] q0136 feature13 sigma=16 TV=0.15700 H=0.19358 peak=0.00000
[138/162] q0137 feature13 sigma=32 TV=0.14066 H=0.19435 peak=0.04419
[139/162] q0138 feature14 sigma=8 TV=0.26871 H=0.28381 peak=0.04419
[140/162] q0139 feature14 sigma=16 TV=0.16357 H=0.21939 peak=0.03125
[141/162] q0140 feature14 sigma=32 TV=0.10339 H=0.17851 peak=0.03125
[142/162] q0141 feature15 sigma=8 TV=0.21375 H=0.29135 peak=0.04419
[143/162] q0142 feature15 sigma=16 TV=0.12573 H=0.21842 peak=0.04419
[144/162] q0143 feature15 sigma=32 TV=0.08822 H=0.17889 peak=0.00000
[145/162] q0144 seam_u0 sigma=8 TV=0.13934 H=0.14324 peak=0.00000
[146/162] q0145 seam_u0 sigma=16 TV=0.06851 H=0.14129 peak=0.03125
[147/162] q0146 seam_u0 sigma=32 TV=0.07902 H=0.16142 peak=0.03125
[148/162] q0147 seam_u1 sigma=8 TV=0.11972 H=0.12894 peak=0.00000
[149/162] q0148 seam_u1 sigma=16 TV=0.06604 H=0.14013 peak=0.03125
[150/162] q0149 seam_u1 sigma=32 TV=0.07704 H=0.16019 peak=0.03125
[151/162] q0150 seam_v0 sigma=8 TV=0.16539 H=0.23027 peak=0.03125
[152/162] q0151 seam_v0 sigma=16 TV=0.11443 H=0.16639 peak=0.03125
[153/162] q0152 seam_v0 sigma=32 TV=0.13355 H=0.16798 peak=0.00000
[154/162] q0153 seam_v1 sigma=8 TV=0.14141 H=0.20753 peak=0.03125
[155/162] q0154 seam_v1 sigma=16 TV=0.11238 H=0.15922 peak=0.03125
[156/162] q0155 seam_v1 sigma=32 TV=0.12872 H=0.16477 peak=0.00000
[157/162] q0156 corner00 sigma=8 TV=0.11691 H=0.12858 peak=0.00000
[158/162] q0157 corner00 sigma=16 TV=0.09542 H=0.14126 peak=0.03125
[159/162] q0158 corner00 sigma=32 TV=0.09707 H=0.15408 peak=0.03125
[160/162] q0159 corner11 sigma=8 TV=0.13249 H=0.14817 peak=0.03125
[161/162] q0160 corner11 sigma=16 TV=0.11827 H=0.15334 peak=0.03125
[162/162] q0161 corner11 sigma=32 TV=0.10354 H=0.15592 peak=0.03125
Wrote C:\Users\sy415\workspace\pndf_qem_phase1\out_quality_local_guard_eps1e-9\metrics_sampled_pndf\scratched_qem_4d_ds4_v4096\metrics.csv
Wrote C:\Users\sy415\workspace\pndf_qem_phase1\out_quality_local_guard_eps1e-9\metrics_sampled_pndf\scratched_qem_4d_ds4_v4096\summary.txt
