[001/162] q0000 random00 sigma=8 TV=0.08482 H=0.07569 peak=0.00000
[002/162] q0001 random00 sigma=16 TV=0.03793 H=0.03588 peak=0.00000
[003/162] q0002 random00 sigma=32 TV=0.02381 H=0.02460 peak=0.03125
[004/162] q0003 random01 sigma=8 TV=0.05094 H=0.05185 peak=0.00000
[005/162] q0004 random01 sigma=16 TV=0.03909 H=0.04211 peak=0.03125
[006/162] q0005 random01 sigma=32 TV=0.02607 H=0.02691 peak=0.03125
[007/162] q0006 random02 sigma=8 TV=0.05438 H=0.06726 peak=0.00000
[008/162] q0007 random02 sigma=16 TV=0.02948 H=0.03496 peak=0.00000
[009/162] q0008 random02 sigma=32 TV=0.02503 H=0.02495 peak=0.00000
[010/162] q0009 random03 sigma=8 TV=0.07319 H=0.08442 peak=0.00000
[011/162] q0010 random03 sigma=16 TV=0.04160 H=0.03840 peak=0.03125
[012/162] q0011 random03 sigma=32 TV=0.02635 H=0.02597 peak=0.00000
[013/162] q0012 random04 sigma=8 TV=0.05100 H=0.05124 peak=0.04419
[014/162] q0013 random04 sigma=16 TV=0.03953 H=0.03691 peak=0.00000
[015/162] q0014 random04 sigma=32 TV=0.02644 H=0.02594 peak=0.00000
[016/162] q0015 random05 sigma=8 TV=0.08207 H=0.07896 peak=0.00000
[017/162] q0016 random05 sigma=16 TV=0.05197 H=0.04931 peak=0.00000
[018/162] q0017 random05 sigma=32 TV=0.03221 H=0.03121 peak=0.03125
[019/162] q0018 random06 sigma=8 TV=0.03922 H=0.04459 peak=0.00000
[020/162] q0019 random06 sigma=16 TV=0.03033 H=0.03019 peak=0.00000
[021/162] q0020 random06 sigma=32 TV=0.02603 H=0.02435 peak=0.00000
[022/162] q0021 random07 sigma=8 TV=0.07309 H=0.08781 peak=0.00000
[023/162] q0022 random07 sigma=16 TV=0.04719 H=0.05109 peak=0.00000
[024/162] q0023 random07 sigma=32 TV=0.02562 H=0.02582 peak=0.00000
[025/162] q0024 random08 sigma=8 TV=0.07858 H=0.10657 peak=0.00000
[026/162] q0025 random08 sigma=16 TV=0.04688 H=0.05429 peak=0.00000
[027/162] q0026 random08 sigma=32 TV=0.02933 H=0.02988 peak=0.00000
[028/162] q0027 random09 sigma=8 TV=0.06960 H=0.07468 peak=0.03125
[029/162] q0028 random09 sigma=16 TV=0.04419 H=0.04512 peak=0.04419
[030/162] q0029 random09 sigma=32 TV=0.02769 H=0.02748 peak=0.04419
[031/162] q0030 random10 sigma=8 TV=0.05093 H=0.04638 peak=0.00000
[032/162] q0031 random10 sigma=16 TV=0.03016 H=0.03417 peak=0.00000
[033/162] q0032 random10 sigma=32 TV=0.02588 H=0.02552 peak=0.04419
[034/162] q0033 random11 sigma=8 TV=0.07525 H=0.07729 peak=0.03125
[035/162] q0034 random11 sigma=16 TV=0.04823 H=0.04980 peak=0.00000
[036/162] q0035 random11 sigma=32 TV=0.02668 H=0.02670 peak=0.00000
[037/162] q0036 random12 sigma=8 TV=0.05135 H=0.07237 peak=0.00000
[038/162] q0037 random12 sigma=16 TV=0.03886 H=0.04738 peak=0.04419
[039/162] q0038 random12 sigma=32 TV=0.02697 H=0.02562 peak=0.00000
[040/162] q0039 random13 sigma=8 TV=0.08028 H=0.09433 peak=0.04419
[041/162] q0040 random13 sigma=16 TV=0.05054 H=0.05288 peak=0.03125
[042/162] q0041 random13 sigma=32 TV=0.03270 H=0.03182 peak=0.03125
[043/162] q0042 random14 sigma=8 TV=0.06023 H=0.05183 peak=0.00000
[044/162] q0043 random14 sigma=16 TV=0.03517 H=0.03111 peak=0.00000
[045/162] q0044 random14 sigma=32 TV=0.02629 H=0.02526 peak=0.00000
[046/162] q0045 random15 sigma=8 TV=0.05877 H=0.06018 peak=0.00000
[047/162] q0046 random15 sigma=16 TV=0.03542 H=0.03620 peak=0.00000
[048/162] q0047 random15 sigma=32 TV=0.02227 H=0.02679 peak=0.00000
[049/162] q0048 random16 sigma=8 TV=0.09063 H=0.07629 peak=0.03125
[050/162] q0049 random16 sigma=16 TV=0.04551 H=0.04160 peak=0.03125
[051/162] q0050 random16 sigma=32 TV=0.02831 H=0.02553 peak=0.00000
[052/162] q0051 random17 sigma=8 TV=0.04773 H=0.04831 peak=0.00000
[053/162] q0052 random17 sigma=16 TV=0.02648 H=0.03176 peak=0.00000
[054/162] q0053 random17 sigma=32 TV=0.02580 H=0.02444 peak=0.03125
[055/162] q0054 random18 sigma=8 TV=0.06617 H=0.07499 peak=0.03125
[056/162] q0055 random18 sigma=16 TV=0.03495 H=0.04277 peak=0.03125
[057/162] q0056 random18 sigma=32 TV=0.02719 H=0.02585 peak=0.03125
[058/162] q0057 random19 sigma=8 TV=0.04905 H=0.05325 peak=0.00000
[059/162] q0058 random19 sigma=16 TV=0.03714 H=0.03743 peak=0.00000
[060/162] q0059 random19 sigma=32 TV=0.02382 H=0.02597 peak=0.03125
[061/162] q0060 random20 sigma=8 TV=0.07885 H=0.11272 peak=0.00000
[062/162] q0061 random20 sigma=16 TV=0.04193 H=0.04982 peak=0.04419
[063/162] q0062 random20 sigma=32 TV=0.02564 H=0.02824 peak=0.00000
[064/162] q0063 random21 sigma=8 TV=0.05595 H=0.05946 peak=0.00000
[065/162] q0064 random21 sigma=16 TV=0.03436 H=0.03108 peak=0.00000
[066/162] q0065 random21 sigma=32 TV=0.02506 H=0.02358 peak=0.00000
[067/162] q0066 random22 sigma=8 TV=0.05795 H=0.06814 peak=0.00000
[068/162] q0067 random22 sigma=16 TV=0.03506 H=0.04002 peak=0.00000
[069/162] q0068 random22 sigma=32 TV=0.02228 H=0.02734 peak=0.00000
[070/162] q0069 random23 sigma=8 TV=0.08115 H=0.08505 peak=0.03125
[071/162] q0070 random23 sigma=16 TV=0.03975 H=0.04605 peak=0.03125
[072/162] q0071 random23 sigma=32 TV=0.03002 H=0.03024 peak=0.03125
[073/162] q0072 random24 sigma=8 TV=0.08405 H=0.08901 peak=0.00000
[074/162] q0073 random24 sigma=16 TV=0.03910 H=0.03588 peak=0.06988
[075/162] q0074 random24 sigma=32 TV=0.02399 H=0.02470 peak=0.03125
[076/162] q0075 random25 sigma=8 TV=0.05176 H=0.04587 peak=0.00000
[077/162] q0076 random25 sigma=16 TV=0.03334 H=0.03374 peak=0.00000
[078/162] q0077 random25 sigma=32 TV=0.03141 H=0.02726 peak=0.00000
[079/162] q0078 random26 sigma=8 TV=0.06577 H=0.07680 peak=0.03125
[080/162] q0079 random26 sigma=16 TV=0.04270 H=0.04268 peak=0.03125
[081/162] q0080 random26 sigma=32 TV=0.02945 H=0.02855 peak=0.03125
[082/162] q0081 random27 sigma=8 TV=0.07547 H=0.06155 peak=0.04419
[083/162] q0082 random27 sigma=16 TV=0.05337 H=0.04651 peak=0.00000
[084/162] q0083 random27 sigma=32 TV=0.02705 H=0.02736 peak=0.00000
[085/162] q0084 random28 sigma=8 TV=0.08907 H=0.08669 peak=0.00000
[086/162] q0085 random28 sigma=16 TV=0.05183 H=0.05000 peak=0.00000
[087/162] q0086 random28 sigma=32 TV=0.03344 H=0.03115 peak=0.00000
[088/162] q0087 random29 sigma=8 TV=0.05739 H=0.06281 peak=0.03125
[089/162] q0088 random29 sigma=16 TV=0.04306 H=0.03768 peak=0.00000
[090/162] q0089 random29 sigma=32 TV=0.02684 H=0.02465 peak=0.00000
[091/162] q0090 random30 sigma=8 TV=0.06092 H=0.05401 peak=0.00000
[092/162] q0091 random30 sigma=16 TV=0.04027 H=0.03937 peak=0.00000
[093/162] q0092 random30 sigma=32 TV=0.02779 H=0.02912 peak=0.00000
[094/162] q0093 random31 sigma=8 TV=0.07138 H=0.06486 peak=0.00000
[095/162] q0094 random31 sigma=16 TV=0.03472 H=0.03158 peak=0.00000
[096/162] q0095 random31 sigma=32 TV=0.02604 H=0.02354 peak=0.00000
[097/162] q0096 feature00 sigma=8 TV=0.07561 H=0.09067 peak=0.00000
[098/162] q0097 feature00 sigma=16 TV=0.05018 H=0.05252 peak=0.03125
[099/162] q0098 feature00 sigma=32 TV=0.03270 H=0.03181 peak=0.03125
[100/162] q0099 feature01 sigma=8 TV=0.05438 H=0.05438 peak=0.00000
[101/162] q0100 feature01 sigma=16 TV=0.03875 H=0.03676 peak=0.00000
[102/162] q0101 feature01 sigma=32 TV=0.03097 H=0.02727 peak=0.00000
[103/162] q0102 feature02 sigma=8 TV=0.10816 H=0.10748 peak=0.03125
[104/162] q0103 feature02 sigma=16 TV=0.05753 H=0.05548 peak=0.03125
[105/162] q0104 feature02 sigma=32 TV=0.02899 H=0.02914 peak=0.03125
[106/162] q0105 feature03 sigma=8 TV=0.07409 H=0.08103 peak=0.03125
[107/162] q0106 feature03 sigma=16 TV=0.04314 H=0.05323 peak=0.03125
[108/162] q0107 feature03 sigma=32 TV=0.02701 H=0.02593 peak=0.00000
[109/162] q0108 feature04 sigma=8 TV=0.07260 H=0.11076 peak=0.00000
[110/162] q0109 feature04 sigma=16 TV=0.04459 H=0.05490 peak=0.00000
[111/162] q0110 feature04 sigma=32 TV=0.02903 H=0.02962 peak=0.00000
[112/162] q0111 feature05 sigma=8 TV=0.05565 H=0.04971 peak=0.00000
[113/162] q0112 feature05 sigma=16 TV=0.03528 H=0.03362 peak=0.00000
[114/162] q0113 feature05 sigma=32 TV=0.02949 H=0.02782 peak=0.00000
[115/162] q0114 feature06 sigma=8 TV=0.09292 H=0.08156 peak=0.00000
[116/162] q0115 feature06 sigma=16 TV=0.04585 H=0.04241 peak=0.00000
[117/162] q0116 feature06 sigma=32 TV=0.03011 H=0.02893 peak=0.03125
[118/162] q0117 feature07 sigma=8 TV=0.06818 H=0.07115 peak=0.00000
[119/162] q0118 feature07 sigma=16 TV=0.03115 H=0.04029 peak=0.00000
[120/162] q0119 feature07 sigma=32 TV=0.02270 H=0.02545 peak=0.03125
[121/162] q0120 feature08 sigma=8 TV=0.05840 H=0.05593 peak=0.00000
[122/162] q0121 feature08 sigma=16 TV=0.03656 H=0.03211 peak=0.00000
[123/162] q0122 feature08 sigma=32 TV=0.02566 H=0.02383 peak=0.00000
[124/162] q0123 feature09 sigma=8 TV=0.06297 H=0.06040 peak=0.04419
[125/162] q0124 feature09 sigma=16 TV=0.03773 H=0.03468 peak=0.00000
[126/162] q0125 feature09 sigma=32 TV=0.02638 H=0.02514 peak=0.00000
[127/162] q0126 feature10 sigma=8 TV=0.04926 H=0.05354 peak=0.03125
[128/162] q0127 feature10 sigma=16 TV=0.02476 H=0.03069 peak=0.00000
[129/162] q0128 feature10 sigma=32 TV=0.02431 H=0.02483 peak=0.00000
[130/162] q0129 feature11 sigma=8 TV=0.10015 H=0.08651 peak=0.04419
[131/162] q0130 feature11 sigma=16 TV=0.04749 H=0.04544 peak=0.03125
[132/162] q0131 feature11 sigma=32 TV=0.03244 H=0.02896 peak=0.00000
[133/162] q0132 feature12 sigma=8 TV=0.08245 H=0.07885 peak=0.00000
[134/162] q0133 feature12 sigma=16 TV=0.03806 H=0.04305 peak=0.00000
[135/162] q0134 feature12 sigma=32 TV=0.02543 H=0.02754 peak=0.03125
[136/162] q0135 feature13 sigma=8 TV=0.07855 H=0.07658 peak=0.00000
[137/162] q0136 feature13 sigma=16 TV=0.05303 H=0.04829 peak=0.00000
[138/162] q0137 feature13 sigma=32 TV=0.03202 H=0.03093 peak=0.03125
[139/162] q0138 feature14 sigma=8 TV=0.06480 H=0.07088 peak=0.03125
[140/162] q0139 feature14 sigma=16 TV=0.04523 H=0.04735 peak=0.04419
[141/162] q0140 feature14 sigma=32 TV=0.02880 H=0.02927 peak=0.00000
[142/162] q0141 feature15 sigma=8 TV=0.06966 H=0.10078 peak=0.00000
[143/162] q0142 feature15 sigma=16 TV=0.04250 H=0.05120 peak=0.00000
[144/162] q0143 feature15 sigma=32 TV=0.02593 H=0.02537 peak=0.00000
[145/162] q0144 seam_u0 sigma=8 TV=0.06582 H=0.05946 peak=0.00000
[146/162] q0145 seam_u0 sigma=16 TV=0.04200 H=0.04299 peak=0.00000
[147/162] q0146 seam_u0 sigma=32 TV=0.02304 H=0.02595 peak=0.03125
[148/162] q0147 seam_u1 sigma=8 TV=0.06085 H=0.05725 peak=0.00000
[149/162] q0148 seam_u1 sigma=16 TV=0.03851 H=0.04194 peak=0.00000
[150/162] q0149 seam_u1 sigma=32 TV=0.02293 H=0.02576 peak=0.03125
[151/162] q0150 seam_v0 sigma=8 TV=0.06989 H=0.06069 peak=0.04419
[152/162] q0151 seam_v0 sigma=16 TV=0.03554 H=0.03620 peak=0.00000
[153/162] q0152 seam_v0 sigma=32 TV=0.03010 H=0.02802 peak=0.00000
[154/162] q0153 seam_v1 sigma=8 TV=0.07940 H=0.07011 peak=0.00000
[155/162] q0154 seam_v1 sigma=16 TV=0.03987 H=0.03706 peak=0.00000
[156/162] q0155 seam_v1 sigma=32 TV=0.03099 H=0.02833 peak=0.00000
[157/162] q0156 corner00 sigma=8 TV=0.08616 H=0.09630 peak=0.03125
[158/162] q0157 corner00 sigma=16 TV=0.04548 H=0.05469 peak=0.03125
[159/162] q0158 corner00 sigma=32 TV=0.02741 H=0.02608 peak=0.00000
[160/162] q0159 corner11 sigma=8 TV=0.06521 H=0.07400 peak=0.03125
[161/162] q0160 corner11 sigma=16 TV=0.04016 H=0.05026 peak=0.00000
[162/162] q0161 corner11 sigma=32 TV=0.02678 H=0.02571 peak=0.00000
Wrote C:\Users\sy415\workspace\pndf_qem_phase1\out_quality_local_guard_eps1e-9\metrics_sampled_pndf\brush_pnm_he_normal_ds4_v8192\metrics.csv
Wrote C:\Users\sy415\workspace\pndf_qem_phase1\out_quality_local_guard_eps1e-9\metrics_sampled_pndf\brush_pnm_he_normal_ds4_v8192\summary.txt
