[001/162] q0000 random00 sigma=8 TV=0.35454 H=0.34788 peak=0.03125
[002/162] q0001 random00 sigma=16 TV=0.32795 H=0.29939 peak=0.03125
[003/162] q0002 random00 sigma=32 TV=0.33101 H=0.29014 peak=0.03125
[004/162] q0003 random01 sigma=8 TV=0.34957 H=0.33721 peak=0.03125
[005/162] q0004 random01 sigma=16 TV=0.34183 H=0.31270 peak=0.03125
[006/162] q0005 random01 sigma=32 TV=0.33833 H=0.29879 peak=0.03125
[007/162] q0006 random02 sigma=8 TV=0.33909 H=0.33709 peak=0.04419
[008/162] q0007 random02 sigma=16 TV=0.32671 H=0.30486 peak=0.04419
[009/162] q0008 random02 sigma=32 TV=0.33716 H=0.29735 peak=0.04419
[010/162] q0009 random03 sigma=8 TV=0.40465 H=0.38183 peak=0.03125
[011/162] q0010 random03 sigma=16 TV=0.36500 H=0.33132 peak=0.00000
[012/162] q0011 random03 sigma=32 TV=0.34540 H=0.30545 peak=0.03125
[013/162] q0012 random04 sigma=8 TV=0.31613 H=0.32964 peak=0.03125
[014/162] q0013 random04 sigma=16 TV=0.33384 H=0.31000 peak=0.03125
[015/162] q0014 random04 sigma=32 TV=0.33969 H=0.29929 peak=0.03125
[016/162] q0015 random05 sigma=8 TV=0.39975 H=0.36959 peak=0.04419
[017/162] q0016 random05 sigma=16 TV=0.35142 H=0.31716 peak=0.00000
[018/162] q0017 random05 sigma=32 TV=0.33472 H=0.29615 peak=0.03125
[019/162] q0018 random06 sigma=8 TV=0.39098 H=0.36931 peak=0.03125
[020/162] q0019 random06 sigma=16 TV=0.34255 H=0.31582 peak=0.03125
[021/162] q0020 random06 sigma=32 TV=0.32787 H=0.29317 peak=0.00000
[022/162] q0021 random07 sigma=8 TV=0.35378 H=0.35350 peak=0.04419
[023/162] q0022 random07 sigma=16 TV=0.33084 H=0.30511 peak=0.04419
[024/162] q0023 random07 sigma=32 TV=0.32614 H=0.28929 peak=0.04419
[025/162] q0024 random08 sigma=8 TV=0.35778 H=0.36778 peak=0.03125
[026/162] q0025 random08 sigma=16 TV=0.35249 H=0.32835 peak=0.03125
[027/162] q0026 random08 sigma=32 TV=0.33876 H=0.30120 peak=0.03125
[028/162] q0027 random09 sigma=8 TV=0.37044 H=0.35983 peak=0.03125
[029/162] q0028 random09 sigma=16 TV=0.34414 H=0.31828 peak=0.03125
[030/162] q0029 random09 sigma=32 TV=0.33658 H=0.29700 peak=0.03125
[031/162] q0030 random10 sigma=8 TV=0.35547 H=0.35042 peak=0.04419
[032/162] q0031 random10 sigma=16 TV=0.32637 H=0.30412 peak=0.04419
[033/162] q0032 random10 sigma=32 TV=0.32284 H=0.28561 peak=0.03125
[034/162] q0033 random11 sigma=8 TV=0.33374 H=0.33749 peak=0.04419
[035/162] q0034 random11 sigma=16 TV=0.32974 H=0.30293 peak=0.03125
[036/162] q0035 random11 sigma=32 TV=0.32507 H=0.28736 peak=0.04419
[037/162] q0036 random12 sigma=8 TV=0.36146 H=0.36385 peak=0.03125
[038/162] q0037 random12 sigma=16 TV=0.34824 H=0.32272 peak=0.03125
[039/162] q0038 random12 sigma=32 TV=0.34027 H=0.30157 peak=0.03125
[040/162] q0039 random13 sigma=8 TV=0.36293 H=0.34598 peak=0.03125
[041/162] q0040 random13 sigma=16 TV=0.34447 H=0.31006 peak=0.03125
[042/162] q0041 random13 sigma=32 TV=0.33220 H=0.29427 peak=0.03125
[043/162] q0042 random14 sigma=8 TV=0.34512 H=0.34324 peak=0.03125
[044/162] q0043 random14 sigma=16 TV=0.33779 H=0.31282 peak=0.03125
[045/162] q0044 random14 sigma=32 TV=0.34227 H=0.30101 peak=0.03125
[046/162] q0045 random15 sigma=8 TV=0.30113 H=0.30466 peak=0.03125
[047/162] q0046 random15 sigma=16 TV=0.31139 H=0.28578 peak=0.03125
[048/162] q0047 random15 sigma=32 TV=0.32205 H=0.28442 peak=0.03125
[049/162] q0048 random16 sigma=8 TV=0.36641 H=0.35143 peak=0.00000
[050/162] q0049 random16 sigma=16 TV=0.33687 H=0.31480 peak=0.04419
[051/162] q0050 random16 sigma=32 TV=0.33645 H=0.29900 peak=0.00000
[052/162] q0051 random17 sigma=8 TV=0.35147 H=0.35285 peak=0.04419
[053/162] q0052 random17 sigma=16 TV=0.33910 H=0.31760 peak=0.03125
[054/162] q0053 random17 sigma=32 TV=0.33971 H=0.29940 peak=0.03125
[055/162] q0054 random18 sigma=8 TV=0.38604 H=0.35877 peak=0.03125
[056/162] q0055 random18 sigma=16 TV=0.33916 H=0.31544 peak=0.04419
[057/162] q0056 random18 sigma=32 TV=0.33845 H=0.29795 peak=0.03125
[058/162] q0057 random19 sigma=8 TV=0.32672 H=0.32558 peak=0.00000
[059/162] q0058 random19 sigma=16 TV=0.33162 H=0.30370 peak=0.03125
[060/162] q0059 random19 sigma=32 TV=0.33272 H=0.29309 peak=0.03125
[061/162] q0060 random20 sigma=8 TV=0.38854 H=0.37417 peak=0.03125
[062/162] q0061 random20 sigma=16 TV=0.35328 H=0.32007 peak=0.03125
[063/162] q0062 random20 sigma=32 TV=0.33443 H=0.29649 peak=0.03125
[064/162] q0063 random21 sigma=8 TV=0.38551 H=0.37891 peak=0.03125
[065/162] q0064 random21 sigma=16 TV=0.35593 H=0.33026 peak=0.04419
[066/162] q0065 random21 sigma=32 TV=0.34026 H=0.30256 peak=0.03125
[067/162] q0066 random22 sigma=8 TV=0.29214 H=0.29168 peak=0.00000
[068/162] q0067 random22 sigma=16 TV=0.31018 H=0.28566 peak=0.03125
[069/162] q0068 random22 sigma=32 TV=0.32072 H=0.28350 peak=0.03125
[070/162] q0069 random23 sigma=8 TV=0.36097 H=0.34983 peak=0.03125
[071/162] q0070 random23 sigma=16 TV=0.34429 H=0.31437 peak=0.00000
[072/162] q0071 random23 sigma=32 TV=0.33465 H=0.29819 peak=0.00000
[073/162] q0072 random24 sigma=8 TV=0.38491 H=0.36267 peak=0.03125
[074/162] q0073 random24 sigma=16 TV=0.36116 H=0.32411 peak=0.00000
[075/162] q0074 random24 sigma=32 TV=0.34676 H=0.30435 peak=0.03125
[076/162] q0075 random25 sigma=8 TV=0.36265 H=0.35497 peak=0.03125
[077/162] q0076 random25 sigma=16 TV=0.34245 H=0.31798 peak=0.03125
[078/162] q0077 random25 sigma=32 TV=0.33989 H=0.30013 peak=0.03125
[079/162] q0078 random26 sigma=8 TV=0.36120 H=0.36083 peak=0.03125
[080/162] q0079 random26 sigma=16 TV=0.34211 H=0.31908 peak=0.03125
[081/162] q0080 random26 sigma=32 TV=0.33586 H=0.29866 peak=0.03125
[082/162] q0081 random27 sigma=8 TV=0.33220 H=0.33874 peak=0.04419
[083/162] q0082 random27 sigma=16 TV=0.30325 H=0.28901 peak=0.04419
[084/162] q0083 random27 sigma=32 TV=0.31846 H=0.28283 peak=0.04419
[085/162] q0084 random28 sigma=8 TV=0.35071 H=0.35613 peak=0.00000
[086/162] q0085 random28 sigma=16 TV=0.33341 H=0.30543 peak=0.00000
[087/162] q0086 random28 sigma=32 TV=0.33024 H=0.29267 peak=0.00000
[088/162] q0087 random29 sigma=8 TV=0.33651 H=0.33143 peak=0.04419
[089/162] q0088 random29 sigma=16 TV=0.32698 H=0.30791 peak=0.04419
[090/162] q0089 random29 sigma=32 TV=0.33008 H=0.29487 peak=0.04419
[091/162] q0090 random30 sigma=8 TV=0.35973 H=0.33600 peak=0.00000
[092/162] q0091 random30 sigma=16 TV=0.34039 H=0.30747 peak=0.00000
[093/162] q0092 random30 sigma=32 TV=0.33772 H=0.29830 peak=0.00000
[094/162] q0093 random31 sigma=8 TV=0.39610 H=0.36747 peak=0.04419
[095/162] q0094 random31 sigma=16 TV=0.34803 H=0.31919 peak=0.04419
[096/162] q0095 random31 sigma=32 TV=0.33125 H=0.29589 peak=0.00000
[097/162] q0096 feature00 sigma=8 TV=0.35949 H=0.35386 peak=0.00000
[098/162] q0097 feature00 sigma=16 TV=0.33986 H=0.31466 peak=0.00000
[099/162] q0098 feature00 sigma=32 TV=0.33571 H=0.29637 peak=0.00000
[100/162] q0099 feature01 sigma=8 TV=0.37704 H=0.35463 peak=0.00000
[101/162] q0100 feature01 sigma=16 TV=0.33628 H=0.30639 peak=0.00000
[102/162] q0101 feature01 sigma=32 TV=0.33807 H=0.29769 peak=0.00000
[103/162] q0102 feature02 sigma=8 TV=0.31653 H=0.32278 peak=0.03125
[104/162] q0103 feature02 sigma=16 TV=0.32197 H=0.30544 peak=0.03125
[105/162] q0104 feature02 sigma=32 TV=0.33170 H=0.29687 peak=0.00000
[106/162] q0105 feature03 sigma=8 TV=0.32060 H=0.34113 peak=0.00000
[107/162] q0106 feature03 sigma=16 TV=0.32711 H=0.30456 peak=0.00000
[108/162] q0107 feature03 sigma=32 TV=0.33416 H=0.29711 peak=0.00000
[109/162] q0108 feature04 sigma=8 TV=0.33649 H=0.33943 peak=0.03125
[110/162] q0109 feature04 sigma=16 TV=0.32701 H=0.30991 peak=0.04419
[111/162] q0110 feature04 sigma=32 TV=0.32893 H=0.29366 peak=0.03125
[112/162] q0111 feature05 sigma=8 TV=0.36609 H=0.36889 peak=0.03125
[113/162] q0112 feature05 sigma=16 TV=0.34320 H=0.31934 peak=0.03125
[114/162] q0113 feature05 sigma=32 TV=0.34054 H=0.30112 peak=0.03125
[115/162] q0114 feature06 sigma=8 TV=0.33392 H=0.33762 peak=0.04419
[116/162] q0115 feature06 sigma=16 TV=0.31378 H=0.30142 peak=0.04419
[117/162] q0116 feature06 sigma=32 TV=0.32571 H=0.29121 peak=0.04419
[118/162] q0117 feature07 sigma=8 TV=0.36880 H=0.36560 peak=0.04419
[119/162] q0118 feature07 sigma=16 TV=0.33350 H=0.31233 peak=0.00000
[120/162] q0119 feature07 sigma=32 TV=0.32920 H=0.29228 peak=0.00000
[121/162] q0120 feature08 sigma=8 TV=0.36473 H=0.34863 peak=0.03125
[122/162] q0121 feature08 sigma=16 TV=0.35804 H=0.32009 peak=0.03125
[123/162] q0122 feature08 sigma=32 TV=0.34743 H=0.30354 peak=0.00000
[124/162] q0123 feature09 sigma=8 TV=0.37273 H=0.34888 peak=0.03125
[125/162] q0124 feature09 sigma=16 TV=0.34661 H=0.31671 peak=0.03125
[126/162] q0125 feature09 sigma=32 TV=0.33739 H=0.29907 peak=0.03125
[127/162] q0126 feature10 sigma=8 TV=0.37098 H=0.36594 peak=0.03125
[128/162] q0127 feature10 sigma=16 TV=0.35397 H=0.31898 peak=0.03125
[129/162] q0128 feature10 sigma=32 TV=0.34373 H=0.30242 peak=0.03125
[130/162] q0129 feature11 sigma=8 TV=0.37787 H=0.37166 peak=0.04419
[131/162] q0130 feature11 sigma=16 TV=0.36429 H=0.33456 peak=0.03125
[132/162] q0131 feature11 sigma=32 TV=0.34598 H=0.30522 peak=0.04419
[133/162] q0132 feature12 sigma=8 TV=0.31047 H=0.32702 peak=0.00000
[134/162] q0133 feature12 sigma=16 TV=0.31828 H=0.29654 peak=0.04419
[135/162] q0134 feature12 sigma=32 TV=0.32017 H=0.28176 peak=0.03125
[136/162] q0135 feature13 sigma=8 TV=0.32007 H=0.31336 peak=0.00000
[137/162] q0136 feature13 sigma=16 TV=0.31448 H=0.28978 peak=0.00000
[138/162] q0137 feature13 sigma=32 TV=0.32558 H=0.28863 peak=0.00000
[139/162] q0138 feature14 sigma=8 TV=0.41808 H=0.39957 peak=0.04419
[140/162] q0139 feature14 sigma=16 TV=0.37518 H=0.33994 peak=0.00000
[141/162] q0140 feature14 sigma=32 TV=0.35072 H=0.30670 peak=0.00000
[142/162] q0141 feature15 sigma=8 TV=0.36824 H=0.35971 peak=0.04419
[143/162] q0142 feature15 sigma=16 TV=0.34284 H=0.31976 peak=0.04419
[144/162] q0143 feature15 sigma=32 TV=0.33832 H=0.29835 peak=0.03125
[145/162] q0144 seam_u0 sigma=8 TV=0.32514 H=0.33814 peak=0.03125
[146/162] q0145 seam_u0 sigma=16 TV=0.32672 H=0.29708 peak=0.03125
[147/162] q0146 seam_u0 sigma=32 TV=0.32621 H=0.28547 peak=0.03125
[148/162] q0147 seam_u1 sigma=8 TV=0.34665 H=0.34654 peak=0.03125
[149/162] q0148 seam_u1 sigma=16 TV=0.32672 H=0.29688 peak=0.04419
[150/162] q0149 seam_u1 sigma=32 TV=0.32514 H=0.28450 peak=0.03125
[151/162] q0150 seam_v0 sigma=8 TV=0.39045 H=0.36695 peak=0.04419
[152/162] q0151 seam_v0 sigma=16 TV=0.36205 H=0.32333 peak=0.04419
[153/162] q0152 seam_v0 sigma=32 TV=0.34763 H=0.30390 peak=0.00000
[154/162] q0153 seam_v1 sigma=8 TV=0.40262 H=0.37369 peak=0.04419
[155/162] q0154 seam_v1 sigma=16 TV=0.36434 H=0.32825 peak=0.04419
[156/162] q0155 seam_v1 sigma=32 TV=0.34889 H=0.30483 peak=0.00000
[157/162] q0156 corner00 sigma=8 TV=0.37101 H=0.35937 peak=0.00000
[158/162] q0157 corner00 sigma=16 TV=0.35147 H=0.32169 peak=0.03125
[159/162] q0158 corner00 sigma=32 TV=0.34239 H=0.30368 peak=0.03125
[160/162] q0159 corner11 sigma=8 TV=0.40444 H=0.38380 peak=0.04419
[161/162] q0160 corner11 sigma=16 TV=0.35600 H=0.32624 peak=0.04419
[162/162] q0161 corner11 sigma=32 TV=0.34125 H=0.30316 peak=0.03125
Wrote C:\Users\sy415\workspace\pndf_qem_phase1\out_quality_local_guard_eps1e-9\metrics_sampled_pndf\isotropic_pnm_he_normal_ds4_v8192\metrics.csv
Wrote C:\Users\sy415\workspace\pndf_qem_phase1\out_quality_local_guard_eps1e-9\metrics_sampled_pndf\isotropic_pnm_he_normal_ds4_v8192\summary.txt
