[001/162] q0000 random00 sigma=8 TV=0.52547 H=0.50949 peak=0.03125
[002/162] q0001 random00 sigma=16 TV=0.49252 H=0.45830 peak=0.03125
[003/162] q0002 random00 sigma=32 TV=0.47682 H=0.44003 peak=0.03125
[004/162] q0003 random01 sigma=8 TV=0.51438 H=0.49525 peak=0.03125
[005/162] q0004 random01 sigma=16 TV=0.49102 H=0.45996 peak=0.00000
[006/162] q0005 random01 sigma=32 TV=0.48274 H=0.44367 peak=0.03125
[007/162] q0006 random02 sigma=8 TV=0.51347 H=0.50163 peak=0.03125
[008/162] q0007 random02 sigma=16 TV=0.46334 H=0.45120 peak=0.03125
[009/162] q0008 random02 sigma=32 TV=0.47533 H=0.44084 peak=0.03125
[010/162] q0009 random03 sigma=8 TV=0.52553 H=0.49947 peak=0.04419
[011/162] q0010 random03 sigma=16 TV=0.48644 H=0.47027 peak=0.04419
[012/162] q0011 random03 sigma=32 TV=0.48489 H=0.44909 peak=0.03125
[013/162] q0012 random04 sigma=8 TV=0.45652 H=0.45087 peak=0.00000
[014/162] q0013 random04 sigma=16 TV=0.48625 H=0.45287 peak=0.03125
[015/162] q0014 random04 sigma=32 TV=0.48328 H=0.44345 peak=0.03125
[016/162] q0015 random05 sigma=8 TV=0.53561 H=0.50953 peak=0.00000
[017/162] q0016 random05 sigma=16 TV=0.50463 H=0.47892 peak=0.00000
[018/162] q0017 random05 sigma=32 TV=0.49049 H=0.46216 peak=0.03125
[019/162] q0018 random06 sigma=8 TV=0.57201 H=0.53678 peak=0.04419
[020/162] q0019 random06 sigma=16 TV=0.50171 H=0.46587 peak=0.04419
[021/162] q0020 random06 sigma=32 TV=0.46608 H=0.43522 peak=0.03125
[022/162] q0021 random07 sigma=8 TV=0.47122 H=0.47936 peak=0.04419
[023/162] q0022 random07 sigma=16 TV=0.47701 H=0.45783 peak=0.03125
[024/162] q0023 random07 sigma=32 TV=0.47998 H=0.45226 peak=0.03125
[025/162] q0024 random08 sigma=8 TV=0.48310 H=0.47511 peak=0.03125
[026/162] q0025 random08 sigma=16 TV=0.47309 H=0.45315 peak=0.03125
[027/162] q0026 random08 sigma=32 TV=0.47820 H=0.44619 peak=0.03125
[028/162] q0027 random09 sigma=8 TV=0.49366 H=0.48359 peak=0.00000
[029/162] q0028 random09 sigma=16 TV=0.47810 H=0.44945 peak=0.00000
[030/162] q0029 random09 sigma=32 TV=0.47253 H=0.44095 peak=0.04419
[031/162] q0030 random10 sigma=8 TV=0.47495 H=0.48673 peak=0.03125
[032/162] q0031 random10 sigma=16 TV=0.47029 H=0.45976 peak=0.03125
[033/162] q0032 random10 sigma=32 TV=0.46590 H=0.43918 peak=0.04419
[034/162] q0033 random11 sigma=8 TV=0.49184 H=0.48037 peak=0.04419
[035/162] q0034 random11 sigma=16 TV=0.48121 H=0.46001 peak=0.04419
[036/162] q0035 random11 sigma=32 TV=0.48123 H=0.45406 peak=0.03125
[037/162] q0036 random12 sigma=8 TV=0.49682 H=0.47936 peak=0.03125
[038/162] q0037 random12 sigma=16 TV=0.47793 H=0.44785 peak=0.04419
[039/162] q0038 random12 sigma=32 TV=0.46945 H=0.43820 peak=0.04419
[040/162] q0039 random13 sigma=8 TV=0.49029 H=0.48620 peak=0.03125
[041/162] q0040 random13 sigma=16 TV=0.48449 H=0.46880 peak=0.03125
[042/162] q0041 random13 sigma=32 TV=0.48794 H=0.45979 peak=0.03125
[043/162] q0042 random14 sigma=8 TV=0.45199 H=0.43937 peak=0.04419
[044/162] q0043 random14 sigma=16 TV=0.48532 H=0.45269 peak=0.03125
[045/162] q0044 random14 sigma=32 TV=0.48416 H=0.44373 peak=0.03125
[046/162] q0045 random15 sigma=8 TV=0.49481 H=0.49740 peak=0.03125
[047/162] q0046 random15 sigma=16 TV=0.49450 H=0.46615 peak=0.03125
[048/162] q0047 random15 sigma=32 TV=0.48143 H=0.44603 peak=0.03125
[049/162] q0048 random16 sigma=8 TV=0.45533 H=0.44614 peak=0.00000
[050/162] q0049 random16 sigma=16 TV=0.48499 H=0.45802 peak=0.03125
[051/162] q0050 random16 sigma=32 TV=0.47446 H=0.44161 peak=0.03125
[052/162] q0051 random17 sigma=8 TV=0.51722 H=0.52425 peak=0.04419
[053/162] q0052 random17 sigma=16 TV=0.48531 H=0.46942 peak=0.04419
[054/162] q0053 random17 sigma=32 TV=0.47442 H=0.44325 peak=0.04419
[055/162] q0054 random18 sigma=8 TV=0.53444 H=0.50905 peak=0.00000
[056/162] q0055 random18 sigma=16 TV=0.48726 H=0.45931 peak=0.04419
[057/162] q0056 random18 sigma=32 TV=0.47314 H=0.44165 peak=0.04419
[058/162] q0057 random19 sigma=8 TV=0.47707 H=0.46549 peak=0.04419
[059/162] q0058 random19 sigma=16 TV=0.44762 H=0.42952 peak=0.03125
[060/162] q0059 random19 sigma=32 TV=0.46833 H=0.43639 peak=0.03125
[061/162] q0060 random20 sigma=8 TV=0.51828 H=0.52132 peak=0.03125
[062/162] q0061 random20 sigma=16 TV=0.48833 H=0.46419 peak=0.03125
[063/162] q0062 random20 sigma=32 TV=0.48124 H=0.44591 peak=0.03125
[064/162] q0063 random21 sigma=8 TV=0.51872 H=0.48155 peak=0.03125
[065/162] q0064 random21 sigma=16 TV=0.47339 H=0.44866 peak=0.03125
[066/162] q0065 random21 sigma=32 TV=0.46796 H=0.43507 peak=0.04419
[067/162] q0066 random22 sigma=8 TV=0.50628 H=0.49322 peak=0.00000
[068/162] q0067 random22 sigma=16 TV=0.49205 H=0.46498 peak=0.03125
[069/162] q0068 random22 sigma=32 TV=0.48094 H=0.44683 peak=0.03125
[070/162] q0069 random23 sigma=8 TV=0.55912 H=0.52678 peak=0.06988
[071/162] q0070 random23 sigma=16 TV=0.49245 H=0.47216 peak=0.00000
[072/162] q0071 random23 sigma=32 TV=0.48683 H=0.45657 peak=0.00000
[073/162] q0072 random24 sigma=8 TV=0.51046 H=0.49038 peak=0.04419
[074/162] q0073 random24 sigma=16 TV=0.49319 H=0.46017 peak=0.00000
[075/162] q0074 random24 sigma=32 TV=0.48653 H=0.44568 peak=0.03125
[076/162] q0075 random25 sigma=8 TV=0.50931 H=0.48708 peak=0.03125
[077/162] q0076 random25 sigma=16 TV=0.50137 H=0.47666 peak=0.03125
[078/162] q0077 random25 sigma=32 TV=0.48841 H=0.46100 peak=0.03125
[079/162] q0078 random26 sigma=8 TV=0.52758 H=0.50161 peak=0.03125
[080/162] q0079 random26 sigma=16 TV=0.50071 H=0.46901 peak=0.03125
[081/162] q0080 random26 sigma=32 TV=0.48457 H=0.45175 peak=0.03125
[082/162] q0081 random27 sigma=8 TV=0.47031 H=0.46887 peak=0.03125
[083/162] q0082 random27 sigma=16 TV=0.46099 H=0.44077 peak=0.03125
[084/162] q0083 random27 sigma=32 TV=0.46170 H=0.43448 peak=0.03125
[085/162] q0084 random28 sigma=8 TV=0.48803 H=0.47360 peak=0.03125
[086/162] q0085 random28 sigma=16 TV=0.47618 H=0.45906 peak=0.03125
[087/162] q0086 random28 sigma=32 TV=0.48529 H=0.45853 peak=0.03125
[088/162] q0087 random29 sigma=8 TV=0.53859 H=0.50852 peak=0.03125
[089/162] q0088 random29 sigma=16 TV=0.48959 H=0.46270 peak=0.03125
[090/162] q0089 random29 sigma=32 TV=0.47273 H=0.44205 peak=0.03125
[091/162] q0090 random30 sigma=8 TV=0.50251 H=0.48637 peak=0.04419
[092/162] q0091 random30 sigma=16 TV=0.49844 H=0.46891 peak=0.04419
[093/162] q0092 random30 sigma=32 TV=0.48937 H=0.45520 peak=0.04419
[094/162] q0093 random31 sigma=8 TV=0.55559 H=0.53821 peak=0.04419
[095/162] q0094 random31 sigma=16 TV=0.50895 H=0.47036 peak=0.03125
[096/162] q0095 random31 sigma=32 TV=0.46979 H=0.43803 peak=0.03125
[097/162] q0096 feature00 sigma=8 TV=0.51952 H=0.48886 peak=0.00000
[098/162] q0097 feature00 sigma=16 TV=0.47940 H=0.45561 peak=0.00000
[099/162] q0098 feature00 sigma=32 TV=0.47771 H=0.44439 peak=0.04419
[100/162] q0099 feature01 sigma=8 TV=0.51027 H=0.50996 peak=0.03125
[101/162] q0100 feature01 sigma=16 TV=0.47888 H=0.46037 peak=0.03125
[102/162] q0101 feature01 sigma=32 TV=0.47740 H=0.44299 peak=0.03125
[103/162] q0102 feature02 sigma=8 TV=0.55814 H=0.53049 peak=0.03125
[104/162] q0103 feature02 sigma=16 TV=0.50292 H=0.47289 peak=0.03125
[105/162] q0104 feature02 sigma=32 TV=0.48634 H=0.45293 peak=0.00000
[106/162] q0105 feature03 sigma=8 TV=0.52778 H=0.51196 peak=0.03125
[107/162] q0106 feature03 sigma=16 TV=0.50290 H=0.47624 peak=0.04419
[108/162] q0107 feature03 sigma=32 TV=0.49110 H=0.45743 peak=0.00000
[109/162] q0108 feature04 sigma=8 TV=0.47762 H=0.45690 peak=0.03125
[110/162] q0109 feature04 sigma=16 TV=0.46805 H=0.44022 peak=0.03125
[111/162] q0110 feature04 sigma=32 TV=0.46145 H=0.43239 peak=0.04419
[112/162] q0111 feature05 sigma=8 TV=0.52826 H=0.52451 peak=0.03125
[113/162] q0112 feature05 sigma=16 TV=0.48324 H=0.46720 peak=0.03125
[114/162] q0113 feature05 sigma=32 TV=0.47984 H=0.44862 peak=0.03125
[115/162] q0114 feature06 sigma=8 TV=0.49038 H=0.47598 peak=0.03125
[116/162] q0115 feature06 sigma=16 TV=0.47231 H=0.45404 peak=0.03125
[117/162] q0116 feature06 sigma=32 TV=0.47246 H=0.44439 peak=0.03125
[118/162] q0117 feature07 sigma=8 TV=0.60580 H=0.55462 peak=0.06988
[119/162] q0118 feature07 sigma=16 TV=0.51581 H=0.47600 peak=0.03125
[120/162] q0119 feature07 sigma=32 TV=0.47781 H=0.44584 peak=0.04419
[121/162] q0120 feature08 sigma=8 TV=0.50526 H=0.49347 peak=0.03125
[122/162] q0121 feature08 sigma=16 TV=0.47861 H=0.44309 peak=0.03125
[123/162] q0122 feature08 sigma=32 TV=0.47541 H=0.43994 peak=0.04419
[124/162] q0123 feature09 sigma=8 TV=0.54394 H=0.51171 peak=0.03125
[125/162] q0124 feature09 sigma=16 TV=0.50271 H=0.46232 peak=0.03125
[126/162] q0125 feature09 sigma=32 TV=0.48038 H=0.44531 peak=0.03125
[127/162] q0126 feature10 sigma=8 TV=0.52883 H=0.50028 peak=0.03125
[128/162] q0127 feature10 sigma=16 TV=0.49560 H=0.46631 peak=0.03125
[129/162] q0128 feature10 sigma=32 TV=0.47766 H=0.44272 peak=0.03125
[130/162] q0129 feature11 sigma=8 TV=0.49291 H=0.48680 peak=0.03125
[131/162] q0130 feature11 sigma=16 TV=0.48806 H=0.46209 peak=0.04419
[132/162] q0131 feature11 sigma=32 TV=0.48168 H=0.44486 peak=0.04419
[133/162] q0132 feature12 sigma=8 TV=0.45226 H=0.48278 peak=0.04419
[134/162] q0133 feature12 sigma=16 TV=0.47930 H=0.46251 peak=0.04419
[135/162] q0134 feature12 sigma=32 TV=0.47188 H=0.44341 peak=0.03125
[136/162] q0135 feature13 sigma=8 TV=0.55721 H=0.52866 peak=0.04419
[137/162] q0136 feature13 sigma=16 TV=0.49498 H=0.47483 peak=0.04419
[138/162] q0137 feature13 sigma=32 TV=0.48370 H=0.45903 peak=0.03125
[139/162] q0138 feature14 sigma=8 TV=0.53251 H=0.48900 peak=0.00000
[140/162] q0139 feature14 sigma=16 TV=0.49370 H=0.45000 peak=0.04419
[141/162] q0140 feature14 sigma=32 TV=0.48141 H=0.44586 peak=0.04419
[142/162] q0141 feature15 sigma=8 TV=0.51758 H=0.50995 peak=0.04419
[143/162] q0142 feature15 sigma=16 TV=0.48406 H=0.45704 peak=0.04419
[144/162] q0143 feature15 sigma=32 TV=0.47157 H=0.44104 peak=0.04419
[145/162] q0144 seam_u0 sigma=8 TV=0.44104 H=0.44942 peak=0.03125
[146/162] q0145 seam_u0 sigma=16 TV=0.44304 H=0.43681 peak=0.03125
[147/162] q0146 seam_u0 sigma=32 TV=0.46620 H=0.43687 peak=0.03125
[148/162] q0147 seam_u1 sigma=8 TV=0.45427 H=0.45448 peak=0.03125
[149/162] q0148 seam_u1 sigma=16 TV=0.45207 H=0.44283 peak=0.04419
[150/162] q0149 seam_u1 sigma=32 TV=0.46688 H=0.43776 peak=0.03125
[151/162] q0150 seam_v0 sigma=8 TV=0.48618 H=0.45327 peak=0.03125
[152/162] q0151 seam_v0 sigma=16 TV=0.47475 H=0.43842 peak=0.04419
[153/162] q0152 seam_v0 sigma=32 TV=0.47523 H=0.43998 peak=0.04419
[154/162] q0153 seam_v1 sigma=8 TV=0.49418 H=0.45562 peak=0.04419
[155/162] q0154 seam_v1 sigma=16 TV=0.48010 H=0.44044 peak=0.04419
[156/162] q0155 seam_v1 sigma=32 TV=0.47673 H=0.44132 peak=0.04419
[157/162] q0156 corner00 sigma=8 TV=0.52169 H=0.48926 peak=0.03125
[158/162] q0157 corner00 sigma=16 TV=0.48805 H=0.45067 peak=0.04419
[159/162] q0158 corner00 sigma=32 TV=0.47050 H=0.43766 peak=0.04419
[160/162] q0159 corner11 sigma=8 TV=0.54285 H=0.49640 peak=0.04419
[161/162] q0160 corner11 sigma=16 TV=0.48761 H=0.44828 peak=0.04419
[162/162] q0161 corner11 sigma=32 TV=0.46854 H=0.43583 peak=0.04419
Wrote C:\Users\sy415\workspace\pndf_qem_phase1\out_quality_local_guard_eps1e-9\metrics_sampled_pndf\isotropic_qem_normal_ds4_v4096\metrics.csv
Wrote C:\Users\sy415\workspace\pndf_qem_phase1\out_quality_local_guard_eps1e-9\metrics_sampled_pndf\isotropic_qem_normal_ds4_v4096\summary.txt
