[001/162] q0000 random00 sigma=8 TV=0.14022 H=0.14241 peak=0.03125
[002/162] q0001 random00 sigma=16 TV=0.09669 H=0.09403 peak=0.03125
[003/162] q0002 random00 sigma=32 TV=0.06357 H=0.06371 peak=0.04419
[004/162] q0003 random01 sigma=8 TV=0.10619 H=0.10925 peak=0.00000
[005/162] q0004 random01 sigma=16 TV=0.08476 H=0.08558 peak=0.03125
[006/162] q0005 random01 sigma=32 TV=0.06380 H=0.06605 peak=0.00000
[007/162] q0006 random02 sigma=8 TV=0.11953 H=0.12714 peak=0.00000
[008/162] q0007 random02 sigma=16 TV=0.06382 H=0.07044 peak=0.00000
[009/162] q0008 random02 sigma=32 TV=0.05327 H=0.05348 peak=0.03125
[010/162] q0009 random03 sigma=8 TV=0.12554 H=0.11423 peak=0.03125
[011/162] q0010 random03 sigma=16 TV=0.07649 H=0.07695 peak=0.00000
[012/162] q0011 random03 sigma=32 TV=0.06227 H=0.06339 peak=0.03125
[013/162] q0012 random04 sigma=8 TV=0.10617 H=0.10837 peak=0.04419
[014/162] q0013 random04 sigma=16 TV=0.08784 H=0.08397 peak=0.04419
[015/162] q0014 random04 sigma=32 TV=0.06586 H=0.06592 peak=0.00000
[016/162] q0015 random05 sigma=8 TV=0.17185 H=0.16996 peak=0.03125
[017/162] q0016 random05 sigma=16 TV=0.10038 H=0.10524 peak=0.03125
[018/162] q0017 random05 sigma=32 TV=0.06440 H=0.06917 peak=0.00000
[019/162] q0018 random06 sigma=8 TV=0.11676 H=0.13164 peak=0.00000
[020/162] q0019 random06 sigma=16 TV=0.07134 H=0.07595 peak=0.00000
[021/162] q0020 random06 sigma=32 TV=0.05508 H=0.05880 peak=0.00000
[022/162] q0021 random07 sigma=8 TV=0.12112 H=0.12551 peak=0.03125
[023/162] q0022 random07 sigma=16 TV=0.08234 H=0.08562 peak=0.03125
[024/162] q0023 random07 sigma=32 TV=0.06531 H=0.06247 peak=0.03125
[025/162] q0024 random08 sigma=8 TV=0.13953 H=0.13859 peak=0.00000
[026/162] q0025 random08 sigma=16 TV=0.07368 H=0.08104 peak=0.00000
[027/162] q0026 random08 sigma=32 TV=0.06112 H=0.06508 peak=0.00000
[028/162] q0027 random09 sigma=8 TV=0.12862 H=0.12203 peak=0.03125
[029/162] q0028 random09 sigma=16 TV=0.07819 H=0.07821 peak=0.04419
[030/162] q0029 random09 sigma=32 TV=0.06625 H=0.06321 peak=0.03125
[031/162] q0030 random10 sigma=8 TV=0.10844 H=0.11342 peak=0.00000
[032/162] q0031 random10 sigma=16 TV=0.07871 H=0.08232 peak=0.03125
[033/162] q0032 random10 sigma=32 TV=0.05719 H=0.06042 peak=0.03125
[034/162] q0033 random11 sigma=8 TV=0.15166 H=0.16174 peak=0.03125
[035/162] q0034 random11 sigma=16 TV=0.09844 H=0.09441 peak=0.06250
[036/162] q0035 random11 sigma=32 TV=0.06813 H=0.06348 peak=0.03125
[037/162] q0036 random12 sigma=8 TV=0.15517 H=0.14057 peak=0.00000
[038/162] q0037 random12 sigma=16 TV=0.09800 H=0.09272 peak=0.00000
[039/162] q0038 random12 sigma=32 TV=0.07061 H=0.06341 peak=0.03125
[040/162] q0039 random13 sigma=8 TV=0.15589 H=0.19254 peak=0.04419
[041/162] q0040 random13 sigma=16 TV=0.09045 H=0.11434 peak=0.03125
[042/162] q0041 random13 sigma=32 TV=0.06174 H=0.06975 peak=0.04419
[043/162] q0042 random14 sigma=8 TV=0.10711 H=0.10328 peak=0.04419
[044/162] q0043 random14 sigma=16 TV=0.08057 H=0.08056 peak=0.00000
[045/162] q0044 random14 sigma=32 TV=0.06813 H=0.06594 peak=0.00000
[046/162] q0045 random15 sigma=8 TV=0.13463 H=0.12823 peak=0.04419
[047/162] q0046 random15 sigma=16 TV=0.07504 H=0.07745 peak=0.00000
[048/162] q0047 random15 sigma=32 TV=0.05574 H=0.05950 peak=0.00000
[049/162] q0048 random16 sigma=8 TV=0.12734 H=0.13578 peak=0.03125
[050/162] q0049 random16 sigma=16 TV=0.08830 H=0.08527 peak=0.03125
[051/162] q0050 random16 sigma=32 TV=0.06518 H=0.06290 peak=0.00000
[052/162] q0051 random17 sigma=8 TV=0.13828 H=0.13766 peak=0.00000
[053/162] q0052 random17 sigma=16 TV=0.09112 H=0.08447 peak=0.00000
[054/162] q0053 random17 sigma=32 TV=0.06977 H=0.06140 peak=0.00000
[055/162] q0054 random18 sigma=8 TV=0.12774 H=0.12118 peak=0.03125
[056/162] q0055 random18 sigma=16 TV=0.07907 H=0.07655 peak=0.03125
[057/162] q0056 random18 sigma=32 TV=0.06798 H=0.06148 peak=0.00000
[058/162] q0057 random19 sigma=8 TV=0.11936 H=0.12302 peak=0.00000
[059/162] q0058 random19 sigma=16 TV=0.07969 H=0.08513 peak=0.00000
[060/162] q0059 random19 sigma=32 TV=0.06411 H=0.06473 peak=0.00000
[061/162] q0060 random20 sigma=8 TV=0.15145 H=0.18105 peak=0.03125
[062/162] q0061 random20 sigma=16 TV=0.07473 H=0.08668 peak=0.04419
[063/162] q0062 random20 sigma=32 TV=0.05896 H=0.06343 peak=0.00000
[064/162] q0063 random21 sigma=8 TV=0.11617 H=0.12524 peak=0.00000
[065/162] q0064 random21 sigma=16 TV=0.07666 H=0.07299 peak=0.00000
[066/162] q0065 random21 sigma=32 TV=0.06134 H=0.06192 peak=0.00000
[067/162] q0066 random22 sigma=8 TV=0.14010 H=0.15029 peak=0.12500
[068/162] q0067 random22 sigma=16 TV=0.07805 H=0.08155 peak=0.00000
[069/162] q0068 random22 sigma=32 TV=0.05628 H=0.05968 peak=0.00000
[070/162] q0069 random23 sigma=8 TV=0.15491 H=0.16195 peak=0.00000
[071/162] q0070 random23 sigma=16 TV=0.08156 H=0.09622 peak=0.03125
[072/162] q0071 random23 sigma=32 TV=0.05990 H=0.06838 peak=0.04419
[073/162] q0072 random24 sigma=8 TV=0.11913 H=0.12384 peak=0.06988
[074/162] q0073 random24 sigma=16 TV=0.08474 H=0.07756 peak=0.06250
[075/162] q0074 random24 sigma=32 TV=0.06967 H=0.06481 peak=0.03125
[076/162] q0075 random25 sigma=8 TV=0.10888 H=0.10745 peak=0.00000
[077/162] q0076 random25 sigma=16 TV=0.07781 H=0.08018 peak=0.00000
[078/162] q0077 random25 sigma=32 TV=0.06542 H=0.06364 peak=0.03125
[079/162] q0078 random26 sigma=8 TV=0.13871 H=0.15449 peak=0.03125
[080/162] q0079 random26 sigma=16 TV=0.06179 H=0.08697 peak=0.00000
[081/162] q0080 random26 sigma=32 TV=0.05755 H=0.06201 peak=0.00000
[082/162] q0081 random27 sigma=8 TV=0.12446 H=0.11644 peak=0.00000
[083/162] q0082 random27 sigma=16 TV=0.06988 H=0.07194 peak=0.00000
[084/162] q0083 random27 sigma=32 TV=0.05367 H=0.05816 peak=0.00000
[085/162] q0084 random28 sigma=8 TV=0.13378 H=0.11190 peak=0.00000
[086/162] q0085 random28 sigma=16 TV=0.07983 H=0.09177 peak=0.00000
[087/162] q0086 random28 sigma=32 TV=0.06215 H=0.06828 peak=0.00000
[088/162] q0087 random29 sigma=8 TV=0.13735 H=0.14243 peak=0.00000
[089/162] q0088 random29 sigma=16 TV=0.07912 H=0.08163 peak=0.00000
[090/162] q0089 random29 sigma=32 TV=0.06138 H=0.06044 peak=0.00000
[091/162] q0090 random30 sigma=8 TV=0.14100 H=0.13284 peak=0.00000
[092/162] q0091 random30 sigma=16 TV=0.08903 H=0.09049 peak=0.00000
[093/162] q0092 random30 sigma=32 TV=0.06064 H=0.06665 peak=0.03125
[094/162] q0093 random31 sigma=8 TV=0.12599 H=0.11880 peak=0.03125
[095/162] q0094 random31 sigma=16 TV=0.08426 H=0.07844 peak=0.00000
[096/162] q0095 random31 sigma=32 TV=0.05852 H=0.05989 peak=0.00000
[097/162] q0096 feature00 sigma=8 TV=0.14935 H=0.19040 peak=0.00000
[098/162] q0097 feature00 sigma=16 TV=0.09160 H=0.11433 peak=0.03125
[099/162] q0098 feature00 sigma=32 TV=0.06206 H=0.06972 peak=0.04419
[100/162] q0099 feature01 sigma=8 TV=0.10412 H=0.10232 peak=0.04419
[101/162] q0100 feature01 sigma=16 TV=0.08503 H=0.09162 peak=0.03125
[102/162] q0101 feature01 sigma=32 TV=0.06842 H=0.06610 peak=0.00000
[103/162] q0102 feature02 sigma=8 TV=0.17467 H=0.16449 peak=0.00000
[104/162] q0103 feature02 sigma=16 TV=0.08695 H=0.09174 peak=0.03125
[105/162] q0104 feature02 sigma=32 TV=0.05844 H=0.06028 peak=0.04419
[106/162] q0105 feature03 sigma=8 TV=0.11155 H=0.12926 peak=0.04419
[107/162] q0106 feature03 sigma=16 TV=0.08687 H=0.09364 peak=0.03125
[108/162] q0107 feature03 sigma=32 TV=0.06898 H=0.06352 peak=0.00000
[109/162] q0108 feature04 sigma=8 TV=0.12491 H=0.14248 peak=0.03125
[110/162] q0109 feature04 sigma=16 TV=0.07307 H=0.08439 peak=0.00000
[111/162] q0110 feature04 sigma=32 TV=0.06244 H=0.06604 peak=0.00000
[112/162] q0111 feature05 sigma=8 TV=0.14073 H=0.12541 peak=0.03125
[113/162] q0112 feature05 sigma=16 TV=0.08157 H=0.08290 peak=0.03125
[114/162] q0113 feature05 sigma=32 TV=0.06530 H=0.06235 peak=0.03125
[115/162] q0114 feature06 sigma=8 TV=0.15502 H=0.18702 peak=0.00000
[116/162] q0115 feature06 sigma=16 TV=0.06702 H=0.08676 peak=0.03125
[117/162] q0116 feature06 sigma=32 TV=0.05849 H=0.06413 peak=0.00000
[118/162] q0117 feature07 sigma=8 TV=0.17384 H=0.18494 peak=0.06250
[119/162] q0118 feature07 sigma=16 TV=0.09544 H=0.11080 peak=0.04419
[120/162] q0119 feature07 sigma=32 TV=0.05786 H=0.06527 peak=0.03125
[121/162] q0120 feature08 sigma=8 TV=0.10701 H=0.10675 peak=0.00000
[122/162] q0121 feature08 sigma=16 TV=0.07735 H=0.07555 peak=0.00000
[123/162] q0122 feature08 sigma=32 TV=0.06301 H=0.06316 peak=0.00000
[124/162] q0123 feature09 sigma=8 TV=0.10233 H=0.12177 peak=0.03125
[125/162] q0124 feature09 sigma=16 TV=0.06277 H=0.07573 peak=0.00000
[126/162] q0125 feature09 sigma=32 TV=0.05501 H=0.05845 peak=0.00000
[127/162] q0126 feature10 sigma=8 TV=0.09857 H=0.10632 peak=0.00000
[128/162] q0127 feature10 sigma=16 TV=0.06507 H=0.07141 peak=0.03125
[129/162] q0128 feature10 sigma=32 TV=0.05442 H=0.05410 peak=0.03125
[130/162] q0129 feature11 sigma=8 TV=0.12857 H=0.12815 peak=0.00000
[131/162] q0130 feature11 sigma=16 TV=0.08431 H=0.08467 peak=0.00000
[132/162] q0131 feature11 sigma=32 TV=0.06567 H=0.06463 peak=0.00000
[133/162] q0132 feature12 sigma=8 TV=0.15709 H=0.17167 peak=0.00000
[134/162] q0133 feature12 sigma=16 TV=0.08187 H=0.09090 peak=0.00000
[135/162] q0134 feature12 sigma=32 TV=0.06104 H=0.06592 peak=0.00000
[136/162] q0135 feature13 sigma=8 TV=0.16483 H=0.17040 peak=0.03125
[137/162] q0136 feature13 sigma=16 TV=0.10040 H=0.10336 peak=0.03125
[138/162] q0137 feature13 sigma=32 TV=0.06447 H=0.06874 peak=0.00000
[139/162] q0138 feature14 sigma=8 TV=0.11980 H=0.13228 peak=0.04419
[140/162] q0139 feature14 sigma=16 TV=0.07925 H=0.08220 peak=0.04419
[141/162] q0140 feature14 sigma=32 TV=0.06552 H=0.06385 peak=0.03125
[142/162] q0141 feature15 sigma=8 TV=0.13161 H=0.13903 peak=0.03125
[143/162] q0142 feature15 sigma=16 TV=0.07179 H=0.08130 peak=0.00000
[144/162] q0143 feature15 sigma=32 TV=0.06327 H=0.06173 peak=0.03125
[145/162] q0144 seam_u0 sigma=8 TV=0.14919 H=0.14172 peak=0.03125
[146/162] q0145 seam_u0 sigma=16 TV=0.09730 H=0.10368 peak=0.03125
[147/162] q0146 seam_u0 sigma=32 TV=0.05918 H=0.06583 peak=0.03125
[148/162] q0147 seam_u1 sigma=8 TV=0.16052 H=0.14407 peak=0.03125
[149/162] q0148 seam_u1 sigma=16 TV=0.10351 H=0.10728 peak=0.03125
[150/162] q0149 seam_u1 sigma=32 TV=0.05833 H=0.06597 peak=0.03125
[151/162] q0150 seam_v0 sigma=8 TV=0.16309 H=0.13602 peak=0.03125
[152/162] q0151 seam_v0 sigma=16 TV=0.07990 H=0.08512 peak=0.03125
[153/162] q0152 seam_v0 sigma=32 TV=0.06462 H=0.06243 peak=0.03125
[154/162] q0153 seam_v1 sigma=8 TV=0.15471 H=0.13193 peak=0.03125
[155/162] q0154 seam_v1 sigma=16 TV=0.08128 H=0.08346 peak=0.03125
[156/162] q0155 seam_v1 sigma=32 TV=0.06633 H=0.06348 peak=0.03125
[157/162] q0156 corner00 sigma=8 TV=0.12363 H=0.14166 peak=0.04419
[158/162] q0157 corner00 sigma=16 TV=0.08877 H=0.09489 peak=0.03125
[159/162] q0158 corner00 sigma=32 TV=0.06956 H=0.06381 peak=0.00000
[160/162] q0159 corner11 sigma=8 TV=0.11382 H=0.13173 peak=0.00000
[161/162] q0160 corner11 sigma=16 TV=0.08137 H=0.09051 peak=0.03125
[162/162] q0161 corner11 sigma=32 TV=0.06777 H=0.06315 peak=0.00000
Wrote C:\Users\sy415\workspace\pndf_qem_phase1\out_quality_local_guard_eps1e-9\metrics_sampled_pndf\brush_qem_normal_ds4_v4096\metrics.csv
Wrote C:\Users\sy415\workspace\pndf_qem_phase1\out_quality_local_guard_eps1e-9\metrics_sampled_pndf\brush_qem_normal_ds4_v4096\summary.txt
