[001/162] q0000 random00 sigma=8 TV=0.05944 H=0.13522 peak=0.00000
[002/162] q0001 random00 sigma=16 TV=0.08946 H=0.11981 peak=0.03125
[003/162] q0002 random00 sigma=32 TV=0.09849 H=0.11918 peak=0.03125
[004/162] q0003 random01 sigma=8 TV=0.21488 H=0.19356 peak=0.00000
[005/162] q0004 random01 sigma=16 TV=0.11266 H=0.11263 peak=0.03125
[006/162] q0005 random01 sigma=32 TV=0.08808 H=0.11226 peak=0.03125
[007/162] q0006 random02 sigma=8 TV=0.24128 H=0.20742 peak=0.04419
[008/162] q0007 random02 sigma=16 TV=0.13528 H=0.14183 peak=0.00000
[009/162] q0008 random02 sigma=32 TV=0.07171 H=0.11011 peak=0.00000
[010/162] q0009 random03 sigma=8 TV=0.11147 H=0.16222 peak=0.04419
[011/162] q0010 random03 sigma=16 TV=0.08557 H=0.11776 peak=0.04419
[012/162] q0011 random03 sigma=32 TV=0.07700 H=0.11213 peak=0.03125
[013/162] q0012 random04 sigma=8 TV=0.18981 H=0.16218 peak=0.03125
[014/162] q0013 random04 sigma=16 TV=0.09774 H=0.12132 peak=0.03125
[015/162] q0014 random04 sigma=32 TV=0.10422 H=0.11636 peak=0.03125
[016/162] q0015 random05 sigma=8 TV=0.12198 H=0.14484 peak=0.04419
[017/162] q0016 random05 sigma=16 TV=0.09017 H=0.11865 peak=0.04419
[018/162] q0017 random05 sigma=32 TV=0.09389 H=0.10745 peak=0.00000
[019/162] q0018 random06 sigma=8 TV=0.22288 H=0.19125 peak=0.00000
[020/162] q0019 random06 sigma=16 TV=0.11704 H=0.13833 peak=0.00000
[021/162] q0020 random06 sigma=32 TV=0.08740 H=0.11785 peak=0.04419
[022/162] q0021 random07 sigma=8 TV=0.12969 H=0.13250 peak=0.03125
[023/162] q0022 random07 sigma=16 TV=0.07820 H=0.10986 peak=0.00000
[024/162] q0023 random07 sigma=32 TV=0.08467 H=0.10389 peak=0.00000
[025/162] q0024 random08 sigma=8 TV=0.12244 H=0.14963 peak=0.03125
[026/162] q0025 random08 sigma=16 TV=0.09242 H=0.12165 peak=0.03125
[027/162] q0026 random08 sigma=32 TV=0.10317 H=0.11818 peak=0.00000
[028/162] q0027 random09 sigma=8 TV=0.10369 H=0.11416 peak=0.03125
[029/162] q0028 random09 sigma=16 TV=0.05264 H=0.08091 peak=0.00000
[030/162] q0029 random09 sigma=32 TV=0.07414 H=0.09200 peak=0.00000
[031/162] q0030 random10 sigma=8 TV=0.09046 H=0.13675 peak=0.00000
[032/162] q0031 random10 sigma=16 TV=0.08773 H=0.12623 peak=0.03125
[033/162] q0032 random10 sigma=32 TV=0.08271 H=0.11018 peak=0.00000
[034/162] q0033 random11 sigma=8 TV=0.14925 H=0.14098 peak=0.03125
[035/162] q0034 random11 sigma=16 TV=0.09564 H=0.10521 peak=0.00000
[036/162] q0035 random11 sigma=32 TV=0.08645 H=0.10364 peak=0.00000
[037/162] q0036 random12 sigma=8 TV=0.15966 H=0.14920 peak=0.04419
[038/162] q0037 random12 sigma=16 TV=0.11205 H=0.11251 peak=0.04419
[039/162] q0038 random12 sigma=32 TV=0.09213 H=0.10384 peak=0.04419
[040/162] q0039 random13 sigma=8 TV=0.11837 H=0.12205 peak=0.03125
[041/162] q0040 random13 sigma=16 TV=0.09902 H=0.11164 peak=0.03125
[042/162] q0041 random13 sigma=32 TV=0.09738 H=0.10785 peak=0.00000
[043/162] q0042 random14 sigma=8 TV=0.26068 H=0.20703 peak=0.03125
[044/162] q0043 random14 sigma=16 TV=0.15173 H=0.14148 peak=0.03125
[045/162] q0044 random14 sigma=32 TV=0.11834 H=0.12066 peak=0.03125
[046/162] q0045 random15 sigma=8 TV=0.10553 H=0.16162 peak=0.04419
[047/162] q0046 random15 sigma=16 TV=0.10121 H=0.13284 peak=0.04419
[048/162] q0047 random15 sigma=32 TV=0.08289 H=0.11152 peak=0.03125
[049/162] q0048 random16 sigma=8 TV=0.15467 H=0.17889 peak=0.03125
[050/162] q0049 random16 sigma=16 TV=0.12291 H=0.14697 peak=0.03125
[051/162] q0050 random16 sigma=32 TV=0.09581 H=0.12652 peak=0.04419
[052/162] q0051 random17 sigma=8 TV=0.15155 H=0.14491 peak=0.04419
[053/162] q0052 random17 sigma=16 TV=0.08389 H=0.09422 peak=0.04419
[054/162] q0053 random17 sigma=32 TV=0.08474 H=0.09465 peak=0.04419
[055/162] q0054 random18 sigma=8 TV=0.16345 H=0.15950 peak=0.04419
[056/162] q0055 random18 sigma=16 TV=0.07533 H=0.09067 peak=0.04419
[057/162] q0056 random18 sigma=32 TV=0.07669 H=0.09070 peak=0.00000
[058/162] q0057 random19 sigma=8 TV=0.26523 H=0.21557 peak=0.00000
[059/162] q0058 random19 sigma=16 TV=0.18328 H=0.16530 peak=0.04419
[060/162] q0059 random19 sigma=32 TV=0.09842 H=0.12205 peak=0.04419
[061/162] q0060 random20 sigma=8 TV=0.22188 H=0.18535 peak=0.03125
[062/162] q0061 random20 sigma=16 TV=0.10636 H=0.11255 peak=0.00000
[063/162] q0062 random20 sigma=32 TV=0.07806 H=0.10995 peak=0.03125
[064/162] q0063 random21 sigma=8 TV=0.12196 H=0.15082 peak=0.00000
[065/162] q0064 random21 sigma=16 TV=0.09703 H=0.13072 peak=0.00000
[066/162] q0065 random21 sigma=32 TV=0.07555 H=0.11702 peak=0.03125
[067/162] q0066 random22 sigma=8 TV=0.13785 H=0.16900 peak=0.04419
[068/162] q0067 random22 sigma=16 TV=0.11608 H=0.13746 peak=0.04419
[069/162] q0068 random22 sigma=32 TV=0.08316 H=0.11088 peak=0.03125
[070/162] q0069 random23 sigma=8 TV=0.14203 H=0.12599 peak=0.03125
[071/162] q0070 random23 sigma=16 TV=0.09361 H=0.10508 peak=0.04419
[072/162] q0071 random23 sigma=32 TV=0.09022 H=0.10837 peak=0.00000
[073/162] q0072 random24 sigma=8 TV=0.23118 H=0.18941 peak=0.03125
[074/162] q0073 random24 sigma=16 TV=0.19437 H=0.16020 peak=0.03125
[075/162] q0074 random24 sigma=32 TV=0.12616 H=0.12288 peak=0.03125
[076/162] q0075 random25 sigma=8 TV=0.08589 H=0.13883 peak=0.00000
[077/162] q0076 random25 sigma=16 TV=0.10018 H=0.12169 peak=0.03125
[078/162] q0077 random25 sigma=32 TV=0.08720 H=0.10855 peak=0.03125
[079/162] q0078 random26 sigma=8 TV=0.13890 H=0.17897 peak=0.04419
[080/162] q0079 random26 sigma=16 TV=0.14981 H=0.15416 peak=0.04419
[081/162] q0080 random26 sigma=32 TV=0.11607 H=0.12988 peak=0.04419
[082/162] q0081 random27 sigma=8 TV=0.14452 H=0.15771 peak=0.04419
[083/162] q0082 random27 sigma=16 TV=0.12742 H=0.14380 peak=0.00000
[084/162] q0083 random27 sigma=32 TV=0.09220 H=0.11558 peak=0.04419
[085/162] q0084 random28 sigma=8 TV=0.11392 H=0.13672 peak=0.04419
[086/162] q0085 random28 sigma=16 TV=0.11174 H=0.11266 peak=0.00000
[087/162] q0086 random28 sigma=32 TV=0.10712 H=0.11314 peak=0.04419
[088/162] q0087 random29 sigma=8 TV=0.05723 H=0.10468 peak=0.04419
[089/162] q0088 random29 sigma=16 TV=0.07565 H=0.11362 peak=0.03125
[090/162] q0089 random29 sigma=32 TV=0.08673 H=0.11972 peak=0.03125
[091/162] q0090 random30 sigma=8 TV=0.07281 H=0.09525 peak=0.04419
[092/162] q0091 random30 sigma=16 TV=0.07045 H=0.09640 peak=0.00000
[093/162] q0092 random30 sigma=32 TV=0.07621 H=0.10013 peak=0.03125
[094/162] q0093 random31 sigma=8 TV=0.18693 H=0.21519 peak=0.03125
[095/162] q0094 random31 sigma=16 TV=0.08427 H=0.13162 peak=0.00000
[096/162] q0095 random31 sigma=32 TV=0.08764 H=0.12025 peak=0.03125
[097/162] q0096 feature00 sigma=8 TV=0.14217 H=0.14607 peak=0.00000
[098/162] q0097 feature00 sigma=16 TV=0.14841 H=0.13913 peak=0.03125
[099/162] q0098 feature00 sigma=32 TV=0.12372 H=0.12558 peak=0.03125
[100/162] q0099 feature01 sigma=8 TV=0.13840 H=0.16310 peak=0.04419
[101/162] q0100 feature01 sigma=16 TV=0.10972 H=0.14354 peak=0.03125
[102/162] q0101 feature01 sigma=32 TV=0.08794 H=0.12424 peak=0.04419
[103/162] q0102 feature02 sigma=8 TV=0.21834 H=0.17669 peak=0.00000
[104/162] q0103 feature02 sigma=16 TV=0.18138 H=0.16155 peak=0.00000
[105/162] q0104 feature02 sigma=32 TV=0.11115 H=0.12415 peak=0.04419
[106/162] q0105 feature03 sigma=8 TV=0.19945 H=0.21667 peak=0.03125
[107/162] q0106 feature03 sigma=16 TV=0.13562 H=0.15857 peak=0.04419
[108/162] q0107 feature03 sigma=32 TV=0.11262 H=0.13508 peak=0.04419
[109/162] q0108 feature04 sigma=8 TV=0.15581 H=0.15722 peak=0.00000
[110/162] q0109 feature04 sigma=16 TV=0.14934 H=0.13722 peak=0.00000
[111/162] q0110 feature04 sigma=32 TV=0.10075 H=0.11305 peak=0.04419
[112/162] q0111 feature05 sigma=8 TV=0.11461 H=0.17334 peak=0.04419
[113/162] q0112 feature05 sigma=16 TV=0.07650 H=0.12196 peak=0.04419
[114/162] q0113 feature05 sigma=32 TV=0.08896 H=0.11263 peak=0.03125
[115/162] q0114 feature06 sigma=8 TV=0.27297 H=0.21521 peak=0.03125
[116/162] q0115 feature06 sigma=16 TV=0.15450 H=0.14274 peak=0.03125
[117/162] q0116 feature06 sigma=32 TV=0.11620 H=0.11961 peak=0.03125
[118/162] q0117 feature07 sigma=8 TV=0.17039 H=0.16455 peak=0.00000
[119/162] q0118 feature07 sigma=16 TV=0.13917 H=0.13938 peak=0.04419
[120/162] q0119 feature07 sigma=32 TV=0.12077 H=0.12560 peak=0.04419
[121/162] q0120 feature08 sigma=8 TV=0.13762 H=0.15505 peak=0.03125
[122/162] q0121 feature08 sigma=16 TV=0.11109 H=0.11344 peak=0.04419
[123/162] q0122 feature08 sigma=32 TV=0.10390 H=0.11095 peak=0.00000
[124/162] q0123 feature09 sigma=8 TV=0.08973 H=0.14602 peak=0.04419
[125/162] q0124 feature09 sigma=16 TV=0.09129 H=0.12758 peak=0.04419
[126/162] q0125 feature09 sigma=32 TV=0.07796 H=0.11535 peak=0.04419
[127/162] q0126 feature10 sigma=8 TV=0.12250 H=0.14677 peak=0.00000
[128/162] q0127 feature10 sigma=16 TV=0.11284 H=0.14029 peak=0.00000
[129/162] q0128 feature10 sigma=32 TV=0.08480 H=0.11814 peak=0.00000
[130/162] q0129 feature11 sigma=8 TV=0.12960 H=0.15716 peak=0.00000
[131/162] q0130 feature11 sigma=16 TV=0.10917 H=0.13477 peak=0.00000
[132/162] q0131 feature11 sigma=32 TV=0.08750 H=0.11403 peak=0.00000
[133/162] q0132 feature12 sigma=8 TV=0.16075 H=0.18413 peak=0.04419
[134/162] q0133 feature12 sigma=16 TV=0.14133 H=0.16210 peak=0.04419
[135/162] q0134 feature12 sigma=32 TV=0.12227 H=0.13707 peak=0.04419
[136/162] q0135 feature13 sigma=8 TV=0.09234 H=0.11021 peak=0.04419
[137/162] q0136 feature13 sigma=16 TV=0.09549 H=0.10629 peak=0.04419
[138/162] q0137 feature13 sigma=32 TV=0.09338 H=0.11187 peak=0.00000
[139/162] q0138 feature14 sigma=8 TV=0.15448 H=0.14581 peak=0.03125
[140/162] q0139 feature14 sigma=16 TV=0.08940 H=0.12060 peak=0.00000
[141/162] q0140 feature14 sigma=32 TV=0.07637 H=0.10772 peak=0.00000
[142/162] q0141 feature15 sigma=8 TV=0.10527 H=0.16235 peak=0.04419
[143/162] q0142 feature15 sigma=16 TV=0.10436 H=0.13368 peak=0.04419
[144/162] q0143 feature15 sigma=32 TV=0.08314 H=0.11144 peak=0.03125
[145/162] q0144 seam_u0 sigma=8 TV=0.39968 H=0.30243 peak=0.03125
[146/162] q0145 seam_u0 sigma=16 TV=0.20331 H=0.16834 peak=0.04419
[147/162] q0146 seam_u0 sigma=32 TV=0.08942 H=0.11744 peak=0.04419
[148/162] q0147 seam_u1 sigma=8 TV=0.36873 H=0.28844 peak=0.03125
[149/162] q0148 seam_u1 sigma=16 TV=0.19192 H=0.16127 peak=0.04419
[150/162] q0149 seam_u1 sigma=32 TV=0.08713 H=0.11631 peak=0.04419
[151/162] q0150 seam_v0 sigma=8 TV=0.15657 H=0.20122 peak=0.04419
[152/162] q0151 seam_v0 sigma=16 TV=0.09750 H=0.13087 peak=0.03125
[153/162] q0152 seam_v0 sigma=32 TV=0.09759 H=0.12240 peak=0.04419
[154/162] q0153 seam_v1 sigma=8 TV=0.16501 H=0.19852 peak=0.03125
[155/162] q0154 seam_v1 sigma=16 TV=0.10051 H=0.12801 peak=0.03125
[156/162] q0155 seam_v1 sigma=32 TV=0.09645 H=0.12081 peak=0.04419
[157/162] q0156 corner00 sigma=8 TV=0.11722 H=0.11694 peak=0.00000
[158/162] q0157 corner00 sigma=16 TV=0.13157 H=0.12391 peak=0.04419
[159/162] q0158 corner00 sigma=32 TV=0.09999 H=0.10982 peak=0.04419
[160/162] q0159 corner11 sigma=8 TV=0.10285 H=0.10710 peak=0.00000
[161/162] q0160 corner11 sigma=16 TV=0.12145 H=0.11939 peak=0.04419
[162/162] q0161 corner11 sigma=32 TV=0.09524 H=0.11016 peak=0.04419
Wrote C:\Users\sy415\workspace\pndf_qem_phase1\out_quality_local_guard_eps1e-9\metrics_sampled_pndf\scratched_pnm_he_normal_ds4_v8192\metrics.csv
Wrote C:\Users\sy415\workspace\pndf_qem_phase1\out_quality_local_guard_eps1e-9\metrics_sampled_pndf\scratched_pnm_he_normal_ds4_v8192\summary.txt
