[001/162] q0000 random00 sigma=8 TV=0.03178 H=0.02875 peak=0.00000
[002/162] q0001 random00 sigma=16 TV=0.01715 H=0.01495 peak=0.00000
[003/162] q0002 random00 sigma=32 TV=0.01079 H=0.01059 peak=0.00000
[004/162] q0003 random01 sigma=8 TV=0.02324 H=0.03249 peak=0.03125
[005/162] q0004 random01 sigma=16 TV=0.01807 H=0.01732 peak=0.00000
[006/162] q0005 random01 sigma=32 TV=0.01114 H=0.01059 peak=0.03125
[007/162] q0006 random02 sigma=8 TV=0.02860 H=0.03018 peak=0.00000
[008/162] q0007 random02 sigma=16 TV=0.01556 H=0.01852 peak=0.00000
[009/162] q0008 random02 sigma=32 TV=0.01059 H=0.01377 peak=0.03125
[010/162] q0009 random03 sigma=8 TV=0.02064 H=0.02410 peak=0.00000
[011/162] q0010 random03 sigma=16 TV=0.01363 H=0.01596 peak=0.00000
[012/162] q0011 random03 sigma=32 TV=0.01083 H=0.01271 peak=0.00000
[013/162] q0012 random04 sigma=8 TV=0.02125 H=0.02146 peak=0.04419
[014/162] q0013 random04 sigma=16 TV=0.01663 H=0.01451 peak=0.00000
[015/162] q0014 random04 sigma=32 TV=0.01121 H=0.01033 peak=0.00000
[016/162] q0015 random05 sigma=8 TV=0.05146 H=0.05051 peak=0.00000
[017/162] q0016 random05 sigma=16 TV=0.02204 H=0.02737 peak=0.00000
[018/162] q0017 random05 sigma=32 TV=0.01170 H=0.01643 peak=0.03125
[019/162] q0018 random06 sigma=8 TV=0.02001 H=0.01847 peak=0.04419
[020/162] q0019 random06 sigma=16 TV=0.01418 H=0.01279 peak=0.00000
[021/162] q0020 random06 sigma=32 TV=0.01015 H=0.00977 peak=0.00000
[022/162] q0021 random07 sigma=8 TV=0.01820 H=0.03339 peak=0.00000
[023/162] q0022 random07 sigma=16 TV=0.01663 H=0.01608 peak=0.03125
[024/162] q0023 random07 sigma=32 TV=0.01039 H=0.01158 peak=0.00000
[025/162] q0024 random08 sigma=8 TV=0.03713 H=0.05094 peak=0.00000
[026/162] q0025 random08 sigma=16 TV=0.02405 H=0.02431 peak=0.00000
[027/162] q0026 random08 sigma=32 TV=0.01303 H=0.01204 peak=0.00000
[028/162] q0027 random09 sigma=8 TV=0.02179 H=0.02581 peak=0.04419
[029/162] q0028 random09 sigma=16 TV=0.01493 H=0.02330 peak=0.00000
[030/162] q0029 random09 sigma=32 TV=0.01018 H=0.01355 peak=0.00000
[031/162] q0030 random10 sigma=8 TV=0.02289 H=0.02968 peak=0.00000
[032/162] q0031 random10 sigma=16 TV=0.01521 H=0.01666 peak=0.00000
[033/162] q0032 random10 sigma=32 TV=0.00924 H=0.01044 peak=0.00000
[034/162] q0033 random11 sigma=8 TV=0.02619 H=0.03706 peak=0.00000
[035/162] q0034 random11 sigma=16 TV=0.01607 H=0.01637 peak=0.00000
[036/162] q0035 random11 sigma=32 TV=0.01032 H=0.01233 peak=0.00000
[037/162] q0036 random12 sigma=8 TV=0.02348 H=0.06382 peak=0.00000
[038/162] q0037 random12 sigma=16 TV=0.01881 H=0.03436 peak=0.00000
[039/162] q0038 random12 sigma=32 TV=0.01115 H=0.01382 peak=0.00000
[040/162] q0039 random13 sigma=8 TV=0.03087 H=0.06016 peak=0.04419
[041/162] q0040 random13 sigma=16 TV=0.02205 H=0.03276 peak=0.00000
[042/162] q0041 random13 sigma=32 TV=0.01200 H=0.01760 peak=0.03125
[043/162] q0042 random14 sigma=8 TV=0.02465 H=0.02245 peak=0.00000
[044/162] q0043 random14 sigma=16 TV=0.01742 H=0.01532 peak=0.00000
[045/162] q0044 random14 sigma=32 TV=0.01116 H=0.01033 peak=0.00000
[046/162] q0045 random15 sigma=8 TV=0.03642 H=0.03528 peak=0.00000
[047/162] q0046 random15 sigma=16 TV=0.02131 H=0.02061 peak=0.00000
[048/162] q0047 random15 sigma=32 TV=0.01307 H=0.01237 peak=0.00000
[049/162] q0048 random16 sigma=8 TV=0.02637 H=0.02366 peak=0.00000
[050/162] q0049 random16 sigma=16 TV=0.01428 H=0.01253 peak=0.03125
[051/162] q0050 random16 sigma=32 TV=0.01152 H=0.01092 peak=0.00000
[052/162] q0051 random17 sigma=8 TV=0.03334 H=0.03683 peak=0.00000
[053/162] q0052 random17 sigma=16 TV=0.01295 H=0.02108 peak=0.00000
[054/162] q0053 random17 sigma=32 TV=0.01055 H=0.01322 peak=0.00000
[055/162] q0054 random18 sigma=8 TV=0.02954 H=0.04834 peak=0.00000
[056/162] q0055 random18 sigma=16 TV=0.01373 H=0.02615 peak=0.00000
[057/162] q0056 random18 sigma=32 TV=0.01020 H=0.01367 peak=0.00000
[058/162] q0057 random19 sigma=8 TV=0.02276 H=0.03282 peak=0.00000
[059/162] q0058 random19 sigma=16 TV=0.01494 H=0.01824 peak=0.00000
[060/162] q0059 random19 sigma=32 TV=0.00857 H=0.01102 peak=0.00000
[061/162] q0060 random20 sigma=8 TV=0.03407 H=0.06287 peak=0.03125
[062/162] q0061 random20 sigma=16 TV=0.01797 H=0.02157 peak=0.00000
[063/162] q0062 random20 sigma=32 TV=0.01216 H=0.01129 peak=0.00000
[064/162] q0063 random21 sigma=8 TV=0.03271 H=0.03976 peak=0.00000
[065/162] q0064 random21 sigma=16 TV=0.02152 H=0.01850 peak=0.00000
[066/162] q0065 random21 sigma=32 TV=0.01193 H=0.01174 peak=0.00000
[067/162] q0066 random22 sigma=8 TV=0.03171 H=0.03280 peak=0.00000
[068/162] q0067 random22 sigma=16 TV=0.02039 H=0.02040 peak=0.00000
[069/162] q0068 random22 sigma=32 TV=0.01305 H=0.01243 peak=0.00000
[070/162] q0069 random23 sigma=8 TV=0.05530 H=0.04564 peak=0.03125
[071/162] q0070 random23 sigma=16 TV=0.02345 H=0.02630 peak=0.00000
[072/162] q0071 random23 sigma=32 TV=0.01274 H=0.01711 peak=0.00000
[073/162] q0072 random24 sigma=8 TV=0.03488 H=0.04521 peak=0.00000
[074/162] q0073 random24 sigma=16 TV=0.01804 H=0.01956 peak=0.06988
[075/162] q0074 random24 sigma=32 TV=0.01042 H=0.01140 peak=0.03125
[076/162] q0075 random25 sigma=8 TV=0.02218 H=0.02768 peak=0.00000
[077/162] q0076 random25 sigma=16 TV=0.01491 H=0.01567 peak=0.00000
[078/162] q0077 random25 sigma=32 TV=0.01238 H=0.01285 peak=0.00000
[079/162] q0078 random26 sigma=8 TV=0.03406 H=0.04080 peak=0.03125
[080/162] q0079 random26 sigma=16 TV=0.02084 H=0.02276 peak=0.03125
[081/162] q0080 random26 sigma=32 TV=0.01388 H=0.01469 peak=0.00000
[082/162] q0081 random27 sigma=8 TV=0.03381 H=0.03166 peak=0.04419
[083/162] q0082 random27 sigma=16 TV=0.01727 H=0.01597 peak=0.00000
[084/162] q0083 random27 sigma=32 TV=0.00982 H=0.00958 peak=0.00000
[085/162] q0084 random28 sigma=8 TV=0.03402 H=0.03128 peak=0.00000
[086/162] q0085 random28 sigma=16 TV=0.02232 H=0.02788 peak=0.00000
[087/162] q0086 random28 sigma=32 TV=0.01243 H=0.01711 peak=0.00000
[088/162] q0087 random29 sigma=8 TV=0.01803 H=0.01831 peak=0.00000
[089/162] q0088 random29 sigma=16 TV=0.01170 H=0.01035 peak=0.00000
[090/162] q0089 random29 sigma=32 TV=0.01036 H=0.00965 peak=0.00000
[091/162] q0090 random30 sigma=8 TV=0.02048 H=0.02060 peak=0.00000
[092/162] q0091 random30 sigma=16 TV=0.01742 H=0.01727 peak=0.00000
[093/162] q0092 random30 sigma=32 TV=0.01115 H=0.01360 peak=0.00000
[094/162] q0093 random31 sigma=8 TV=0.01828 H=0.01559 peak=0.00000
[095/162] q0094 random31 sigma=16 TV=0.01019 H=0.00957 peak=0.00000
[096/162] q0095 random31 sigma=32 TV=0.01045 H=0.00966 peak=0.00000
[097/162] q0096 feature00 sigma=8 TV=0.03168 H=0.06128 peak=0.00000
[098/162] q0097 feature00 sigma=16 TV=0.02186 H=0.03295 peak=0.00000
[099/162] q0098 feature00 sigma=32 TV=0.01188 H=0.01757 peak=0.03125
[100/162] q0099 feature01 sigma=8 TV=0.01639 H=0.02271 peak=0.00000
[101/162] q0100 feature01 sigma=16 TV=0.01439 H=0.01336 peak=0.00000
[102/162] q0101 feature01 sigma=32 TV=0.01264 H=0.01240 peak=0.00000
[103/162] q0102 feature02 sigma=8 TV=0.04018 H=0.04502 peak=0.03125
[104/162] q0103 feature02 sigma=16 TV=0.02308 H=0.02266 peak=0.03125
[105/162] q0104 feature02 sigma=32 TV=0.01398 H=0.01232 peak=0.04419
[106/162] q0105 feature03 sigma=8 TV=0.04419 H=0.06173 peak=0.00000
[107/162] q0106 feature03 sigma=16 TV=0.02346 H=0.04124 peak=0.00000
[108/162] q0107 feature03 sigma=32 TV=0.01197 H=0.01397 peak=0.00000
[109/162] q0108 feature04 sigma=8 TV=0.03809 H=0.05372 peak=0.00000
[110/162] q0109 feature04 sigma=16 TV=0.02261 H=0.02425 peak=0.00000
[111/162] q0110 feature04 sigma=32 TV=0.01291 H=0.01218 peak=0.00000
[112/162] q0111 feature05 sigma=8 TV=0.03398 H=0.03603 peak=0.00000
[113/162] q0112 feature05 sigma=16 TV=0.01946 H=0.02152 peak=0.00000
[114/162] q0113 feature05 sigma=32 TV=0.01320 H=0.01366 peak=0.00000
[115/162] q0114 feature06 sigma=8 TV=0.03414 H=0.03431 peak=0.00000
[116/162] q0115 feature06 sigma=16 TV=0.02110 H=0.02193 peak=0.00000
[117/162] q0116 feature06 sigma=32 TV=0.01383 H=0.01553 peak=0.00000
[118/162] q0117 feature07 sigma=8 TV=0.04050 H=0.03739 peak=0.00000
[119/162] q0118 feature07 sigma=16 TV=0.02305 H=0.01986 peak=0.00000
[120/162] q0119 feature07 sigma=32 TV=0.01162 H=0.01102 peak=0.03125
[121/162] q0120 feature08 sigma=8 TV=0.03616 H=0.03422 peak=0.00000
[122/162] q0121 feature08 sigma=16 TV=0.02135 H=0.01844 peak=0.00000
[123/162] q0122 feature08 sigma=32 TV=0.01194 H=0.01189 peak=0.00000
[124/162] q0123 feature09 sigma=8 TV=0.02229 H=0.02179 peak=0.00000
[125/162] q0124 feature09 sigma=16 TV=0.01549 H=0.01441 peak=0.00000
[126/162] q0125 feature09 sigma=32 TV=0.00974 H=0.00919 peak=0.00000
[127/162] q0126 feature10 sigma=8 TV=0.01935 H=0.02052 peak=0.00000
[128/162] q0127 feature10 sigma=16 TV=0.01486 H=0.01751 peak=0.00000
[129/162] q0128 feature10 sigma=32 TV=0.01042 H=0.01376 peak=0.03125
[130/162] q0129 feature11 sigma=8 TV=0.03422 H=0.03620 peak=0.04419
[131/162] q0130 feature11 sigma=16 TV=0.01678 H=0.02014 peak=0.00000
[132/162] q0131 feature11 sigma=32 TV=0.01256 H=0.01343 peak=0.00000
[133/162] q0132 feature12 sigma=8 TV=0.03879 H=0.05502 peak=0.00000
[134/162] q0133 feature12 sigma=16 TV=0.02246 H=0.02853 peak=0.00000
[135/162] q0134 feature12 sigma=32 TV=0.01133 H=0.01578 peak=0.00000
[136/162] q0135 feature13 sigma=8 TV=0.04404 H=0.04584 peak=0.00000
[137/162] q0136 feature13 sigma=16 TV=0.02192 H=0.02642 peak=0.00000
[138/162] q0137 feature13 sigma=32 TV=0.01184 H=0.01618 peak=0.00000
[139/162] q0138 feature14 sigma=8 TV=0.02288 H=0.03524 peak=0.00000
[140/162] q0139 feature14 sigma=16 TV=0.01686 H=0.02593 peak=0.00000
[141/162] q0140 feature14 sigma=32 TV=0.01135 H=0.01472 peak=0.00000
[142/162] q0141 feature15 sigma=8 TV=0.02827 H=0.04333 peak=0.00000
[143/162] q0142 feature15 sigma=16 TV=0.01770 H=0.01849 peak=0.00000
[144/162] q0143 feature15 sigma=32 TV=0.01068 H=0.01151 peak=0.00000
[145/162] q0144 seam_u0 sigma=8 TV=0.03168 H=0.02845 peak=0.00000
[146/162] q0145 seam_u0 sigma=16 TV=0.01806 H=0.01678 peak=0.00000
[147/162] q0146 seam_u0 sigma=32 TV=0.01033 H=0.01095 peak=0.00000
[148/162] q0147 seam_u1 sigma=8 TV=0.04067 H=0.03542 peak=0.00000
[149/162] q0148 seam_u1 sigma=16 TV=0.02058 H=0.01772 peak=0.00000
[150/162] q0149 seam_u1 sigma=32 TV=0.01092 H=0.01093 peak=0.00000
[151/162] q0150 seam_v0 sigma=8 TV=0.04291 H=0.04187 peak=0.04419
[152/162] q0151 seam_v0 sigma=16 TV=0.01841 H=0.02096 peak=0.00000
[153/162] q0152 seam_v0 sigma=32 TV=0.01297 H=0.01348 peak=0.00000
[154/162] q0153 seam_v1 sigma=8 TV=0.04425 H=0.04623 peak=0.00000
[155/162] q0154 seam_v1 sigma=16 TV=0.02085 H=0.02258 peak=0.00000
[156/162] q0155 seam_v1 sigma=32 TV=0.01344 H=0.01373 peak=0.00000
[157/162] q0156 corner00 sigma=8 TV=0.05427 H=0.07465 peak=0.00000
[158/162] q0157 corner00 sigma=16 TV=0.02324 H=0.04294 peak=0.00000
[159/162] q0158 corner00 sigma=32 TV=0.01189 H=0.01409 peak=0.00000
[160/162] q0159 corner11 sigma=8 TV=0.03657 H=0.05633 peak=0.00000
[161/162] q0160 corner11 sigma=16 TV=0.02289 H=0.03849 peak=0.00000
[162/162] q0161 corner11 sigma=32 TV=0.01206 H=0.01369 peak=0.00000
Wrote C:\Users\sy415\workspace\pndf_qem_phase1\out_quality_local_guard_eps1e-9\metrics_sampled_pndf\brush_pnm_he_normal_ds4_v16384\metrics.csv
Wrote C:\Users\sy415\workspace\pndf_qem_phase1\out_quality_local_guard_eps1e-9\metrics_sampled_pndf\brush_pnm_he_normal_ds4_v16384\summary.txt
