reason=initial checkpointTarget=0 accepted=0 rejected=0 aliveV=65536 aliveF=131072 heap=196608 sec=0.485004 rebuildSec=0.434038 makeItemSec=0.400664 linkSec=0.23495 placeSec=0.0229315 nonFlipSec=0.073943 collapseSec=0 heapPops=0 stale=0 dead=0 fresh=0 requeues=0
reason=rebuild checkpointTarget=0 accepted=50000 rejected=318554 aliveV=15536 aliveF=31072 heap=39240 sec=61.0448 rebuildSec=0.560906 makeItemSec=1.91347 linkSec=1.10433 placeSec=0.0808776 nonFlipSec=0.372938 collapseSec=0.115935 heapPops=368554 stale=83817 dead=234132 fresh=50605 requeues=0
reason=final checkpointTarget=0 accepted=57344 rejected=341036 aliveV=8192 aliveF=16384 heap=50019 sec=66.5707 rebuildSec=0.560906 makeItemSec=2.14855 linkSec=1.24235 placeSec=0.0889386 nonFlipSec=0.420964 collapseSec=0.134198 heapPops=398380 stale=92434 dead=247867 fresh=58079 requeues=0
accepted,57344
rejected,341036
final_vertices,8192
final_faces,16384
seconds,66.5707
heap_pops,398380
stale_pops,92434
dead_pops,247867
invalid_cost_pops,0
fresh_recomputes,58079
fresh_requeues,0
fresh_rejects,735
rebuild_count,2
max_heap_size,316743
initialize_seconds,0.0507769
rebuild_seconds,0.560906
make_item_seconds,2.14855
link_condition_seconds,1.24235
placement_seconds,0.0889386
non_flip_seconds,0.420964
collapse_update_seconds,0.134198
