reason=initial checkpointTarget=0 accepted=0 rejected=0 aliveV=65536 aliveF=131072 heap=196608 sec=0.449502 rebuildSec=0.397388 makeItemSec=0.366664 linkSec=0.213569 placeSec=0.0210119 nonFlipSec=0.0700653 collapseSec=0 heapPops=0 stale=0 dead=0 fresh=0 requeues=0
reason=rebuild checkpointTarget=0 accepted=50000 rejected=132233 aliveV=15536 aliveF=31072 heap=43507 sec=32.0471 rebuildSec=0.516749 makeItemSec=1.82324 linkSec=1.0511 placeSec=0.0788357 nonFlipSec=0.359107 collapseSec=0.105066 heapPops=182233 stale=50809 dead=81345 fresh=50079 requeues=0
reason=final checkpointTarget=0 accepted=61440 rejected=174900 aliveV=4096 aliveF=8192 heap=58797 sec=41.3712 rebuildSec=0.516749 makeItemSec=2.16391 linkSec=1.25145 placeSec=0.0909957 nonFlipSec=0.426752 collapseSec=0.130683 heapPops=236340 stale=64524 dead=110168 fresh=61648 requeues=0
accepted,61440
rejected,174900
final_vertices,4096
final_faces,8192
seconds,41.3712
heap_pops,236340
stale_pops,64524
dead_pops,110168
invalid_cost_pops,0
fresh_recomputes,61648
fresh_requeues,0
fresh_rejects,208
rebuild_count,2
max_heap_size,369356
initialize_seconds,0.051893
rebuild_seconds,0.516749
make_item_seconds,2.16391
link_condition_seconds,1.25145
placement_seconds,0.0909957
non_flip_seconds,0.426752
collapse_update_seconds,0.130683
