reason=initial checkpointTarget=0 accepted=0 rejected=0 aliveV=65536 aliveF=131072 heap=196608 sec=0.456831 rebuildSec=0.403161 makeItemSec=0.370807 linkSec=0.213621 placeSec=0.0255128 nonFlipSec=0.0696074 collapseSec=0 heapPops=0 stale=0 dead=0 fresh=0 requeues=0
reason=final checkpointTarget=0 accepted=49152 rejected=343934 aliveV=16384 aliveF=32768 heap=107901 sec=66.3015 rebuildSec=0.403161 makeItemSec=1.84662 linkSec=1.05742 placeSec=0.0903622 nonFlipSec=0.35961 collapseSec=0.124135 heapPops=393086 stale=127139 dead=216387 fresh=49560 requeues=0
accepted,49152
rejected,343934
final_vertices,16384
final_faces,32768
seconds,66.3015
heap_pops,393086
stale_pops,127139
dead_pops,216387
invalid_cost_pops,0
fresh_recomputes,49560
fresh_requeues,0
fresh_rejects,408
rebuild_count,1
max_heap_size,225016
initialize_seconds,0.0534541
rebuild_seconds,0.403161
make_item_seconds,1.84662
link_condition_seconds,1.05742
placement_seconds,0.0903622
non_flip_seconds,0.35961
collapse_update_seconds,0.124135
