pnm_aniso_he stages: 40960 25844 16306 10289 6492 4096
reason=initial checkpointTarget=0 accepted=0 rejected=0 aliveV=65536 aliveF=131072 heap=196608 sec=0.465423 rebuildSec=0.414566 makeItemSec=0.382565 linkSec=0.220634 placeSec=0.0255843 nonFlipSec=0.0710329 collapseSec=0 heapPops=0 stale=0 dead=0 fresh=0 requeues=0
reason=progress checkpointTarget=0 accepted=5000 rejected=5329 aliveV=60536 aliveF=121072 heap=222101 sec=2.31188 rebuildSec=0.414566 makeItemSec=0.502799 linkSec=0.285708 placeSec=0.0319343 nonFlipSec=0.0941259 collapseSec=0.0095789 heapPops=10329 stale=2407 dead=2910 fresh=5012 requeues=0
reason=rebuild checkpointTarget=0 accepted=10000 rejected=14835 aliveV=55536 aliveF=111072 heap=163154 sec=5.81894 rebuildSec=0.963799 makeItemSec=1.18408 linkSec=0.686264 placeSec=0.0688056 nonFlipSec=0.223479 collapseSec=0.0234883 heapPops=24835 stale=6408 dead=8399 fresh=10028 requeues=0
reason=progress checkpointTarget=0 accepted=15000 rejected=16690 aliveV=50536 aliveF=101072 heap=190767 sec=7.42644 rebuildSec=0.963799 makeItemSec=1.34382 linkSec=0.777424 placeSec=0.076257 nonFlipSec=0.255396 collapseSec=0.0363934 heapPops=31690 stale=7267 dead=9391 fresh=15032 requeues=0
reason=rebuild checkpointTarget=0 accepted=20000 rejected=23204 aliveV=45536 aliveF=91072 heap=131670 sec=10.2932 rebuildSec=1.29273 makeItemSec=1.83295 linkSec=1.06121 placeSec=0.102796 nonFlipSec=0.352032 collapseSec=0.0514167 heapPops=43204 stale=10168 dead=12997 fresh=20039 requeues=0
reason=final checkpointTarget=0 accepted=24576 rejected=24789 aliveV=40960 aliveF=81920 heap=155609 sec=11.5182 rebuildSec=1.29273 makeItemSec=1.94251 linkSec=1.12337 placeSec=0.107958 nonFlipSec=0.373452 collapseSec=0.0602864 heapPops=49365 stale=10886 dead=13861 fresh=24618 requeues=0
stage collapse target=40960 finalV=40960 sec=11.5182
heFlip accepted=1000 queue=10302 edges=122880
heFlip accepted=2000 queue=10261 edges=122880
heFlip accepted=3000 queue=9969 edges=122880
heFlip accepted=4000 queue=9389 edges=122880
heFlip accepted=5000 queue=8479 edges=122880
heFlip accepted=6000 queue=7263 edges=122880
heFlip accepted=7000 queue=5961 edges=122880
heFlip accepted=8000 queue=4269 edges=122880
heFlip accepted=9000 queue=2256 edges=122880
heFlip accepted=10000 queue=24 edges=122880
stage=40960 heFlipPass=0 flipped=10011
stage=40960 heRelocatePass=0 moved=13440
reason=initial checkpointTarget=0 accepted=0 rejected=0 aliveV=40960 aliveF=81920 heap=111620 sec=0.3795 rebuildSec=0.34645 makeItemSec=0.323461 linkSec=0.187979 placeSec=0.0190028 nonFlipSec=0.0660293 collapseSec=0 heapPops=0 stale=0 dead=0 fresh=0 requeues=0
reason=progress checkpointTarget=0 accepted=5000 rejected=2093 aliveV=35960 aliveF=71920 heap=136711 sec=1.33068 rebuildSec=0.34645 makeItemSec=0.452741 linkSec=0.262712 placeSec=0.025149 nonFlipSec=0.0918272 collapseSec=0.0104547 heapPops=7093 stale=978 dead=1115 fresh=5000 requeues=0
reason=rebuild checkpointTarget=0 accepted=10000 rejected=9128 aliveV=30960 aliveF=61920 heap=87114 sec=3.23024 rebuildSec=0.580338 makeItemSec=0.839907 linkSec=0.489284 placeSec=0.0448176 nonFlipSec=0.171718 collapseSec=0.0247445 heapPops=19128 stale=3974 dead=5148 fresh=10006 requeues=0
reason=progress checkpointTarget=0 accepted=15000 rejected=12177 aliveV=25960 aliveF=51920 heap=110554 sec=4.37215 rebuildSec=0.580338 makeItemSec=0.962581 linkSec=0.560723 placeSec=0.0504711 nonFlipSec=0.196119 collapseSec=0.0346649 heapPops=27177 stale=5342 dead=6826 fresh=15009 requeues=0
reason=final checkpointTarget=0 accepted=15116 rejected=12368 aliveV=25844 aliveF=51688 heap=110986 sec=4.41189 rebuildSec=0.580338 makeItemSec=0.965331 linkSec=0.562308 placeSec=0.0505942 nonFlipSec=0.196673 collapseSec=0.0348931 heapPops=27484 stale=5415 dead=6944 fresh=15125 requeues=0
stage collapse target=25844 finalV=25844 sec=4.41189
heFlip accepted=1000 queue=5502 edges=77532
heFlip accepted=2000 queue=5077 edges=77532
heFlip accepted=3000 queue=4066 edges=77532
heFlip accepted=4000 queue=2594 edges=77532
heFlip accepted=5000 queue=650 edges=77532
stage=25844 heFlipPass=0 flipped=5302
stage=25844 heRelocatePass=0 moved=6833
reason=initial checkpointTarget=0 accepted=0 rejected=0 aliveV=25844 aliveF=51688 heap=69644 sec=0.236675 rebuildSec=0.215278 makeItemSec=0.200652 linkSec=0.116514 placeSec=0.0111658 nonFlipSec=0.0423069 collapseSec=0 heapPops=0 stale=0 dead=0 fresh=0 requeues=0
reason=progress checkpointTarget=0 accepted=5000 rejected=3177 aliveV=20844 aliveF=41688 heap=92145 sec=0.937381 rebuildSec=0.215278 makeItemSec=0.32418 linkSec=0.188982 placeSec=0.0170991 nonFlipSec=0.0671037 collapseSec=0.0096702 heapPops=8177 stale=1425 dead=1747 fresh=5005 requeues=0
reason=final checkpointTarget=0 accepted=9538 rejected=16266 aliveV=16306 aliveF=32612 heap=101857 sec=2.23594 rebuildSec=0.215278 makeItemSec=0.43502 linkSec=0.254352 placeSec=0.0222753 nonFlipSec=0.0891809 collapseSec=0.0186827 heapPops=25804 stale=6562 dead=9683 fresh=9559 requeues=0
stage collapse target=16306 finalV=16306 sec=2.23594
heFlip accepted=1000 queue=4111 edges=48918
heFlip accepted=2000 queue=3378 edges=48918
heFlip accepted=3000 queue=1923 edges=48918
stage=16306 heFlipPass=0 flipped=3908
stage=16306 heRelocatePass=0 moved=5007
reason=initial checkpointTarget=0 accepted=0 rejected=0 aliveV=16306 aliveF=32612 heap=42115 sec=0.136379 rebuildSec=0.123747 makeItemSec=0.115414 linkSec=0.0672074 placeSec=0.0063608 nonFlipSec=0.0246979 collapseSec=0 heapPops=0 stale=0 dead=0 fresh=0 requeues=0
reason=progress checkpointTarget=0 accepted=5000 rejected=6024 aliveV=11306 aliveF=22612 heap=59699 sec=0.636437 rebuildSec=0.123747 makeItemSec=0.232664 linkSec=0.135396 placeSec=0.0121656 nonFlipSec=0.0489805 collapseSec=0.008815 heapPops=11024 stale=2581 dead=3427 fresh=5016 requeues=0
reason=final checkpointTarget=0 accepted=6017 rejected=10014 aliveV=10289 aliveF=20578 heap=60372 sec=0.828138 rebuildSec=0.123747 makeItemSec=0.255769 linkSec=0.148967 placeSec=0.0132629 nonFlipSec=0.0536951 collapseSec=0.0106212 heapPops=16031 stale=4102 dead=5894 fresh=6035 requeues=0
stage collapse target=10289 finalV=10289 sec=0.828138
heFlip accepted=1000 queue=3265 edges=30867
heFlip accepted=2000 queue=2082 edges=30867
stage=10289 heFlipPass=0 flipped=2929
stage=10289 heRelocatePass=0 moved=4090
reason=initial checkpointTarget=0 accepted=0 rejected=0 aliveV=10289 aliveF=20578 heap=24777 sec=0.0859215 rebuildSec=0.0775172 makeItemSec=0.072685 linkSec=0.0424837 placeSec=0.0040283 nonFlipSec=0.0154982 collapseSec=0 heapPops=0 stale=0 dead=0 fresh=0 requeues=0
reason=final checkpointTarget=0 accepted=3797 rejected=6134 aliveV=6492 aliveF=12984 heap=34121 sec=0.249034 rebuildSec=0.0775172 makeItemSec=0.152435 linkSec=0.0886399 placeSec=0.0081038 nonFlipSec=0.0325801 collapseSec=0.0059231 heapPops=9931 stale=2503 dead=3608 fresh=3820 requeues=0
stage collapse target=6492 finalV=6492 sec=0.249034
heFlip accepted=1000 queue=2599 edges=19476
heFlip accepted=2000 queue=758 edges=19476
stage=6492 heFlipPass=0 flipped=2270
stage=6492 heRelocatePass=0 moved=3171
reason=initial checkpointTarget=0 accepted=0 rejected=0 aliveV=6492 aliveF=12984 heap=13581 sec=0.0545105 rebuildSec=0.0494412 makeItemSec=0.0462129 linkSec=0.0274536 placeSec=0.0025286 nonFlipSec=0.009586 collapseSec=0 heapPops=0 stale=0 dead=0 fresh=0 requeues=0
reason=final checkpointTarget=0 accepted=2396 rejected=3645 aliveV=4096 aliveF=8192 heap=17939 sec=0.138504 rebuildSec=0.0494412 makeItemSec=0.0961713 linkSec=0.0569458 placeSec=0.0051303 nonFlipSec=0.0200448 collapseSec=0.003752 heapPops=6041 stale=1506 dead=2128 fresh=2407 requeues=0
stage collapse target=4096 finalV=4096 sec=0.138504
heFlip accepted=1000 queue=1573 edges=12288
stage=4096 heFlipPass=0 flipped=1592
stage=4096 heRelocatePass=0 moved=2200
final_vertices,4096
final_faces,8192
output,C:\Users\sy415\workspace\pndf_qem_phase1\out_quality_local_guard_eps1e-9\meshes\isotropic_pnm_he_normal_ds4_v4096.meshbin
