reason=initial checkpointTarget=0 accepted=0 rejected=0 aliveV=65536 aliveF=131072 heap=196608 sec=0.459973 rebuildSec=0.409609 makeItemSec=0.377615 linkSec=0.217197 placeSec=0.0256711 nonFlipSec=0.0711275 collapseSec=0 heapPops=0 stale=0 dead=0 fresh=0 requeues=0
reason=rebuild checkpointTarget=0 accepted=50000 rejected=372626 aliveV=15536 aliveF=31072 heap=44554 sec=71.5188 rebuildSec=0.547978 makeItemSec=1.9515 linkSec=1.12177 placeSec=0.0969422 nonFlipSec=0.378104 collapseSec=0.122694 heapPops=422626 stale=127318 dead=245197 fresh=50111 requeues=0
reason=final checkpointTarget=0 accepted=57344 rejected=405700 aliveV=8192 aliveF=16384 heap=51362 sec=78.6129 rebuildSec=0.547978 makeItemSec=2.16586 linkSec=1.2452 placeSec=0.105675 nonFlipSec=0.420982 collapseSec=0.139899 heapPops=463044 stale=140371 dead=265212 fresh=57461 requeues=0
accepted,57344
rejected,405700
final_vertices,8192
final_faces,16384
seconds,78.6129
heap_pops,463044
stale_pops,140371
dead_pops,265212
invalid_cost_pops,0
fresh_recomputes,57461
fresh_requeues,0
fresh_rejects,117
rebuild_count,2
max_heap_size,268642
initialize_seconds,0.0501698
rebuild_seconds,0.547978
make_item_seconds,2.16586
link_condition_seconds,1.2452
placement_seconds,0.105675
non_flip_seconds,0.420982
collapse_update_seconds,0.139899
