reason=initial checkpointTarget=0 accepted=0 rejected=0 aliveV=65536 aliveF=131072 heap=196608 sec=0.483733 rebuildSec=0.432018 makeItemSec=0.398459 linkSec=0.237713 placeSec=0.0219273 nonFlipSec=0.0718854 collapseSec=0 heapPops=0 stale=0 dead=0 fresh=0 requeues=0
reason=rebuild checkpointTarget=0 accepted=50000 rejected=318554 aliveV=15536 aliveF=31072 heap=39240 sec=64.8243 rebuildSec=0.560288 makeItemSec=2.11388 linkSec=1.23682 placeSec=0.0854548 nonFlipSec=0.41783 collapseSec=0.126635 heapPops=368554 stale=83817 dead=234132 fresh=50605 requeues=0
reason=final checkpointTarget=0 accepted=61440 rejected=386974 aliveV=4096 aliveF=8192 heap=22021 sec=78.8428 rebuildSec=0.560288 makeItemSec=2.50337 linkSec=1.46802 placeSec=0.0984014 nonFlipSec=0.496583 collapseSec=0.156368 heapPops=448414 stale=107116 dead=279012 fresh=62286 requeues=0
accepted,61440
rejected,386974
final_vertices,4096
final_faces,8192
seconds,78.8428
heap_pops,448414
stale_pops,107116
dead_pops,279012
invalid_cost_pops,0
fresh_recomputes,62286
fresh_requeues,0
fresh_rejects,846
rebuild_count,2
max_heap_size,316743
initialize_seconds,0.0515375
rebuild_seconds,0.560288
make_item_seconds,2.50337
link_condition_seconds,1.46802
placement_seconds,0.0984014
non_flip_seconds,0.496583
collapse_update_seconds,0.156368
