pnm_aniso_he stages: 43238 28526 18820 12417 8192
reason=initial checkpointTarget=0 accepted=0 rejected=0 aliveV=65536 aliveF=131072 heap=196608 sec=0.477934 rebuildSec=0.424586 makeItemSec=0.392414 linkSec=0.228519 placeSec=0.0272292 nonFlipSec=0.0709668 collapseSec=0 heapPops=0 stale=0 dead=0 fresh=0 requeues=0
reason=progress checkpointTarget=0 accepted=5000 rejected=7947 aliveV=60536 aliveF=121072 heap=217189 sec=2.89565 rebuildSec=0.424586 makeItemSec=0.512184 linkSec=0.294624 placeSec=0.0334654 nonFlipSec=0.0936452 collapseSec=0.0091357 heapPops=12947 stale=3445 dead=4483 fresh=5019 requeues=0
reason=rebuild checkpointTarget=0 accepted=10000 rejected=26865 aliveV=55536 aliveF=111072 heap=158800 sec=7.18604 rebuildSec=0.774182 makeItemSec=0.95923 linkSec=0.552212 placeSec=0.061063 nonFlipSec=0.177464 collapseSec=0.0190132 heapPops=36865 stale=11089 dead=15732 fresh=10044 requeues=0
reason=progress checkpointTarget=0 accepted=15000 rejected=31839 aliveV=50536 aliveF=101072 heap=179222 sec=9.16824 rebuildSec=0.774182 makeItemSec=1.07751 linkSec=0.618814 placeSec=0.0668919 nonFlipSec=0.200254 collapseSec=0.0279303 heapPops=46839 stale=13313 dead=18462 fresh=15064 requeues=0
reason=rebuild checkpointTarget=0 accepted=20000 rejected=50468 aliveV=45536 aliveF=91072 heap=125920 sec=13.4613 rebuildSec=1.07894 makeItemSec=1.48781 linkSec=0.855333 placeSec=0.0906483 nonFlipSec=0.278841 collapseSec=0.0378653 heapPops=70468 stale=21034 dead=29331 fresh=20103 requeues=0
reason=final checkpointTarget=0 accepted=22298 rejected=51345 aliveV=43238 aliveF=86476 heap=136653 sec=14.0982 rebuildSec=1.07894 makeItemSec=1.54538 linkSec=0.887058 placeSec=0.0933881 nonFlipSec=0.290332 collapseSec=0.0423469 heapPops=73643 stale=21439 dead=29802 fresh=22402 requeues=0
stage collapse target=43238 finalV=43238 sec=14.0982
stage=43238 heFlipPass=0 flipped=118
stage=43238 heRelocatePass=0 moved=29599
reason=initial checkpointTarget=0 accepted=0 rejected=0 aliveV=43238 aliveF=86476 heap=104943 sec=0.312144 rebuildSec=0.278458 makeItemSec=0.256654 linkSec=0.147736 placeSec=0.0171096 nonFlipSec=0.0491502 collapseSec=0 heapPops=0 stale=0 dead=0 fresh=0 requeues=0
reason=progress checkpointTarget=0 accepted=5000 rejected=4477 aliveV=38238 aliveF=76476 heap=122211 sec=1.50144 rebuildSec=0.278458 makeItemSec=0.383019 linkSec=0.219503 placeSec=0.0233892 nonFlipSec=0.0737048 collapseSec=0.0095251 heapPops=9477 stale=1881 dead=2572 fresh=5024 requeues=0
reason=rebuild checkpointTarget=0 accepted=10000 rejected=17530 aliveV=33238 aliveF=66476 heap=83563 sec=3.78289 rebuildSec=0.513165 makeItemSec=0.72895 linkSec=0.419688 placeSec=0.042953 nonFlipSec=0.140902 collapseSec=0.0197538 heapPops=27530 stale=6695 dead=10760 fresh=10075 requeues=0
reason=final checkpointTarget=0 accepted=14712 rejected=20738 aliveV=28526 aliveF=57052 heap=102110 sec=4.76323 rebuildSec=0.513165 makeItemSec=0.846264 linkSec=0.487335 placeSec=0.0485957 nonFlipSec=0.163746 collapseSec=0.0288672 heapPops=35450 stale=8110 dead=12528 fresh=14812 requeues=0
stage collapse target=28526 finalV=28526 sec=4.76323
heFlip accepted=1000 queue=317 edges=85578
stage=28526 heFlipPass=0 flipped=1231
stage=28526 heRelocatePass=0 moved=13329
reason=initial checkpointTarget=0 accepted=0 rejected=0 aliveV=28526 aliveF=57052 heap=70099 sec=0.219746 rebuildSec=0.197415 makeItemSec=0.182525 linkSec=0.106598 placeSec=0.0111666 nonFlipSec=0.0362311 collapseSec=0 heapPops=0 stale=0 dead=0 fresh=0 requeues=0
reason=progress checkpointTarget=0 accepted=5000 rejected=7987 aliveV=23526 aliveF=47052 heap=83204 sec=1.29012 rebuildSec=0.197415 makeItemSec=0.311905 linkSec=0.182511 placeSec=0.0173973 nonFlipSec=0.0612939 collapseSec=0.0095722 heapPops=12987 stale=3270 dead=4658 fresh=5059 requeues=0
reason=final checkpointTarget=0 accepted=9706 rejected=20911 aliveV=18820 aliveF=37640 heap=90701 sec=2.64975 rebuildSec=0.197415 makeItemSec=0.427294 linkSec=0.251397 placeSec=0.0228622 nonFlipSec=0.0829694 collapseSec=0.0188426 heapPops=30617 stale=8064 dead=12715 fresh=9838 requeues=0
stage collapse target=18820 finalV=18820 sec=2.64975
heFlip accepted=1000 queue=2544 edges=56460
heFlip accepted=2000 queue=941 edges=56460
stage=18820 heFlipPass=0 flipped=2483
stage=18820 heRelocatePass=0 moved=7338
reason=initial checkpointTarget=0 accepted=0 rejected=0 aliveV=18820 aliveF=37640 heap=44175 sec=0.149508 rebuildSec=0.134834 makeItemSec=0.125376 linkSec=0.0733874 placeSec=0.0073381 nonFlipSec=0.0257547 collapseSec=0 heapPops=0 stale=0 dead=0 fresh=0 requeues=0
reason=progress checkpointTarget=0 accepted=5000 rejected=7480 aliveV=13820 aliveF=27640 heap=56429 sec=0.879208 rebuildSec=0.134834 makeItemSec=0.249137 linkSec=0.146361 placeSec=0.0132758 nonFlipSec=0.0502784 collapseSec=0.0089842 heapPops=12480 stale=3001 dead=4431 fresh=5048 requeues=0
reason=final checkpointTarget=0 accepted=6403 rejected=11669 aliveV=12417 aliveF=24834 heap=57905 sec=1.18994 rebuildSec=0.134834 makeItemSec=0.28788 linkSec=0.169317 placeSec=0.0152095 nonFlipSec=0.0579741 collapseSec=0.0119782 heapPops=18072 stale=4577 dead=7014 fresh=6481 requeues=0
stage collapse target=12417 finalV=12417 sec=1.18994
heFlip accepted=1000 queue=3458 edges=37251
heFlip accepted=2000 queue=2198 edges=37251
stage=12417 heFlipPass=0 flipped=2936
stage=12417 heRelocatePass=0 moved=5158
reason=initial checkpointTarget=0 accepted=0 rejected=0 aliveV=12417 aliveF=24834 heap=27151 sec=0.103302 rebuildSec=0.0923094 makeItemSec=0.0861843 linkSec=0.0508174 placeSec=0.0048419 nonFlipSec=0.017756 collapseSec=0 heapPops=0 stale=0 dead=0 fresh=0 requeues=0
reason=final checkpointTarget=0 accepted=4225 rejected=6785 aliveV=8192 aliveF=16384 heap=35084 sec=0.339322 rebuildSec=0.0923094 makeItemSec=0.191452 linkSec=0.109917 placeSec=0.0098254 nonFlipSec=0.0397645 collapseSec=0.0073252 heapPops=11010 stale=2690 dead=4048 fresh=4272 requeues=0
stage collapse target=8192 finalV=8192 sec=0.339322
heFlip accepted=1000 queue=3252 edges=24576
heFlip accepted=2000 queue=1701 edges=24576
stage=8192 heFlipPass=0 flipped=2669
stage=8192 heRelocatePass=0 moved=3835
final_vertices,8192
final_faces,16384
output,C:\Users\sy415\workspace\pndf_qem_phase1\out_quality_local_guard_eps1e-9\meshes\scratched_pnm_he_normal_ds4_v8192.meshbin
