reason=initial checkpointTarget=0 accepted=0 rejected=0 aliveV=65536 aliveF=131072 heap=196608 sec=0.456041 rebuildSec=0.404313 makeItemSec=0.37303 linkSec=0.216137 placeSec=0.0259085 nonFlipSec=0.0677832 collapseSec=0 heapPops=0 stale=0 dead=0 fresh=0 requeues=0
reason=rebuild checkpointTarget=0 accepted=50000 rejected=354934 aliveV=15536 aliveF=31072 heap=41320 sec=67.9286 rebuildSec=0.802177 makeItemSec=2.2192 linkSec=1.32334 placeSec=0.0948668 nonFlipSec=0.446351 collapseSec=0.121859 heapPops=404934 stale=130867 dead=223653 fresh=50414 requeues=0
reason=final checkpointTarget=0 accepted=61440 rejected=423735 aliveV=4096 aliveF=8192 heap=25263 sec=80.9631 rebuildSec=0.802177 makeItemSec=2.54025 linkSec=1.51177 placeSec=0.107356 nonFlipSec=0.508341 collapseSec=0.147861 heapPops=485175 stale=156419 dead=266778 fresh=61978 requeues=0
accepted,61440
rejected,423735
final_vertices,4096
final_faces,8192
seconds,80.9631
heap_pops,485175
stale_pops,156419
dead_pops,266778
invalid_cost_pops,0
fresh_recomputes,61978
fresh_requeues,0
fresh_rejects,538
rebuild_count,2
max_heap_size,225016
initialize_seconds,0.0515067
rebuild_seconds,0.802177
make_item_seconds,2.54025
link_condition_seconds,1.51177
placement_seconds,0.107356
non_flip_seconds,0.508341
collapse_update_seconds,0.147861
