reason=initial checkpointTarget=0 accepted=0 rejected=0 aliveV=65536 aliveF=131072 heap=196608 sec=0.489799 rebuildSec=0.438547 makeItemSec=0.405524 linkSec=0.235154 placeSec=0.0230087 nonFlipSec=0.0768337 collapseSec=0 heapPops=0 stale=0 dead=0 fresh=0 requeues=0
reason=rebuild checkpointTarget=0 accepted=50000 rejected=354211 aliveV=15536 aliveF=31072 heap=38161 sec=67.9041 rebuildSec=0.563591 makeItemSec=1.99657 linkSec=1.14932 placeSec=0.0845866 nonFlipSec=0.389572 collapseSec=0.123451 heapPops=404211 stale=124861 dead=229006 fresh=50344 requeues=0
reason=final checkpointTarget=0 accepted=57344 rejected=385285 aliveV=8192 aliveF=16384 heap=40073 sec=74.5446 rebuildSec=0.563591 makeItemSec=2.22845 linkSec=1.28703 placeSec=0.0924414 nonFlipSec=0.434569 collapseSec=0.141477 heapPops=442629 stale=137713 dead=247034 fresh=57882 requeues=0
accepted,57344
rejected,385285
final_vertices,8192
final_faces,16384
seconds,74.5446
heap_pops,442629
stale_pops,137713
dead_pops,247034
invalid_cost_pops,0
fresh_recomputes,57882
fresh_requeues,0
fresh_rejects,538
rebuild_count,2
max_heap_size,270125
initialize_seconds,0.0510544
rebuild_seconds,0.563591
make_item_seconds,2.22845
link_condition_seconds,1.28703
placement_seconds,0.0924414
non_flip_seconds,0.434569
collapse_update_seconds,0.141477
