reason=initial checkpointTarget=0 accepted=0 rejected=0 aliveV=65536 aliveF=131072 heap=196608 sec=0.44514 rebuildSec=0.393774 makeItemSec=0.36228 linkSec=0.213416 placeSec=0.020787 nonFlipSec=0.0665658 collapseSec=0 heapPops=0 stale=0 dead=0 fresh=0 requeues=0
reason=final checkpointTarget=0 accepted=49152 rejected=125463 aliveV=16384 aliveF=32768 heap=364103 sec=29.9568 rebuildSec=0.393774 makeItemSec=1.59762 linkSec=0.919912 placeSec=0.0712068 nonFlipSec=0.305744 collapseSec=0.0951955 heapPops=174615 stale=49237 dead=76153 fresh=49225 requeues=0
accepted,49152
rejected,125463
final_vertices,16384
final_faces,32768
seconds,29.9568
heap_pops,174615
stale_pops,49237
dead_pops,76153
invalid_cost_pops,0
fresh_recomputes,49225
fresh_requeues,0
fresh_rejects,73
rebuild_count,1
max_heap_size,369356
initialize_seconds,0.0511835
rebuild_seconds,0.393774
make_item_seconds,1.59762
link_condition_seconds,0.919912
placement_seconds,0.0712068
non_flip_seconds,0.305744
collapse_update_seconds,0.0951955
