reason=initial checkpointTarget=0 accepted=0 rejected=0 aliveV=65536 aliveF=131072 heap=196608 sec=0.50838 rebuildSec=0.457049 makeItemSec=0.423393 linkSec=0.25018 placeSec=0.0239216 nonFlipSec=0.0770479 collapseSec=0 heapPops=0 stale=0 dead=0 fresh=0 requeues=0
reason=final checkpointTarget=0 accepted=49152 rejected=343293 aliveV=16384 aliveF=32768 heap=138982 sec=66.138 rebuildSec=0.457049 makeItemSec=1.89522 linkSec=1.09622 placeSec=0.0793038 nonFlipSec=0.370761 collapseSec=0.12229 heapPops=392445 stale=121557 dead=221423 fresh=49465 requeues=0
accepted,49152
rejected,343293
final_vertices,16384
final_faces,32768
seconds,66.138
heap_pops,392445
stale_pops,121557
dead_pops,221423
invalid_cost_pops,0
fresh_recomputes,49465
fresh_requeues,0
fresh_rejects,313
rebuild_count,1
max_heap_size,270125
initialize_seconds,0.0511126
rebuild_seconds,0.457049
make_item_seconds,1.89522
link_condition_seconds,1.09622
placement_seconds,0.0793038
non_flip_seconds,0.370761
collapse_update_seconds,0.12229
