pnm_aniso_he stages: 43238 28526 18820 12417 8192
reason=initial checkpointTarget=0 accepted=0 rejected=0 aliveV=65536 aliveF=131072 heap=196608 sec=0.447523 rebuildSec=0.395875 makeItemSec=0.364405 linkSec=0.215039 placeSec=0.0209699 nonFlipSec=0.0664693 collapseSec=0 heapPops=0 stale=0 dead=0 fresh=0 requeues=0
reason=progress checkpointTarget=0 accepted=5000 rejected=738 aliveV=60536 aliveF=121072 heap=230237 sec=1.61076 rebuildSec=0.395875 makeItemSec=0.490372 linkSec=0.283846 placeSec=0.0267806 nonFlipSec=0.0909733 collapseSec=0.00939 heapPops=5738 stale=345 dead=393 fresh=5000 requeues=0
reason=rebuild checkpointTarget=0 accepted=10000 rejected=3490 aliveV=55536 aliveF=111072 heap=165477 sec=3.46157 rebuildSec=0.783736 makeItemSec=0.977093 linkSec=0.564269 placeSec=0.0520986 nonFlipSec=0.185474 collapseSec=0.0190244 heapPops=13490 stale=1674 dead=1813 fresh=10003 requeues=0
reason=progress checkpointTarget=0 accepted=15000 rejected=4505 aliveV=50536 aliveF=101072 heap=195656 sec=4.79676 rebuildSec=0.783736 makeItemSec=1.11473 linkSec=0.64163 placeSec=0.0577543 nonFlipSec=0.213242 collapseSec=0.0295092 heapPops=19505 stale=2163 dead=2335 fresh=15007 requeues=0
reason=rebuild checkpointTarget=0 accepted=20000 rejected=8360 aliveV=45536 aliveF=91072 heap=130437 sec=6.78358 rebuildSec=1.10364 makeItemSec=1.5476 linkSec=0.894027 placeSec=0.0782752 nonFlipSec=0.299481 collapseSec=0.0402402 heapPops=28360 stale=3942 dead=4397 fresh=20021 requeues=0
reason=final checkpointTarget=0 accepted=22298 rejected=8611 aliveV=43238 aliveF=86476 heap=143233 sec=7.36861 rebuildSec=1.10364 makeItemSec=1.61479 linkSec=0.93246 placeSec=0.0809272 nonFlipSec=0.313124 collapseSec=0.0453432 heapPops=30909 stale=4054 dead=4531 fresh=22324 requeues=0
stage collapse target=43238 finalV=43238 sec=7.36861
heFlip accepted=1000 queue=20041 edges=129714
heFlip accepted=2000 queue=21278 edges=129714
heFlip accepted=3000 queue=22095 edges=129714
heFlip accepted=4000 queue=22734 edges=129714
heFlip accepted=5000 queue=23146 edges=129714
heFlip accepted=6000 queue=23053 edges=129714
heFlip accepted=7000 queue=22866 edges=129714
heFlip accepted=8000 queue=22308 edges=129714
heFlip accepted=9000 queue=21567 edges=129714
heFlip accepted=10000 queue=20514 edges=129714
heFlip accepted=11000 queue=19138 edges=129714
heFlip accepted=12000 queue=17600 edges=129714
heFlip accepted=13000 queue=15773 edges=129714
heFlip accepted=14000 queue=13650 edges=129714
heFlip accepted=15000 queue=11502 edges=129714
heFlip accepted=16000 queue=8811 edges=129714
heFlip accepted=17000 queue=5982 edges=129714
heFlip accepted=18000 queue=2847 edges=129714
stage=43238 heFlipPass=0 flipped=18867
stage=43238 heRelocatePass=0 moved=20152
reason=initial checkpointTarget=0 accepted=0 rejected=0 aliveV=43238 aliveF=86476 heap=106018 sec=0.385248 rebuildSec=0.347658 makeItemSec=0.32375 linkSec=0.191971 placeSec=0.0150541 nonFlipSec=0.067404 collapseSec=0 heapPops=0 stale=0 dead=0 fresh=0 requeues=0
reason=progress checkpointTarget=0 accepted=5000 rejected=1100 aliveV=38238 aliveF=76476 heap=129449 sec=1.35996 rebuildSec=0.347658 makeItemSec=0.471412 linkSec=0.278045 placeSec=0.0206602 nonFlipSec=0.0974979 collapseSec=0.0109351 heapPops=6100 stale=518 dead=559 fresh=5023 requeues=0
reason=rebuild checkpointTarget=0 accepted=10000 rejected=5959 aliveV=33238 aliveF=66476 heap=82735 sec=2.94349 rebuildSec=0.635374 makeItemSec=0.890075 linkSec=0.525037 placeSec=0.0382351 nonFlipSec=0.18537 collapseSec=0.022269 heapPops=15959 stale=2717 dead=3136 fresh=10106 requeues=0
reason=final checkpointTarget=0 accepted=14712 rejected=7653 aliveV=28526 aliveF=57052 heap=102779 sec=3.89892 rebuildSec=0.635374 makeItemSec=1.02165 linkSec=0.60277 placeSec=0.0430243 nonFlipSec=0.212075 collapseSec=0.0323738 heapPops=22365 stale=3561 dead=3962 fresh=14842 requeues=0
stage collapse target=28526 finalV=28526 sec=3.89892
heFlip accepted=1000 queue=11578 edges=85578
heFlip accepted=2000 queue=12393 edges=85578
heFlip accepted=3000 queue=12582 edges=85578
heFlip accepted=4000 queue=12358 edges=85578
heFlip accepted=5000 queue=11672 edges=85578
heFlip accepted=6000 queue=10662 edges=85578
heFlip accepted=7000 queue=9259 edges=85578
heFlip accepted=8000 queue=7380 edges=85578
heFlip accepted=9000 queue=5202 edges=85578
heFlip accepted=10000 queue=2588 edges=85578
stage=28526 heFlipPass=0 flipped=10916
stage=28526 heRelocatePass=0 moved=13743
reason=initial checkpointTarget=0 accepted=0 rejected=0 aliveV=28526 aliveF=57052 heap=64233 sec=0.240155 rebuildSec=0.216021 makeItemSec=0.200347 linkSec=0.119555 placeSec=0.0089524 nonFlipSec=0.0423505 collapseSec=0 heapPops=0 stale=0 dead=0 fresh=0 requeues=0
reason=progress checkpointTarget=0 accepted=5000 rejected=2046 aliveV=23526 aliveF=47052 heap=84621 sec=1.00288 rebuildSec=0.216021 makeItemSec=0.34587 linkSec=0.2063 placeSec=0.0143539 nonFlipSec=0.0718384 collapseSec=0.0103957 heapPops=7046 stale=980 dead=1022 fresh=5044 requeues=0
reason=final checkpointTarget=0 accepted=9706 rejected=10365 aliveV=18820 aliveF=37640 heap=96547 sec=2.10611 rebuildSec=0.216021 makeItemSec=0.468908 linkSec=0.280512 placeSec=0.0188465 nonFlipSec=0.0963152 collapseSec=0.0199472 heapPops=20071 stale=4493 dead=5705 fresh=9873 requeues=0
stage collapse target=18820 finalV=18820 sec=2.10611
heFlip accepted=1000 queue=7704 edges=56460
heFlip accepted=2000 queue=7933 edges=56460
heFlip accepted=3000 queue=7333 edges=56460
heFlip accepted=4000 queue=6186 edges=56460
heFlip accepted=5000 queue=4413 edges=56460
heFlip accepted=6000 queue=2022 edges=56460
stage=18820 heFlipPass=0 flipped=6780
stage=18820 heRelocatePass=0 moved=9587
reason=initial checkpointTarget=0 accepted=0 rejected=0 aliveV=18820 aliveF=37640 heap=40225 sec=0.15815 rebuildSec=0.142873 makeItemSec=0.133333 linkSec=0.0799427 placeSec=0.005875 nonFlipSec=0.0281161 collapseSec=0 heapPops=0 stale=0 dead=0 fresh=0 requeues=0
reason=progress checkpointTarget=0 accepted=5000 rejected=4055 aliveV=13820 aliveF=27640 heap=56699 sec=0.725124 rebuildSec=0.142873 makeItemSec=0.265307 linkSec=0.159504 placeSec=0.01081 nonFlipSec=0.0544686 collapseSec=0.0093589 heapPops=9055 stale=1828 dead=2097 fresh=5130 requeues=0
reason=final checkpointTarget=0 accepted=6403 rejected=7647 aliveV=12417 aliveF=24834 heap=58758 sec=1.01857 rebuildSec=0.142873 makeItemSec=0.307805 linkSec=0.185496 placeSec=0.0123638 nonFlipSec=0.0629637 collapseSec=0.0125318 heapPops=14050 stale=3270 dead=4193 fresh=6587 requeues=0
stage collapse target=12417 finalV=12417 sec=1.01857
heFlip accepted=1000 queue=5243 edges=37251
heFlip accepted=2000 queue=4831 edges=37251
heFlip accepted=3000 queue=3283 edges=37251
heFlip accepted=4000 queue=1037 edges=37251
stage=12417 heFlipPass=0 flipped=4370
stage=12417 heRelocatePass=0 moved=6652
reason=initial checkpointTarget=0 accepted=0 rejected=0 aliveV=12417 aliveF=24834 heap=24661 sec=0.105899 rebuildSec=0.0953013 makeItemSec=0.0890291 linkSec=0.0537537 placeSec=0.0038383 nonFlipSec=0.0186324 collapseSec=0 heapPops=0 stale=0 dead=0 fresh=0 requeues=0
reason=final checkpointTarget=0 accepted=4225 rejected=6168 aliveV=8192 aliveF=16384 heap=34195 sec=0.360508 rebuildSec=0.0953013 makeItemSec=0.205556 linkSec=0.123342 placeSec=0.0083587 nonFlipSec=0.0426798 collapseSec=0.008077 heapPops=10393 stale=2572 dead=3434 fresh=4387 requeues=0
stage collapse target=8192 finalV=8192 sec=0.360508
heFlip accepted=1000 queue=3548 edges=24576
heFlip accepted=2000 queue=2294 edges=24576
stage=8192 heFlipPass=0 flipped=2958
stage=8192 heRelocatePass=0 moved=4785
final_vertices,8192
final_faces,16384
output,C:\Users\sy415\workspace\pndf_qem_phase1\out_quality_local_guard_eps1e-9\meshes\isotropic_pnm_he_4d_ds4_v8192.meshbin
