reason=initial checkpointTarget=0 accepted=0 rejected=0 aliveV=65536 aliveF=131072 heap=196608 sec=0.450185 rebuildSec=0.399911 makeItemSec=0.369032 linkSec=0.213965 placeSec=0.0256119 nonFlipSec=0.0669306 collapseSec=0 heapPops=0 stale=0 dead=0 fresh=0 requeues=0
reason=rebuild checkpointTarget=0 accepted=50000 rejected=354934 aliveV=15536 aliveF=31072 heap=41320 sec=67.2097 rebuildSec=0.524415 makeItemSec=1.9098 linkSec=1.09451 placeSec=0.094064 nonFlipSec=0.366705 collapseSec=0.118435 heapPops=404934 stale=130867 dead=223653 fresh=50414 requeues=0
reason=final checkpointTarget=0 accepted=57344 rejected=384322 aliveV=8192 aliveF=16384 heap=45972 sec=73.9628 rebuildSec=0.524415 makeItemSec=2.15426 linkSec=1.23815 placeSec=0.103675 nonFlipSec=0.415335 collapseSec=0.13756 heapPops=441666 stale=142564 dead=241274 fresh=57828 requeues=0
accepted,57344
rejected,384322
final_vertices,8192
final_faces,16384
seconds,73.9628
heap_pops,441666
stale_pops,142564
dead_pops,241274
invalid_cost_pops,0
fresh_recomputes,57828
fresh_requeues,0
fresh_rejects,484
rebuild_count,2
max_heap_size,225016
initialize_seconds,0.0500756
rebuild_seconds,0.524415
make_item_seconds,2.15426
link_condition_seconds,1.23815
placement_seconds,0.103675
non_flip_seconds,0.415335
collapse_update_seconds,0.13756
