reason=initial checkpointTarget=0 accepted=0 rejected=0 aliveV=65536 aliveF=131072 heap=196608 sec=0.526081 rebuildSec=0.475493 makeItemSec=0.442163 linkSec=0.224739 placeSec=0.0268411 nonFlipSec=0.125617 collapseSec=0 heapPops=0 stale=0 dead=0 fresh=0 requeues=0
reason=rebuild checkpointTarget=0 accepted=50000 rejected=128395 aliveV=15536 aliveF=31072 heap=43393 sec=30.4303 rebuildSec=0.612305 makeItemSec=1.89392 linkSec=0.983982 placeSec=0.0923334 nonFlipSec=0.500854 collapseSec=0.09269 heapPops=178395 stale=50169 dead=78224 fresh=50002 requeues=0
reason=final checkpointTarget=0 accepted=57344 rejected=145047 aliveV=8192 aliveF=16384 heap=64885 sec=34.6404 rebuildSec=0.612305 makeItemSec=2.09505 linkSec=1.09096 placeSec=0.100714 nonFlipSec=0.552185 collapseSec=0.106448 heapPops=202391 stale=57006 dead=88027 fresh=57358 requeues=0
accepted,57344
rejected,145047
final_vertices,8192
final_faces,16384
seconds,34.6404
heap_pops,202391
stale_pops,57006
dead_pops,88027
invalid_cost_pops,0
fresh_recomputes,57358
fresh_requeues,0
fresh_rejects,14
rebuild_count,2
max_heap_size,341125
initialize_seconds,0.0503812
rebuild_seconds,0.612305
make_item_seconds,2.09505
link_condition_seconds,1.09096
placement_seconds,0.100714
non_flip_seconds,0.552185
collapse_update_seconds,0.106448
