reason=initial checkpointTarget=0 accepted=0 rejected=0 aliveV=65536 aliveF=131072 heap=196608 sec=0.529192 rebuildSec=0.476445 makeItemSec=0.444568 linkSec=0.226348 placeSec=0.0268099 nonFlipSec=0.126611 collapseSec=0 heapPops=0 stale=0 dead=0 fresh=0 requeues=0
reason=rebuild checkpointTarget=0 accepted=50000 rejected=128395 aliveV=15536 aliveF=31072 heap=43393 sec=30.7053 rebuildSec=0.615487 makeItemSec=1.89954 linkSec=0.989391 placeSec=0.0913762 nonFlipSec=0.503799 collapseSec=0.091881 heapPops=178395 stale=50169 dead=78224 fresh=50002 requeues=0
reason=final checkpointTarget=0 accepted=57344 rejected=145047 aliveV=8192 aliveF=16384 heap=64885 sec=35.2264 rebuildSec=0.615487 makeItemSec=2.0982 linkSec=1.09486 placeSec=0.0995521 nonFlipSec=0.554766 collapseSec=0.104895 heapPops=202391 stale=57006 dead=88027 fresh=57358 requeues=0
accepted,57344
rejected,145047
final_vertices,8192
final_faces,16384
seconds,35.2264
heap_pops,202391
stale_pops,57006
dead_pops,88027
invalid_cost_pops,0
fresh_recomputes,57358
fresh_requeues,0
fresh_rejects,14
rebuild_count,2
max_heap_size,341125
initialize_seconds,0.0525469
rebuild_seconds,0.615487
make_item_seconds,2.0982
link_condition_seconds,1.09486
placement_seconds,0.0995521
non_flip_seconds,0.554766
collapse_update_seconds,0.104895
