[001/162] q0000 random00 sigma=8 TV=0.08933 H=0.08667 peak=0.03125
[002/162] q0001 random00 sigma=16 TV=0.05780 H=0.05170 peak=0.00000
[003/162] q0002 random00 sigma=32 TV=0.04639 H=0.04000 peak=0.03125
[004/162] q0003 random01 sigma=8 TV=0.07582 H=0.07627 peak=0.00000
[005/162] q0004 random01 sigma=16 TV=0.06283 H=0.05565 peak=0.03125
[006/162] q0005 random01 sigma=32 TV=0.04632 H=0.04002 peak=0.03125
[007/162] q0006 random02 sigma=8 TV=0.08157 H=0.08277 peak=0.00000
[008/162] q0007 random02 sigma=16 TV=0.04499 H=0.04203 peak=0.00000
[009/162] q0008 random02 sigma=32 TV=0.03861 H=0.03466 peak=0.03125
[010/162] q0009 random03 sigma=8 TV=0.11365 H=0.10661 peak=0.03125
[011/162] q0010 random03 sigma=16 TV=0.05388 H=0.05135 peak=0.00000
[012/162] q0011 random03 sigma=32 TV=0.03993 H=0.03755 peak=0.03125
[013/162] q0012 random04 sigma=8 TV=0.06704 H=0.05740 peak=0.00000
[014/162] q0013 random04 sigma=16 TV=0.05820 H=0.05188 peak=0.00000
[015/162] q0014 random04 sigma=32 TV=0.04686 H=0.04034 peak=0.00000
[016/162] q0015 random05 sigma=8 TV=0.09171 H=0.09092 peak=0.03125
[017/162] q0016 random05 sigma=16 TV=0.05800 H=0.05707 peak=0.03125
[018/162] q0017 random05 sigma=32 TV=0.04581 H=0.04169 peak=0.00000
[019/162] q0018 random06 sigma=8 TV=0.07412 H=0.07330 peak=0.00000
[020/162] q0019 random06 sigma=16 TV=0.05820 H=0.04744 peak=0.00000
[021/162] q0020 random06 sigma=32 TV=0.05247 H=0.04130 peak=0.00000
[022/162] q0021 random07 sigma=8 TV=0.10494 H=0.10950 peak=0.03125
[023/162] q0022 random07 sigma=16 TV=0.07122 H=0.05897 peak=0.03125
[024/162] q0023 random07 sigma=32 TV=0.05262 H=0.04306 peak=0.00000
[025/162] q0024 random08 sigma=8 TV=0.07180 H=0.07696 peak=0.00000
[026/162] q0025 random08 sigma=16 TV=0.05360 H=0.05431 peak=0.00000
[027/162] q0026 random08 sigma=32 TV=0.04755 H=0.04184 peak=0.00000
[028/162] q0027 random09 sigma=8 TV=0.08058 H=0.07539 peak=0.04419
[029/162] q0028 random09 sigma=16 TV=0.05131 H=0.05170 peak=0.00000
[030/162] q0029 random09 sigma=32 TV=0.04688 H=0.03870 peak=0.04419
[031/162] q0030 random10 sigma=8 TV=0.09917 H=0.08371 peak=0.00000
[032/162] q0031 random10 sigma=16 TV=0.05692 H=0.05244 peak=0.00000
[033/162] q0032 random10 sigma=32 TV=0.04084 H=0.03663 peak=0.04419
[034/162] q0033 random11 sigma=8 TV=0.08049 H=0.09476 peak=0.00000
[035/162] q0034 random11 sigma=16 TV=0.06705 H=0.05897 peak=0.03125
[036/162] q0035 random11 sigma=32 TV=0.05078 H=0.04337 peak=0.03125
[037/162] q0036 random12 sigma=8 TV=0.07199 H=0.08563 peak=0.00000
[038/162] q0037 random12 sigma=16 TV=0.06242 H=0.06043 peak=0.00000
[039/162] q0038 random12 sigma=32 TV=0.04807 H=0.04144 peak=0.00000
[040/162] q0039 random13 sigma=8 TV=0.08551 H=0.11853 peak=0.00000
[041/162] q0040 random13 sigma=16 TV=0.06036 H=0.06909 peak=0.00000
[042/162] q0041 random13 sigma=32 TV=0.04492 H=0.04328 peak=0.03125
[043/162] q0042 random14 sigma=8 TV=0.06788 H=0.06029 peak=0.00000
[044/162] q0043 random14 sigma=16 TV=0.05435 H=0.04945 peak=0.00000
[045/162] q0044 random14 sigma=32 TV=0.04746 H=0.04060 peak=0.00000
[046/162] q0045 random15 sigma=8 TV=0.06992 H=0.07051 peak=0.00000
[047/162] q0046 random15 sigma=16 TV=0.05358 H=0.04480 peak=0.00000
[048/162] q0047 random15 sigma=32 TV=0.04158 H=0.03699 peak=0.00000
[049/162] q0048 random16 sigma=8 TV=0.12168 H=0.10638 peak=0.00000
[050/162] q0049 random16 sigma=16 TV=0.07619 H=0.06529 peak=0.03125
[051/162] q0050 random16 sigma=32 TV=0.05775 H=0.04537 peak=0.00000
[052/162] q0051 random17 sigma=8 TV=0.08206 H=0.07741 peak=0.00000
[053/162] q0052 random17 sigma=16 TV=0.05076 H=0.04798 peak=0.00000
[054/162] q0053 random17 sigma=32 TV=0.04363 H=0.03829 peak=0.00000
[055/162] q0054 random18 sigma=8 TV=0.05857 H=0.07866 peak=0.03125
[056/162] q0055 random18 sigma=16 TV=0.04298 H=0.05005 peak=0.00000
[057/162] q0056 random18 sigma=32 TV=0.04489 H=0.03806 peak=0.00000
[058/162] q0057 random19 sigma=8 TV=0.09544 H=0.08190 peak=0.03125
[059/162] q0058 random19 sigma=16 TV=0.07204 H=0.06085 peak=0.03125
[060/162] q0059 random19 sigma=32 TV=0.04540 H=0.04072 peak=0.00000
[061/162] q0060 random20 sigma=8 TV=0.08114 H=0.08315 peak=0.00000
[062/162] q0061 random20 sigma=16 TV=0.05005 H=0.04574 peak=0.04419
[063/162] q0062 random20 sigma=32 TV=0.04353 H=0.03876 peak=0.03125
[064/162] q0063 random21 sigma=8 TV=0.07854 H=0.08017 peak=0.00000
[065/162] q0064 random21 sigma=16 TV=0.06099 H=0.05108 peak=0.00000
[066/162] q0065 random21 sigma=32 TV=0.05429 H=0.04325 peak=0.00000
[067/162] q0066 random22 sigma=8 TV=0.07366 H=0.07851 peak=0.00000
[068/162] q0067 random22 sigma=16 TV=0.05614 H=0.04881 peak=0.00000
[069/162] q0068 random22 sigma=32 TV=0.04208 H=0.03750 peak=0.00000
[070/162] q0069 random23 sigma=8 TV=0.09501 H=0.09626 peak=0.03125
[071/162] q0070 random23 sigma=16 TV=0.05038 H=0.05361 peak=0.03125
[072/162] q0071 random23 sigma=32 TV=0.03964 H=0.04096 peak=0.03125
[073/162] q0072 random24 sigma=8 TV=0.10074 H=0.09381 peak=0.06250
[074/162] q0073 random24 sigma=16 TV=0.05614 H=0.05217 peak=0.06988
[075/162] q0074 random24 sigma=32 TV=0.04601 H=0.04019 peak=0.03125
[076/162] q0075 random25 sigma=8 TV=0.08326 H=0.07881 peak=0.00000
[077/162] q0076 random25 sigma=16 TV=0.05912 H=0.05155 peak=0.00000
[078/162] q0077 random25 sigma=32 TV=0.05190 H=0.04123 peak=0.00000
[079/162] q0078 random26 sigma=8 TV=0.07041 H=0.08446 peak=0.04419
[080/162] q0079 random26 sigma=16 TV=0.05410 H=0.06187 peak=0.04419
[081/162] q0080 random26 sigma=32 TV=0.04335 H=0.04021 peak=0.00000
[082/162] q0081 random27 sigma=8 TV=0.10151 H=0.07771 peak=0.00000
[083/162] q0082 random27 sigma=16 TV=0.04953 H=0.04746 peak=0.00000
[084/162] q0083 random27 sigma=32 TV=0.04491 H=0.03833 peak=0.00000
[085/162] q0084 random28 sigma=8 TV=0.11021 H=0.10424 peak=0.00000
[086/162] q0085 random28 sigma=16 TV=0.07049 H=0.07191 peak=0.00000
[087/162] q0086 random28 sigma=32 TV=0.04356 H=0.04429 peak=0.00000
[088/162] q0087 random29 sigma=8 TV=0.08040 H=0.08507 peak=0.00000
[089/162] q0088 random29 sigma=16 TV=0.06116 H=0.05271 peak=0.00000
[090/162] q0089 random29 sigma=32 TV=0.05503 H=0.04361 peak=0.00000
[091/162] q0090 random30 sigma=8 TV=0.11393 H=0.11851 peak=0.00000
[092/162] q0091 random30 sigma=16 TV=0.05739 H=0.05926 peak=0.03125
[093/162] q0092 random30 sigma=32 TV=0.04277 H=0.03778 peak=0.03125
[094/162] q0093 random31 sigma=8 TV=0.09839 H=0.08326 peak=0.03125
[095/162] q0094 random31 sigma=16 TV=0.06173 H=0.04928 peak=0.00000
[096/162] q0095 random31 sigma=32 TV=0.05473 H=0.04256 peak=0.00000
[097/162] q0096 feature00 sigma=8 TV=0.08696 H=0.11513 peak=0.04419
[098/162] q0097 feature00 sigma=16 TV=0.06014 H=0.06872 peak=0.00000
[099/162] q0098 feature00 sigma=32 TV=0.04525 H=0.04332 peak=0.03125
[100/162] q0099 feature01 sigma=8 TV=0.12310 H=0.12389 peak=0.00000
[101/162] q0100 feature01 sigma=16 TV=0.07921 H=0.07303 peak=0.03125
[102/162] q0101 feature01 sigma=32 TV=0.05751 H=0.04616 peak=0.00000
[103/162] q0102 feature02 sigma=8 TV=0.10939 H=0.09986 peak=0.03125
[104/162] q0103 feature02 sigma=16 TV=0.06915 H=0.06227 peak=0.03125
[105/162] q0104 feature02 sigma=32 TV=0.04812 H=0.04181 peak=0.00000
[106/162] q0105 feature03 sigma=8 TV=0.09669 H=0.09717 peak=0.03125
[107/162] q0106 feature03 sigma=16 TV=0.06229 H=0.06051 peak=0.00000
[108/162] q0107 feature03 sigma=32 TV=0.04962 H=0.04210 peak=0.00000
[109/162] q0108 feature04 sigma=8 TV=0.07086 H=0.08084 peak=0.00000
[110/162] q0109 feature04 sigma=16 TV=0.05129 H=0.05459 peak=0.00000
[111/162] q0110 feature04 sigma=32 TV=0.04852 H=0.04240 peak=0.00000
[112/162] q0111 feature05 sigma=8 TV=0.06345 H=0.06662 peak=0.00000
[113/162] q0112 feature05 sigma=16 TV=0.04637 H=0.04890 peak=0.00000
[114/162] q0113 feature05 sigma=32 TV=0.04719 H=0.04041 peak=0.00000
[115/162] q0114 feature06 sigma=8 TV=0.08414 H=0.11420 peak=0.00000
[116/162] q0115 feature06 sigma=16 TV=0.06079 H=0.06653 peak=0.00000
[117/162] q0116 feature06 sigma=32 TV=0.04317 H=0.04144 peak=0.00000
[118/162] q0117 feature07 sigma=8 TV=0.13191 H=0.12589 peak=0.03125
[119/162] q0118 feature07 sigma=16 TV=0.06996 H=0.07070 peak=0.00000
[120/162] q0119 feature07 sigma=32 TV=0.04313 H=0.03965 peak=0.03125
[121/162] q0120 feature08 sigma=8 TV=0.07113 H=0.06994 peak=0.00000
[122/162] q0121 feature08 sigma=16 TV=0.06041 H=0.05186 peak=0.00000
[123/162] q0122 feature08 sigma=32 TV=0.05481 H=0.04372 peak=0.00000
[124/162] q0123 feature09 sigma=8 TV=0.08166 H=0.07010 peak=0.04419
[125/162] q0124 feature09 sigma=16 TV=0.05518 H=0.04699 peak=0.00000
[126/162] q0125 feature09 sigma=32 TV=0.05014 H=0.03997 peak=0.00000
[127/162] q0126 feature10 sigma=8 TV=0.08318 H=0.07522 peak=0.03125
[128/162] q0127 feature10 sigma=16 TV=0.04395 H=0.04170 peak=0.00000
[129/162] q0128 feature10 sigma=32 TV=0.03836 H=0.03465 peak=0.03125
[130/162] q0129 feature11 sigma=8 TV=0.11364 H=0.14065 peak=0.00000
[131/162] q0130 feature11 sigma=16 TV=0.06431 H=0.07290 peak=0.00000
[132/162] q0131 feature11 sigma=32 TV=0.05256 H=0.04407 peak=0.00000
[133/162] q0132 feature12 sigma=8 TV=0.07434 H=0.07841 peak=0.00000
[134/162] q0133 feature12 sigma=16 TV=0.04463 H=0.04767 peak=0.00000
[135/162] q0134 feature12 sigma=32 TV=0.03787 H=0.03694 peak=0.00000
[136/162] q0135 feature13 sigma=8 TV=0.09828 H=0.09740 peak=0.00000
[137/162] q0136 feature13 sigma=16 TV=0.06008 H=0.05693 peak=0.03125
[138/162] q0137 feature13 sigma=32 TV=0.04658 H=0.04183 peak=0.00000
[139/162] q0138 feature14 sigma=8 TV=0.07121 H=0.07299 peak=0.00000
[140/162] q0139 feature14 sigma=16 TV=0.04819 H=0.05121 peak=0.00000
[141/162] q0140 feature14 sigma=32 TV=0.04652 H=0.03843 peak=0.00000
[142/162] q0141 feature15 sigma=8 TV=0.09919 H=0.09964 peak=0.03125
[143/162] q0142 feature15 sigma=16 TV=0.06883 H=0.05773 peak=0.00000
[144/162] q0143 feature15 sigma=32 TV=0.05367 H=0.04311 peak=0.00000
[145/162] q0144 seam_u0 sigma=8 TV=0.09209 H=0.08463 peak=0.00000
[146/162] q0145 seam_u0 sigma=16 TV=0.06647 H=0.06463 peak=0.00000
[147/162] q0146 seam_u0 sigma=32 TV=0.04547 H=0.04054 peak=0.00000
[148/162] q0147 seam_u1 sigma=8 TV=0.11839 H=0.10445 peak=0.03125
[149/162] q0148 seam_u1 sigma=16 TV=0.06645 H=0.06521 peak=0.00000
[150/162] q0149 seam_u1 sigma=32 TV=0.04523 H=0.04026 peak=0.03125
[151/162] q0150 seam_v0 sigma=8 TV=0.07803 H=0.08328 peak=0.03125
[152/162] q0151 seam_v0 sigma=16 TV=0.04753 H=0.05099 peak=0.00000
[153/162] q0152 seam_v0 sigma=32 TV=0.04784 H=0.04096 peak=0.00000
[154/162] q0153 seam_v1 sigma=8 TV=0.07124 H=0.06614 peak=0.00000
[155/162] q0154 seam_v1 sigma=16 TV=0.04992 H=0.05039 peak=0.00000
[156/162] q0155 seam_v1 sigma=32 TV=0.04885 H=0.04141 peak=0.00000
[157/162] q0156 corner00 sigma=8 TV=0.10086 H=0.10702 peak=0.03125
[158/162] q0157 corner00 sigma=16 TV=0.06058 H=0.06060 peak=0.00000
[159/162] q0158 corner00 sigma=32 TV=0.04937 H=0.04189 peak=0.00000
[160/162] q0159 corner11 sigma=8 TV=0.09219 H=0.08887 peak=0.03125
[161/162] q0160 corner11 sigma=16 TV=0.06220 H=0.05868 peak=0.00000
[162/162] q0161 corner11 sigma=32 TV=0.05029 H=0.04235 peak=0.00000
Wrote C:\Users\sy415\workspace\pndf_qem_phase1\out_quality_local_guard_eps1e-9\metrics_sampled_pndf\brush_pnm_he_4d_ds4_v8192\metrics.csv
Wrote C:\Users\sy415\workspace\pndf_qem_phase1\out_quality_local_guard_eps1e-9\metrics_sampled_pndf\brush_pnm_he_4d_ds4_v8192\summary.txt
