[001/162] q0000 random00 sigma=8 TV=0.13998 H=0.14109 peak=0.00000
[002/162] q0001 random00 sigma=16 TV=0.10911 H=0.10279 peak=0.03125
[003/162] q0002 random00 sigma=32 TV=0.10504 H=0.08667 peak=0.04419
[004/162] q0003 random01 sigma=8 TV=0.14358 H=0.12574 peak=0.00000
[005/162] q0004 random01 sigma=16 TV=0.12064 H=0.10138 peak=0.04419
[006/162] q0005 random01 sigma=32 TV=0.11008 H=0.08732 peak=0.04419
[007/162] q0006 random02 sigma=8 TV=0.16406 H=0.14848 peak=0.03125
[008/162] q0007 random02 sigma=16 TV=0.11555 H=0.09983 peak=0.03125
[009/162] q0008 random02 sigma=32 TV=0.10295 H=0.08434 peak=0.00000
[010/162] q0009 random03 sigma=8 TV=0.15338 H=0.15402 peak=0.03125
[011/162] q0010 random03 sigma=16 TV=0.10704 H=0.09738 peak=0.04419
[012/162] q0011 random03 sigma=32 TV=0.09463 H=0.08116 peak=0.03125
[013/162] q0012 random04 sigma=8 TV=0.12328 H=0.11214 peak=0.00000
[014/162] q0013 random04 sigma=16 TV=0.11903 H=0.09582 peak=0.00000
[015/162] q0014 random04 sigma=32 TV=0.11069 H=0.08729 peak=0.04419
[016/162] q0015 random05 sigma=8 TV=0.19852 H=0.19466 peak=0.03125
[017/162] q0016 random05 sigma=16 TV=0.12148 H=0.11390 peak=0.03125
[018/162] q0017 random05 sigma=32 TV=0.09742 H=0.08385 peak=0.00000
[019/162] q0018 random06 sigma=8 TV=0.16723 H=0.17065 peak=0.00000
[020/162] q0019 random06 sigma=16 TV=0.10748 H=0.11334 peak=0.00000
[021/162] q0020 random06 sigma=32 TV=0.10564 H=0.09216 peak=0.00000
[022/162] q0021 random07 sigma=8 TV=0.14813 H=0.16446 peak=0.03125
[023/162] q0022 random07 sigma=16 TV=0.13368 H=0.12430 peak=0.03125
[024/162] q0023 random07 sigma=32 TV=0.11190 H=0.09199 peak=0.00000
[025/162] q0024 random08 sigma=8 TV=0.14993 H=0.13607 peak=0.04419
[026/162] q0025 random08 sigma=16 TV=0.11703 H=0.10356 peak=0.04419
[027/162] q0026 random08 sigma=32 TV=0.10610 H=0.08509 peak=0.00000
[028/162] q0027 random09 sigma=8 TV=0.20683 H=0.17258 peak=0.00000
[029/162] q0028 random09 sigma=16 TV=0.13732 H=0.11510 peak=0.04419
[030/162] q0029 random09 sigma=32 TV=0.10950 H=0.08792 peak=0.04419
[031/162] q0030 random10 sigma=8 TV=0.15892 H=0.13674 peak=0.00000
[032/162] q0031 random10 sigma=16 TV=0.11722 H=0.10203 peak=0.00000
[033/162] q0032 random10 sigma=32 TV=0.10063 H=0.08542 peak=0.04419
[034/162] q0033 random11 sigma=8 TV=0.16899 H=0.15083 peak=0.03125
[035/162] q0034 random11 sigma=16 TV=0.14241 H=0.12400 peak=0.06250
[036/162] q0035 random11 sigma=32 TV=0.11257 H=0.09292 peak=0.03125
[037/162] q0036 random12 sigma=8 TV=0.15886 H=0.15381 peak=0.00000
[038/162] q0037 random12 sigma=16 TV=0.12867 H=0.11585 peak=0.03125
[039/162] q0038 random12 sigma=32 TV=0.11170 H=0.09243 peak=0.00000
[040/162] q0039 random13 sigma=8 TV=0.13908 H=0.15926 peak=0.04419
[041/162] q0040 random13 sigma=16 TV=0.10187 H=0.10572 peak=0.03125
[042/162] q0041 random13 sigma=32 TV=0.09567 H=0.08302 peak=0.04419
[043/162] q0042 random14 sigma=8 TV=0.12749 H=0.10226 peak=0.04419
[044/162] q0043 random14 sigma=16 TV=0.12123 H=0.09943 peak=0.04419
[045/162] q0044 random14 sigma=32 TV=0.11075 H=0.08733 peak=0.04419
[046/162] q0045 random15 sigma=8 TV=0.15889 H=0.14198 peak=0.03125
[047/162] q0046 random15 sigma=16 TV=0.11431 H=0.10104 peak=0.00000
[048/162] q0047 random15 sigma=32 TV=0.10477 H=0.08702 peak=0.00000
[049/162] q0048 random16 sigma=8 TV=0.20047 H=0.17877 peak=0.03125
[050/162] q0049 random16 sigma=16 TV=0.13823 H=0.12010 peak=0.03125
[051/162] q0050 random16 sigma=32 TV=0.11224 H=0.09168 peak=0.00000
[052/162] q0051 random17 sigma=8 TV=0.15997 H=0.14596 peak=0.04419
[053/162] q0052 random17 sigma=16 TV=0.11674 H=0.09602 peak=0.03125
[054/162] q0053 random17 sigma=32 TV=0.11179 H=0.09004 peak=0.03125
[055/162] q0054 random18 sigma=8 TV=0.11534 H=0.10598 peak=0.00000
[056/162] q0055 random18 sigma=16 TV=0.10947 H=0.09317 peak=0.03125
[057/162] q0056 random18 sigma=32 TV=0.11059 H=0.08871 peak=0.03125
[058/162] q0057 random19 sigma=8 TV=0.15304 H=0.14816 peak=0.00000
[059/162] q0058 random19 sigma=16 TV=0.12295 H=0.10774 peak=0.00000
[060/162] q0059 random19 sigma=32 TV=0.10332 H=0.08810 peak=0.03125
[061/162] q0060 random20 sigma=8 TV=0.17256 H=0.16137 peak=0.03125
[062/162] q0061 random20 sigma=16 TV=0.11611 H=0.10023 peak=0.04419
[063/162] q0062 random20 sigma=32 TV=0.10586 H=0.08508 peak=0.04419
[064/162] q0063 random21 sigma=8 TV=0.17956 H=0.18437 peak=0.00000
[065/162] q0064 random21 sigma=16 TV=0.11740 H=0.10768 peak=0.00000
[066/162] q0065 random21 sigma=32 TV=0.10485 H=0.09193 peak=0.00000
[067/162] q0066 random22 sigma=8 TV=0.14213 H=0.14314 peak=0.06250
[068/162] q0067 random22 sigma=16 TV=0.11573 H=0.10072 peak=0.00000
[069/162] q0068 random22 sigma=32 TV=0.10576 H=0.08763 peak=0.00000
[070/162] q0069 random23 sigma=8 TV=0.18180 H=0.18045 peak=0.03125
[071/162] q0070 random23 sigma=16 TV=0.10185 H=0.10702 peak=0.03125
[072/162] q0071 random23 sigma=32 TV=0.09577 H=0.08243 peak=0.03125
[073/162] q0072 random24 sigma=8 TV=0.16116 H=0.15914 peak=0.00000
[074/162] q0073 random24 sigma=16 TV=0.12595 H=0.10592 peak=0.03125
[075/162] q0074 random24 sigma=32 TV=0.10756 H=0.08601 peak=0.03125
[076/162] q0075 random25 sigma=8 TV=0.15347 H=0.13414 peak=0.03125
[077/162] q0076 random25 sigma=16 TV=0.10752 H=0.09636 peak=0.03125
[078/162] q0077 random25 sigma=32 TV=0.10447 H=0.08494 peak=0.00000
[079/162] q0078 random26 sigma=8 TV=0.14384 H=0.14610 peak=0.04419
[080/162] q0079 random26 sigma=16 TV=0.10760 H=0.10318 peak=0.04419
[081/162] q0080 random26 sigma=32 TV=0.09358 H=0.08125 peak=0.00000
[082/162] q0081 random27 sigma=8 TV=0.15853 H=0.14986 peak=0.04419
[083/162] q0082 random27 sigma=16 TV=0.12188 H=0.11285 peak=0.00000
[084/162] q0083 random27 sigma=32 TV=0.10579 H=0.09091 peak=0.00000
[085/162] q0084 random28 sigma=8 TV=0.11896 H=0.10800 peak=0.00000
[086/162] q0085 random28 sigma=16 TV=0.09459 H=0.09370 peak=0.00000
[087/162] q0086 random28 sigma=32 TV=0.09623 H=0.08211 peak=0.00000
[088/162] q0087 random29 sigma=8 TV=0.17586 H=0.16386 peak=0.00000
[089/162] q0088 random29 sigma=16 TV=0.12122 H=0.11187 peak=0.00000
[090/162] q0089 random29 sigma=32 TV=0.11112 H=0.09101 peak=0.00000
[091/162] q0090 random30 sigma=8 TV=0.16283 H=0.16128 peak=0.03125
[092/162] q0091 random30 sigma=16 TV=0.08741 H=0.08544 peak=0.00000
[093/162] q0092 random30 sigma=32 TV=0.09229 H=0.07775 peak=0.00000
[094/162] q0093 random31 sigma=8 TV=0.14772 H=0.14829 peak=0.04419
[095/162] q0094 random31 sigma=16 TV=0.11375 H=0.11422 peak=0.00000
[096/162] q0095 random31 sigma=32 TV=0.10757 H=0.09189 peak=0.00000
[097/162] q0096 feature00 sigma=8 TV=0.13736 H=0.15617 peak=0.00000
[098/162] q0097 feature00 sigma=16 TV=0.10343 H=0.10636 peak=0.03125
[099/162] q0098 feature00 sigma=32 TV=0.09610 H=0.08336 peak=0.04419
[100/162] q0099 feature01 sigma=8 TV=0.15427 H=0.14708 peak=0.00000
[101/162] q0100 feature01 sigma=16 TV=0.13725 H=0.11953 peak=0.03125
[102/162] q0101 feature01 sigma=32 TV=0.11594 H=0.09225 peak=0.00000
[103/162] q0102 feature02 sigma=8 TV=0.16404 H=0.17060 peak=0.00000
[104/162] q0103 feature02 sigma=16 TV=0.11435 H=0.10243 peak=0.04419
[105/162] q0104 feature02 sigma=32 TV=0.10740 H=0.08560 peak=0.04419
[106/162] q0105 feature03 sigma=8 TV=0.15406 H=0.15245 peak=0.03125
[107/162] q0106 feature03 sigma=16 TV=0.12981 H=0.11873 peak=0.00000
[108/162] q0107 feature03 sigma=32 TV=0.11115 H=0.09281 peak=0.00000
[109/162] q0108 feature04 sigma=8 TV=0.14334 H=0.13903 peak=0.03125
[110/162] q0109 feature04 sigma=16 TV=0.11858 H=0.10358 peak=0.00000
[111/162] q0110 feature04 sigma=32 TV=0.10692 H=0.08575 peak=0.00000
[112/162] q0111 feature05 sigma=8 TV=0.08955 H=0.09069 peak=0.00000
[113/162] q0112 feature05 sigma=16 TV=0.11757 H=0.09707 peak=0.00000
[114/162] q0113 feature05 sigma=32 TV=0.11589 H=0.08971 peak=0.03125
[115/162] q0114 feature06 sigma=8 TV=0.16592 H=0.17139 peak=0.00000
[116/162] q0115 feature06 sigma=16 TV=0.10385 H=0.10588 peak=0.00000
[117/162] q0116 feature06 sigma=32 TV=0.09355 H=0.08138 peak=0.00000
[118/162] q0117 feature07 sigma=8 TV=0.16344 H=0.15033 peak=0.03125
[119/162] q0118 feature07 sigma=16 TV=0.12216 H=0.11481 peak=0.03125
[120/162] q0119 feature07 sigma=32 TV=0.10644 H=0.09168 peak=0.03125
[121/162] q0120 feature08 sigma=8 TV=0.17610 H=0.17266 peak=0.00000
[122/162] q0121 feature08 sigma=16 TV=0.12244 H=0.10865 peak=0.00000
[123/162] q0122 feature08 sigma=32 TV=0.10510 H=0.09176 peak=0.00000
[124/162] q0123 feature09 sigma=8 TV=0.15929 H=0.17677 peak=0.04419
[125/162] q0124 feature09 sigma=16 TV=0.10696 H=0.11573 peak=0.00000
[126/162] q0125 feature09 sigma=32 TV=0.10671 H=0.09245 peak=0.00000
[127/162] q0126 feature10 sigma=8 TV=0.21357 H=0.17076 peak=0.09882
[128/162] q0127 feature10 sigma=16 TV=0.12225 H=0.10378 peak=0.03125
[129/162] q0128 feature10 sigma=32 TV=0.10188 H=0.08403 peak=0.00000
[130/162] q0129 feature11 sigma=8 TV=0.19295 H=0.19174 peak=0.03125
[131/162] q0130 feature11 sigma=16 TV=0.14443 H=0.12079 peak=0.03125
[132/162] q0131 feature11 sigma=32 TV=0.11973 H=0.09209 peak=0.03125
[133/162] q0132 feature12 sigma=8 TV=0.13373 H=0.14892 peak=0.00000
[134/162] q0133 feature12 sigma=16 TV=0.11566 H=0.10261 peak=0.00000
[135/162] q0134 feature12 sigma=32 TV=0.09719 H=0.08186 peak=0.03125
[136/162] q0135 feature13 sigma=8 TV=0.20712 H=0.19907 peak=0.03125
[137/162] q0136 feature13 sigma=16 TV=0.12473 H=0.11541 peak=0.03125
[138/162] q0137 feature13 sigma=32 TV=0.09859 H=0.08447 peak=0.00000
[139/162] q0138 feature14 sigma=8 TV=0.17977 H=0.17132 peak=0.04419
[140/162] q0139 feature14 sigma=16 TV=0.12799 H=0.10991 peak=0.04419
[141/162] q0140 feature14 sigma=32 TV=0.10719 H=0.08611 peak=0.00000
[142/162] q0141 feature15 sigma=8 TV=0.15464 H=0.17138 peak=0.03125
[143/162] q0142 feature15 sigma=16 TV=0.12585 H=0.11788 peak=0.00000
[144/162] q0143 feature15 sigma=32 TV=0.11085 H=0.09043 peak=0.00000
[145/162] q0144 seam_u0 sigma=8 TV=0.17167 H=0.14761 peak=0.03125
[146/162] q0145 seam_u0 sigma=16 TV=0.11718 H=0.11018 peak=0.03125
[147/162] q0146 seam_u0 sigma=32 TV=0.10543 H=0.09051 peak=0.03125
[148/162] q0147 seam_u1 sigma=8 TV=0.20584 H=0.16505 peak=0.03125
[149/162] q0148 seam_u1 sigma=16 TV=0.11685 H=0.11223 peak=0.03125
[150/162] q0149 seam_u1 sigma=32 TV=0.10586 H=0.09076 peak=0.03125
[151/162] q0150 seam_v0 sigma=8 TV=0.14850 H=0.13080 peak=0.04419
[152/162] q0151 seam_v0 sigma=16 TV=0.12361 H=0.10374 peak=0.00000
[153/162] q0152 seam_v0 sigma=32 TV=0.11730 H=0.09048 peak=0.03125
[154/162] q0153 seam_v1 sigma=8 TV=0.15175 H=0.13746 peak=0.00000
[155/162] q0154 seam_v1 sigma=16 TV=0.11868 H=0.09943 peak=0.00000
[156/162] q0155 seam_v1 sigma=32 TV=0.11697 H=0.09008 peak=0.00000
[157/162] q0156 corner00 sigma=8 TV=0.16833 H=0.17429 peak=0.03125
[158/162] q0157 corner00 sigma=16 TV=0.13230 H=0.12052 peak=0.00000
[159/162] q0158 corner00 sigma=32 TV=0.11167 H=0.09284 peak=0.00000
[160/162] q0159 corner11 sigma=8 TV=0.14106 H=0.13495 peak=0.03125
[161/162] q0160 corner11 sigma=16 TV=0.12544 H=0.11523 peak=0.00000
[162/162] q0161 corner11 sigma=32 TV=0.11016 H=0.09277 peak=0.00000
Wrote C:\Users\sy415\workspace\pndf_qem_phase1\out_quality_local_guard_eps1e-9\metrics_sampled_pndf\brush_pnm_he_4d_ds4_v4096\metrics.csv
Wrote C:\Users\sy415\workspace\pndf_qem_phase1\out_quality_local_guard_eps1e-9\metrics_sampled_pndf\brush_pnm_he_4d_ds4_v4096\summary.txt
