[001/162] q0000 random00 sigma=8 TV=0.27631 H=0.27632 peak=0.04419
[002/162] q0001 random00 sigma=16 TV=0.24680 H=0.22994 peak=0.03125
[003/162] q0002 random00 sigma=32 TV=0.24045 H=0.21269 peak=0.03125
[004/162] q0003 random01 sigma=8 TV=0.28539 H=0.28034 peak=0.03125
[005/162] q0004 random01 sigma=16 TV=0.24970 H=0.23018 peak=0.04419
[006/162] q0005 random01 sigma=32 TV=0.24184 H=0.21278 peak=0.03125
[007/162] q0006 random02 sigma=8 TV=0.28865 H=0.28404 peak=0.03125
[008/162] q0007 random02 sigma=16 TV=0.24242 H=0.23434 peak=0.03125
[009/162] q0008 random02 sigma=32 TV=0.24517 H=0.21800 peak=0.03125
[010/162] q0009 random03 sigma=8 TV=0.26001 H=0.27305 peak=0.00000
[011/162] q0010 random03 sigma=16 TV=0.24352 H=0.23059 peak=0.00000
[012/162] q0011 random03 sigma=32 TV=0.24267 H=0.21621 peak=0.03125
[013/162] q0012 random04 sigma=8 TV=0.26845 H=0.27481 peak=0.04419
[014/162] q0013 random04 sigma=16 TV=0.24418 H=0.22536 peak=0.04419
[015/162] q0014 random04 sigma=32 TV=0.24186 H=0.21267 peak=0.03125
[016/162] q0015 random05 sigma=8 TV=0.28352 H=0.28150 peak=0.03125
[017/162] q0016 random05 sigma=16 TV=0.25076 H=0.23682 peak=0.03125
[018/162] q0017 random05 sigma=32 TV=0.24300 H=0.21802 peak=0.03125
[019/162] q0018 random06 sigma=8 TV=0.27076 H=0.27253 peak=0.03125
[020/162] q0019 random06 sigma=16 TV=0.24794 H=0.22717 peak=0.03125
[021/162] q0020 random06 sigma=32 TV=0.24026 H=0.21167 peak=0.04419
[022/162] q0021 random07 sigma=8 TV=0.24930 H=0.26666 peak=0.06250
[023/162] q0022 random07 sigma=16 TV=0.23011 H=0.22700 peak=0.00000
[024/162] q0023 random07 sigma=32 TV=0.23748 H=0.21410 peak=0.04419
[025/162] q0024 random08 sigma=8 TV=0.27665 H=0.30078 peak=0.03125
[026/162] q0025 random08 sigma=16 TV=0.24212 H=0.24096 peak=0.03125
[027/162] q0026 random08 sigma=32 TV=0.24260 H=0.21702 peak=0.03125
[028/162] q0027 random09 sigma=8 TV=0.24450 H=0.27192 peak=0.00000
[029/162] q0028 random09 sigma=16 TV=0.22820 H=0.22723 peak=0.00000
[030/162] q0029 random09 sigma=32 TV=0.23451 H=0.21140 peak=0.04419
[031/162] q0030 random10 sigma=8 TV=0.25677 H=0.27169 peak=0.03125
[032/162] q0031 random10 sigma=16 TV=0.23198 H=0.22610 peak=0.03125
[033/162] q0032 random10 sigma=32 TV=0.23085 H=0.20752 peak=0.04419
[034/162] q0033 random11 sigma=8 TV=0.23749 H=0.25751 peak=0.00000
[035/162] q0034 random11 sigma=16 TV=0.23320 H=0.22414 peak=0.03125
[036/162] q0035 random11 sigma=32 TV=0.23823 H=0.21385 peak=0.04419
[037/162] q0036 random12 sigma=8 TV=0.28888 H=0.28895 peak=0.03125
[038/162] q0037 random12 sigma=16 TV=0.25275 H=0.23706 peak=0.00000
[039/162] q0038 random12 sigma=32 TV=0.24076 H=0.21341 peak=0.00000
[040/162] q0039 random13 sigma=8 TV=0.28476 H=0.28964 peak=0.04419
[041/162] q0040 random13 sigma=16 TV=0.25230 H=0.23914 peak=0.04419
[042/162] q0041 random13 sigma=32 TV=0.24329 H=0.21861 peak=0.03125
[043/162] q0042 random14 sigma=8 TV=0.24024 H=0.24234 peak=0.04419
[044/162] q0043 random14 sigma=16 TV=0.23951 H=0.22202 peak=0.04419
[045/162] q0044 random14 sigma=32 TV=0.24235 H=0.21267 peak=0.03125
[046/162] q0045 random15 sigma=8 TV=0.23935 H=0.26439 peak=0.03125
[047/162] q0046 random15 sigma=16 TV=0.23557 H=0.22630 peak=0.03125
[048/162] q0047 random15 sigma=32 TV=0.23881 H=0.21261 peak=0.03125
[049/162] q0048 random16 sigma=8 TV=0.24983 H=0.25184 peak=0.03125
[050/162] q0049 random16 sigma=16 TV=0.24653 H=0.23229 peak=0.00000
[051/162] q0050 random16 sigma=32 TV=0.24607 H=0.21872 peak=0.00000
[052/162] q0051 random17 sigma=8 TV=0.25340 H=0.26103 peak=0.00000
[053/162] q0052 random17 sigma=16 TV=0.24433 H=0.23070 peak=0.00000
[054/162] q0053 random17 sigma=32 TV=0.23993 H=0.21365 peak=0.04419
[055/162] q0054 random18 sigma=8 TV=0.26985 H=0.27414 peak=0.03125
[056/162] q0055 random18 sigma=16 TV=0.24015 H=0.23122 peak=0.04419
[057/162] q0056 random18 sigma=32 TV=0.23801 H=0.21290 peak=0.04419
[058/162] q0057 random19 sigma=8 TV=0.27214 H=0.27936 peak=0.00000
[059/162] q0058 random19 sigma=16 TV=0.24546 H=0.23289 peak=0.03125
[060/162] q0059 random19 sigma=32 TV=0.23903 H=0.21331 peak=0.03125
[061/162] q0060 random20 sigma=8 TV=0.26764 H=0.26946 peak=0.00000
[062/162] q0061 random20 sigma=16 TV=0.25026 H=0.22938 peak=0.00000
[063/162] q0062 random20 sigma=32 TV=0.24203 H=0.21421 peak=0.03125
[064/162] q0063 random21 sigma=8 TV=0.30052 H=0.30622 peak=0.00000
[065/162] q0064 random21 sigma=16 TV=0.25513 H=0.23956 peak=0.00000
[066/162] q0065 random21 sigma=32 TV=0.24539 H=0.21530 peak=0.03125
[067/162] q0066 random22 sigma=8 TV=0.23111 H=0.25133 peak=0.04419
[068/162] q0067 random22 sigma=16 TV=0.23309 H=0.22590 peak=0.03125
[069/162] q0068 random22 sigma=32 TV=0.23820 H=0.21239 peak=0.03125
[070/162] q0069 random23 sigma=8 TV=0.27444 H=0.27612 peak=0.06988
[071/162] q0070 random23 sigma=16 TV=0.24390 H=0.23310 peak=0.03125
[072/162] q0071 random23 sigma=32 TV=0.24237 H=0.21788 peak=0.00000
[073/162] q0072 random24 sigma=8 TV=0.27367 H=0.28285 peak=0.03125
[074/162] q0073 random24 sigma=16 TV=0.24804 H=0.23027 peak=0.00000
[075/162] q0074 random24 sigma=32 TV=0.24255 H=0.21320 peak=0.03125
[076/162] q0075 random25 sigma=8 TV=0.25918 H=0.27494 peak=0.03125
[077/162] q0076 random25 sigma=16 TV=0.24818 H=0.23466 peak=0.03125
[078/162] q0077 random25 sigma=32 TV=0.24505 H=0.21780 peak=0.03125
[079/162] q0078 random26 sigma=8 TV=0.29210 H=0.27681 peak=0.00000
[080/162] q0079 random26 sigma=16 TV=0.25852 H=0.23541 peak=0.00000
[081/162] q0080 random26 sigma=32 TV=0.24573 H=0.21837 peak=0.03125
[082/162] q0081 random27 sigma=8 TV=0.24135 H=0.25321 peak=0.03125
[083/162] q0082 random27 sigma=16 TV=0.22764 H=0.21732 peak=0.03125
[084/162] q0083 random27 sigma=32 TV=0.23232 H=0.20613 peak=0.00000
[085/162] q0084 random28 sigma=8 TV=0.27306 H=0.29156 peak=0.03125
[086/162] q0085 random28 sigma=16 TV=0.24568 H=0.23716 peak=0.03125
[087/162] q0086 random28 sigma=32 TV=0.24307 H=0.21876 peak=0.03125
[088/162] q0087 random29 sigma=8 TV=0.24695 H=0.25397 peak=0.00000
[089/162] q0088 random29 sigma=16 TV=0.23862 H=0.22855 peak=0.04419
[090/162] q0089 random29 sigma=32 TV=0.24164 H=0.21616 peak=0.04419
[091/162] q0090 random30 sigma=8 TV=0.26762 H=0.25989 peak=0.03125
[092/162] q0091 random30 sigma=16 TV=0.24135 H=0.23030 peak=0.04419
[093/162] q0092 random30 sigma=32 TV=0.23738 H=0.21347 peak=0.04419
[094/162] q0093 random31 sigma=8 TV=0.28017 H=0.27847 peak=0.04419
[095/162] q0094 random31 sigma=16 TV=0.25394 H=0.23046 peak=0.04419
[096/162] q0095 random31 sigma=32 TV=0.24276 H=0.21453 peak=0.04419
[097/162] q0096 feature00 sigma=8 TV=0.24223 H=0.28339 peak=0.03125
[098/162] q0097 feature00 sigma=16 TV=0.22907 H=0.22948 peak=0.00000
[099/162] q0098 feature00 sigma=32 TV=0.23323 H=0.21121 peak=0.04419
[100/162] q0099 feature01 sigma=8 TV=0.26347 H=0.27089 peak=0.04419
[101/162] q0100 feature01 sigma=16 TV=0.24034 H=0.22826 peak=0.04419
[102/162] q0101 feature01 sigma=32 TV=0.24333 H=0.21645 peak=0.03125
[103/162] q0102 feature02 sigma=8 TV=0.25769 H=0.27222 peak=0.00000
[104/162] q0103 feature02 sigma=16 TV=0.23692 H=0.23248 peak=0.00000
[105/162] q0104 feature02 sigma=32 TV=0.23562 H=0.21515 peak=0.04419
[106/162] q0105 feature03 sigma=8 TV=0.27082 H=0.29994 peak=0.00000
[107/162] q0106 feature03 sigma=16 TV=0.23568 H=0.23527 peak=0.03125
[108/162] q0107 feature03 sigma=32 TV=0.23644 H=0.21465 peak=0.04419
[109/162] q0108 feature04 sigma=8 TV=0.23909 H=0.25049 peak=0.00000
[110/162] q0109 feature04 sigma=16 TV=0.24092 H=0.22348 peak=0.03125
[111/162] q0110 feature04 sigma=32 TV=0.23851 H=0.21000 peak=0.03125
[112/162] q0111 feature05 sigma=8 TV=0.27469 H=0.29505 peak=0.00000
[113/162] q0112 feature05 sigma=16 TV=0.24792 H=0.24280 peak=0.00000
[114/162] q0113 feature05 sigma=32 TV=0.24644 H=0.22082 peak=0.00000
[115/162] q0114 feature06 sigma=8 TV=0.23541 H=0.26068 peak=0.04419
[116/162] q0115 feature06 sigma=16 TV=0.22742 H=0.22915 peak=0.04419
[117/162] q0116 feature06 sigma=32 TV=0.23733 H=0.21456 peak=0.04419
[118/162] q0117 feature07 sigma=8 TV=0.26778 H=0.27654 peak=0.03125
[119/162] q0118 feature07 sigma=16 TV=0.22903 H=0.22974 peak=0.03125
[120/162] q0119 feature07 sigma=32 TV=0.23064 H=0.20998 peak=0.04419
[121/162] q0120 feature08 sigma=8 TV=0.29025 H=0.29279 peak=0.03125
[122/162] q0121 feature08 sigma=16 TV=0.26630 H=0.24432 peak=0.03125
[123/162] q0122 feature08 sigma=32 TV=0.25196 H=0.22207 peak=0.00000
[124/162] q0123 feature09 sigma=8 TV=0.28002 H=0.27054 peak=0.03125
[125/162] q0124 feature09 sigma=16 TV=0.26075 H=0.23657 peak=0.03125
[126/162] q0125 feature09 sigma=32 TV=0.24784 H=0.21929 peak=0.03125
[127/162] q0126 feature10 sigma=8 TV=0.26147 H=0.28496 peak=0.00000
[128/162] q0127 feature10 sigma=16 TV=0.24789 H=0.23744 peak=0.03125
[129/162] q0128 feature10 sigma=32 TV=0.24664 H=0.21916 peak=0.03125
[130/162] q0129 feature11 sigma=8 TV=0.26523 H=0.28447 peak=0.03125
[131/162] q0130 feature11 sigma=16 TV=0.24522 H=0.23274 peak=0.00000
[132/162] q0131 feature11 sigma=32 TV=0.24199 H=0.21463 peak=0.00000
[133/162] q0132 feature12 sigma=8 TV=0.25765 H=0.28662 peak=0.04419
[134/162] q0133 feature12 sigma=16 TV=0.23806 H=0.23073 peak=0.00000
[135/162] q0134 feature12 sigma=32 TV=0.23644 H=0.20985 peak=0.04419
[136/162] q0135 feature13 sigma=8 TV=0.27640 H=0.28001 peak=0.00000
[137/162] q0136 feature13 sigma=16 TV=0.24449 H=0.23797 peak=0.00000
[138/162] q0137 feature13 sigma=32 TV=0.24152 H=0.21805 peak=0.00000
[139/162] q0138 feature14 sigma=8 TV=0.30315 H=0.30601 peak=0.04419
[140/162] q0139 feature14 sigma=16 TV=0.26829 H=0.24808 peak=0.00000
[141/162] q0140 feature14 sigma=32 TV=0.25245 H=0.22306 peak=0.00000
[142/162] q0141 feature15 sigma=8 TV=0.25451 H=0.26123 peak=0.00000
[143/162] q0142 feature15 sigma=16 TV=0.23813 H=0.22881 peak=0.00000
[144/162] q0143 feature15 sigma=32 TV=0.23774 H=0.21273 peak=0.04419
[145/162] q0144 seam_u0 sigma=8 TV=0.28346 H=0.28301 peak=0.03125
[146/162] q0145 seam_u0 sigma=16 TV=0.24607 H=0.23156 peak=0.03125
[147/162] q0146 seam_u0 sigma=32 TV=0.23808 H=0.21135 peak=0.03125
[148/162] q0147 seam_u1 sigma=8 TV=0.28260 H=0.28358 peak=0.03125
[149/162] q0148 seam_u1 sigma=16 TV=0.24665 H=0.23057 peak=0.04419
[150/162] q0149 seam_u1 sigma=32 TV=0.23798 H=0.21097 peak=0.03125
[151/162] q0150 seam_v0 sigma=8 TV=0.27717 H=0.28032 peak=0.00000
[152/162] q0151 seam_v0 sigma=16 TV=0.26852 H=0.24493 peak=0.00000
[153/162] q0152 seam_v0 sigma=32 TV=0.25312 H=0.22299 peak=0.00000
[154/162] q0153 seam_v1 sigma=8 TV=0.27878 H=0.28111 peak=0.00000
[155/162] q0154 seam_v1 sigma=16 TV=0.26889 H=0.24632 peak=0.00000
[156/162] q0155 seam_v1 sigma=32 TV=0.25310 H=0.22305 peak=0.00000
[157/162] q0156 corner00 sigma=8 TV=0.28994 H=0.28675 peak=0.00000
[158/162] q0157 corner00 sigma=16 TV=0.25370 H=0.23734 peak=0.00000
[159/162] q0158 corner00 sigma=32 TV=0.24267 H=0.21403 peak=0.00000
[160/162] q0159 corner11 sigma=8 TV=0.27120 H=0.27283 peak=0.00000
[161/162] q0160 corner11 sigma=16 TV=0.25248 H=0.23669 peak=0.00000
[162/162] q0161 corner11 sigma=32 TV=0.24273 H=0.21377 peak=0.00000
Wrote C:\Users\sy415\workspace\pndf_qem_phase1\out_quality_local_guard_eps1e-9\metrics_sampled_pndf\isotropic_qem_normal_ds4_v16384\metrics.csv
Wrote C:\Users\sy415\workspace\pndf_qem_phase1\out_quality_local_guard_eps1e-9\metrics_sampled_pndf\isotropic_qem_normal_ds4_v16384\summary.txt
