[001/162] q0000 random00 sigma=8 TV=0.09470 H=0.13577 peak=0.03125
[002/162] q0001 random00 sigma=16 TV=0.07169 H=0.11429 peak=0.00000
[003/162] q0002 random00 sigma=32 TV=0.06554 H=0.10628 peak=0.04419
[004/162] q0003 random01 sigma=8 TV=0.23325 H=0.18397 peak=0.04419
[005/162] q0004 random01 sigma=16 TV=0.11781 H=0.12462 peak=0.04419
[006/162] q0005 random01 sigma=32 TV=0.07189 H=0.11472 peak=0.04419
[007/162] q0006 random02 sigma=8 TV=0.19571 H=0.21821 peak=0.00000
[008/162] q0007 random02 sigma=16 TV=0.13701 H=0.14763 peak=0.04419
[009/162] q0008 random02 sigma=32 TV=0.09393 H=0.12033 peak=0.04419
[010/162] q0009 random03 sigma=8 TV=0.10412 H=0.15175 peak=0.03125
[011/162] q0010 random03 sigma=16 TV=0.07587 H=0.11332 peak=0.03125
[012/162] q0011 random03 sigma=32 TV=0.08075 H=0.11344 peak=0.04419
[013/162] q0012 random04 sigma=8 TV=0.09087 H=0.13124 peak=0.04419
[014/162] q0013 random04 sigma=16 TV=0.08586 H=0.12109 peak=0.04419
[015/162] q0014 random04 sigma=32 TV=0.07195 H=0.11281 peak=0.04419
[016/162] q0015 random05 sigma=8 TV=0.11807 H=0.16731 peak=0.03125
[017/162] q0016 random05 sigma=16 TV=0.09761 H=0.15236 peak=0.03125
[018/162] q0017 random05 sigma=32 TV=0.09052 H=0.12706 peak=0.04419
[019/162] q0018 random06 sigma=8 TV=0.10057 H=0.10726 peak=0.04419
[020/162] q0019 random06 sigma=16 TV=0.09479 H=0.12343 peak=0.03125
[021/162] q0020 random06 sigma=32 TV=0.08850 H=0.11842 peak=0.03125
[022/162] q0021 random07 sigma=8 TV=0.09868 H=0.15205 peak=0.04419
[023/162] q0022 random07 sigma=16 TV=0.08767 H=0.14473 peak=0.04419
[024/162] q0023 random07 sigma=32 TV=0.09915 H=0.12895 peak=0.04419
[025/162] q0024 random08 sigma=8 TV=0.15979 H=0.18034 peak=0.04419
[026/162] q0025 random08 sigma=16 TV=0.09879 H=0.13618 peak=0.04419
[027/162] q0026 random08 sigma=32 TV=0.09171 H=0.12718 peak=0.00000
[028/162] q0027 random09 sigma=8 TV=0.09256 H=0.12435 peak=0.00000
[029/162] q0028 random09 sigma=16 TV=0.06598 H=0.11049 peak=0.03125
[030/162] q0029 random09 sigma=32 TV=0.05602 H=0.10153 peak=0.03125
[031/162] q0030 random10 sigma=8 TV=0.06802 H=0.10812 peak=0.00000
[032/162] q0031 random10 sigma=16 TV=0.05804 H=0.10439 peak=0.03125
[033/162] q0032 random10 sigma=32 TV=0.05844 H=0.10031 peak=0.03125
[034/162] q0033 random11 sigma=8 TV=0.10604 H=0.12722 peak=0.04419
[035/162] q0034 random11 sigma=16 TV=0.10926 H=0.13935 peak=0.04419
[036/162] q0035 random11 sigma=32 TV=0.10324 H=0.12992 peak=0.04419
[037/162] q0036 random12 sigma=8 TV=0.11304 H=0.12801 peak=0.03125
[038/162] q0037 random12 sigma=16 TV=0.07144 H=0.09633 peak=0.04419
[039/162] q0038 random12 sigma=32 TV=0.05943 H=0.10215 peak=0.03125
[040/162] q0039 random13 sigma=8 TV=0.09051 H=0.15498 peak=0.00000
[041/162] q0040 random13 sigma=16 TV=0.09093 H=0.13655 peak=0.00000
[042/162] q0041 random13 sigma=32 TV=0.09477 H=0.12775 peak=0.04419
[043/162] q0042 random14 sigma=8 TV=0.20226 H=0.18075 peak=0.03125
[044/162] q0043 random14 sigma=16 TV=0.09804 H=0.12700 peak=0.03125
[045/162] q0044 random14 sigma=32 TV=0.07201 H=0.11190 peak=0.00000
[046/162] q0045 random15 sigma=8 TV=0.11338 H=0.17178 peak=0.00000
[047/162] q0046 random15 sigma=16 TV=0.07502 H=0.12892 peak=0.00000
[048/162] q0047 random15 sigma=32 TV=0.07121 H=0.11446 peak=0.04419
[049/162] q0048 random16 sigma=8 TV=0.10994 H=0.15009 peak=0.03125
[050/162] q0049 random16 sigma=16 TV=0.10939 H=0.13456 peak=0.03125
[051/162] q0050 random16 sigma=32 TV=0.10038 H=0.12297 peak=0.00000
[052/162] q0051 random17 sigma=8 TV=0.06107 H=0.08968 peak=0.00000
[053/162] q0052 random17 sigma=16 TV=0.04588 H=0.08922 peak=0.04419
[054/162] q0053 random17 sigma=32 TV=0.05237 H=0.09874 peak=0.03125
[055/162] q0054 random18 sigma=8 TV=0.07925 H=0.10381 peak=0.03125
[056/162] q0055 random18 sigma=16 TV=0.04895 H=0.09499 peak=0.03125
[057/162] q0056 random18 sigma=32 TV=0.05294 H=0.09888 peak=0.03125
[058/162] q0057 random19 sigma=8 TV=0.13492 H=0.16359 peak=0.04419
[059/162] q0058 random19 sigma=16 TV=0.08603 H=0.12120 peak=0.00000
[060/162] q0059 random19 sigma=32 TV=0.06845 H=0.10292 peak=0.00000
[061/162] q0060 random20 sigma=8 TV=0.11074 H=0.15936 peak=0.00000
[062/162] q0061 random20 sigma=16 TV=0.09997 H=0.12931 peak=0.00000
[063/162] q0062 random20 sigma=32 TV=0.08055 H=0.12148 peak=0.04419
[064/162] q0063 random21 sigma=8 TV=0.16905 H=0.21110 peak=0.03125
[065/162] q0064 random21 sigma=16 TV=0.10752 H=0.15490 peak=0.03125
[066/162] q0065 random21 sigma=32 TV=0.08480 H=0.12117 peak=0.03125
[067/162] q0066 random22 sigma=8 TV=0.13727 H=0.17888 peak=0.00000
[068/162] q0067 random22 sigma=16 TV=0.07966 H=0.13054 peak=0.00000
[069/162] q0068 random22 sigma=32 TV=0.07434 H=0.11518 peak=0.04419
[070/162] q0069 random23 sigma=8 TV=0.13001 H=0.14045 peak=0.03125
[071/162] q0070 random23 sigma=16 TV=0.09826 H=0.12326 peak=0.03125
[072/162] q0071 random23 sigma=32 TV=0.08698 H=0.12263 peak=0.04419
[073/162] q0072 random24 sigma=8 TV=0.07561 H=0.14435 peak=0.00000
[074/162] q0073 random24 sigma=16 TV=0.08064 H=0.12669 peak=0.00000
[075/162] q0074 random24 sigma=32 TV=0.07018 H=0.10981 peak=0.03125
[076/162] q0075 random25 sigma=8 TV=0.11397 H=0.16621 peak=0.04419
[077/162] q0076 random25 sigma=16 TV=0.10284 H=0.14577 peak=0.04419
[078/162] q0077 random25 sigma=32 TV=0.08787 H=0.12871 peak=0.03125
[079/162] q0078 random26 sigma=8 TV=0.16777 H=0.18282 peak=0.04419
[080/162] q0079 random26 sigma=16 TV=0.14635 H=0.15764 peak=0.04419
[081/162] q0080 random26 sigma=32 TV=0.11975 H=0.14007 peak=0.04419
[082/162] q0081 random27 sigma=8 TV=0.11284 H=0.13489 peak=0.03125
[083/162] q0082 random27 sigma=16 TV=0.11686 H=0.12802 peak=0.03125
[084/162] q0083 random27 sigma=32 TV=0.07586 H=0.10750 peak=0.03125
[085/162] q0084 random28 sigma=8 TV=0.08255 H=0.13771 peak=0.04419
[086/162] q0085 random28 sigma=16 TV=0.10741 H=0.13281 peak=0.04419
[087/162] q0086 random28 sigma=32 TV=0.10859 H=0.13263 peak=0.04419
[088/162] q0087 random29 sigma=8 TV=0.12242 H=0.14544 peak=0.00000
[089/162] q0088 random29 sigma=16 TV=0.08743 H=0.12629 peak=0.03125
[090/162] q0089 random29 sigma=32 TV=0.09302 H=0.12219 peak=0.03125
[091/162] q0090 random30 sigma=8 TV=0.12508 H=0.13591 peak=0.04419
[092/162] q0091 random30 sigma=16 TV=0.09830 H=0.11921 peak=0.00000
[093/162] q0092 random30 sigma=32 TV=0.07281 H=0.11257 peak=0.00000
[094/162] q0093 random31 sigma=8 TV=0.10158 H=0.13855 peak=0.03125
[095/162] q0094 random31 sigma=16 TV=0.09031 H=0.12991 peak=0.03125
[096/162] q0095 random31 sigma=32 TV=0.09162 H=0.12129 peak=0.03125
[097/162] q0096 feature00 sigma=8 TV=0.11581 H=0.12359 peak=0.00000
[098/162] q0097 feature00 sigma=16 TV=0.08574 H=0.11531 peak=0.03125
[099/162] q0098 feature00 sigma=32 TV=0.07069 H=0.10774 peak=0.03125
[100/162] q0099 feature01 sigma=8 TV=0.12889 H=0.18346 peak=0.00000
[101/162] q0100 feature01 sigma=16 TV=0.11107 H=0.14578 peak=0.03125
[102/162] q0101 feature01 sigma=32 TV=0.09681 H=0.12308 peak=0.00000
[103/162] q0102 feature02 sigma=8 TV=0.24171 H=0.20569 peak=0.04419
[104/162] q0103 feature02 sigma=16 TV=0.12860 H=0.13213 peak=0.04419
[105/162] q0104 feature02 sigma=32 TV=0.07216 H=0.10632 peak=0.00000
[106/162] q0105 feature03 sigma=8 TV=0.16396 H=0.16842 peak=0.00000
[107/162] q0106 feature03 sigma=16 TV=0.13386 H=0.14070 peak=0.00000
[108/162] q0107 feature03 sigma=32 TV=0.12195 H=0.13330 peak=0.00000
[109/162] q0108 feature04 sigma=8 TV=0.12329 H=0.15343 peak=0.00000
[110/162] q0109 feature04 sigma=16 TV=0.08794 H=0.12041 peak=0.00000
[111/162] q0110 feature04 sigma=32 TV=0.07102 H=0.11422 peak=0.03125
[112/162] q0111 feature05 sigma=8 TV=0.11473 H=0.17026 peak=0.04419
[113/162] q0112 feature05 sigma=16 TV=0.09004 H=0.13843 peak=0.04419
[114/162] q0113 feature05 sigma=32 TV=0.08503 H=0.12700 peak=0.04419
[115/162] q0114 feature06 sigma=8 TV=0.20106 H=0.17646 peak=0.03125
[116/162] q0115 feature06 sigma=16 TV=0.09756 H=0.12711 peak=0.03125
[117/162] q0116 feature06 sigma=32 TV=0.07217 H=0.11242 peak=0.04419
[118/162] q0117 feature07 sigma=8 TV=0.20024 H=0.22574 peak=0.00000
[119/162] q0118 feature07 sigma=16 TV=0.15419 H=0.17048 peak=0.04419
[120/162] q0119 feature07 sigma=32 TV=0.11875 H=0.14104 peak=0.04419
[121/162] q0120 feature08 sigma=8 TV=0.08384 H=0.12898 peak=0.00000
[122/162] q0121 feature08 sigma=16 TV=0.09787 H=0.12970 peak=0.00000
[123/162] q0122 feature08 sigma=32 TV=0.10446 H=0.13090 peak=0.04419
[124/162] q0123 feature09 sigma=8 TV=0.12050 H=0.14910 peak=0.04419
[125/162] q0124 feature09 sigma=16 TV=0.08912 H=0.13572 peak=0.04419
[126/162] q0125 feature09 sigma=32 TV=0.08130 H=0.12066 peak=0.04419
[127/162] q0126 feature10 sigma=8 TV=0.13885 H=0.17878 peak=0.04419
[128/162] q0127 feature10 sigma=16 TV=0.11203 H=0.14084 peak=0.04419
[129/162] q0128 feature10 sigma=32 TV=0.09856 H=0.12660 peak=0.04419
[130/162] q0129 feature11 sigma=8 TV=0.22375 H=0.21214 peak=0.03125
[131/162] q0130 feature11 sigma=16 TV=0.12915 H=0.13885 peak=0.03125
[132/162] q0131 feature11 sigma=32 TV=0.07893 H=0.11104 peak=0.03125
[133/162] q0132 feature12 sigma=8 TV=0.18015 H=0.19821 peak=0.04419
[134/162] q0133 feature12 sigma=16 TV=0.14182 H=0.16381 peak=0.04419
[135/162] q0134 feature12 sigma=32 TV=0.12306 H=0.14142 peak=0.04419
[136/162] q0135 feature13 sigma=8 TV=0.11010 H=0.12924 peak=0.04419
[137/162] q0136 feature13 sigma=16 TV=0.09895 H=0.11892 peak=0.04419
[138/162] q0137 feature13 sigma=32 TV=0.09175 H=0.12513 peak=0.04419
[139/162] q0138 feature14 sigma=8 TV=0.13058 H=0.14199 peak=0.03125
[140/162] q0139 feature14 sigma=16 TV=0.09059 H=0.11780 peak=0.00000
[141/162] q0140 feature14 sigma=32 TV=0.07684 H=0.11010 peak=0.00000
[142/162] q0141 feature15 sigma=8 TV=0.12029 H=0.17407 peak=0.00000
[143/162] q0142 feature15 sigma=16 TV=0.07516 H=0.12879 peak=0.00000
[144/162] q0143 feature15 sigma=32 TV=0.07131 H=0.11422 peak=0.04419
[145/162] q0144 seam_u0 sigma=8 TV=0.14741 H=0.12409 peak=0.00000
[146/162] q0145 seam_u0 sigma=16 TV=0.04004 H=0.08401 peak=0.03125
[147/162] q0146 seam_u0 sigma=32 TV=0.05744 H=0.09652 peak=0.00000
[148/162] q0147 seam_u1 sigma=8 TV=0.12342 H=0.10246 peak=0.00000
[149/162] q0148 seam_u1 sigma=16 TV=0.03751 H=0.07845 peak=0.03125
[150/162] q0149 seam_u1 sigma=32 TV=0.05624 H=0.09640 peak=0.03125
[151/162] q0150 seam_v0 sigma=8 TV=0.13590 H=0.19202 peak=0.03125
[152/162] q0151 seam_v0 sigma=16 TV=0.09539 H=0.11625 peak=0.03125
[153/162] q0152 seam_v0 sigma=32 TV=0.10665 H=0.11897 peak=0.04419
[154/162] q0153 seam_v1 sigma=8 TV=0.13187 H=0.18573 peak=0.03125
[155/162] q0154 seam_v1 sigma=16 TV=0.08806 H=0.11526 peak=0.03125
[156/162] q0155 seam_v1 sigma=32 TV=0.10295 H=0.11718 peak=0.04419
[157/162] q0156 corner00 sigma=8 TV=0.16266 H=0.13545 peak=0.00000
[158/162] q0157 corner00 sigma=16 TV=0.08200 H=0.10489 peak=0.03125
[159/162] q0158 corner00 sigma=32 TV=0.06286 H=0.10744 peak=0.03125
[160/162] q0159 corner11 sigma=8 TV=0.14191 H=0.12732 peak=0.03125
[161/162] q0160 corner11 sigma=16 TV=0.08663 H=0.11289 peak=0.03125
[162/162] q0161 corner11 sigma=32 TV=0.06822 H=0.10966 peak=0.03125
Wrote C:\Users\sy415\workspace\pndf_qem_phase1\out_quality_local_guard_eps1e-9\metrics_sampled_pndf\scratched_qem_4d_ds4_v8192\metrics.csv
Wrote C:\Users\sy415\workspace\pndf_qem_phase1\out_quality_local_guard_eps1e-9\metrics_sampled_pndf\scratched_qem_4d_ds4_v8192\summary.txt
