[001/162] q0000 random00 sigma=8 TV=0.23055 H=0.22152 peak=0.00000
[002/162] q0001 random00 sigma=16 TV=0.17118 H=0.15276 peak=0.00000
[003/162] q0002 random00 sigma=32 TV=0.16601 H=0.13487 peak=0.03125
[004/162] q0003 random01 sigma=8 TV=0.23926 H=0.21969 peak=0.00000
[005/162] q0004 random01 sigma=16 TV=0.19138 H=0.16339 peak=0.03125
[006/162] q0005 random01 sigma=32 TV=0.17124 H=0.13653 peak=0.03125
[007/162] q0006 random02 sigma=8 TV=0.21990 H=0.20937 peak=0.00000
[008/162] q0007 random02 sigma=16 TV=0.15968 H=0.14711 peak=0.03125
[009/162] q0008 random02 sigma=32 TV=0.14247 H=0.12148 peak=0.03125
[010/162] q0009 random03 sigma=8 TV=0.20109 H=0.18826 peak=0.03125
[011/162] q0010 random03 sigma=16 TV=0.16390 H=0.14416 peak=0.00000
[012/162] q0011 random03 sigma=32 TV=0.15622 H=0.12701 peak=0.03125
[013/162] q0012 random04 sigma=8 TV=0.23165 H=0.19214 peak=0.00000
[014/162] q0013 random04 sigma=16 TV=0.19382 H=0.15830 peak=0.04419
[015/162] q0014 random04 sigma=32 TV=0.17095 H=0.13585 peak=0.04419
[016/162] q0015 random05 sigma=8 TV=0.25595 H=0.21879 peak=0.00000
[017/162] q0016 random05 sigma=16 TV=0.18025 H=0.15013 peak=0.03125
[018/162] q0017 random05 sigma=32 TV=0.15381 H=0.12150 peak=0.00000
[019/162] q0018 random06 sigma=8 TV=0.23102 H=0.23032 peak=0.06250
[020/162] q0019 random06 sigma=16 TV=0.17681 H=0.16432 peak=0.04419
[021/162] q0020 random06 sigma=32 TV=0.17313 H=0.14186 peak=0.00000
[022/162] q0021 random07 sigma=8 TV=0.21749 H=0.20599 peak=0.03125
[023/162] q0022 random07 sigma=16 TV=0.18195 H=0.15527 peak=0.03125
[024/162] q0023 random07 sigma=32 TV=0.16921 H=0.13188 peak=0.00000
[025/162] q0024 random08 sigma=8 TV=0.21931 H=0.21143 peak=0.00000
[026/162] q0025 random08 sigma=16 TV=0.18999 H=0.15799 peak=0.00000
[027/162] q0026 random08 sigma=32 TV=0.17389 H=0.13433 peak=0.00000
[028/162] q0027 random09 sigma=8 TV=0.23520 H=0.20350 peak=0.04419
[029/162] q0028 random09 sigma=16 TV=0.19630 H=0.17147 peak=0.03125
[030/162] q0029 random09 sigma=32 TV=0.16457 H=0.13895 peak=0.03125
[031/162] q0030 random10 sigma=8 TV=0.20886 H=0.18913 peak=0.03125
[032/162] q0031 random10 sigma=16 TV=0.18448 H=0.16170 peak=0.00000
[033/162] q0032 random10 sigma=32 TV=0.16561 H=0.13579 peak=0.00000
[034/162] q0033 random11 sigma=8 TV=0.17804 H=0.20297 peak=0.03125
[035/162] q0034 random11 sigma=16 TV=0.17487 H=0.15529 peak=0.03125
[036/162] q0035 random11 sigma=32 TV=0.16676 H=0.13067 peak=0.00000
[037/162] q0036 random12 sigma=8 TV=0.16965 H=0.17190 peak=0.00000
[038/162] q0037 random12 sigma=16 TV=0.17551 H=0.15299 peak=0.03125
[039/162] q0038 random12 sigma=32 TV=0.15826 H=0.13425 peak=0.03125
[040/162] q0039 random13 sigma=8 TV=0.21586 H=0.22228 peak=0.04419
[041/162] q0040 random13 sigma=16 TV=0.16459 H=0.15321 peak=0.03125
[042/162] q0041 random13 sigma=32 TV=0.15682 H=0.12509 peak=0.03125
[043/162] q0042 random14 sigma=8 TV=0.20370 H=0.17348 peak=0.00000
[044/162] q0043 random14 sigma=16 TV=0.19339 H=0.15583 peak=0.00000
[045/162] q0044 random14 sigma=32 TV=0.16938 H=0.13456 peak=0.04419
[046/162] q0045 random15 sigma=8 TV=0.18293 H=0.18552 peak=0.03125
[047/162] q0046 random15 sigma=16 TV=0.15081 H=0.13739 peak=0.00000
[048/162] q0047 random15 sigma=32 TV=0.16043 H=0.12972 peak=0.00000
[049/162] q0048 random16 sigma=8 TV=0.20227 H=0.18218 peak=0.06988
[050/162] q0049 random16 sigma=16 TV=0.19752 H=0.16362 peak=0.06988
[051/162] q0050 random16 sigma=32 TV=0.18098 H=0.14067 peak=0.00000
[052/162] q0051 random17 sigma=8 TV=0.19526 H=0.20145 peak=0.04419
[053/162] q0052 random17 sigma=16 TV=0.14023 H=0.13787 peak=0.00000
[054/162] q0053 random17 sigma=32 TV=0.14854 H=0.12946 peak=0.00000
[055/162] q0054 random18 sigma=8 TV=0.18876 H=0.17736 peak=0.04419
[056/162] q0055 random18 sigma=16 TV=0.14143 H=0.14491 peak=0.03125
[057/162] q0056 random18 sigma=32 TV=0.15546 H=0.13373 peak=0.00000
[058/162] q0057 random19 sigma=8 TV=0.21854 H=0.19278 peak=0.03125
[059/162] q0058 random19 sigma=16 TV=0.18286 H=0.15495 peak=0.03125
[060/162] q0059 random19 sigma=32 TV=0.16144 H=0.13464 peak=0.00000
[061/162] q0060 random20 sigma=8 TV=0.22010 H=0.21553 peak=0.04419
[062/162] q0061 random20 sigma=16 TV=0.17732 H=0.15791 peak=0.03125
[063/162] q0062 random20 sigma=32 TV=0.17236 H=0.13507 peak=0.00000
[064/162] q0063 random21 sigma=8 TV=0.17486 H=0.18984 peak=0.00000
[065/162] q0064 random21 sigma=16 TV=0.15625 H=0.14104 peak=0.00000
[066/162] q0065 random21 sigma=32 TV=0.16968 H=0.13829 peak=0.00000
[067/162] q0066 random22 sigma=8 TV=0.16243 H=0.18706 peak=0.06250
[068/162] q0067 random22 sigma=16 TV=0.14418 H=0.13972 peak=0.04419
[069/162] q0068 random22 sigma=32 TV=0.15903 H=0.12903 peak=0.00000
[070/162] q0069 random23 sigma=8 TV=0.20554 H=0.19100 peak=0.00000
[071/162] q0070 random23 sigma=16 TV=0.15505 H=0.13469 peak=0.04419
[072/162] q0071 random23 sigma=32 TV=0.15515 H=0.12436 peak=0.03125
[073/162] q0072 random24 sigma=8 TV=0.20917 H=0.20350 peak=0.06250
[074/162] q0073 random24 sigma=16 TV=0.16567 H=0.14378 peak=0.06988
[075/162] q0074 random24 sigma=32 TV=0.15913 H=0.12828 peak=0.03125
[076/162] q0075 random25 sigma=8 TV=0.19550 H=0.18143 peak=0.03125
[077/162] q0076 random25 sigma=16 TV=0.11505 H=0.11774 peak=0.04419
[078/162] q0077 random25 sigma=32 TV=0.15435 H=0.11989 peak=0.00000
[079/162] q0078 random26 sigma=8 TV=0.21872 H=0.21449 peak=0.00000
[080/162] q0079 random26 sigma=16 TV=0.16667 H=0.15048 peak=0.00000
[081/162] q0080 random26 sigma=32 TV=0.16026 H=0.13064 peak=0.04419
[082/162] q0081 random27 sigma=8 TV=0.21070 H=0.19745 peak=0.00000
[083/162] q0082 random27 sigma=16 TV=0.16538 H=0.15535 peak=0.04419
[084/162] q0083 random27 sigma=32 TV=0.16800 H=0.13895 peak=0.00000
[085/162] q0084 random28 sigma=8 TV=0.16194 H=0.14943 peak=0.03125
[086/162] q0085 random28 sigma=16 TV=0.15107 H=0.14647 peak=0.04419
[087/162] q0086 random28 sigma=32 TV=0.16182 H=0.13031 peak=0.04419
[088/162] q0087 random29 sigma=8 TV=0.27118 H=0.26182 peak=0.03125
[089/162] q0088 random29 sigma=16 TV=0.21634 H=0.18223 peak=0.03125
[090/162] q0089 random29 sigma=32 TV=0.18296 H=0.14295 peak=0.00000
[091/162] q0090 random30 sigma=8 TV=0.19703 H=0.19626 peak=0.03125
[092/162] q0091 random30 sigma=16 TV=0.15649 H=0.13963 peak=0.00000
[093/162] q0092 random30 sigma=32 TV=0.15655 H=0.12807 peak=0.00000
[094/162] q0093 random31 sigma=8 TV=0.22216 H=0.21149 peak=0.06988
[095/162] q0094 random31 sigma=16 TV=0.18715 H=0.16659 peak=0.04419
[096/162] q0095 random31 sigma=32 TV=0.17798 H=0.14270 peak=0.00000
[097/162] q0096 feature00 sigma=8 TV=0.21237 H=0.22246 peak=0.00000
[098/162] q0097 feature00 sigma=16 TV=0.16525 H=0.15422 peak=0.03125
[099/162] q0098 feature00 sigma=32 TV=0.15676 H=0.12496 peak=0.03125
[100/162] q0099 feature01 sigma=8 TV=0.25999 H=0.24377 peak=0.00000
[101/162] q0100 feature01 sigma=16 TV=0.20209 H=0.16436 peak=0.04419
[102/162] q0101 feature01 sigma=32 TV=0.17683 H=0.13685 peak=0.00000
[103/162] q0102 feature02 sigma=8 TV=0.19203 H=0.21579 peak=0.03125
[104/162] q0103 feature02 sigma=16 TV=0.15252 H=0.14175 peak=0.04419
[105/162] q0104 feature02 sigma=32 TV=0.16774 H=0.13144 peak=0.04419
[106/162] q0105 feature03 sigma=8 TV=0.24016 H=0.21466 peak=0.00000
[107/162] q0106 feature03 sigma=16 TV=0.18811 H=0.16013 peak=0.03125
[108/162] q0107 feature03 sigma=32 TV=0.16137 H=0.13446 peak=0.03125
[109/162] q0108 feature04 sigma=8 TV=0.24202 H=0.23171 peak=0.03125
[110/162] q0109 feature04 sigma=16 TV=0.18839 H=0.16212 peak=0.00000
[111/162] q0110 feature04 sigma=32 TV=0.17338 H=0.13477 peak=0.00000
[112/162] q0111 feature05 sigma=8 TV=0.12581 H=0.12894 peak=0.00000
[113/162] q0112 feature05 sigma=16 TV=0.14653 H=0.12903 peak=0.00000
[114/162] q0113 feature05 sigma=32 TV=0.15912 H=0.12787 peak=0.03125
[115/162] q0114 feature06 sigma=8 TV=0.24203 H=0.24485 peak=0.00000
[116/162] q0115 feature06 sigma=16 TV=0.17199 H=0.15835 peak=0.00000
[117/162] q0116 feature06 sigma=32 TV=0.16048 H=0.13053 peak=0.04419
[118/162] q0117 feature07 sigma=8 TV=0.17762 H=0.18664 peak=0.04419
[119/162] q0118 feature07 sigma=16 TV=0.14231 H=0.14703 peak=0.00000
[120/162] q0119 feature07 sigma=32 TV=0.15225 H=0.13165 peak=0.00000
[121/162] q0120 feature08 sigma=8 TV=0.17673 H=0.17921 peak=0.00000
[122/162] q0121 feature08 sigma=16 TV=0.14927 H=0.13725 peak=0.00000
[123/162] q0122 feature08 sigma=32 TV=0.16959 H=0.13784 peak=0.00000
[124/162] q0123 feature09 sigma=8 TV=0.20747 H=0.23870 peak=0.04419
[125/162] q0124 feature09 sigma=16 TV=0.17166 H=0.16630 peak=0.04419
[126/162] q0125 feature09 sigma=32 TV=0.17308 H=0.14211 peak=0.00000
[127/162] q0126 feature10 sigma=8 TV=0.25415 H=0.22655 peak=0.03125
[128/162] q0127 feature10 sigma=16 TV=0.16033 H=0.14670 peak=0.03125
[129/162] q0128 feature10 sigma=32 TV=0.14123 H=0.12123 peak=0.03125
[130/162] q0129 feature11 sigma=8 TV=0.20078 H=0.18861 peak=0.00000
[131/162] q0130 feature11 sigma=16 TV=0.17317 H=0.15257 peak=0.04419
[132/162] q0131 feature11 sigma=32 TV=0.16729 H=0.13230 peak=0.03125
[133/162] q0132 feature12 sigma=8 TV=0.20107 H=0.22782 peak=0.03125
[134/162] q0133 feature12 sigma=16 TV=0.14645 H=0.13213 peak=0.03125
[135/162] q0134 feature12 sigma=32 TV=0.15375 H=0.12238 peak=0.03125
[136/162] q0135 feature13 sigma=8 TV=0.23224 H=0.20798 peak=0.00000
[137/162] q0136 feature13 sigma=16 TV=0.17262 H=0.14479 peak=0.03125
[138/162] q0137 feature13 sigma=32 TV=0.15342 H=0.12102 peak=0.00000
[139/162] q0138 feature14 sigma=8 TV=0.25100 H=0.23400 peak=0.00000
[140/162] q0139 feature14 sigma=16 TV=0.18591 H=0.16542 peak=0.00000
[141/162] q0140 feature14 sigma=32 TV=0.16297 H=0.13661 peak=0.03125
[142/162] q0141 feature15 sigma=8 TV=0.20360 H=0.19809 peak=0.03125
[143/162] q0142 feature15 sigma=16 TV=0.17384 H=0.14614 peak=0.00000
[144/162] q0143 feature15 sigma=32 TV=0.16865 H=0.13073 peak=0.00000
[145/162] q0144 seam_u0 sigma=8 TV=0.17478 H=0.17202 peak=0.00000
[146/162] q0145 seam_u0 sigma=16 TV=0.15924 H=0.14130 peak=0.00000
[147/162] q0146 seam_u0 sigma=32 TV=0.15678 H=0.13399 peak=0.00000
[148/162] q0147 seam_u1 sigma=8 TV=0.18037 H=0.17113 peak=0.00000
[149/162] q0148 seam_u1 sigma=16 TV=0.15438 H=0.14217 peak=0.00000
[150/162] q0149 seam_u1 sigma=32 TV=0.15562 H=0.13322 peak=0.00000
[151/162] q0150 seam_v0 sigma=8 TV=0.15069 H=0.15166 peak=0.00000
[152/162] q0151 seam_v0 sigma=16 TV=0.15196 H=0.13548 peak=0.00000
[153/162] q0152 seam_v0 sigma=32 TV=0.16007 H=0.12873 peak=0.03125
[154/162] q0153 seam_v1 sigma=8 TV=0.15441 H=0.13115 peak=0.00000
[155/162] q0154 seam_v1 sigma=16 TV=0.14915 H=0.13059 peak=0.00000
[156/162] q0155 seam_v1 sigma=32 TV=0.16088 H=0.12880 peak=0.03125
[157/162] q0156 corner00 sigma=8 TV=0.23904 H=0.22024 peak=0.00000
[158/162] q0157 corner00 sigma=16 TV=0.18472 H=0.16012 peak=0.03125
[159/162] q0158 corner00 sigma=32 TV=0.16040 H=0.13363 peak=0.03125
[160/162] q0159 corner11 sigma=8 TV=0.23309 H=0.21175 peak=0.03125
[161/162] q0160 corner11 sigma=16 TV=0.19107 H=0.15938 peak=0.03125
[162/162] q0161 corner11 sigma=32 TV=0.16288 H=0.13541 peak=0.03125
Wrote C:\Users\sy415\workspace\pndf_qem_phase1\out_quality_local_guard_eps1e-9\metrics_sampled_pndf\brush_qem_4d_ds4_v4096\metrics.csv
Wrote C:\Users\sy415\workspace\pndf_qem_phase1\out_quality_local_guard_eps1e-9\metrics_sampled_pndf\brush_qem_4d_ds4_v4096\summary.txt
