[001/162] q0000 random00 sigma=8 TV=0.16310 H=0.15987 peak=0.00000
[002/162] q0001 random00 sigma=16 TV=0.08909 H=0.08449 peak=0.03125
[003/162] q0002 random00 sigma=32 TV=0.06376 H=0.06171 peak=0.04419
[004/162] q0003 random01 sigma=8 TV=0.13038 H=0.11362 peak=0.00000
[005/162] q0004 random01 sigma=16 TV=0.08921 H=0.08013 peak=0.04419
[006/162] q0005 random01 sigma=32 TV=0.06984 H=0.06429 peak=0.00000
[007/162] q0006 random02 sigma=8 TV=0.12065 H=0.11581 peak=0.00000
[008/162] q0007 random02 sigma=16 TV=0.06120 H=0.06912 peak=0.00000
[009/162] q0008 random02 sigma=32 TV=0.06489 H=0.06114 peak=0.00000
[010/162] q0009 random03 sigma=8 TV=0.16422 H=0.15902 peak=0.03125
[011/162] q0010 random03 sigma=16 TV=0.12141 H=0.10821 peak=0.04419
[012/162] q0011 random03 sigma=32 TV=0.08616 H=0.07517 peak=0.00000
[013/162] q0012 random04 sigma=8 TV=0.13871 H=0.12168 peak=0.04419
[014/162] q0013 random04 sigma=16 TV=0.10531 H=0.08675 peak=0.04419
[015/162] q0014 random04 sigma=32 TV=0.07692 H=0.06810 peak=0.03125
[016/162] q0015 random05 sigma=8 TV=0.12353 H=0.12618 peak=0.00000
[017/162] q0016 random05 sigma=16 TV=0.09294 H=0.08438 peak=0.03125
[018/162] q0017 random05 sigma=32 TV=0.06153 H=0.05900 peak=0.04419
[019/162] q0018 random06 sigma=8 TV=0.08778 H=0.10688 peak=0.00000
[020/162] q0019 random06 sigma=16 TV=0.07280 H=0.06791 peak=0.03125
[021/162] q0020 random06 sigma=32 TV=0.06628 H=0.06029 peak=0.03125
[022/162] q0021 random07 sigma=8 TV=0.12320 H=0.13082 peak=0.03125
[023/162] q0022 random07 sigma=16 TV=0.06946 H=0.07529 peak=0.03125
[024/162] q0023 random07 sigma=32 TV=0.06232 H=0.05729 peak=0.00000
[025/162] q0024 random08 sigma=8 TV=0.11800 H=0.13591 peak=0.03125
[026/162] q0025 random08 sigma=16 TV=0.08751 H=0.08952 peak=0.00000
[027/162] q0026 random08 sigma=32 TV=0.06900 H=0.06349 peak=0.03125
[028/162] q0027 random09 sigma=8 TV=0.14323 H=0.12366 peak=0.00000
[029/162] q0028 random09 sigma=16 TV=0.08821 H=0.07745 peak=0.00000
[030/162] q0029 random09 sigma=32 TV=0.06539 H=0.05757 peak=0.00000
[031/162] q0030 random10 sigma=8 TV=0.10703 H=0.10236 peak=0.00000
[032/162] q0031 random10 sigma=16 TV=0.06331 H=0.07047 peak=0.00000
[033/162] q0032 random10 sigma=32 TV=0.05490 H=0.05419 peak=0.03125
[034/162] q0033 random11 sigma=8 TV=0.13608 H=0.11198 peak=0.00000
[035/162] q0034 random11 sigma=16 TV=0.08177 H=0.07345 peak=0.03125
[036/162] q0035 random11 sigma=32 TV=0.06390 H=0.05769 peak=0.00000
[037/162] q0036 random12 sigma=8 TV=0.10150 H=0.09524 peak=0.00000
[038/162] q0037 random12 sigma=16 TV=0.07866 H=0.08604 peak=0.03125
[039/162] q0038 random12 sigma=32 TV=0.07034 H=0.06660 peak=0.00000
[040/162] q0039 random13 sigma=8 TV=0.14092 H=0.13804 peak=0.04419
[041/162] q0040 random13 sigma=16 TV=0.09953 H=0.09258 peak=0.03125
[042/162] q0041 random13 sigma=32 TV=0.06529 H=0.06187 peak=0.00000
[043/162] q0042 random14 sigma=8 TV=0.12570 H=0.10595 peak=0.04419
[044/162] q0043 random14 sigma=16 TV=0.11119 H=0.09392 peak=0.04419
[045/162] q0044 random14 sigma=32 TV=0.08421 H=0.07313 peak=0.03125
[046/162] q0045 random15 sigma=8 TV=0.16734 H=0.13785 peak=0.03125
[047/162] q0046 random15 sigma=16 TV=0.08693 H=0.07424 peak=0.00000
[048/162] q0047 random15 sigma=32 TV=0.06209 H=0.05770 peak=0.00000
[049/162] q0048 random16 sigma=8 TV=0.12333 H=0.11859 peak=0.00000
[050/162] q0049 random16 sigma=16 TV=0.08192 H=0.08226 peak=0.04419
[051/162] q0050 random16 sigma=32 TV=0.06933 H=0.06260 peak=0.03125
[052/162] q0051 random17 sigma=8 TV=0.14209 H=0.12991 peak=0.03125
[053/162] q0052 random17 sigma=16 TV=0.07980 H=0.07708 peak=0.03125
[054/162] q0053 random17 sigma=32 TV=0.06839 H=0.06366 peak=0.03125
[055/162] q0054 random18 sigma=8 TV=0.14798 H=0.13761 peak=0.03125
[056/162] q0055 random18 sigma=16 TV=0.07672 H=0.07782 peak=0.00000
[057/162] q0056 random18 sigma=32 TV=0.06647 H=0.05949 peak=0.03125
[058/162] q0057 random19 sigma=8 TV=0.14142 H=0.12415 peak=0.04419
[059/162] q0058 random19 sigma=16 TV=0.08407 H=0.08530 peak=0.00000
[060/162] q0059 random19 sigma=32 TV=0.06466 H=0.06155 peak=0.00000
[061/162] q0060 random20 sigma=8 TV=0.12784 H=0.12409 peak=0.00000
[062/162] q0061 random20 sigma=16 TV=0.07295 H=0.06722 peak=0.04419
[063/162] q0062 random20 sigma=32 TV=0.06326 H=0.05864 peak=0.04419
[064/162] q0063 random21 sigma=8 TV=0.11754 H=0.14353 peak=0.04419
[065/162] q0064 random21 sigma=16 TV=0.07577 H=0.07367 peak=0.00000
[066/162] q0065 random21 sigma=32 TV=0.06976 H=0.06172 peak=0.03125
[067/162] q0066 random22 sigma=8 TV=0.16099 H=0.14811 peak=0.03125
[068/162] q0067 random22 sigma=16 TV=0.08829 H=0.07804 peak=0.00000
[069/162] q0068 random22 sigma=32 TV=0.06357 H=0.05838 peak=0.00000
[070/162] q0069 random23 sigma=8 TV=0.20198 H=0.19244 peak=0.03125
[071/162] q0070 random23 sigma=16 TV=0.11221 H=0.09861 peak=0.03125
[072/162] q0071 random23 sigma=32 TV=0.06608 H=0.06408 peak=0.00000
[073/162] q0072 random24 sigma=8 TV=0.14956 H=0.15246 peak=0.06988
[074/162] q0073 random24 sigma=16 TV=0.10410 H=0.10428 peak=0.03125
[075/162] q0074 random24 sigma=32 TV=0.09258 H=0.08064 peak=0.03125
[076/162] q0075 random25 sigma=8 TV=0.10021 H=0.11871 peak=0.00000
[077/162] q0076 random25 sigma=16 TV=0.06792 H=0.06931 peak=0.00000
[078/162] q0077 random25 sigma=32 TV=0.05980 H=0.05254 peak=0.00000
[079/162] q0078 random26 sigma=8 TV=0.12467 H=0.12232 peak=0.04419
[080/162] q0079 random26 sigma=16 TV=0.06473 H=0.06911 peak=0.00000
[081/162] q0080 random26 sigma=32 TV=0.06631 H=0.06147 peak=0.00000
[082/162] q0081 random27 sigma=8 TV=0.15157 H=0.13150 peak=0.00000
[083/162] q0082 random27 sigma=16 TV=0.08516 H=0.08406 peak=0.04419
[084/162] q0083 random27 sigma=32 TV=0.06254 H=0.05990 peak=0.03125
[085/162] q0084 random28 sigma=8 TV=0.10443 H=0.09558 peak=0.00000
[086/162] q0085 random28 sigma=16 TV=0.09509 H=0.08108 peak=0.00000
[087/162] q0086 random28 sigma=32 TV=0.06973 H=0.06211 peak=0.00000
[088/162] q0087 random29 sigma=8 TV=0.10186 H=0.09664 peak=0.00000
[089/162] q0088 random29 sigma=16 TV=0.06870 H=0.06358 peak=0.00000
[090/162] q0089 random29 sigma=32 TV=0.06621 H=0.05949 peak=0.03125
[091/162] q0090 random30 sigma=8 TV=0.15527 H=0.12719 peak=0.03125
[092/162] q0091 random30 sigma=16 TV=0.08192 H=0.07597 peak=0.00000
[093/162] q0092 random30 sigma=32 TV=0.06010 H=0.05391 peak=0.03125
[094/162] q0093 random31 sigma=8 TV=0.09181 H=0.08657 peak=0.04419
[095/162] q0094 random31 sigma=16 TV=0.06123 H=0.05991 peak=0.03125
[096/162] q0095 random31 sigma=32 TV=0.06691 H=0.05996 peak=0.03125
[097/162] q0096 feature00 sigma=8 TV=0.12452 H=0.12955 peak=0.00000
[098/162] q0097 feature00 sigma=16 TV=0.09642 H=0.09114 peak=0.03125
[099/162] q0098 feature00 sigma=32 TV=0.06501 H=0.06157 peak=0.00000
[100/162] q0099 feature01 sigma=8 TV=0.13616 H=0.15682 peak=0.00000
[101/162] q0100 feature01 sigma=16 TV=0.10630 H=0.10593 peak=0.03125
[102/162] q0101 feature01 sigma=32 TV=0.07274 H=0.06688 peak=0.03125
[103/162] q0102 feature02 sigma=8 TV=0.19584 H=0.17584 peak=0.03125
[104/162] q0103 feature02 sigma=16 TV=0.12191 H=0.10474 peak=0.03125
[105/162] q0104 feature02 sigma=32 TV=0.07289 H=0.06798 peak=0.03125
[106/162] q0105 feature03 sigma=8 TV=0.10967 H=0.13514 peak=0.00000
[107/162] q0106 feature03 sigma=16 TV=0.07880 H=0.10366 peak=0.00000
[108/162] q0107 feature03 sigma=32 TV=0.07136 H=0.06853 peak=0.00000
[109/162] q0108 feature04 sigma=8 TV=0.12726 H=0.14503 peak=0.00000
[110/162] q0109 feature04 sigma=16 TV=0.08823 H=0.09103 peak=0.00000
[111/162] q0110 feature04 sigma=32 TV=0.07059 H=0.06370 peak=0.03125
[112/162] q0111 feature05 sigma=8 TV=0.12081 H=0.11084 peak=0.03125
[113/162] q0112 feature05 sigma=16 TV=0.08803 H=0.08575 peak=0.03125
[114/162] q0113 feature05 sigma=32 TV=0.06415 H=0.06007 peak=0.03125
[115/162] q0114 feature06 sigma=8 TV=0.12009 H=0.14659 peak=0.00000
[116/162] q0115 feature06 sigma=16 TV=0.06925 H=0.07368 peak=0.04419
[117/162] q0116 feature06 sigma=32 TV=0.06717 H=0.06199 peak=0.00000
[118/162] q0117 feature07 sigma=8 TV=0.14913 H=0.14339 peak=0.06250
[119/162] q0118 feature07 sigma=16 TV=0.07498 H=0.07987 peak=0.03125
[120/162] q0119 feature07 sigma=32 TV=0.05216 H=0.05757 peak=0.03125
[121/162] q0120 feature08 sigma=8 TV=0.08605 H=0.10824 peak=0.00000
[122/162] q0121 feature08 sigma=16 TV=0.06869 H=0.07199 peak=0.00000
[123/162] q0122 feature08 sigma=32 TV=0.07078 H=0.06206 peak=0.03125
[124/162] q0123 feature09 sigma=8 TV=0.11372 H=0.11287 peak=0.04419
[125/162] q0124 feature09 sigma=16 TV=0.07007 H=0.07403 peak=0.03125
[126/162] q0125 feature09 sigma=32 TV=0.06623 H=0.06078 peak=0.03125
[127/162] q0126 feature10 sigma=8 TV=0.11038 H=0.10282 peak=0.03125
[128/162] q0127 feature10 sigma=16 TV=0.06442 H=0.07071 peak=0.00000
[129/162] q0128 feature10 sigma=32 TV=0.06676 H=0.06305 peak=0.00000
[130/162] q0129 feature11 sigma=8 TV=0.15459 H=0.13625 peak=0.03125
[131/162] q0130 feature11 sigma=16 TV=0.11184 H=0.10043 peak=0.03125
[132/162] q0131 feature11 sigma=32 TV=0.06941 H=0.06518 peak=0.03125
[133/162] q0132 feature12 sigma=8 TV=0.14816 H=0.15048 peak=0.00000
[134/162] q0133 feature12 sigma=16 TV=0.08848 H=0.08877 peak=0.00000
[135/162] q0134 feature12 sigma=32 TV=0.06304 H=0.06171 peak=0.00000
[136/162] q0135 feature13 sigma=8 TV=0.10764 H=0.11538 peak=0.00000
[137/162] q0136 feature13 sigma=16 TV=0.08845 H=0.08046 peak=0.03125
[138/162] q0137 feature13 sigma=32 TV=0.06127 H=0.05804 peak=0.04419
[139/162] q0138 feature14 sigma=8 TV=0.11737 H=0.10856 peak=0.04419
[140/162] q0139 feature14 sigma=16 TV=0.07475 H=0.07159 peak=0.00000
[141/162] q0140 feature14 sigma=32 TV=0.06233 H=0.05588 peak=0.00000
[142/162] q0141 feature15 sigma=8 TV=0.12301 H=0.13678 peak=0.03125
[143/162] q0142 feature15 sigma=16 TV=0.06714 H=0.07251 peak=0.00000
[144/162] q0143 feature15 sigma=32 TV=0.06119 H=0.05611 peak=0.00000
[145/162] q0144 seam_u0 sigma=8 TV=0.13746 H=0.13465 peak=0.00000
[146/162] q0145 seam_u0 sigma=16 TV=0.08348 H=0.08387 peak=0.03125
[147/162] q0146 seam_u0 sigma=32 TV=0.05293 H=0.05821 peak=0.03125
[148/162] q0147 seam_u1 sigma=8 TV=0.13663 H=0.13243 peak=0.03125
[149/162] q0148 seam_u1 sigma=16 TV=0.07893 H=0.08246 peak=0.03125
[150/162] q0149 seam_u1 sigma=32 TV=0.05185 H=0.05810 peak=0.03125
[151/162] q0150 seam_v0 sigma=8 TV=0.13865 H=0.12635 peak=0.03125
[152/162] q0151 seam_v0 sigma=16 TV=0.09290 H=0.08867 peak=0.03125
[153/162] q0152 seam_v0 sigma=32 TV=0.06585 H=0.06123 peak=0.03125
[154/162] q0153 seam_v1 sigma=8 TV=0.14321 H=0.13766 peak=0.03125
[155/162] q0154 seam_v1 sigma=16 TV=0.10053 H=0.09217 peak=0.03125
[156/162] q0155 seam_v1 sigma=32 TV=0.06552 H=0.06142 peak=0.03125
[157/162] q0156 corner00 sigma=8 TV=0.13333 H=0.16680 peak=0.00000
[158/162] q0157 corner00 sigma=16 TV=0.08670 H=0.11156 peak=0.00000
[159/162] q0158 corner00 sigma=32 TV=0.07193 H=0.06948 peak=0.00000
[160/162] q0159 corner11 sigma=8 TV=0.10749 H=0.11618 peak=0.00000
[161/162] q0160 corner11 sigma=16 TV=0.07653 H=0.09611 peak=0.00000
[162/162] q0161 corner11 sigma=32 TV=0.07075 H=0.06756 peak=0.00000
Wrote C:\Users\sy415\workspace\pndf_qem_phase1\out_quality_local_guard_eps1e-9\metrics_sampled_pndf\brush_pnm_he_normal_ds4_v4096\metrics.csv
Wrote C:\Users\sy415\workspace\pndf_qem_phase1\out_quality_local_guard_eps1e-9\metrics_sampled_pndf\brush_pnm_he_normal_ds4_v4096\summary.txt
