[001/162] q0000 random00 sigma=8 TV=0.07111 H=0.07447 peak=0.03125
[002/162] q0001 random00 sigma=16 TV=0.04463 H=0.07107 peak=0.00000
[003/162] q0002 random00 sigma=32 TV=0.05086 H=0.07770 peak=0.03125
[004/162] q0003 random01 sigma=8 TV=0.06077 H=0.06576 peak=0.04419
[005/162] q0004 random01 sigma=16 TV=0.04608 H=0.07016 peak=0.04419
[006/162] q0005 random01 sigma=32 TV=0.05057 H=0.07588 peak=0.03125
[007/162] q0006 random02 sigma=8 TV=0.09016 H=0.09669 peak=0.00000
[008/162] q0007 random02 sigma=16 TV=0.05213 H=0.07720 peak=0.04419
[009/162] q0008 random02 sigma=32 TV=0.04830 H=0.07480 peak=0.00000
[010/162] q0009 random03 sigma=8 TV=0.08610 H=0.12440 peak=0.04419
[011/162] q0010 random03 sigma=16 TV=0.07590 H=0.09787 peak=0.04419
[012/162] q0011 random03 sigma=32 TV=0.06250 H=0.08961 peak=0.03125
[013/162] q0012 random04 sigma=8 TV=0.09937 H=0.10426 peak=0.03125
[014/162] q0013 random04 sigma=16 TV=0.06886 H=0.08308 peak=0.03125
[015/162] q0014 random04 sigma=32 TV=0.05735 H=0.07972 peak=0.03125
[016/162] q0015 random05 sigma=8 TV=0.07283 H=0.09676 peak=0.04419
[017/162] q0016 random05 sigma=16 TV=0.05834 H=0.08489 peak=0.04419
[018/162] q0017 random05 sigma=32 TV=0.04932 H=0.07002 peak=0.04419
[019/162] q0018 random06 sigma=8 TV=0.12864 H=0.11269 peak=0.04419
[020/162] q0019 random06 sigma=16 TV=0.06389 H=0.09254 peak=0.04419
[021/162] q0020 random06 sigma=32 TV=0.04952 H=0.08038 peak=0.04419
[022/162] q0021 random07 sigma=8 TV=0.15139 H=0.12512 peak=0.03125
[023/162] q0022 random07 sigma=16 TV=0.07996 H=0.08624 peak=0.00000
[024/162] q0023 random07 sigma=32 TV=0.04182 H=0.06913 peak=0.00000
[025/162] q0024 random08 sigma=8 TV=0.09056 H=0.10963 peak=0.03125
[026/162] q0025 random08 sigma=16 TV=0.04914 H=0.08013 peak=0.03125
[027/162] q0026 random08 sigma=32 TV=0.05672 H=0.08038 peak=0.04419
[028/162] q0027 random09 sigma=8 TV=0.04701 H=0.05881 peak=0.03125
[029/162] q0028 random09 sigma=16 TV=0.03902 H=0.05198 peak=0.03125
[030/162] q0029 random09 sigma=32 TV=0.03382 H=0.05244 peak=0.00000
[031/162] q0030 random10 sigma=8 TV=0.08179 H=0.09108 peak=0.04419
[032/162] q0031 random10 sigma=16 TV=0.06366 H=0.07791 peak=0.03125
[033/162] q0032 random10 sigma=32 TV=0.04125 H=0.06880 peak=0.04419
[034/162] q0033 random11 sigma=8 TV=0.10983 H=0.08533 peak=0.00000
[035/162] q0034 random11 sigma=16 TV=0.06240 H=0.07483 peak=0.00000
[036/162] q0035 random11 sigma=32 TV=0.04586 H=0.06901 peak=0.00000
[037/162] q0036 random12 sigma=8 TV=0.11902 H=0.12658 peak=0.00000
[038/162] q0037 random12 sigma=16 TV=0.09579 H=0.08697 peak=0.04419
[039/162] q0038 random12 sigma=32 TV=0.05041 H=0.06532 peak=0.04419
[040/162] q0039 random13 sigma=8 TV=0.05553 H=0.07979 peak=0.03125
[041/162] q0040 random13 sigma=16 TV=0.05345 H=0.07287 peak=0.00000
[042/162] q0041 random13 sigma=32 TV=0.05271 H=0.07233 peak=0.04419
[043/162] q0042 random14 sigma=8 TV=0.15694 H=0.14159 peak=0.03125
[044/162] q0043 random14 sigma=16 TV=0.10701 H=0.10384 peak=0.03125
[045/162] q0044 random14 sigma=32 TV=0.06586 H=0.08422 peak=0.03125
[046/162] q0045 random15 sigma=8 TV=0.08935 H=0.11707 peak=0.00000
[047/162] q0046 random15 sigma=16 TV=0.06279 H=0.08597 peak=0.00000
[048/162] q0047 random15 sigma=32 TV=0.04578 H=0.07187 peak=0.04419
[049/162] q0048 random16 sigma=8 TV=0.07721 H=0.11618 peak=0.03125
[050/162] q0049 random16 sigma=16 TV=0.07153 H=0.10206 peak=0.03125
[051/162] q0050 random16 sigma=32 TV=0.05346 H=0.08760 peak=0.04419
[052/162] q0051 random17 sigma=8 TV=0.05939 H=0.07517 peak=0.00000
[053/162] q0052 random17 sigma=16 TV=0.06361 H=0.06487 peak=0.04419
[054/162] q0053 random17 sigma=32 TV=0.04316 H=0.05785 peak=0.04419
[055/162] q0054 random18 sigma=8 TV=0.08187 H=0.07656 peak=0.04419
[056/162] q0055 random18 sigma=16 TV=0.05199 H=0.05643 peak=0.04419
[057/162] q0056 random18 sigma=32 TV=0.03456 H=0.05232 peak=0.00000
[058/162] q0057 random19 sigma=8 TV=0.08225 H=0.11344 peak=0.00000
[059/162] q0058 random19 sigma=16 TV=0.06708 H=0.09706 peak=0.04419
[060/162] q0059 random19 sigma=32 TV=0.05899 H=0.08349 peak=0.00000
[061/162] q0060 random20 sigma=8 TV=0.05426 H=0.06926 peak=0.04419
[062/162] q0061 random20 sigma=16 TV=0.04475 H=0.06718 peak=0.00000
[063/162] q0062 random20 sigma=32 TV=0.04907 H=0.07300 peak=0.00000
[064/162] q0063 random21 sigma=8 TV=0.08836 H=0.11009 peak=0.00000
[065/162] q0064 random21 sigma=16 TV=0.08549 H=0.09428 peak=0.00000
[066/162] q0065 random21 sigma=32 TV=0.05591 H=0.08088 peak=0.03125
[067/162] q0066 random22 sigma=8 TV=0.10380 H=0.11855 peak=0.00000
[068/162] q0067 random22 sigma=16 TV=0.06194 H=0.08544 peak=0.00000
[069/162] q0068 random22 sigma=32 TV=0.04804 H=0.07170 peak=0.04419
[070/162] q0069 random23 sigma=8 TV=0.05762 H=0.07895 peak=0.00000
[071/162] q0070 random23 sigma=16 TV=0.05581 H=0.07419 peak=0.04419
[072/162] q0071 random23 sigma=32 TV=0.05810 H=0.07799 peak=0.03125
[073/162] q0072 random24 sigma=8 TV=0.12711 H=0.14797 peak=0.03125
[074/162] q0073 random24 sigma=16 TV=0.10777 H=0.11426 peak=0.03125
[075/162] q0074 random24 sigma=32 TV=0.07612 H=0.08855 peak=0.03125
[076/162] q0075 random25 sigma=8 TV=0.06669 H=0.08271 peak=0.04419
[077/162] q0076 random25 sigma=16 TV=0.05133 H=0.07210 peak=0.00000
[078/162] q0077 random25 sigma=32 TV=0.04329 H=0.06711 peak=0.04419
[079/162] q0078 random26 sigma=8 TV=0.14139 H=0.14893 peak=0.00000
[080/162] q0079 random26 sigma=16 TV=0.10060 H=0.11109 peak=0.00000
[081/162] q0080 random26 sigma=32 TV=0.06897 H=0.08921 peak=0.00000
[082/162] q0081 random27 sigma=8 TV=0.09180 H=0.13062 peak=0.03125
[083/162] q0082 random27 sigma=16 TV=0.07802 H=0.10317 peak=0.03125
[084/162] q0083 random27 sigma=32 TV=0.04218 H=0.07515 peak=0.03125
[085/162] q0084 random28 sigma=8 TV=0.07269 H=0.08659 peak=0.04419
[086/162] q0085 random28 sigma=16 TV=0.05845 H=0.06944 peak=0.04419
[087/162] q0086 random28 sigma=32 TV=0.05617 H=0.07499 peak=0.04419
[088/162] q0087 random29 sigma=8 TV=0.12871 H=0.11132 peak=0.00000
[089/162] q0088 random29 sigma=16 TV=0.07243 H=0.08769 peak=0.00000
[090/162] q0089 random29 sigma=32 TV=0.05043 H=0.08264 peak=0.03125
[091/162] q0090 random30 sigma=8 TV=0.16105 H=0.13457 peak=0.04419
[092/162] q0091 random30 sigma=16 TV=0.07576 H=0.07410 peak=0.00000
[093/162] q0092 random30 sigma=32 TV=0.04164 H=0.06059 peak=0.00000
[094/162] q0093 random31 sigma=8 TV=0.17141 H=0.17855 peak=0.04419
[095/162] q0094 random31 sigma=16 TV=0.08191 H=0.10198 peak=0.04419
[096/162] q0095 random31 sigma=32 TV=0.05227 H=0.08385 peak=0.03125
[097/162] q0096 feature00 sigma=8 TV=0.16830 H=0.14644 peak=0.00000
[098/162] q0097 feature00 sigma=16 TV=0.11348 H=0.10982 peak=0.03125
[099/162] q0098 feature00 sigma=32 TV=0.07268 H=0.08874 peak=0.03125
[100/162] q0099 feature01 sigma=8 TV=0.08975 H=0.11746 peak=0.00000
[101/162] q0100 feature01 sigma=16 TV=0.07511 H=0.10451 peak=0.00000
[102/162] q0101 feature01 sigma=32 TV=0.05454 H=0.08714 peak=0.04419
[103/162] q0102 feature02 sigma=8 TV=0.16781 H=0.16624 peak=0.00000
[104/162] q0103 feature02 sigma=16 TV=0.11146 H=0.11457 peak=0.00000
[105/162] q0104 feature02 sigma=32 TV=0.06959 H=0.08886 peak=0.04419
[106/162] q0105 feature03 sigma=8 TV=0.16256 H=0.16180 peak=0.00000
[107/162] q0106 feature03 sigma=16 TV=0.08574 H=0.10891 peak=0.04419
[108/162] q0107 feature03 sigma=32 TV=0.07555 H=0.09365 peak=0.00000
[109/162] q0108 feature04 sigma=8 TV=0.08982 H=0.10344 peak=0.04419
[110/162] q0109 feature04 sigma=16 TV=0.08615 H=0.09486 peak=0.04419
[111/162] q0110 feature04 sigma=32 TV=0.06146 H=0.07724 peak=0.04419
[112/162] q0111 feature05 sigma=8 TV=0.08012 H=0.10284 peak=0.04419
[113/162] q0112 feature05 sigma=16 TV=0.06326 H=0.08259 peak=0.03125
[114/162] q0113 feature05 sigma=32 TV=0.04930 H=0.07467 peak=0.04419
[115/162] q0114 feature06 sigma=8 TV=0.16812 H=0.14297 peak=0.03125
[116/162] q0115 feature06 sigma=16 TV=0.10494 H=0.10256 peak=0.03125
[117/162] q0116 feature06 sigma=32 TV=0.06397 H=0.08332 peak=0.03125
[118/162] q0117 feature07 sigma=8 TV=0.07968 H=0.09567 peak=0.04419
[119/162] q0118 feature07 sigma=16 TV=0.07924 H=0.08233 peak=0.00000
[120/162] q0119 feature07 sigma=32 TV=0.06691 H=0.08198 peak=0.04419
[121/162] q0120 feature08 sigma=8 TV=0.07468 H=0.08442 peak=0.00000
[122/162] q0121 feature08 sigma=16 TV=0.04915 H=0.06771 peak=0.00000
[123/162] q0122 feature08 sigma=32 TV=0.05419 H=0.07389 peak=0.04419
[124/162] q0123 feature09 sigma=8 TV=0.10048 H=0.11574 peak=0.03125
[125/162] q0124 feature09 sigma=16 TV=0.07125 H=0.08986 peak=0.04419
[126/162] q0125 feature09 sigma=32 TV=0.05435 H=0.08065 peak=0.04419
[127/162] q0126 feature10 sigma=8 TV=0.08698 H=0.12744 peak=0.00000
[128/162] q0127 feature10 sigma=16 TV=0.07420 H=0.10825 peak=0.00000
[129/162] q0128 feature10 sigma=32 TV=0.06302 H=0.08814 peak=0.00000
[130/162] q0129 feature11 sigma=8 TV=0.09603 H=0.11691 peak=0.00000
[131/162] q0130 feature11 sigma=16 TV=0.07654 H=0.09416 peak=0.00000
[132/162] q0131 feature11 sigma=32 TV=0.04281 H=0.07357 peak=0.00000
[133/162] q0132 feature12 sigma=8 TV=0.11909 H=0.12268 peak=0.00000
[134/162] q0133 feature12 sigma=16 TV=0.09003 H=0.10545 peak=0.00000
[135/162] q0134 feature12 sigma=32 TV=0.07481 H=0.09297 peak=0.00000
[136/162] q0135 feature13 sigma=8 TV=0.07316 H=0.08495 peak=0.04419
[137/162] q0136 feature13 sigma=16 TV=0.06628 H=0.08212 peak=0.04419
[138/162] q0137 feature13 sigma=32 TV=0.06098 H=0.08159 peak=0.00000
[139/162] q0138 feature14 sigma=8 TV=0.10240 H=0.10174 peak=0.03125
[140/162] q0139 feature14 sigma=16 TV=0.07254 H=0.08106 peak=0.00000
[141/162] q0140 feature14 sigma=32 TV=0.05363 H=0.07348 peak=0.00000
[142/162] q0141 feature15 sigma=8 TV=0.09618 H=0.11876 peak=0.00000
[143/162] q0142 feature15 sigma=16 TV=0.06361 H=0.08611 peak=0.00000
[144/162] q0143 feature15 sigma=32 TV=0.04625 H=0.07180 peak=0.04419
[145/162] q0144 seam_u0 sigma=8 TV=0.06702 H=0.06555 peak=0.00000
[146/162] q0145 seam_u0 sigma=16 TV=0.03814 H=0.06494 peak=0.00000
[147/162] q0146 seam_u0 sigma=32 TV=0.04612 H=0.07473 peak=0.00000
[148/162] q0147 seam_u1 sigma=8 TV=0.09746 H=0.08242 peak=0.03125
[149/162] q0148 seam_u1 sigma=16 TV=0.04824 H=0.06530 peak=0.00000
[150/162] q0149 seam_u1 sigma=32 TV=0.04491 H=0.07354 peak=0.00000
[151/162] q0150 seam_v0 sigma=8 TV=0.11015 H=0.11530 peak=0.04419
[152/162] q0151 seam_v0 sigma=16 TV=0.05747 H=0.08438 peak=0.04419
[153/162] q0152 seam_v0 sigma=32 TV=0.05247 H=0.08055 peak=0.04419
[154/162] q0153 seam_v1 sigma=8 TV=0.12249 H=0.11600 peak=0.00000
[155/162] q0154 seam_v1 sigma=16 TV=0.05179 H=0.07948 peak=0.00000
[156/162] q0155 seam_v1 sigma=32 TV=0.04779 H=0.07812 peak=0.04419
[157/162] q0156 corner00 sigma=8 TV=0.08867 H=0.09823 peak=0.03125
[158/162] q0157 corner00 sigma=16 TV=0.07818 H=0.08158 peak=0.04419
[159/162] q0158 corner00 sigma=32 TV=0.05448 H=0.07164 peak=0.04419
[160/162] q0159 corner11 sigma=8 TV=0.11608 H=0.10686 peak=0.00000
[161/162] q0160 corner11 sigma=16 TV=0.06959 H=0.08000 peak=0.04419
[162/162] q0161 corner11 sigma=32 TV=0.05324 H=0.07161 peak=0.04419
Wrote C:\Users\sy415\workspace\pndf_qem_phase1\out_quality_local_guard_eps1e-9\metrics_sampled_pndf\scratched_pnm_he_4d_ds4_v16384\metrics.csv
Wrote C:\Users\sy415\workspace\pndf_qem_phase1\out_quality_local_guard_eps1e-9\metrics_sampled_pndf\scratched_pnm_he_4d_ds4_v16384\summary.txt
