[001/162] q0000 random00 sigma=8 TV=0.23899 H=0.24041 peak=0.00000
[002/162] q0001 random00 sigma=16 TV=0.12075 H=0.16806 peak=0.03125
[003/162] q0002 random00 sigma=32 TV=0.10360 H=0.16266 peak=0.03125
[004/162] q0003 random01 sigma=8 TV=0.15960 H=0.14523 peak=0.00000
[005/162] q0004 random01 sigma=16 TV=0.11975 H=0.15415 peak=0.00000
[006/162] q0005 random01 sigma=32 TV=0.10514 H=0.16233 peak=0.03125
[007/162] q0006 random02 sigma=8 TV=0.18220 H=0.19811 peak=0.04419
[008/162] q0007 random02 sigma=16 TV=0.10330 H=0.15576 peak=0.04419
[009/162] q0008 random02 sigma=32 TV=0.10174 H=0.15500 peak=0.04419
[010/162] q0009 random03 sigma=8 TV=0.16090 H=0.21947 peak=0.03125
[011/162] q0010 random03 sigma=16 TV=0.10122 H=0.17031 peak=0.00000
[012/162] q0011 random03 sigma=32 TV=0.10290 H=0.16588 peak=0.03125
[013/162] q0012 random04 sigma=8 TV=0.31394 H=0.27101 peak=0.00000
[014/162] q0013 random04 sigma=16 TV=0.12823 H=0.17780 peak=0.00000
[015/162] q0014 random04 sigma=32 TV=0.10757 H=0.16455 peak=0.03125
[016/162] q0015 random05 sigma=8 TV=0.10711 H=0.19735 peak=0.04419
[017/162] q0016 random05 sigma=16 TV=0.10648 H=0.18065 peak=0.04419
[018/162] q0017 random05 sigma=32 TV=0.09637 H=0.15387 peak=0.00000
[019/162] q0018 random06 sigma=8 TV=0.26620 H=0.26864 peak=0.03125
[020/162] q0019 random06 sigma=16 TV=0.17569 H=0.19802 peak=0.03125
[021/162] q0020 random06 sigma=32 TV=0.11389 H=0.16015 peak=0.03125
[022/162] q0021 random07 sigma=8 TV=0.20916 H=0.18254 peak=0.04419
[023/162] q0022 random07 sigma=16 TV=0.12817 H=0.15377 peak=0.04419
[024/162] q0023 random07 sigma=32 TV=0.08649 H=0.14287 peak=0.04419
[025/162] q0024 random08 sigma=8 TV=0.22127 H=0.25268 peak=0.03125
[026/162] q0025 random08 sigma=16 TV=0.11582 H=0.17937 peak=0.03125
[027/162] q0026 random08 sigma=32 TV=0.09173 H=0.16694 peak=0.04419
[028/162] q0027 random09 sigma=8 TV=0.15740 H=0.16929 peak=0.03125
[029/162] q0028 random09 sigma=16 TV=0.07871 H=0.11910 peak=0.03125
[030/162] q0029 random09 sigma=32 TV=0.08939 H=0.12683 peak=0.00000
[031/162] q0030 random10 sigma=8 TV=0.21320 H=0.22176 peak=0.00000
[032/162] q0031 random10 sigma=16 TV=0.15411 H=0.17287 peak=0.03125
[033/162] q0032 random10 sigma=32 TV=0.10869 H=0.14328 peak=0.00000
[034/162] q0033 random11 sigma=8 TV=0.32700 H=0.26888 peak=0.03125
[035/162] q0034 random11 sigma=16 TV=0.16988 H=0.17760 peak=0.04419
[036/162] q0035 random11 sigma=32 TV=0.10143 H=0.14661 peak=0.04419
[037/162] q0036 random12 sigma=8 TV=0.21246 H=0.19822 peak=0.04419
[038/162] q0037 random12 sigma=16 TV=0.11550 H=0.12891 peak=0.04419
[039/162] q0038 random12 sigma=32 TV=0.08282 H=0.13117 peak=0.04419
[040/162] q0039 random13 sigma=8 TV=0.15717 H=0.18638 peak=0.00000
[041/162] q0040 random13 sigma=16 TV=0.11869 H=0.17029 peak=0.04419
[042/162] q0041 random13 sigma=32 TV=0.10224 H=0.15950 peak=0.00000
[043/162] q0042 random14 sigma=8 TV=0.21736 H=0.25291 peak=0.03125
[044/162] q0043 random14 sigma=16 TV=0.13425 H=0.19484 peak=0.00000
[045/162] q0044 random14 sigma=32 TV=0.10779 H=0.16630 peak=0.03125
[046/162] q0045 random15 sigma=8 TV=0.15306 H=0.25906 peak=0.00000
[047/162] q0046 random15 sigma=16 TV=0.10176 H=0.18583 peak=0.03125
[048/162] q0047 random15 sigma=32 TV=0.07921 H=0.15528 peak=0.03125
[049/162] q0048 random16 sigma=8 TV=0.21956 H=0.24772 peak=0.04419
[050/162] q0049 random16 sigma=16 TV=0.13379 H=0.20083 peak=0.00000
[051/162] q0050 random16 sigma=32 TV=0.11465 H=0.17056 peak=0.04419
[052/162] q0051 random17 sigma=8 TV=0.26358 H=0.24610 peak=0.03125
[053/162] q0052 random17 sigma=16 TV=0.12547 H=0.14363 peak=0.04419
[054/162] q0053 random17 sigma=32 TV=0.09282 H=0.12760 peak=0.04419
[055/162] q0054 random18 sigma=8 TV=0.13800 H=0.15946 peak=0.00000
[056/162] q0055 random18 sigma=16 TV=0.07297 H=0.11562 peak=0.04419
[057/162] q0056 random18 sigma=32 TV=0.09209 H=0.12523 peak=0.00000
[058/162] q0057 random19 sigma=8 TV=0.22986 H=0.24248 peak=0.00000
[059/162] q0058 random19 sigma=16 TV=0.15705 H=0.18457 peak=0.04419
[060/162] q0059 random19 sigma=32 TV=0.10670 H=0.16526 peak=0.04419
[061/162] q0060 random20 sigma=8 TV=0.24211 H=0.22150 peak=0.03125
[062/162] q0061 random20 sigma=16 TV=0.13084 H=0.15973 peak=0.03125
[063/162] q0062 random20 sigma=32 TV=0.09687 H=0.16130 peak=0.00000
[064/162] q0063 random21 sigma=8 TV=0.16020 H=0.23406 peak=0.00000
[065/162] q0064 random21 sigma=16 TV=0.12557 H=0.20235 peak=0.03125
[066/162] q0065 random21 sigma=32 TV=0.10110 H=0.16427 peak=0.03125
[067/162] q0066 random22 sigma=8 TV=0.20098 H=0.24688 peak=0.00000
[068/162] q0067 random22 sigma=16 TV=0.09347 H=0.18389 peak=0.03125
[069/162] q0068 random22 sigma=32 TV=0.07723 H=0.15309 peak=0.04419
[070/162] q0069 random23 sigma=8 TV=0.19524 H=0.19671 peak=0.04419
[071/162] q0070 random23 sigma=16 TV=0.11776 H=0.16145 peak=0.03125
[072/162] q0071 random23 sigma=32 TV=0.10896 H=0.16449 peak=0.00000
[073/162] q0072 random24 sigma=8 TV=0.18295 H=0.21003 peak=0.03125
[074/162] q0073 random24 sigma=16 TV=0.15109 H=0.19043 peak=0.03125
[075/162] q0074 random24 sigma=32 TV=0.10352 H=0.16399 peak=0.03125
[076/162] q0075 random25 sigma=8 TV=0.23415 H=0.22946 peak=0.00000
[077/162] q0076 random25 sigma=16 TV=0.13066 H=0.16696 peak=0.00000
[078/162] q0077 random25 sigma=32 TV=0.07927 H=0.14207 peak=0.04419
[079/162] q0078 random26 sigma=8 TV=0.17819 H=0.22967 peak=0.04419
[080/162] q0079 random26 sigma=16 TV=0.17217 H=0.20990 peak=0.04419
[081/162] q0080 random26 sigma=32 TV=0.12682 H=0.18172 peak=0.04419
[082/162] q0081 random27 sigma=8 TV=0.18419 H=0.18716 peak=0.00000
[083/162] q0082 random27 sigma=16 TV=0.13713 H=0.15708 peak=0.03125
[084/162] q0083 random27 sigma=32 TV=0.11424 H=0.14458 peak=0.03125
[085/162] q0084 random28 sigma=8 TV=0.23255 H=0.21787 peak=0.00000
[086/162] q0085 random28 sigma=16 TV=0.15370 H=0.17277 peak=0.00000
[087/162] q0086 random28 sigma=32 TV=0.11966 H=0.16641 peak=0.04419
[088/162] q0087 random29 sigma=8 TV=0.12223 H=0.16492 peak=0.04419
[089/162] q0088 random29 sigma=16 TV=0.10614 H=0.16910 peak=0.00000
[090/162] q0089 random29 sigma=32 TV=0.11511 H=0.16364 peak=0.03125
[091/162] q0090 random30 sigma=8 TV=0.21521 H=0.23413 peak=0.04419
[092/162] q0091 random30 sigma=16 TV=0.13722 H=0.16498 peak=0.00000
[093/162] q0092 random30 sigma=32 TV=0.08931 H=0.14456 peak=0.00000
[094/162] q0093 random31 sigma=8 TV=0.31939 H=0.30097 peak=0.03125
[095/162] q0094 random31 sigma=16 TV=0.15399 H=0.20775 peak=0.03125
[096/162] q0095 random31 sigma=32 TV=0.11603 H=0.16689 peak=0.03125
[097/162] q0096 feature00 sigma=8 TV=0.17210 H=0.23135 peak=0.00000
[098/162] q0097 feature00 sigma=16 TV=0.15233 H=0.19852 peak=0.03125
[099/162] q0098 feature00 sigma=32 TV=0.11248 H=0.17037 peak=0.03125
[100/162] q0099 feature01 sigma=8 TV=0.20314 H=0.27281 peak=0.00000
[101/162] q0100 feature01 sigma=16 TV=0.15582 H=0.21935 peak=0.03125
[102/162] q0101 feature01 sigma=32 TV=0.11416 H=0.17199 peak=0.04419
[103/162] q0102 feature02 sigma=8 TV=0.29678 H=0.27820 peak=0.00000
[104/162] q0103 feature02 sigma=16 TV=0.19372 H=0.20773 peak=0.00000
[105/162] q0104 feature02 sigma=32 TV=0.11419 H=0.17069 peak=0.04419
[106/162] q0105 feature03 sigma=8 TV=0.20797 H=0.26022 peak=0.04419
[107/162] q0106 feature03 sigma=16 TV=0.13604 H=0.20655 peak=0.00000
[108/162] q0107 feature03 sigma=32 TV=0.11688 H=0.17911 peak=0.04419
[109/162] q0108 feature04 sigma=8 TV=0.15096 H=0.19388 peak=0.03125
[110/162] q0109 feature04 sigma=16 TV=0.11965 H=0.16807 peak=0.04419
[111/162] q0110 feature04 sigma=32 TV=0.08715 H=0.15562 peak=0.04419
[112/162] q0111 feature05 sigma=8 TV=0.23050 H=0.26087 peak=0.04419
[113/162] q0112 feature05 sigma=16 TV=0.13942 H=0.19342 peak=0.04419
[114/162] q0113 feature05 sigma=32 TV=0.08853 H=0.16325 peak=0.04419
[115/162] q0114 feature06 sigma=8 TV=0.23532 H=0.25540 peak=0.00000
[116/162] q0115 feature06 sigma=16 TV=0.13338 H=0.19408 peak=0.03125
[117/162] q0116 feature06 sigma=32 TV=0.10661 H=0.16560 peak=0.03125
[118/162] q0117 feature07 sigma=8 TV=0.18593 H=0.23886 peak=0.00000
[119/162] q0118 feature07 sigma=16 TV=0.14494 H=0.19189 peak=0.04419
[120/162] q0119 feature07 sigma=32 TV=0.12953 H=0.17631 peak=0.04419
[121/162] q0120 feature08 sigma=8 TV=0.22396 H=0.21622 peak=0.04419
[122/162] q0121 feature08 sigma=16 TV=0.13725 H=0.16844 peak=0.04419
[123/162] q0122 feature08 sigma=32 TV=0.11233 H=0.16408 peak=0.00000
[124/162] q0123 feature09 sigma=8 TV=0.13173 H=0.21460 peak=0.00000
[125/162] q0124 feature09 sigma=16 TV=0.11801 H=0.18875 peak=0.00000
[126/162] q0125 feature09 sigma=32 TV=0.09315 H=0.16529 peak=0.04419
[127/162] q0126 feature10 sigma=8 TV=0.17480 H=0.22001 peak=0.00000
[128/162] q0127 feature10 sigma=16 TV=0.16653 H=0.19959 peak=0.04419
[129/162] q0128 feature10 sigma=32 TV=0.11113 H=0.17094 peak=0.04419
[130/162] q0129 feature11 sigma=8 TV=0.24070 H=0.23193 peak=0.03125
[131/162] q0130 feature11 sigma=16 TV=0.15029 H=0.16214 peak=0.03125
[132/162] q0131 feature11 sigma=32 TV=0.10898 H=0.14518 peak=0.03125
[133/162] q0132 feature12 sigma=8 TV=0.15313 H=0.23736 peak=0.04419
[134/162] q0133 feature12 sigma=16 TV=0.15645 H=0.21060 peak=0.04419
[135/162] q0134 feature12 sigma=32 TV=0.11975 H=0.18397 peak=0.04419
[136/162] q0135 feature13 sigma=8 TV=0.12376 H=0.16608 peak=0.00000
[137/162] q0136 feature13 sigma=16 TV=0.11557 H=0.16467 peak=0.00000
[138/162] q0137 feature13 sigma=32 TV=0.11150 H=0.16840 peak=0.00000
[139/162] q0138 feature14 sigma=8 TV=0.21237 H=0.22559 peak=0.03125
[140/162] q0139 feature14 sigma=16 TV=0.13683 H=0.18391 peak=0.00000
[141/162] q0140 feature14 sigma=32 TV=0.09622 H=0.15989 peak=0.00000
[142/162] q0141 feature15 sigma=8 TV=0.15037 H=0.25600 peak=0.00000
[143/162] q0142 feature15 sigma=16 TV=0.09756 H=0.18569 peak=0.03125
[144/162] q0143 feature15 sigma=32 TV=0.07859 H=0.15469 peak=0.03125
[145/162] q0144 seam_u0 sigma=8 TV=0.19483 H=0.19645 peak=0.04419
[146/162] q0145 seam_u0 sigma=16 TV=0.11429 H=0.14152 peak=0.00000
[147/162] q0146 seam_u0 sigma=32 TV=0.08417 H=0.15246 peak=0.04419
[148/162] q0147 seam_u1 sigma=8 TV=0.21233 H=0.21448 peak=0.04419
[149/162] q0148 seam_u1 sigma=16 TV=0.13015 H=0.14645 peak=0.00000
[150/162] q0149 seam_u1 sigma=32 TV=0.07974 H=0.15035 peak=0.04419
[151/162] q0150 seam_v0 sigma=8 TV=0.15633 H=0.21659 peak=0.03125
[152/162] q0151 seam_v0 sigma=16 TV=0.15077 H=0.18130 peak=0.03125
[153/162] q0152 seam_v0 sigma=32 TV=0.11770 H=0.16140 peak=0.04419
[154/162] q0153 seam_v1 sigma=8 TV=0.17697 H=0.21004 peak=0.03125
[155/162] q0154 seam_v1 sigma=16 TV=0.14131 H=0.17302 peak=0.03125
[156/162] q0155 seam_v1 sigma=32 TV=0.11466 H=0.15779 peak=0.04419
[157/162] q0156 corner00 sigma=8 TV=0.11886 H=0.11386 peak=0.03125
[158/162] q0157 corner00 sigma=16 TV=0.09144 H=0.12978 peak=0.04419
[159/162] q0158 corner00 sigma=32 TV=0.07459 H=0.14044 peak=0.04419
[160/162] q0159 corner11 sigma=8 TV=0.16542 H=0.15616 peak=0.04419
[161/162] q0160 corner11 sigma=16 TV=0.07471 H=0.12426 peak=0.04419
[162/162] q0161 corner11 sigma=32 TV=0.07959 H=0.14183 peak=0.04419
Wrote C:\Users\sy415\workspace\pndf_qem_phase1\out_quality_local_guard_eps1e-9\metrics_sampled_pndf\scratched_pnm_he_4d_ds4_v4096\metrics.csv
Wrote C:\Users\sy415\workspace\pndf_qem_phase1\out_quality_local_guard_eps1e-9\metrics_sampled_pndf\scratched_pnm_he_4d_ds4_v4096\summary.txt
