[001/162] q0000 random00 sigma=8 TV=0.05633 H=0.05703 peak=0.00000
[002/162] q0001 random00 sigma=16 TV=0.02869 H=0.02702 peak=0.00000
[003/162] q0002 random00 sigma=32 TV=0.01559 H=0.01527 peak=0.03125
[004/162] q0003 random01 sigma=8 TV=0.03481 H=0.05263 peak=0.03125
[005/162] q0004 random01 sigma=16 TV=0.02673 H=0.02810 peak=0.00000
[006/162] q0005 random01 sigma=32 TV=0.01641 H=0.01593 peak=0.00000
[007/162] q0006 random02 sigma=8 TV=0.03763 H=0.03488 peak=0.00000
[008/162] q0007 random02 sigma=16 TV=0.02170 H=0.02553 peak=0.00000
[009/162] q0008 random02 sigma=32 TV=0.01469 H=0.01675 peak=0.00000
[010/162] q0009 random03 sigma=8 TV=0.03281 H=0.03782 peak=0.00000
[011/162] q0010 random03 sigma=16 TV=0.01624 H=0.02116 peak=0.00000
[012/162] q0011 random03 sigma=32 TV=0.01121 H=0.01582 peak=0.00000
[013/162] q0012 random04 sigma=8 TV=0.03020 H=0.02633 peak=0.00000
[014/162] q0013 random04 sigma=16 TV=0.02582 H=0.02240 peak=0.00000
[015/162] q0014 random04 sigma=32 TV=0.01590 H=0.01535 peak=0.00000
[016/162] q0015 random05 sigma=8 TV=0.05604 H=0.05115 peak=0.00000
[017/162] q0016 random05 sigma=16 TV=0.02647 H=0.02713 peak=0.00000
[018/162] q0017 random05 sigma=32 TV=0.01483 H=0.01592 peak=0.03125
[019/162] q0018 random06 sigma=8 TV=0.03313 H=0.03029 peak=0.00000
[020/162] q0019 random06 sigma=16 TV=0.02269 H=0.02007 peak=0.00000
[021/162] q0020 random06 sigma=32 TV=0.01532 H=0.01502 peak=0.00000
[022/162] q0021 random07 sigma=8 TV=0.03710 H=0.03208 peak=0.00000
[023/162] q0022 random07 sigma=16 TV=0.02158 H=0.01946 peak=0.03125
[024/162] q0023 random07 sigma=32 TV=0.01309 H=0.01303 peak=0.00000
[025/162] q0024 random08 sigma=8 TV=0.03393 H=0.05828 peak=0.00000
[026/162] q0025 random08 sigma=16 TV=0.02648 H=0.02914 peak=0.00000
[027/162] q0026 random08 sigma=32 TV=0.01760 H=0.01712 peak=0.00000
[028/162] q0027 random09 sigma=8 TV=0.02805 H=0.03176 peak=0.04419
[029/162] q0028 random09 sigma=16 TV=0.02068 H=0.02403 peak=0.00000
[030/162] q0029 random09 sigma=32 TV=0.01473 H=0.01501 peak=0.00000
[031/162] q0030 random10 sigma=8 TV=0.05939 H=0.05006 peak=0.00000
[032/162] q0031 random10 sigma=16 TV=0.02711 H=0.02486 peak=0.00000
[033/162] q0032 random10 sigma=32 TV=0.01250 H=0.01363 peak=0.04419
[034/162] q0033 random11 sigma=8 TV=0.03880 H=0.04122 peak=0.00000
[035/162] q0034 random11 sigma=16 TV=0.02326 H=0.02030 peak=0.03125
[036/162] q0035 random11 sigma=32 TV=0.01314 H=0.01341 peak=0.00000
[037/162] q0036 random12 sigma=8 TV=0.03835 H=0.06749 peak=0.00000
[038/162] q0037 random12 sigma=16 TV=0.02413 H=0.03642 peak=0.00000
[039/162] q0038 random12 sigma=32 TV=0.01511 H=0.01626 peak=0.00000
[040/162] q0039 random13 sigma=8 TV=0.03245 H=0.04362 peak=0.04419
[041/162] q0040 random13 sigma=16 TV=0.02354 H=0.02604 peak=0.00000
[042/162] q0041 random13 sigma=32 TV=0.01484 H=0.01518 peak=0.03125
[043/162] q0042 random14 sigma=8 TV=0.03598 H=0.03326 peak=0.00000
[044/162] q0043 random14 sigma=16 TV=0.01998 H=0.01896 peak=0.00000
[045/162] q0044 random14 sigma=32 TV=0.01538 H=0.01475 peak=0.00000
[046/162] q0045 random15 sigma=8 TV=0.04380 H=0.03943 peak=0.00000
[047/162] q0046 random15 sigma=16 TV=0.02154 H=0.02193 peak=0.00000
[048/162] q0047 random15 sigma=32 TV=0.01551 H=0.01504 peak=0.00000
[049/162] q0048 random16 sigma=8 TV=0.04611 H=0.04179 peak=0.00000
[050/162] q0049 random16 sigma=16 TV=0.02518 H=0.02328 peak=0.03125
[051/162] q0050 random16 sigma=32 TV=0.01715 H=0.01606 peak=0.00000
[052/162] q0051 random17 sigma=8 TV=0.04206 H=0.04310 peak=0.00000
[053/162] q0052 random17 sigma=16 TV=0.01978 H=0.02325 peak=0.00000
[054/162] q0053 random17 sigma=32 TV=0.01474 H=0.01477 peak=0.00000
[055/162] q0054 random18 sigma=8 TV=0.03259 H=0.03759 peak=0.03125
[056/162] q0055 random18 sigma=16 TV=0.02077 H=0.02521 peak=0.00000
[057/162] q0056 random18 sigma=32 TV=0.01477 H=0.01503 peak=0.03125
[058/162] q0057 random19 sigma=8 TV=0.01826 H=0.02037 peak=0.00000
[059/162] q0058 random19 sigma=16 TV=0.01784 H=0.01812 peak=0.00000
[060/162] q0059 random19 sigma=32 TV=0.01337 H=0.01352 peak=0.00000
[061/162] q0060 random20 sigma=8 TV=0.04833 H=0.07085 peak=0.00000
[062/162] q0061 random20 sigma=16 TV=0.02566 H=0.02743 peak=0.00000
[063/162] q0062 random20 sigma=32 TV=0.01664 H=0.01610 peak=0.00000
[064/162] q0063 random21 sigma=8 TV=0.02798 H=0.04455 peak=0.00000
[065/162] q0064 random21 sigma=16 TV=0.02191 H=0.01967 peak=0.00000
[066/162] q0065 random21 sigma=32 TV=0.01637 H=0.01628 peak=0.00000
[067/162] q0066 random22 sigma=8 TV=0.03652 H=0.03710 peak=0.00000
[068/162] q0067 random22 sigma=16 TV=0.01867 H=0.02068 peak=0.00000
[069/162] q0068 random22 sigma=32 TV=0.01494 H=0.01456 peak=0.00000
[070/162] q0069 random23 sigma=8 TV=0.07222 H=0.06186 peak=0.04419
[071/162] q0070 random23 sigma=16 TV=0.03205 H=0.02697 peak=0.00000
[072/162] q0071 random23 sigma=32 TV=0.01530 H=0.01499 peak=0.00000
[073/162] q0072 random24 sigma=8 TV=0.04347 H=0.05430 peak=0.00000
[074/162] q0073 random24 sigma=16 TV=0.02057 H=0.02379 peak=0.06988
[075/162] q0074 random24 sigma=32 TV=0.01251 H=0.01464 peak=0.03125
[076/162] q0075 random25 sigma=8 TV=0.02893 H=0.03553 peak=0.00000
[077/162] q0076 random25 sigma=16 TV=0.02393 H=0.02876 peak=0.00000
[078/162] q0077 random25 sigma=32 TV=0.01519 H=0.01588 peak=0.00000
[079/162] q0078 random26 sigma=8 TV=0.03429 H=0.03641 peak=0.00000
[080/162] q0079 random26 sigma=16 TV=0.02024 H=0.02101 peak=0.00000
[081/162] q0080 random26 sigma=32 TV=0.01504 H=0.01461 peak=0.00000
[082/162] q0081 random27 sigma=8 TV=0.03035 H=0.02776 peak=0.00000
[083/162] q0082 random27 sigma=16 TV=0.02219 H=0.02160 peak=0.00000
[084/162] q0083 random27 sigma=32 TV=0.01371 H=0.01393 peak=0.00000
[085/162] q0084 random28 sigma=8 TV=0.03676 H=0.03954 peak=0.00000
[086/162] q0085 random28 sigma=16 TV=0.02757 H=0.02705 peak=0.00000
[087/162] q0086 random28 sigma=32 TV=0.01513 H=0.01524 peak=0.00000
[088/162] q0087 random29 sigma=8 TV=0.02434 H=0.02190 peak=0.00000
[089/162] q0088 random29 sigma=16 TV=0.01476 H=0.01473 peak=0.00000
[090/162] q0089 random29 sigma=32 TV=0.01527 H=0.01450 peak=0.00000
[091/162] q0090 random30 sigma=8 TV=0.03849 H=0.03847 peak=0.00000
[092/162] q0091 random30 sigma=16 TV=0.02287 H=0.02266 peak=0.00000
[093/162] q0092 random30 sigma=32 TV=0.01298 H=0.01369 peak=0.00000
[094/162] q0093 random31 sigma=8 TV=0.03150 H=0.02990 peak=0.00000
[095/162] q0094 random31 sigma=16 TV=0.01932 H=0.01717 peak=0.00000
[096/162] q0095 random31 sigma=32 TV=0.01551 H=0.01513 peak=0.00000
[097/162] q0096 feature00 sigma=8 TV=0.03326 H=0.04686 peak=0.00000
[098/162] q0097 feature00 sigma=16 TV=0.02346 H=0.02607 peak=0.00000
[099/162] q0098 feature00 sigma=32 TV=0.01471 H=0.01521 peak=0.03125
[100/162] q0099 feature01 sigma=8 TV=0.04398 H=0.05338 peak=0.00000
[101/162] q0100 feature01 sigma=16 TV=0.03068 H=0.02824 peak=0.00000
[102/162] q0101 feature01 sigma=32 TV=0.01974 H=0.01788 peak=0.00000
[103/162] q0102 feature02 sigma=8 TV=0.06181 H=0.06073 peak=0.00000
[104/162] q0103 feature02 sigma=16 TV=0.03137 H=0.02990 peak=0.03125
[105/162] q0104 feature02 sigma=32 TV=0.02020 H=0.01776 peak=0.04419
[106/162] q0105 feature03 sigma=8 TV=0.05551 H=0.06553 peak=0.00000
[107/162] q0106 feature03 sigma=16 TV=0.02870 H=0.03973 peak=0.00000
[108/162] q0107 feature03 sigma=32 TV=0.01537 H=0.01690 peak=0.00000
[109/162] q0108 feature04 sigma=8 TV=0.03816 H=0.06327 peak=0.00000
[110/162] q0109 feature04 sigma=16 TV=0.02523 H=0.02989 peak=0.00000
[111/162] q0110 feature04 sigma=32 TV=0.01765 H=0.01738 peak=0.00000
[112/162] q0111 feature05 sigma=8 TV=0.05235 H=0.05182 peak=0.00000
[113/162] q0112 feature05 sigma=16 TV=0.02652 H=0.02670 peak=0.00000
[114/162] q0113 feature05 sigma=32 TV=0.01795 H=0.01612 peak=0.00000
[115/162] q0114 feature06 sigma=8 TV=0.03251 H=0.03428 peak=0.00000
[116/162] q0115 feature06 sigma=16 TV=0.02421 H=0.02387 peak=0.00000
[117/162] q0116 feature06 sigma=32 TV=0.01503 H=0.01503 peak=0.00000
[118/162] q0117 feature07 sigma=8 TV=0.04137 H=0.03624 peak=0.00000
[119/162] q0118 feature07 sigma=16 TV=0.02476 H=0.02357 peak=0.00000
[120/162] q0119 feature07 sigma=32 TV=0.01294 H=0.01301 peak=0.00000
[121/162] q0120 feature08 sigma=8 TV=0.02975 H=0.03326 peak=0.00000
[122/162] q0121 feature08 sigma=16 TV=0.02201 H=0.01907 peak=0.00000
[123/162] q0122 feature08 sigma=32 TV=0.01653 H=0.01643 peak=0.00000
[124/162] q0123 feature09 sigma=8 TV=0.03199 H=0.02987 peak=0.00000
[125/162] q0124 feature09 sigma=16 TV=0.02484 H=0.02110 peak=0.00000
[126/162] q0125 feature09 sigma=32 TV=0.01450 H=0.01429 peak=0.00000
[127/162] q0126 feature10 sigma=8 TV=0.02554 H=0.02228 peak=0.00000
[128/162] q0127 feature10 sigma=16 TV=0.01979 H=0.02456 peak=0.00000
[129/162] q0128 feature10 sigma=32 TV=0.01416 H=0.01693 peak=0.00000
[130/162] q0129 feature11 sigma=8 TV=0.05168 H=0.04911 peak=0.04419
[131/162] q0130 feature11 sigma=16 TV=0.02497 H=0.02331 peak=0.00000
[132/162] q0131 feature11 sigma=32 TV=0.01979 H=0.01774 peak=0.00000
[133/162] q0132 feature12 sigma=8 TV=0.03941 H=0.04595 peak=0.00000
[134/162] q0133 feature12 sigma=16 TV=0.02142 H=0.02426 peak=0.00000
[135/162] q0134 feature12 sigma=32 TV=0.01480 H=0.01429 peak=0.00000
[136/162] q0135 feature13 sigma=8 TV=0.04814 H=0.04718 peak=0.00000
[137/162] q0136 feature13 sigma=16 TV=0.02615 H=0.02751 peak=0.00000
[138/162] q0137 feature13 sigma=32 TV=0.01495 H=0.01606 peak=0.00000
[139/162] q0138 feature14 sigma=8 TV=0.02915 H=0.04204 peak=0.00000
[140/162] q0139 feature14 sigma=16 TV=0.01859 H=0.02631 peak=0.00000
[141/162] q0140 feature14 sigma=32 TV=0.01433 H=0.01528 peak=0.00000
[142/162] q0141 feature15 sigma=8 TV=0.03520 H=0.03590 peak=0.00000
[143/162] q0142 feature15 sigma=16 TV=0.01991 H=0.02066 peak=0.00000
[144/162] q0143 feature15 sigma=32 TV=0.01331 H=0.01340 peak=0.00000
[145/162] q0144 seam_u0 sigma=8 TV=0.04207 H=0.05144 peak=0.00000
[146/162] q0145 seam_u0 sigma=16 TV=0.02463 H=0.02589 peak=0.00000
[147/162] q0146 seam_u0 sigma=32 TV=0.01364 H=0.01355 peak=0.00000
[148/162] q0147 seam_u1 sigma=8 TV=0.04378 H=0.04776 peak=0.00000
[149/162] q0148 seam_u1 sigma=16 TV=0.02664 H=0.02654 peak=0.00000
[150/162] q0149 seam_u1 sigma=32 TV=0.01380 H=0.01361 peak=0.00000
[151/162] q0150 seam_v0 sigma=8 TV=0.04976 H=0.05467 peak=0.04419
[152/162] q0151 seam_v0 sigma=16 TV=0.02709 H=0.02657 peak=0.00000
[153/162] q0152 seam_v0 sigma=32 TV=0.01858 H=0.01656 peak=0.00000
[154/162] q0153 seam_v1 sigma=8 TV=0.05018 H=0.06042 peak=0.00000
[155/162] q0154 seam_v1 sigma=16 TV=0.02737 H=0.02580 peak=0.00000
[156/162] q0155 seam_v1 sigma=32 TV=0.01844 H=0.01629 peak=0.00000
[157/162] q0156 corner00 sigma=8 TV=0.06356 H=0.07467 peak=0.00000
[158/162] q0157 corner00 sigma=16 TV=0.02907 H=0.04124 peak=0.00000
[159/162] q0158 corner00 sigma=32 TV=0.01553 H=0.01696 peak=0.00000
[160/162] q0159 corner11 sigma=8 TV=0.04824 H=0.06191 peak=0.00000
[161/162] q0160 corner11 sigma=16 TV=0.02833 H=0.03663 peak=0.00000
[162/162] q0161 corner11 sigma=32 TV=0.01544 H=0.01682 peak=0.00000
Wrote C:\Users\sy415\workspace\pndf_qem_phase1\out_quality_local_guard_eps1e-9\metrics_sampled_pndf\brush_pnm_he_4d_ds4_v16384\metrics.csv
Wrote C:\Users\sy415\workspace\pndf_qem_phase1\out_quality_local_guard_eps1e-9\metrics_sampled_pndf\brush_pnm_he_4d_ds4_v16384\summary.txt
