[001/162] q0000 random00 sigma=8 TV=0.06259 H=0.12812 peak=0.03125
[002/162] q0001 random00 sigma=16 TV=0.06719 H=0.13018 peak=0.03125
[003/162] q0002 random00 sigma=32 TV=0.08322 H=0.13673 peak=0.03125
[004/162] q0003 random01 sigma=8 TV=0.17619 H=0.16401 peak=0.00000
[005/162] q0004 random01 sigma=16 TV=0.11925 H=0.14562 peak=0.00000
[006/162] q0005 random01 sigma=32 TV=0.09101 H=0.14316 peak=0.03125
[007/162] q0006 random02 sigma=8 TV=0.16671 H=0.18950 peak=0.00000
[008/162] q0007 random02 sigma=16 TV=0.11458 H=0.14398 peak=0.04419
[009/162] q0008 random02 sigma=32 TV=0.08057 H=0.12400 peak=0.04419
[010/162] q0009 random03 sigma=8 TV=0.11525 H=0.15418 peak=0.04419
[011/162] q0010 random03 sigma=16 TV=0.09441 H=0.12747 peak=0.04419
[012/162] q0011 random03 sigma=32 TV=0.08835 H=0.13126 peak=0.03125
[013/162] q0012 random04 sigma=8 TV=0.15950 H=0.17058 peak=0.03125
[014/162] q0013 random04 sigma=16 TV=0.11790 H=0.15747 peak=0.03125
[015/162] q0014 random04 sigma=32 TV=0.10120 H=0.14514 peak=0.03125
[016/162] q0015 random05 sigma=8 TV=0.10357 H=0.17384 peak=0.04419
[017/162] q0016 random05 sigma=16 TV=0.09987 H=0.16529 peak=0.03125
[018/162] q0017 random05 sigma=32 TV=0.08667 H=0.13662 peak=0.00000
[019/162] q0018 random06 sigma=8 TV=0.09836 H=0.11053 peak=0.00000
[020/162] q0019 random06 sigma=16 TV=0.07614 H=0.12379 peak=0.03125
[021/162] q0020 random06 sigma=32 TV=0.08209 H=0.12124 peak=0.03125
[022/162] q0021 random07 sigma=8 TV=0.06350 H=0.11931 peak=0.03125
[023/162] q0022 random07 sigma=16 TV=0.11272 H=0.14403 peak=0.04419
[024/162] q0023 random07 sigma=32 TV=0.11064 H=0.13789 peak=0.04419
[025/162] q0024 random08 sigma=8 TV=0.11731 H=0.16659 peak=0.04419
[026/162] q0025 random08 sigma=16 TV=0.08844 H=0.15657 peak=0.04419
[027/162] q0026 random08 sigma=32 TV=0.08967 H=0.14896 peak=0.00000
[028/162] q0027 random09 sigma=8 TV=0.12946 H=0.14390 peak=0.04419
[029/162] q0028 random09 sigma=16 TV=0.06605 H=0.10445 peak=0.00000
[030/162] q0029 random09 sigma=32 TV=0.05617 H=0.10233 peak=0.03125
[031/162] q0030 random10 sigma=8 TV=0.13393 H=0.18634 peak=0.00000
[032/162] q0031 random10 sigma=16 TV=0.05961 H=0.12595 peak=0.00000
[033/162] q0032 random10 sigma=32 TV=0.06155 H=0.10860 peak=0.03125
[034/162] q0033 random11 sigma=8 TV=0.11160 H=0.12309 peak=0.04419
[035/162] q0034 random11 sigma=16 TV=0.12553 H=0.14471 peak=0.04419
[036/162] q0035 random11 sigma=32 TV=0.11820 H=0.14212 peak=0.04419
[037/162] q0036 random12 sigma=8 TV=0.07710 H=0.12524 peak=0.04419
[038/162] q0037 random12 sigma=16 TV=0.04990 H=0.09954 peak=0.04419
[039/162] q0038 random12 sigma=32 TV=0.06137 H=0.11054 peak=0.00000
[040/162] q0039 random13 sigma=8 TV=0.12650 H=0.17177 peak=0.04419
[041/162] q0040 random13 sigma=16 TV=0.10072 H=0.15442 peak=0.04419
[042/162] q0041 random13 sigma=32 TV=0.09111 H=0.13867 peak=0.00000
[043/162] q0042 random14 sigma=8 TV=0.28070 H=0.24526 peak=0.03125
[044/162] q0043 random14 sigma=16 TV=0.17177 H=0.18386 peak=0.03125
[045/162] q0044 random14 sigma=32 TV=0.10902 H=0.14736 peak=0.03125
[046/162] q0045 random15 sigma=8 TV=0.14131 H=0.22679 peak=0.03125
[047/162] q0046 random15 sigma=16 TV=0.09020 H=0.16517 peak=0.04419
[048/162] q0047 random15 sigma=32 TV=0.07452 H=0.13667 peak=0.00000
[049/162] q0048 random16 sigma=8 TV=0.08411 H=0.14886 peak=0.00000
[050/162] q0049 random16 sigma=16 TV=0.08633 H=0.13277 peak=0.03125
[051/162] q0050 random16 sigma=32 TV=0.09458 H=0.12941 peak=0.04419
[052/162] q0051 random17 sigma=8 TV=0.09568 H=0.11652 peak=0.04419
[053/162] q0052 random17 sigma=16 TV=0.07779 H=0.10296 peak=0.04419
[054/162] q0053 random17 sigma=32 TV=0.05467 H=0.10360 peak=0.03125
[055/162] q0054 random18 sigma=8 TV=0.14788 H=0.14445 peak=0.04419
[056/162] q0055 random18 sigma=16 TV=0.08861 H=0.10826 peak=0.04419
[057/162] q0056 random18 sigma=32 TV=0.05410 H=0.10127 peak=0.03125
[058/162] q0057 random19 sigma=8 TV=0.08955 H=0.16234 peak=0.00000
[059/162] q0058 random19 sigma=16 TV=0.09466 H=0.14444 peak=0.04419
[060/162] q0059 random19 sigma=32 TV=0.09296 H=0.13280 peak=0.00000
[061/162] q0060 random20 sigma=8 TV=0.09732 H=0.16649 peak=0.03125
[062/162] q0061 random20 sigma=16 TV=0.07957 H=0.14290 peak=0.00000
[063/162] q0062 random20 sigma=32 TV=0.08358 H=0.14421 peak=0.00000
[064/162] q0063 random21 sigma=8 TV=0.15610 H=0.22368 peak=0.00000
[065/162] q0064 random21 sigma=16 TV=0.11603 H=0.17248 peak=0.00000
[066/162] q0065 random21 sigma=32 TV=0.08268 H=0.13027 peak=0.03125
[067/162] q0066 random22 sigma=8 TV=0.12479 H=0.20036 peak=0.04419
[068/162] q0067 random22 sigma=16 TV=0.08687 H=0.16337 peak=0.04419
[069/162] q0068 random22 sigma=32 TV=0.07281 H=0.13660 peak=0.00000
[070/162] q0069 random23 sigma=8 TV=0.13886 H=0.15938 peak=0.03125
[071/162] q0070 random23 sigma=16 TV=0.10565 H=0.14329 peak=0.03125
[072/162] q0071 random23 sigma=32 TV=0.09287 H=0.13417 peak=0.04419
[073/162] q0072 random24 sigma=8 TV=0.16752 H=0.20456 peak=0.03125
[074/162] q0073 random24 sigma=16 TV=0.16560 H=0.17915 peak=0.03125
[075/162] q0074 random24 sigma=32 TV=0.10988 H=0.14409 peak=0.03125
[076/162] q0075 random25 sigma=8 TV=0.12799 H=0.20185 peak=0.00000
[077/162] q0076 random25 sigma=16 TV=0.08607 H=0.15814 peak=0.00000
[078/162] q0077 random25 sigma=32 TV=0.08086 H=0.13347 peak=0.03125
[079/162] q0078 random26 sigma=8 TV=0.22007 H=0.20880 peak=0.04419
[080/162] q0079 random26 sigma=16 TV=0.17014 H=0.16722 peak=0.00000
[081/162] q0080 random26 sigma=32 TV=0.11996 H=0.14698 peak=0.00000
[082/162] q0081 random27 sigma=8 TV=0.09938 H=0.12172 peak=0.03125
[083/162] q0082 random27 sigma=16 TV=0.09898 H=0.11955 peak=0.03125
[084/162] q0083 random27 sigma=32 TV=0.07503 H=0.11097 peak=0.03125
[085/162] q0084 random28 sigma=8 TV=0.14586 H=0.17731 peak=0.04419
[086/162] q0085 random28 sigma=16 TV=0.14919 H=0.15539 peak=0.04419
[087/162] q0086 random28 sigma=32 TV=0.11711 H=0.14403 peak=0.00000
[088/162] q0087 random29 sigma=8 TV=0.07546 H=0.12844 peak=0.04419
[089/162] q0088 random29 sigma=16 TV=0.07583 H=0.12098 peak=0.04419
[090/162] q0089 random29 sigma=32 TV=0.08772 H=0.12529 peak=0.03125
[091/162] q0090 random30 sigma=8 TV=0.12436 H=0.14296 peak=0.00000
[092/162] q0091 random30 sigma=16 TV=0.08704 H=0.12329 peak=0.04419
[093/162] q0092 random30 sigma=32 TV=0.07413 H=0.11638 peak=0.04419
[094/162] q0093 random31 sigma=8 TV=0.08404 H=0.12828 peak=0.04419
[095/162] q0094 random31 sigma=16 TV=0.08272 H=0.12814 peak=0.04419
[096/162] q0095 random31 sigma=32 TV=0.08516 H=0.12512 peak=0.03125
[097/162] q0096 feature00 sigma=8 TV=0.23826 H=0.20738 peak=0.00000
[098/162] q0097 feature00 sigma=16 TV=0.17782 H=0.17526 peak=0.03125
[099/162] q0098 feature00 sigma=32 TV=0.11160 H=0.14547 peak=0.03125
[100/162] q0099 feature01 sigma=8 TV=0.13905 H=0.18845 peak=0.04419
[101/162] q0100 feature01 sigma=16 TV=0.10106 H=0.14634 peak=0.03125
[102/162] q0101 feature01 sigma=32 TV=0.08927 H=0.12996 peak=0.04419
[103/162] q0102 feature02 sigma=8 TV=0.22630 H=0.22463 peak=0.04419
[104/162] q0103 feature02 sigma=16 TV=0.16172 H=0.17469 peak=0.04419
[105/162] q0104 feature02 sigma=32 TV=0.10598 H=0.14009 peak=0.00000
[106/162] q0105 feature03 sigma=8 TV=0.14931 H=0.18853 peak=0.04419
[107/162] q0106 feature03 sigma=16 TV=0.10567 H=0.16723 peak=0.00000
[108/162] q0107 feature03 sigma=32 TV=0.10559 H=0.14805 peak=0.00000
[109/162] q0108 feature04 sigma=8 TV=0.12941 H=0.18901 peak=0.00000
[110/162] q0109 feature04 sigma=16 TV=0.11109 H=0.15826 peak=0.00000
[111/162] q0110 feature04 sigma=32 TV=0.08073 H=0.13356 peak=0.00000
[112/162] q0111 feature05 sigma=8 TV=0.15770 H=0.21168 peak=0.00000
[113/162] q0112 feature05 sigma=16 TV=0.09399 H=0.16767 peak=0.00000
[114/162] q0113 feature05 sigma=32 TV=0.08452 H=0.14945 peak=0.04419
[115/162] q0114 feature06 sigma=8 TV=0.29107 H=0.25616 peak=0.03125
[116/162] q0115 feature06 sigma=16 TV=0.16923 H=0.18472 peak=0.03125
[117/162] q0116 feature06 sigma=32 TV=0.10813 H=0.14712 peak=0.03125
[118/162] q0117 feature07 sigma=8 TV=0.20689 H=0.22839 peak=0.04419
[119/162] q0118 feature07 sigma=16 TV=0.18856 H=0.18578 peak=0.00000
[120/162] q0119 feature07 sigma=32 TV=0.13146 H=0.15415 peak=0.00000
[121/162] q0120 feature08 sigma=8 TV=0.11884 H=0.16221 peak=0.00000
[122/162] q0121 feature08 sigma=16 TV=0.13233 H=0.15014 peak=0.00000
[123/162] q0122 feature08 sigma=32 TV=0.11031 H=0.14212 peak=0.00000
[124/162] q0123 feature09 sigma=8 TV=0.15112 H=0.17077 peak=0.03125
[125/162] q0124 feature09 sigma=16 TV=0.10500 H=0.15864 peak=0.03125
[126/162] q0125 feature09 sigma=32 TV=0.08404 H=0.13486 peak=0.00000
[127/162] q0126 feature10 sigma=8 TV=0.12953 H=0.16100 peak=0.00000
[128/162] q0127 feature10 sigma=16 TV=0.10851 H=0.13583 peak=0.04419
[129/162] q0128 feature10 sigma=32 TV=0.09025 H=0.13170 peak=0.04419
[130/162] q0129 feature11 sigma=8 TV=0.16400 H=0.18508 peak=0.03125
[131/162] q0130 feature11 sigma=16 TV=0.08690 H=0.12853 peak=0.03125
[132/162] q0131 feature11 sigma=32 TV=0.07124 H=0.11287 peak=0.03125
[133/162] q0132 feature12 sigma=8 TV=0.16767 H=0.21697 peak=0.00000
[134/162] q0133 feature12 sigma=16 TV=0.11284 H=0.17699 peak=0.00000
[135/162] q0134 feature12 sigma=32 TV=0.11114 H=0.15267 peak=0.00000
[136/162] q0135 feature13 sigma=8 TV=0.13233 H=0.14851 peak=0.00000
[137/162] q0136 feature13 sigma=16 TV=0.10939 H=0.13272 peak=0.00000
[138/162] q0137 feature13 sigma=32 TV=0.09373 H=0.13459 peak=0.04419
[139/162] q0138 feature14 sigma=8 TV=0.14010 H=0.16558 peak=0.03125
[140/162] q0139 feature14 sigma=16 TV=0.11701 H=0.14687 peak=0.04419
[141/162] q0140 feature14 sigma=32 TV=0.07961 H=0.12462 peak=0.04419
[142/162] q0141 feature15 sigma=8 TV=0.13871 H=0.22302 peak=0.04419
[143/162] q0142 feature15 sigma=16 TV=0.08935 H=0.16458 peak=0.04419
[144/162] q0143 feature15 sigma=32 TV=0.07392 H=0.13629 peak=0.00000
[145/162] q0144 seam_u0 sigma=8 TV=0.11332 H=0.12021 peak=0.04419
[146/162] q0145 seam_u0 sigma=16 TV=0.04050 H=0.10253 peak=0.00000
[147/162] q0146 seam_u0 sigma=32 TV=0.06741 H=0.12219 peak=0.00000
[148/162] q0147 seam_u1 sigma=8 TV=0.14450 H=0.11406 peak=0.03125
[149/162] q0148 seam_u1 sigma=16 TV=0.04295 H=0.10206 peak=0.00000
[150/162] q0149 seam_u1 sigma=32 TV=0.06527 H=0.12142 peak=0.00000
[151/162] q0150 seam_v0 sigma=8 TV=0.15763 H=0.18561 peak=0.03125
[152/162] q0151 seam_v0 sigma=16 TV=0.09557 H=0.13403 peak=0.03125
[153/162] q0152 seam_v0 sigma=32 TV=0.10210 H=0.13096 peak=0.04419
[154/162] q0153 seam_v1 sigma=8 TV=0.19819 H=0.18996 peak=0.03125
[155/162] q0154 seam_v1 sigma=16 TV=0.10957 H=0.13254 peak=0.03125
[156/162] q0155 seam_v1 sigma=32 TV=0.10146 H=0.12882 peak=0.04419
[157/162] q0156 corner00 sigma=8 TV=0.12824 H=0.13150 peak=0.04419
[158/162] q0157 corner00 sigma=16 TV=0.07414 H=0.11895 peak=0.03125
[159/162] q0158 corner00 sigma=32 TV=0.07138 H=0.12059 peak=0.00000
[160/162] q0159 corner11 sigma=8 TV=0.16068 H=0.14110 peak=0.03125
[161/162] q0160 corner11 sigma=16 TV=0.07859 H=0.12555 peak=0.00000
[162/162] q0161 corner11 sigma=32 TV=0.07095 H=0.12087 peak=0.00000
Wrote C:\Users\sy415\workspace\pndf_qem_phase1\out_quality_local_guard_eps1e-9\metrics_sampled_pndf\scratched_qem_normal_ds4_v8192\metrics.csv
Wrote C:\Users\sy415\workspace\pndf_qem_phase1\out_quality_local_guard_eps1e-9\metrics_sampled_pndf\scratched_qem_normal_ds4_v8192\summary.txt
