[001/162] q0000 random00 sigma=8 TV=0.39833 H=0.38872 peak=0.00000
[002/162] q0001 random00 sigma=16 TV=0.37111 H=0.33785 peak=0.03125
[003/162] q0002 random00 sigma=32 TV=0.36088 H=0.31846 peak=0.03125
[004/162] q0003 random01 sigma=8 TV=0.42794 H=0.40207 peak=0.03125
[005/162] q0004 random01 sigma=16 TV=0.37869 H=0.34354 peak=0.04419
[006/162] q0005 random01 sigma=32 TV=0.36758 H=0.32442 peak=0.03125
[007/162] q0006 random02 sigma=8 TV=0.35592 H=0.36075 peak=0.03125
[008/162] q0007 random02 sigma=16 TV=0.34503 H=0.33127 peak=0.00000
[009/162] q0008 random02 sigma=32 TV=0.35866 H=0.32208 peak=0.03125
[010/162] q0009 random03 sigma=8 TV=0.37734 H=0.37891 peak=0.03125
[011/162] q0010 random03 sigma=16 TV=0.37151 H=0.34425 peak=0.03125
[012/162] q0011 random03 sigma=32 TV=0.36736 H=0.32592 peak=0.00000
[013/162] q0012 random04 sigma=8 TV=0.37971 H=0.37328 peak=0.03125
[014/162] q0013 random04 sigma=16 TV=0.36881 H=0.33750 peak=0.04419
[015/162] q0014 random04 sigma=32 TV=0.36626 H=0.32341 peak=0.03125
[016/162] q0015 random05 sigma=8 TV=0.36728 H=0.35756 peak=0.03125
[017/162] q0016 random05 sigma=16 TV=0.36181 H=0.32767 peak=0.04419
[018/162] q0017 random05 sigma=32 TV=0.36577 H=0.32046 peak=0.03125
[019/162] q0018 random06 sigma=8 TV=0.40679 H=0.37348 peak=0.03125
[020/162] q0019 random06 sigma=16 TV=0.36114 H=0.32522 peak=0.00000
[021/162] q0020 random06 sigma=32 TV=0.35197 H=0.31382 peak=0.03125
[022/162] q0021 random07 sigma=8 TV=0.35796 H=0.36726 peak=0.03125
[023/162] q0022 random07 sigma=16 TV=0.34127 H=0.33085 peak=0.03125
[024/162] q0023 random07 sigma=32 TV=0.34686 H=0.31244 peak=0.03125
[025/162] q0024 random08 sigma=8 TV=0.36424 H=0.36404 peak=0.03125
[026/162] q0025 random08 sigma=16 TV=0.35850 H=0.33435 peak=0.03125
[027/162] q0026 random08 sigma=32 TV=0.36276 H=0.32245 peak=0.03125
[028/162] q0027 random09 sigma=8 TV=0.35916 H=0.36775 peak=0.03125
[029/162] q0028 random09 sigma=16 TV=0.35914 H=0.33780 peak=0.00000
[030/162] q0029 random09 sigma=32 TV=0.36159 H=0.32178 peak=0.04419
[031/162] q0030 random10 sigma=8 TV=0.35792 H=0.34800 peak=0.00000
[032/162] q0031 random10 sigma=16 TV=0.34671 H=0.31944 peak=0.04419
[033/162] q0032 random10 sigma=32 TV=0.35067 H=0.31026 peak=0.03125
[034/162] q0033 random11 sigma=8 TV=0.36514 H=0.36659 peak=0.04419
[035/162] q0034 random11 sigma=16 TV=0.34430 H=0.33054 peak=0.04419
[036/162] q0035 random11 sigma=32 TV=0.34648 H=0.31157 peak=0.03125
[037/162] q0036 random12 sigma=8 TV=0.41393 H=0.38844 peak=0.03125
[038/162] q0037 random12 sigma=16 TV=0.37931 H=0.34446 peak=0.03125
[039/162] q0038 random12 sigma=32 TV=0.36340 H=0.32388 peak=0.03125
[040/162] q0039 random13 sigma=8 TV=0.38044 H=0.36492 peak=0.00000
[041/162] q0040 random13 sigma=16 TV=0.37206 H=0.33693 peak=0.00000
[042/162] q0041 random13 sigma=32 TV=0.36736 H=0.32214 peak=0.00000
[043/162] q0042 random14 sigma=8 TV=0.33956 H=0.34778 peak=0.03125
[044/162] q0043 random14 sigma=16 TV=0.35772 H=0.33032 peak=0.04419
[045/162] q0044 random14 sigma=32 TV=0.36483 H=0.32265 peak=0.03125
[046/162] q0045 random15 sigma=8 TV=0.38438 H=0.38338 peak=0.04419
[047/162] q0046 random15 sigma=16 TV=0.36169 H=0.33651 peak=0.03125
[048/162] q0047 random15 sigma=32 TV=0.35588 H=0.31650 peak=0.03125
[049/162] q0048 random16 sigma=8 TV=0.38651 H=0.36967 peak=0.00000
[050/162] q0049 random16 sigma=16 TV=0.35659 H=0.33111 peak=0.03125
[051/162] q0050 random16 sigma=32 TV=0.35777 H=0.32169 peak=0.03125
[052/162] q0051 random17 sigma=8 TV=0.39898 H=0.39081 peak=0.04419
[053/162] q0052 random17 sigma=16 TV=0.36571 H=0.33801 peak=0.04419
[054/162] q0053 random17 sigma=32 TV=0.36093 H=0.32246 peak=0.03125
[055/162] q0054 random18 sigma=8 TV=0.41335 H=0.39908 peak=0.00000
[056/162] q0055 random18 sigma=16 TV=0.36464 H=0.33860 peak=0.04419
[057/162] q0056 random18 sigma=32 TV=0.36156 H=0.32233 peak=0.04419
[058/162] q0057 random19 sigma=8 TV=0.32964 H=0.33221 peak=0.03125
[059/162] q0058 random19 sigma=16 TV=0.34720 H=0.31944 peak=0.03125
[060/162] q0059 random19 sigma=32 TV=0.35943 H=0.31784 peak=0.03125
[061/162] q0060 random20 sigma=8 TV=0.40121 H=0.38727 peak=0.00000
[062/162] q0061 random20 sigma=16 TV=0.38062 H=0.34732 peak=0.03125
[063/162] q0062 random20 sigma=32 TV=0.36582 H=0.32378 peak=0.03125
[064/162] q0063 random21 sigma=8 TV=0.39780 H=0.39236 peak=0.00000
[065/162] q0064 random21 sigma=16 TV=0.37807 H=0.35178 peak=0.00000
[066/162] q0065 random21 sigma=32 TV=0.36322 H=0.32508 peak=0.03125
[067/162] q0066 random22 sigma=8 TV=0.36724 H=0.36779 peak=0.04419
[068/162] q0067 random22 sigma=16 TV=0.34926 H=0.32874 peak=0.03125
[069/162] q0068 random22 sigma=32 TV=0.35292 H=0.31465 peak=0.03125
[070/162] q0069 random23 sigma=8 TV=0.40183 H=0.39032 peak=0.04419
[071/162] q0070 random23 sigma=16 TV=0.38455 H=0.34809 peak=0.04419
[072/162] q0071 random23 sigma=32 TV=0.37275 H=0.32714 peak=0.04419
[073/162] q0072 random24 sigma=8 TV=0.38003 H=0.36464 peak=0.00000
[074/162] q0073 random24 sigma=16 TV=0.35982 H=0.32659 peak=0.03125
[075/162] q0074 random24 sigma=32 TV=0.36147 H=0.32127 peak=0.04419
[076/162] q0075 random25 sigma=8 TV=0.39179 H=0.38429 peak=0.03125
[077/162] q0076 random25 sigma=16 TV=0.37034 H=0.33781 peak=0.03125
[078/162] q0077 random25 sigma=32 TV=0.36459 H=0.32166 peak=0.03125
[079/162] q0078 random26 sigma=8 TV=0.38635 H=0.36641 peak=0.03125
[080/162] q0079 random26 sigma=16 TV=0.37322 H=0.33814 peak=0.03125
[081/162] q0080 random26 sigma=32 TV=0.36763 H=0.32452 peak=0.03125
[082/162] q0081 random27 sigma=8 TV=0.32408 H=0.32162 peak=0.00000
[083/162] q0082 random27 sigma=16 TV=0.32359 H=0.29973 peak=0.00000
[084/162] q0083 random27 sigma=32 TV=0.34365 H=0.30430 peak=0.00000
[085/162] q0084 random28 sigma=8 TV=0.41367 H=0.39692 peak=0.03125
[086/162] q0085 random28 sigma=16 TV=0.38125 H=0.34752 peak=0.00000
[087/162] q0086 random28 sigma=32 TV=0.36711 H=0.32279 peak=0.00000
[088/162] q0087 random29 sigma=8 TV=0.34808 H=0.34711 peak=0.03125
[089/162] q0088 random29 sigma=16 TV=0.34743 H=0.32465 peak=0.03125
[090/162] q0089 random29 sigma=32 TV=0.35226 H=0.31685 peak=0.03125
[091/162] q0090 random30 sigma=8 TV=0.39363 H=0.38089 peak=0.03125
[092/162] q0091 random30 sigma=16 TV=0.37071 H=0.33890 peak=0.04419
[093/162] q0092 random30 sigma=32 TV=0.36744 H=0.32415 peak=0.04419
[094/162] q0093 random31 sigma=8 TV=0.37984 H=0.36175 peak=0.03125
[095/162] q0094 random31 sigma=16 TV=0.36494 H=0.33049 peak=0.03125
[096/162] q0095 random31 sigma=32 TV=0.35399 H=0.31709 peak=0.03125
[097/162] q0096 feature00 sigma=8 TV=0.39400 H=0.38585 peak=0.03125
[098/162] q0097 feature00 sigma=16 TV=0.36077 H=0.34065 peak=0.00000
[099/162] q0098 feature00 sigma=32 TV=0.36223 H=0.32196 peak=0.04419
[100/162] q0099 feature01 sigma=8 TV=0.38286 H=0.37572 peak=0.03125
[101/162] q0100 feature01 sigma=16 TV=0.34740 H=0.32968 peak=0.04419
[102/162] q0101 feature01 sigma=32 TV=0.35764 H=0.32141 peak=0.03125
[103/162] q0102 feature02 sigma=8 TV=0.36048 H=0.36764 peak=0.00000
[104/162] q0103 feature02 sigma=16 TV=0.36398 H=0.33854 peak=0.03125
[105/162] q0104 feature02 sigma=32 TV=0.36701 H=0.32423 peak=0.04419
[106/162] q0105 feature03 sigma=8 TV=0.37134 H=0.37572 peak=0.00000
[107/162] q0106 feature03 sigma=16 TV=0.35686 H=0.33342 peak=0.04419
[108/162] q0107 feature03 sigma=32 TV=0.36656 H=0.32343 peak=0.04419
[109/162] q0108 feature04 sigma=8 TV=0.31858 H=0.32890 peak=0.03125
[110/162] q0109 feature04 sigma=16 TV=0.34967 H=0.32092 peak=0.03125
[111/162] q0110 feature04 sigma=32 TV=0.35438 H=0.31437 peak=0.04419
[112/162] q0111 feature05 sigma=8 TV=0.41004 H=0.39700 peak=0.04419
[113/162] q0112 feature05 sigma=16 TV=0.36599 H=0.34314 peak=0.00000
[114/162] q0113 feature05 sigma=32 TV=0.36198 H=0.32450 peak=0.03125
[115/162] q0114 feature06 sigma=8 TV=0.35779 H=0.35389 peak=0.03125
[116/162] q0115 feature06 sigma=16 TV=0.33965 H=0.32462 peak=0.03125
[117/162] q0116 feature06 sigma=32 TV=0.34758 H=0.31325 peak=0.03125
[118/162] q0117 feature07 sigma=8 TV=0.38961 H=0.38159 peak=0.04419
[119/162] q0118 feature07 sigma=16 TV=0.36832 H=0.33804 peak=0.00000
[120/162] q0119 feature07 sigma=32 TV=0.35872 H=0.31822 peak=0.03125
[121/162] q0120 feature08 sigma=8 TV=0.38538 H=0.38812 peak=0.00000
[122/162] q0121 feature08 sigma=16 TV=0.38383 H=0.35009 peak=0.00000
[123/162] q0122 feature08 sigma=32 TV=0.37005 H=0.32842 peak=0.00000
[124/162] q0123 feature09 sigma=8 TV=0.41606 H=0.40095 peak=0.03125
[125/162] q0124 feature09 sigma=16 TV=0.37302 H=0.33963 peak=0.03125
[126/162] q0125 feature09 sigma=32 TV=0.36432 H=0.32335 peak=0.03125
[127/162] q0126 feature10 sigma=8 TV=0.37844 H=0.37967 peak=0.00000
[128/162] q0127 feature10 sigma=16 TV=0.36803 H=0.33698 peak=0.03125
[129/162] q0128 feature10 sigma=32 TV=0.36294 H=0.32307 peak=0.03125
[130/162] q0129 feature11 sigma=8 TV=0.40326 H=0.40431 peak=0.03125
[131/162] q0130 feature11 sigma=16 TV=0.36318 H=0.34015 peak=0.03125
[132/162] q0131 feature11 sigma=32 TV=0.36329 H=0.32269 peak=0.03125
[133/162] q0132 feature12 sigma=8 TV=0.33791 H=0.36228 peak=0.00000
[134/162] q0133 feature12 sigma=16 TV=0.34522 H=0.31966 peak=0.00000
[135/162] q0134 feature12 sigma=32 TV=0.34687 H=0.30908 peak=0.03125
[136/162] q0135 feature13 sigma=8 TV=0.37133 H=0.37689 peak=0.04419
[137/162] q0136 feature13 sigma=16 TV=0.35840 H=0.33458 peak=0.00000
[138/162] q0137 feature13 sigma=32 TV=0.35873 H=0.31804 peak=0.00000
[139/162] q0138 feature14 sigma=8 TV=0.40788 H=0.37873 peak=0.03125
[140/162] q0139 feature14 sigma=16 TV=0.38539 H=0.35126 peak=0.03125
[141/162] q0140 feature14 sigma=32 TV=0.37250 H=0.33008 peak=0.00000
[142/162] q0141 feature15 sigma=8 TV=0.38593 H=0.38527 peak=0.04419
[143/162] q0142 feature15 sigma=16 TV=0.36618 H=0.33878 peak=0.04419
[144/162] q0143 feature15 sigma=32 TV=0.36140 H=0.32220 peak=0.04419
[145/162] q0144 seam_u0 sigma=8 TV=0.35103 H=0.36087 peak=0.03125
[146/162] q0145 seam_u0 sigma=16 TV=0.35397 H=0.32230 peak=0.03125
[147/162] q0146 seam_u0 sigma=32 TV=0.35443 H=0.31347 peak=0.03125
[148/162] q0147 seam_u1 sigma=8 TV=0.37610 H=0.37392 peak=0.03125
[149/162] q0148 seam_u1 sigma=16 TV=0.35558 H=0.32405 peak=0.04419
[150/162] q0149 seam_u1 sigma=32 TV=0.35356 H=0.31282 peak=0.03125
[151/162] q0150 seam_v0 sigma=8 TV=0.42954 H=0.39140 peak=0.04419
[152/162] q0151 seam_v0 sigma=16 TV=0.38592 H=0.34833 peak=0.04419
[153/162] q0152 seam_v0 sigma=32 TV=0.36954 H=0.32788 peak=0.00000
[154/162] q0153 seam_v1 sigma=8 TV=0.42151 H=0.39246 peak=0.03125
[155/162] q0154 seam_v1 sigma=16 TV=0.38942 H=0.35020 peak=0.04419
[156/162] q0155 seam_v1 sigma=32 TV=0.37075 H=0.32881 peak=0.00000
[157/162] q0156 corner00 sigma=8 TV=0.40956 H=0.39355 peak=0.03125
[158/162] q0157 corner00 sigma=16 TV=0.38640 H=0.34928 peak=0.03125
[159/162] q0158 corner00 sigma=32 TV=0.36555 H=0.32601 peak=0.03125
[160/162] q0159 corner11 sigma=8 TV=0.43040 H=0.40282 peak=0.03125
[161/162] q0160 corner11 sigma=16 TV=0.38969 H=0.35196 peak=0.03125
[162/162] q0161 corner11 sigma=32 TV=0.36515 H=0.32546 peak=0.03125
Wrote C:\Users\sy415\workspace\pndf_qem_phase1\out_quality_local_guard_eps1e-9\metrics_sampled_pndf\isotropic_pnm_he_4d_ds4_v8192\metrics.csv
Wrote C:\Users\sy415\workspace\pndf_qem_phase1\out_quality_local_guard_eps1e-9\metrics_sampled_pndf\isotropic_pnm_he_4d_ds4_v8192\summary.txt
