[001/162] q0000 random00 sigma=8 TV=0.14255 H=0.18257 peak=0.03125
[002/162] q0001 random00 sigma=16 TV=0.10627 H=0.17969 peak=0.00000
[003/162] q0002 random00 sigma=32 TV=0.09190 H=0.18928 peak=0.00000
[004/162] q0003 random01 sigma=8 TV=0.29456 H=0.27616 peak=0.00000
[005/162] q0004 random01 sigma=16 TV=0.18185 H=0.21725 peak=0.00000
[006/162] q0005 random01 sigma=32 TV=0.11230 H=0.19985 peak=0.00000
[007/162] q0006 random02 sigma=8 TV=0.19171 H=0.22780 peak=0.04419
[008/162] q0007 random02 sigma=16 TV=0.12983 H=0.19406 peak=0.04419
[009/162] q0008 random02 sigma=32 TV=0.11909 H=0.18502 peak=0.04419
[010/162] q0009 random03 sigma=8 TV=0.20265 H=0.22847 peak=0.04419
[011/162] q0010 random03 sigma=16 TV=0.14088 H=0.20064 peak=0.04419
[012/162] q0011 random03 sigma=32 TV=0.11684 H=0.20322 peak=0.04419
[013/162] q0012 random04 sigma=8 TV=0.27871 H=0.26958 peak=0.04419
[014/162] q0013 random04 sigma=16 TV=0.15521 H=0.21932 peak=0.04419
[015/162] q0014 random04 sigma=32 TV=0.10052 H=0.19816 peak=0.00000
[016/162] q0015 random05 sigma=8 TV=0.14842 H=0.22943 peak=0.03125
[017/162] q0016 random05 sigma=16 TV=0.14462 H=0.21524 peak=0.03125
[018/162] q0017 random05 sigma=32 TV=0.13093 H=0.19833 peak=0.04419
[019/162] q0018 random06 sigma=8 TV=0.13439 H=0.17388 peak=0.00000
[020/162] q0019 random06 sigma=16 TV=0.14564 H=0.20336 peak=0.03125
[021/162] q0020 random06 sigma=32 TV=0.16058 H=0.19754 peak=0.03125
[022/162] q0021 random07 sigma=8 TV=0.15422 H=0.17601 peak=0.03125
[023/162] q0022 random07 sigma=16 TV=0.14223 H=0.19275 peak=0.04419
[024/162] q0023 random07 sigma=32 TV=0.16507 H=0.19414 peak=0.04419
[025/162] q0024 random08 sigma=8 TV=0.19549 H=0.22715 peak=0.04419
[026/162] q0025 random08 sigma=16 TV=0.17123 H=0.21906 peak=0.04419
[027/162] q0026 random08 sigma=32 TV=0.17466 H=0.21596 peak=0.00000
[028/162] q0027 random09 sigma=8 TV=0.18550 H=0.20064 peak=0.00000
[029/162] q0028 random09 sigma=16 TV=0.12816 H=0.17441 peak=0.04419
[030/162] q0029 random09 sigma=32 TV=0.11026 H=0.16640 peak=0.03125
[031/162] q0030 random10 sigma=8 TV=0.16303 H=0.20857 peak=0.00000
[032/162] q0031 random10 sigma=16 TV=0.10522 H=0.17916 peak=0.03125
[033/162] q0032 random10 sigma=32 TV=0.11253 H=0.17469 peak=0.03125
[034/162] q0033 random11 sigma=8 TV=0.21303 H=0.18758 peak=0.03125
[035/162] q0034 random11 sigma=16 TV=0.13865 H=0.18355 peak=0.04419
[036/162] q0035 random11 sigma=32 TV=0.16979 H=0.19551 peak=0.04419
[037/162] q0036 random12 sigma=8 TV=0.14511 H=0.17894 peak=0.04419
[038/162] q0037 random12 sigma=16 TV=0.08010 H=0.14570 peak=0.04419
[039/162] q0038 random12 sigma=32 TV=0.09240 H=0.16936 peak=0.03125
[040/162] q0039 random13 sigma=8 TV=0.13230 H=0.21080 peak=0.00000
[041/162] q0040 random13 sigma=16 TV=0.15031 H=0.20791 peak=0.00000
[042/162] q0041 random13 sigma=32 TV=0.14786 H=0.20431 peak=0.04419
[043/162] q0042 random14 sigma=8 TV=0.25834 H=0.31084 peak=0.03125
[044/162] q0043 random14 sigma=16 TV=0.12647 H=0.22810 peak=0.03125
[045/162] q0044 random14 sigma=32 TV=0.10142 H=0.19805 peak=0.04419
[046/162] q0045 random15 sigma=8 TV=0.23818 H=0.27638 peak=0.04419
[047/162] q0046 random15 sigma=16 TV=0.17271 H=0.22176 peak=0.04419
[048/162] q0047 random15 sigma=32 TV=0.14493 H=0.19654 peak=0.00000
[049/162] q0048 random16 sigma=8 TV=0.18804 H=0.22659 peak=0.03125
[050/162] q0049 random16 sigma=16 TV=0.18714 H=0.21764 peak=0.03125
[051/162] q0050 random16 sigma=32 TV=0.17655 H=0.20549 peak=0.04419
[052/162] q0051 random17 sigma=8 TV=0.15430 H=0.19556 peak=0.04419
[053/162] q0052 random17 sigma=16 TV=0.13704 H=0.17653 peak=0.04419
[054/162] q0053 random17 sigma=32 TV=0.09509 H=0.16247 peak=0.03125
[055/162] q0054 random18 sigma=8 TV=0.23223 H=0.23028 peak=0.04419
[056/162] q0055 random18 sigma=16 TV=0.17181 H=0.18494 peak=0.03125
[057/162] q0056 random18 sigma=32 TV=0.10678 H=0.16271 peak=0.03125
[058/162] q0057 random19 sigma=8 TV=0.15500 H=0.23165 peak=0.00000
[059/162] q0058 random19 sigma=16 TV=0.09991 H=0.20719 peak=0.00000
[060/162] q0059 random19 sigma=32 TV=0.09690 H=0.19109 peak=0.00000
[061/162] q0060 random20 sigma=8 TV=0.14384 H=0.19604 peak=0.04419
[062/162] q0061 random20 sigma=16 TV=0.14777 H=0.20457 peak=0.00000
[063/162] q0062 random20 sigma=32 TV=0.14762 H=0.20790 peak=0.00000
[064/162] q0063 random21 sigma=8 TV=0.25059 H=0.31905 peak=0.03125
[065/162] q0064 random21 sigma=16 TV=0.17578 H=0.25321 peak=0.03125
[066/162] q0065 random21 sigma=32 TV=0.14408 H=0.20391 peak=0.03125
[067/162] q0066 random22 sigma=8 TV=0.26776 H=0.26752 peak=0.04419
[068/162] q0067 random22 sigma=16 TV=0.17385 H=0.22100 peak=0.04419
[069/162] q0068 random22 sigma=32 TV=0.15306 H=0.19666 peak=0.00000
[070/162] q0069 random23 sigma=8 TV=0.20582 H=0.21995 peak=0.03125
[071/162] q0070 random23 sigma=16 TV=0.17042 H=0.21673 peak=0.03125
[072/162] q0071 random23 sigma=32 TV=0.14405 H=0.20956 peak=0.04419
[073/162] q0072 random24 sigma=8 TV=0.16821 H=0.22113 peak=0.04419
[074/162] q0073 random24 sigma=16 TV=0.12951 H=0.21124 peak=0.03125
[075/162] q0074 random24 sigma=32 TV=0.09960 H=0.19593 peak=0.03125
[076/162] q0075 random25 sigma=8 TV=0.12196 H=0.24885 peak=0.00000
[077/162] q0076 random25 sigma=16 TV=0.13515 H=0.20938 peak=0.03125
[078/162] q0077 random25 sigma=32 TV=0.13220 H=0.18825 peak=0.03125
[079/162] q0078 random26 sigma=8 TV=0.19247 H=0.23519 peak=0.04419
[080/162] q0079 random26 sigma=16 TV=0.21067 H=0.23635 peak=0.04419
[081/162] q0080 random26 sigma=32 TV=0.19125 H=0.22198 peak=0.04419
[082/162] q0081 random27 sigma=8 TV=0.20293 H=0.22249 peak=0.03125
[083/162] q0082 random27 sigma=16 TV=0.20448 H=0.21020 peak=0.03125
[084/162] q0083 random27 sigma=32 TV=0.15883 H=0.18332 peak=0.03125
[085/162] q0084 random28 sigma=8 TV=0.17276 H=0.21927 peak=0.04419
[086/162] q0085 random28 sigma=16 TV=0.17495 H=0.20766 peak=0.04419
[087/162] q0086 random28 sigma=32 TV=0.17297 H=0.21015 peak=0.04419
[088/162] q0087 random29 sigma=8 TV=0.09764 H=0.19861 peak=0.00000
[089/162] q0088 random29 sigma=16 TV=0.12250 H=0.19588 peak=0.03125
[090/162] q0089 random29 sigma=32 TV=0.16640 H=0.19975 peak=0.03125
[091/162] q0090 random30 sigma=8 TV=0.15641 H=0.21253 peak=0.04419
[092/162] q0091 random30 sigma=16 TV=0.12641 H=0.20141 peak=0.00000
[093/162] q0092 random30 sigma=32 TV=0.10203 H=0.18472 peak=0.03125
[094/162] q0093 random31 sigma=8 TV=0.14218 H=0.19641 peak=0.03125
[095/162] q0094 random31 sigma=16 TV=0.13847 H=0.20891 peak=0.03125
[096/162] q0095 random31 sigma=32 TV=0.16413 H=0.20205 peak=0.03125
[097/162] q0096 feature00 sigma=8 TV=0.22733 H=0.26316 peak=0.00000
[098/162] q0097 feature00 sigma=16 TV=0.13221 H=0.21639 peak=0.03125
[099/162] q0098 feature00 sigma=32 TV=0.10112 H=0.19674 peak=0.03125
[100/162] q0099 feature01 sigma=8 TV=0.18768 H=0.27454 peak=0.03125
[101/162] q0100 feature01 sigma=16 TV=0.17372 H=0.23227 peak=0.03125
[102/162] q0101 feature01 sigma=32 TV=0.17068 H=0.20723 peak=0.04419
[103/162] q0102 feature02 sigma=8 TV=0.30008 H=0.30887 peak=0.04419
[104/162] q0103 feature02 sigma=16 TV=0.16165 H=0.23295 peak=0.04419
[105/162] q0104 feature02 sigma=32 TV=0.10328 H=0.19799 peak=0.00000
[106/162] q0105 feature03 sigma=8 TV=0.26435 H=0.28568 peak=0.00000
[107/162] q0106 feature03 sigma=16 TV=0.19637 H=0.23458 peak=0.00000
[108/162] q0107 feature03 sigma=32 TV=0.19278 H=0.21587 peak=0.00000
[109/162] q0108 feature04 sigma=8 TV=0.14455 H=0.24373 peak=0.00000
[110/162] q0109 feature04 sigma=16 TV=0.11292 H=0.21219 peak=0.00000
[111/162] q0110 feature04 sigma=32 TV=0.09788 H=0.19468 peak=0.03125
[112/162] q0111 feature05 sigma=8 TV=0.15065 H=0.27278 peak=0.03125
[113/162] q0112 feature05 sigma=16 TV=0.15687 H=0.23073 peak=0.03125
[114/162] q0113 feature05 sigma=32 TV=0.16814 H=0.21348 peak=0.00000
[115/162] q0114 feature06 sigma=8 TV=0.26011 H=0.31372 peak=0.03125
[116/162] q0115 feature06 sigma=16 TV=0.12812 H=0.22964 peak=0.03125
[117/162] q0116 feature06 sigma=32 TV=0.10144 H=0.19835 peak=0.00000
[118/162] q0117 feature07 sigma=8 TV=0.25772 H=0.27107 peak=0.04419
[119/162] q0118 feature07 sigma=16 TV=0.21896 H=0.23476 peak=0.04419
[120/162] q0119 feature07 sigma=32 TV=0.19347 H=0.21974 peak=0.04419
[121/162] q0120 feature08 sigma=8 TV=0.15408 H=0.20611 peak=0.00000
[122/162] q0121 feature08 sigma=16 TV=0.16605 H=0.20470 peak=0.00000
[123/162] q0122 feature08 sigma=32 TV=0.16623 H=0.20806 peak=0.04419
[124/162] q0123 feature09 sigma=8 TV=0.13939 H=0.24987 peak=0.00000
[125/162] q0124 feature09 sigma=16 TV=0.13820 H=0.23653 peak=0.00000
[126/162] q0125 feature09 sigma=32 TV=0.13607 H=0.20557 peak=0.00000
[127/162] q0126 feature10 sigma=8 TV=0.26175 H=0.29533 peak=0.00000
[128/162] q0127 feature10 sigma=16 TV=0.20719 H=0.24081 peak=0.00000
[129/162] q0128 feature10 sigma=32 TV=0.14287 H=0.20887 peak=0.04419
[130/162] q0129 feature11 sigma=8 TV=0.31386 H=0.31088 peak=0.03125
[131/162] q0130 feature11 sigma=16 TV=0.21829 H=0.22321 peak=0.03125
[132/162] q0131 feature11 sigma=32 TV=0.15818 H=0.18658 peak=0.03125
[133/162] q0132 feature12 sigma=8 TV=0.26112 H=0.30055 peak=0.00000
[134/162] q0133 feature12 sigma=16 TV=0.22232 H=0.25160 peak=0.00000
[135/162] q0134 feature12 sigma=32 TV=0.19530 H=0.22338 peak=0.00000
[136/162] q0135 feature13 sigma=8 TV=0.24736 H=0.25656 peak=0.00000
[137/162] q0136 feature13 sigma=16 TV=0.19877 H=0.22225 peak=0.00000
[138/162] q0137 feature13 sigma=32 TV=0.15715 H=0.21297 peak=0.04419
[139/162] q0138 feature14 sigma=8 TV=0.15554 H=0.23798 peak=0.03125
[140/162] q0139 feature14 sigma=16 TV=0.13373 H=0.22049 peak=0.04419
[141/162] q0140 feature14 sigma=32 TV=0.10965 H=0.19639 peak=0.04419
[142/162] q0141 feature15 sigma=8 TV=0.24389 H=0.27541 peak=0.04419
[143/162] q0142 feature15 sigma=16 TV=0.17173 H=0.22092 peak=0.04419
[144/162] q0143 feature15 sigma=32 TV=0.14570 H=0.19615 peak=0.00000
[145/162] q0144 seam_u0 sigma=8 TV=0.21834 H=0.20048 peak=0.04419
[146/162] q0145 seam_u0 sigma=16 TV=0.07249 H=0.14711 peak=0.03125
[147/162] q0146 seam_u0 sigma=32 TV=0.08211 H=0.17653 peak=0.03125
[148/162] q0147 seam_u1 sigma=8 TV=0.22405 H=0.18568 peak=0.04419
[149/162] q0148 seam_u1 sigma=16 TV=0.07023 H=0.14147 peak=0.03125
[150/162] q0149 seam_u1 sigma=32 TV=0.08459 H=0.17527 peak=0.03125
[151/162] q0150 seam_v0 sigma=8 TV=0.24280 H=0.25399 peak=0.03125
[152/162] q0151 seam_v0 sigma=16 TV=0.16531 H=0.18586 peak=0.03125
[153/162] q0152 seam_v0 sigma=32 TV=0.16636 H=0.18903 peak=0.04419
[154/162] q0153 seam_v1 sigma=8 TV=0.29824 H=0.27049 peak=0.03125
[155/162] q0154 seam_v1 sigma=16 TV=0.17089 H=0.18406 peak=0.03125
[156/162] q0155 seam_v1 sigma=32 TV=0.16225 H=0.18600 peak=0.04419
[157/162] q0156 corner00 sigma=8 TV=0.08846 H=0.13241 peak=0.03125
[158/162] q0157 corner00 sigma=16 TV=0.06663 H=0.15566 peak=0.00000
[159/162] q0158 corner00 sigma=32 TV=0.08863 H=0.17948 peak=0.03125
[160/162] q0159 corner11 sigma=8 TV=0.08974 H=0.15005 peak=0.04419
[161/162] q0160 corner11 sigma=16 TV=0.07494 H=0.16597 peak=0.03125
[162/162] q0161 corner11 sigma=32 TV=0.09580 H=0.18250 peak=0.03125
Wrote C:\Users\sy415\workspace\pndf_qem_phase1\out_quality_local_guard_eps1e-9\metrics_sampled_pndf\scratched_qem_normal_ds4_v4096\metrics.csv
Wrote C:\Users\sy415\workspace\pndf_qem_phase1\out_quality_local_guard_eps1e-9\metrics_sampled_pndf\scratched_qem_normal_ds4_v4096\summary.txt
