[001/162] q0000 random00 sigma=8 TV=0.04919 H=0.05497 peak=0.03125
[002/162] q0001 random00 sigma=16 TV=0.04576 H=0.05475 peak=0.03125
[003/162] q0002 random00 sigma=32 TV=0.05733 H=0.06097 peak=0.03125
[004/162] q0003 random01 sigma=8 TV=0.11216 H=0.09791 peak=0.03125
[005/162] q0004 random01 sigma=16 TV=0.08531 H=0.07329 peak=0.03125
[006/162] q0005 random01 sigma=32 TV=0.07363 H=0.06825 peak=0.03125
[007/162] q0006 random02 sigma=8 TV=0.12191 H=0.11404 peak=0.00000
[008/162] q0007 random02 sigma=16 TV=0.08619 H=0.08358 peak=0.00000
[009/162] q0008 random02 sigma=32 TV=0.04844 H=0.06383 peak=0.00000
[010/162] q0009 random03 sigma=8 TV=0.11717 H=0.13268 peak=0.03125
[011/162] q0010 random03 sigma=16 TV=0.06898 H=0.08810 peak=0.04419
[012/162] q0011 random03 sigma=32 TV=0.05164 H=0.07225 peak=0.03125
[013/162] q0012 random04 sigma=8 TV=0.14111 H=0.12054 peak=0.03125
[014/162] q0013 random04 sigma=16 TV=0.08154 H=0.07838 peak=0.03125
[015/162] q0014 random04 sigma=32 TV=0.07524 H=0.06938 peak=0.03125
[016/162] q0015 random05 sigma=8 TV=0.06555 H=0.07684 peak=0.00000
[017/162] q0016 random05 sigma=16 TV=0.06093 H=0.06939 peak=0.00000
[018/162] q0017 random05 sigma=32 TV=0.04735 H=0.05660 peak=0.03125
[019/162] q0018 random06 sigma=8 TV=0.08559 H=0.09477 peak=0.04419
[020/162] q0019 random06 sigma=16 TV=0.06151 H=0.08565 peak=0.04419
[021/162] q0020 random06 sigma=32 TV=0.04058 H=0.06785 peak=0.00000
[022/162] q0021 random07 sigma=8 TV=0.18669 H=0.15423 peak=0.00000
[023/162] q0022 random07 sigma=16 TV=0.06995 H=0.07472 peak=0.03125
[024/162] q0023 random07 sigma=32 TV=0.03690 H=0.05878 peak=0.04419
[025/162] q0024 random08 sigma=8 TV=0.14375 H=0.12877 peak=0.00000
[026/162] q0025 random08 sigma=16 TV=0.10735 H=0.09221 peak=0.00000
[027/162] q0026 random08 sigma=32 TV=0.06269 H=0.06876 peak=0.03125
[028/162] q0027 random09 sigma=8 TV=0.21299 H=0.16185 peak=0.03125
[029/162] q0028 random09 sigma=16 TV=0.08961 H=0.07291 peak=0.03125
[030/162] q0029 random09 sigma=32 TV=0.04106 H=0.04819 peak=0.00000
[031/162] q0030 random10 sigma=8 TV=0.11988 H=0.10720 peak=0.04419
[032/162] q0031 random10 sigma=16 TV=0.04917 H=0.06492 peak=0.03125
[033/162] q0032 random10 sigma=32 TV=0.03470 H=0.05594 peak=0.00000
[034/162] q0033 random11 sigma=8 TV=0.15245 H=0.11520 peak=0.04419
[035/162] q0034 random11 sigma=16 TV=0.05292 H=0.06231 peak=0.04419
[036/162] q0035 random11 sigma=32 TV=0.03561 H=0.05597 peak=0.04419
[037/162] q0036 random12 sigma=8 TV=0.13441 H=0.12505 peak=0.04419
[038/162] q0037 random12 sigma=16 TV=0.07372 H=0.07177 peak=0.04419
[039/162] q0038 random12 sigma=32 TV=0.03966 H=0.05042 peak=0.04419
[040/162] q0039 random13 sigma=8 TV=0.06284 H=0.08416 peak=0.00000
[041/162] q0040 random13 sigma=16 TV=0.03950 H=0.06159 peak=0.00000
[042/162] q0041 random13 sigma=32 TV=0.04100 H=0.05697 peak=0.00000
[043/162] q0042 random14 sigma=8 TV=0.14862 H=0.13214 peak=0.03125
[044/162] q0043 random14 sigma=16 TV=0.09184 H=0.08857 peak=0.03125
[045/162] q0044 random14 sigma=32 TV=0.07771 H=0.07159 peak=0.03125
[046/162] q0045 random15 sigma=8 TV=0.07659 H=0.08409 peak=0.00000
[047/162] q0046 random15 sigma=16 TV=0.06192 H=0.06989 peak=0.03125
[048/162] q0047 random15 sigma=32 TV=0.05585 H=0.05788 peak=0.03125
[049/162] q0048 random16 sigma=8 TV=0.10239 H=0.13466 peak=0.03125
[050/162] q0049 random16 sigma=16 TV=0.07826 H=0.09742 peak=0.03125
[051/162] q0050 random16 sigma=32 TV=0.05616 H=0.07577 peak=0.03125
[052/162] q0051 random17 sigma=8 TV=0.05401 H=0.06702 peak=0.04419
[053/162] q0052 random17 sigma=16 TV=0.06541 H=0.06674 peak=0.04419
[054/162] q0053 random17 sigma=32 TV=0.03948 H=0.04870 peak=0.04419
[055/162] q0054 random18 sigma=8 TV=0.13701 H=0.11686 peak=0.04419
[056/162] q0055 random18 sigma=16 TV=0.10530 H=0.08442 peak=0.04419
[057/162] q0056 random18 sigma=32 TV=0.04549 H=0.04911 peak=0.00000
[058/162] q0057 random19 sigma=8 TV=0.11293 H=0.10994 peak=0.00000
[059/162] q0058 random19 sigma=16 TV=0.07227 H=0.07758 peak=0.04419
[060/162] q0059 random19 sigma=32 TV=0.06013 H=0.06575 peak=0.04419
[061/162] q0060 random20 sigma=8 TV=0.16918 H=0.14746 peak=0.03125
[062/162] q0061 random20 sigma=16 TV=0.09009 H=0.08433 peak=0.03125
[063/162] q0062 random20 sigma=32 TV=0.06790 H=0.06648 peak=0.03125
[064/162] q0063 random21 sigma=8 TV=0.06487 H=0.08946 peak=0.00000
[065/162] q0064 random21 sigma=16 TV=0.05218 H=0.07296 peak=0.00000
[066/162] q0065 random21 sigma=32 TV=0.04458 H=0.06668 peak=0.00000
[067/162] q0066 random22 sigma=8 TV=0.10131 H=0.09539 peak=0.00000
[068/162] q0067 random22 sigma=16 TV=0.06456 H=0.06806 peak=0.00000
[069/162] q0068 random22 sigma=32 TV=0.05348 H=0.05722 peak=0.04419
[070/162] q0069 random23 sigma=8 TV=0.06848 H=0.07570 peak=0.04419
[071/162] q0070 random23 sigma=16 TV=0.06803 H=0.07308 peak=0.04419
[072/162] q0071 random23 sigma=32 TV=0.04492 H=0.06338 peak=0.03125
[073/162] q0072 random24 sigma=8 TV=0.15544 H=0.12796 peak=0.03125
[074/162] q0073 random24 sigma=16 TV=0.11080 H=0.10334 peak=0.03125
[075/162] q0074 random24 sigma=32 TV=0.07532 H=0.07303 peak=0.03125
[076/162] q0075 random25 sigma=8 TV=0.13527 H=0.13438 peak=0.04419
[077/162] q0076 random25 sigma=16 TV=0.09559 H=0.09035 peak=0.04419
[078/162] q0077 random25 sigma=32 TV=0.05868 H=0.06325 peak=0.00000
[079/162] q0078 random26 sigma=8 TV=0.11931 H=0.13229 peak=0.04419
[080/162] q0079 random26 sigma=16 TV=0.10487 H=0.10051 peak=0.04419
[081/162] q0080 random26 sigma=32 TV=0.06246 H=0.07334 peak=0.04419
[082/162] q0081 random27 sigma=8 TV=0.08954 H=0.10628 peak=0.03125
[083/162] q0082 random27 sigma=16 TV=0.05767 H=0.08447 peak=0.03125
[084/162] q0083 random27 sigma=32 TV=0.03610 H=0.06496 peak=0.03125
[085/162] q0084 random28 sigma=8 TV=0.06246 H=0.07654 peak=0.04419
[086/162] q0085 random28 sigma=16 TV=0.04151 H=0.06095 peak=0.04419
[087/162] q0086 random28 sigma=32 TV=0.04661 H=0.06050 peak=0.04419
[088/162] q0087 random29 sigma=8 TV=0.10282 H=0.10184 peak=0.04419
[089/162] q0088 random29 sigma=16 TV=0.05420 H=0.08262 peak=0.04419
[090/162] q0089 random29 sigma=32 TV=0.04415 H=0.07207 peak=0.04419
[091/162] q0090 random30 sigma=8 TV=0.11005 H=0.09278 peak=0.04419
[092/162] q0091 random30 sigma=16 TV=0.06773 H=0.05902 peak=0.04419
[093/162] q0092 random30 sigma=32 TV=0.04626 H=0.05082 peak=0.00000
[094/162] q0093 random31 sigma=8 TV=0.16197 H=0.16549 peak=0.04419
[095/162] q0094 random31 sigma=16 TV=0.06741 H=0.09047 peak=0.04419
[096/162] q0095 random31 sigma=32 TV=0.04404 H=0.07077 peak=0.00000
[097/162] q0096 feature00 sigma=8 TV=0.10931 H=0.09326 peak=0.00000
[098/162] q0097 feature00 sigma=16 TV=0.07557 H=0.07340 peak=0.04419
[099/162] q0098 feature00 sigma=32 TV=0.06719 H=0.06818 peak=0.03125
[100/162] q0099 feature01 sigma=8 TV=0.08068 H=0.10580 peak=0.04419
[101/162] q0100 feature01 sigma=16 TV=0.06880 H=0.09305 peak=0.00000
[102/162] q0101 feature01 sigma=32 TV=0.05276 H=0.07418 peak=0.03125
[103/162] q0102 feature02 sigma=8 TV=0.12727 H=0.12731 peak=0.00000
[104/162] q0103 feature02 sigma=16 TV=0.08373 H=0.08508 peak=0.00000
[105/162] q0104 feature02 sigma=32 TV=0.06434 H=0.06936 peak=0.04419
[106/162] q0105 feature03 sigma=8 TV=0.18359 H=0.16226 peak=0.03125
[107/162] q0106 feature03 sigma=16 TV=0.09007 H=0.08879 peak=0.04419
[108/162] q0107 feature03 sigma=32 TV=0.04818 H=0.06798 peak=0.04419
[109/162] q0108 feature04 sigma=8 TV=0.06450 H=0.07864 peak=0.00000
[110/162] q0109 feature04 sigma=16 TV=0.06295 H=0.06208 peak=0.00000
[111/162] q0110 feature04 sigma=32 TV=0.05703 H=0.06384 peak=0.00000
[112/162] q0111 feature05 sigma=8 TV=0.16395 H=0.13866 peak=0.04419
[113/162] q0112 feature05 sigma=16 TV=0.10740 H=0.09102 peak=0.04419
[114/162] q0113 feature05 sigma=32 TV=0.06489 H=0.06345 peak=0.03125
[115/162] q0114 feature06 sigma=8 TV=0.16409 H=0.13723 peak=0.03125
[116/162] q0115 feature06 sigma=16 TV=0.09857 H=0.09103 peak=0.03125
[117/162] q0116 feature06 sigma=32 TV=0.07869 H=0.07186 peak=0.03125
[118/162] q0117 feature07 sigma=8 TV=0.11772 H=0.11656 peak=0.00000
[119/162] q0118 feature07 sigma=16 TV=0.08610 H=0.08332 peak=0.04419
[120/162] q0119 feature07 sigma=32 TV=0.06148 H=0.06715 peak=0.04419
[121/162] q0120 feature08 sigma=8 TV=0.08663 H=0.08729 peak=0.00000
[122/162] q0121 feature08 sigma=16 TV=0.04051 H=0.06040 peak=0.00000
[123/162] q0122 feature08 sigma=32 TV=0.04231 H=0.05903 peak=0.04419
[124/162] q0123 feature09 sigma=8 TV=0.09610 H=0.10574 peak=0.03125
[125/162] q0124 feature09 sigma=16 TV=0.08225 H=0.08416 peak=0.03125
[126/162] q0125 feature09 sigma=32 TV=0.05033 H=0.06929 peak=0.03125
[127/162] q0126 feature10 sigma=8 TV=0.17790 H=0.15148 peak=0.00000
[128/162] q0127 feature10 sigma=16 TV=0.10566 H=0.11054 peak=0.00000
[129/162] q0128 feature10 sigma=32 TV=0.05148 H=0.07429 peak=0.00000
[130/162] q0129 feature11 sigma=8 TV=0.09905 H=0.11850 peak=0.03125
[131/162] q0130 feature11 sigma=16 TV=0.06550 H=0.08293 peak=0.03125
[132/162] q0131 feature11 sigma=32 TV=0.03683 H=0.06377 peak=0.03125
[133/162] q0132 feature12 sigma=8 TV=0.10223 H=0.09978 peak=0.00000
[134/162] q0133 feature12 sigma=16 TV=0.08032 H=0.08386 peak=0.04419
[135/162] q0134 feature12 sigma=32 TV=0.05373 H=0.07042 peak=0.04419
[136/162] q0135 feature13 sigma=8 TV=0.05996 H=0.08188 peak=0.00000
[137/162] q0136 feature13 sigma=16 TV=0.04510 H=0.07051 peak=0.00000
[138/162] q0137 feature13 sigma=32 TV=0.04774 H=0.06679 peak=0.04419
[139/162] q0138 feature14 sigma=8 TV=0.06108 H=0.07086 peak=0.03125
[140/162] q0139 feature14 sigma=16 TV=0.06095 H=0.06784 peak=0.00000
[141/162] q0140 feature14 sigma=32 TV=0.05536 H=0.06151 peak=0.00000
[142/162] q0141 feature15 sigma=8 TV=0.07821 H=0.08545 peak=0.00000
[143/162] q0142 feature15 sigma=16 TV=0.06153 H=0.06842 peak=0.03125
[144/162] q0143 feature15 sigma=32 TV=0.05513 H=0.05756 peak=0.04419
[145/162] q0144 seam_u0 sigma=8 TV=0.14906 H=0.12589 peak=0.00000
[146/162] q0145 seam_u0 sigma=16 TV=0.05013 H=0.05290 peak=0.00000
[147/162] q0146 seam_u0 sigma=32 TV=0.04684 H=0.05714 peak=0.04419
[148/162] q0147 seam_u1 sigma=8 TV=0.13676 H=0.12667 peak=0.00000
[149/162] q0148 seam_u1 sigma=16 TV=0.03904 H=0.04711 peak=0.00000
[150/162] q0149 seam_u1 sigma=32 TV=0.04632 H=0.05599 peak=0.00000
[151/162] q0150 seam_v0 sigma=8 TV=0.12493 H=0.13085 peak=0.04419
[152/162] q0151 seam_v0 sigma=16 TV=0.04383 H=0.06745 peak=0.04419
[153/162] q0152 seam_v0 sigma=32 TV=0.03811 H=0.06323 peak=0.04419
[154/162] q0153 seam_v1 sigma=8 TV=0.10449 H=0.11444 peak=0.00000
[155/162] q0154 seam_v1 sigma=16 TV=0.03893 H=0.06523 peak=0.00000
[156/162] q0155 seam_v1 sigma=32 TV=0.03855 H=0.06276 peak=0.04419
[157/162] q0156 corner00 sigma=8 TV=0.18320 H=0.15726 peak=0.04419
[158/162] q0157 corner00 sigma=16 TV=0.08642 H=0.08201 peak=0.03125
[159/162] q0158 corner00 sigma=32 TV=0.04994 H=0.05570 peak=0.00000
[160/162] q0159 corner11 sigma=8 TV=0.16764 H=0.13805 peak=0.03125
[161/162] q0160 corner11 sigma=16 TV=0.09335 H=0.08314 peak=0.03125
[162/162] q0161 corner11 sigma=32 TV=0.04889 H=0.05619 peak=0.00000
Wrote C:\Users\sy415\workspace\pndf_qem_phase1\out_quality_local_guard_eps1e-9\metrics_sampled_pndf\scratched_pnm_he_normal_ds4_v16384\metrics.csv
Wrote C:\Users\sy415\workspace\pndf_qem_phase1\out_quality_local_guard_eps1e-9\metrics_sampled_pndf\scratched_pnm_he_normal_ds4_v16384\summary.txt
