[001/162] q0000 random00 sigma=8 TV=0.14822 H=0.13450 peak=0.00000
[002/162] q0001 random00 sigma=16 TV=0.09770 H=0.08701 peak=0.00000
[003/162] q0002 random00 sigma=32 TV=0.09073 H=0.07407 peak=0.03125
[004/162] q0003 random01 sigma=8 TV=0.11293 H=0.09905 peak=0.00000
[005/162] q0004 random01 sigma=16 TV=0.09598 H=0.09051 peak=0.04419
[006/162] q0005 random01 sigma=32 TV=0.09175 H=0.07687 peak=0.04419
[007/162] q0006 random02 sigma=8 TV=0.11949 H=0.11970 peak=0.00000
[008/162] q0007 random02 sigma=16 TV=0.07664 H=0.07836 peak=0.03125
[009/162] q0008 random02 sigma=32 TV=0.07657 H=0.06497 peak=0.03125
[010/162] q0009 random03 sigma=8 TV=0.13901 H=0.12343 peak=0.03125
[011/162] q0010 random03 sigma=16 TV=0.08658 H=0.07831 peak=0.04419
[012/162] q0011 random03 sigma=32 TV=0.08007 H=0.06757 peak=0.03125
[013/162] q0012 random04 sigma=8 TV=0.08020 H=0.08561 peak=0.03125
[014/162] q0013 random04 sigma=16 TV=0.10090 H=0.08807 peak=0.04419
[015/162] q0014 random04 sigma=32 TV=0.09186 H=0.07604 peak=0.03125
[016/162] q0015 random05 sigma=8 TV=0.15232 H=0.13445 peak=0.00000
[017/162] q0016 random05 sigma=16 TV=0.09134 H=0.08322 peak=0.00000
[018/162] q0017 random05 sigma=32 TV=0.07675 H=0.06443 peak=0.03125
[019/162] q0018 random06 sigma=8 TV=0.13069 H=0.13067 peak=0.04419
[020/162] q0019 random06 sigma=16 TV=0.10429 H=0.09178 peak=0.00000
[021/162] q0020 random06 sigma=32 TV=0.09909 H=0.07853 peak=0.00000
[022/162] q0021 random07 sigma=8 TV=0.17799 H=0.17454 peak=0.03125
[023/162] q0022 random07 sigma=16 TV=0.12610 H=0.10615 peak=0.03125
[024/162] q0023 random07 sigma=32 TV=0.09514 H=0.07406 peak=0.00000
[025/162] q0024 random08 sigma=8 TV=0.12355 H=0.14079 peak=0.00000
[026/162] q0025 random08 sigma=16 TV=0.11641 H=0.10091 peak=0.00000
[027/162] q0026 random08 sigma=32 TV=0.10325 H=0.08217 peak=0.04419
[028/162] q0027 random09 sigma=8 TV=0.18084 H=0.14438 peak=0.04419
[029/162] q0028 random09 sigma=16 TV=0.11863 H=0.09401 peak=0.00000
[030/162] q0029 random09 sigma=32 TV=0.09407 H=0.07348 peak=0.00000
[031/162] q0030 random10 sigma=8 TV=0.08491 H=0.08873 peak=0.00000
[032/162] q0031 random10 sigma=16 TV=0.08307 H=0.07369 peak=0.03125
[033/162] q0032 random10 sigma=32 TV=0.08447 H=0.06737 peak=0.00000
[034/162] q0033 random11 sigma=8 TV=0.14755 H=0.14715 peak=0.00000
[035/162] q0034 random11 sigma=16 TV=0.11897 H=0.09956 peak=0.03125
[036/162] q0035 random11 sigma=32 TV=0.09512 H=0.07385 peak=0.00000
[037/162] q0036 random12 sigma=8 TV=0.13791 H=0.13262 peak=0.00000
[038/162] q0037 random12 sigma=16 TV=0.11994 H=0.10263 peak=0.03125
[039/162] q0038 random12 sigma=32 TV=0.09577 H=0.07697 peak=0.04419
[040/162] q0039 random13 sigma=8 TV=0.13888 H=0.14087 peak=0.03125
[041/162] q0040 random13 sigma=16 TV=0.09643 H=0.09199 peak=0.00000
[042/162] q0041 random13 sigma=32 TV=0.08002 H=0.06747 peak=0.03125
[043/162] q0042 random14 sigma=8 TV=0.09313 H=0.09257 peak=0.03125
[044/162] q0043 random14 sigma=16 TV=0.10434 H=0.08802 peak=0.00000
[045/162] q0044 random14 sigma=32 TV=0.09128 H=0.07487 peak=0.04419
[046/162] q0045 random15 sigma=8 TV=0.09799 H=0.09598 peak=0.00000
[047/162] q0046 random15 sigma=16 TV=0.08432 H=0.07194 peak=0.00000
[048/162] q0047 random15 sigma=32 TV=0.08856 H=0.07047 peak=0.00000
[049/162] q0048 random16 sigma=8 TV=0.14444 H=0.12075 peak=0.06988
[050/162] q0049 random16 sigma=16 TV=0.12407 H=0.09537 peak=0.03125
[051/162] q0050 random16 sigma=32 TV=0.10741 H=0.08135 peak=0.00000
[052/162] q0051 random17 sigma=8 TV=0.12007 H=0.12695 peak=0.00000
[053/162] q0052 random17 sigma=16 TV=0.09125 H=0.07724 peak=0.03125
[054/162] q0053 random17 sigma=32 TV=0.08831 H=0.07023 peak=0.00000
[055/162] q0054 random18 sigma=8 TV=0.08635 H=0.09764 peak=0.00000
[056/162] q0055 random18 sigma=16 TV=0.09260 H=0.07950 peak=0.03125
[057/162] q0056 random18 sigma=32 TV=0.09104 H=0.07128 peak=0.03125
[058/162] q0057 random19 sigma=8 TV=0.13802 H=0.12918 peak=0.03125
[059/162] q0058 random19 sigma=16 TV=0.11584 H=0.09964 peak=0.03125
[060/162] q0059 random19 sigma=32 TV=0.08734 H=0.07308 peak=0.00000
[061/162] q0060 random20 sigma=8 TV=0.19922 H=0.17398 peak=0.03125
[062/162] q0061 random20 sigma=16 TV=0.10736 H=0.09495 peak=0.04419
[063/162] q0062 random20 sigma=32 TV=0.09578 H=0.07751 peak=0.04419
[064/162] q0063 random21 sigma=8 TV=0.12201 H=0.11192 peak=0.00000
[065/162] q0064 random21 sigma=16 TV=0.10989 H=0.08768 peak=0.00000
[066/162] q0065 random21 sigma=32 TV=0.10038 H=0.08049 peak=0.00000
[067/162] q0066 random22 sigma=8 TV=0.09794 H=0.10448 peak=0.06250
[068/162] q0067 random22 sigma=16 TV=0.07915 H=0.07321 peak=0.00000
[069/162] q0068 random22 sigma=32 TV=0.08843 H=0.06991 peak=0.00000
[070/162] q0069 random23 sigma=8 TV=0.12139 H=0.13481 peak=0.04419
[071/162] q0070 random23 sigma=16 TV=0.08121 H=0.08442 peak=0.00000
[072/162] q0071 random23 sigma=32 TV=0.07963 H=0.06815 peak=0.03125
[073/162] q0072 random24 sigma=8 TV=0.14875 H=0.13996 peak=0.06988
[074/162] q0073 random24 sigma=16 TV=0.09665 H=0.08462 peak=0.06988
[075/162] q0074 random24 sigma=32 TV=0.08541 H=0.06976 peak=0.03125
[076/162] q0075 random25 sigma=8 TV=0.08768 H=0.11015 peak=0.00000
[077/162] q0076 random25 sigma=16 TV=0.06360 H=0.06814 peak=0.00000
[078/162] q0077 random25 sigma=32 TV=0.07974 H=0.06379 peak=0.03125
[079/162] q0078 random26 sigma=8 TV=0.12911 H=0.11476 peak=0.00000
[080/162] q0079 random26 sigma=16 TV=0.09853 H=0.08401 peak=0.04419
[081/162] q0080 random26 sigma=32 TV=0.08851 H=0.07299 peak=0.04419
[082/162] q0081 random27 sigma=8 TV=0.11732 H=0.10724 peak=0.00000
[083/162] q0082 random27 sigma=16 TV=0.08803 H=0.07963 peak=0.00000
[084/162] q0083 random27 sigma=32 TV=0.08810 H=0.07175 peak=0.00000
[085/162] q0084 random28 sigma=8 TV=0.14326 H=0.12517 peak=0.00000
[086/162] q0085 random28 sigma=16 TV=0.10149 H=0.08945 peak=0.00000
[087/162] q0086 random28 sigma=32 TV=0.08580 H=0.07105 peak=0.00000
[088/162] q0087 random29 sigma=8 TV=0.13871 H=0.11898 peak=0.00000
[089/162] q0088 random29 sigma=16 TV=0.10763 H=0.08462 peak=0.00000
[090/162] q0089 random29 sigma=32 TV=0.10412 H=0.07861 peak=0.00000
[091/162] q0090 random30 sigma=8 TV=0.14415 H=0.12787 peak=0.03125
[092/162] q0091 random30 sigma=16 TV=0.09063 H=0.07810 peak=0.00000
[093/162] q0092 random30 sigma=32 TV=0.08277 H=0.06602 peak=0.00000
[094/162] q0093 random31 sigma=8 TV=0.12393 H=0.10456 peak=0.04419
[095/162] q0094 random31 sigma=16 TV=0.10669 H=0.08611 peak=0.00000
[096/162] q0095 random31 sigma=32 TV=0.10310 H=0.07966 peak=0.00000
[097/162] q0096 feature00 sigma=8 TV=0.13318 H=0.13857 peak=0.03125
[098/162] q0097 feature00 sigma=16 TV=0.09661 H=0.09158 peak=0.00000
[099/162] q0098 feature00 sigma=32 TV=0.07998 H=0.06728 peak=0.03125
[100/162] q0099 feature01 sigma=8 TV=0.17485 H=0.16020 peak=0.00000
[101/162] q0100 feature01 sigma=16 TV=0.14025 H=0.11444 peak=0.03125
[102/162] q0101 feature01 sigma=32 TV=0.10971 H=0.08474 peak=0.00000
[103/162] q0102 feature02 sigma=8 TV=0.18679 H=0.16969 peak=0.00000
[104/162] q0103 feature02 sigma=16 TV=0.12990 H=0.11039 peak=0.00000
[105/162] q0104 feature02 sigma=32 TV=0.10661 H=0.08409 peak=0.00000
[106/162] q0105 feature03 sigma=8 TV=0.16422 H=0.13811 peak=0.03125
[107/162] q0106 feature03 sigma=16 TV=0.11874 H=0.10116 peak=0.03125
[108/162] q0107 feature03 sigma=32 TV=0.09683 H=0.07806 peak=0.03125
[109/162] q0108 feature04 sigma=8 TV=0.13045 H=0.14524 peak=0.03125
[110/162] q0109 feature04 sigma=16 TV=0.11023 H=0.09898 peak=0.00000
[111/162] q0110 feature04 sigma=32 TV=0.10293 H=0.08227 peak=0.04419
[112/162] q0111 feature05 sigma=8 TV=0.07906 H=0.08179 peak=0.00000
[113/162] q0112 feature05 sigma=16 TV=0.08631 H=0.07645 peak=0.04419
[114/162] q0113 feature05 sigma=32 TV=0.09402 H=0.07507 peak=0.00000
[115/162] q0114 feature06 sigma=8 TV=0.13638 H=0.10987 peak=0.00000
[116/162] q0115 feature06 sigma=16 TV=0.10588 H=0.08722 peak=0.00000
[117/162] q0116 feature06 sigma=32 TV=0.08622 H=0.07215 peak=0.04419
[118/162] q0117 feature07 sigma=8 TV=0.13920 H=0.11926 peak=0.04419
[119/162] q0118 feature07 sigma=16 TV=0.09425 H=0.08505 peak=0.00000
[120/162] q0119 feature07 sigma=32 TV=0.08208 H=0.06755 peak=0.00000
[121/162] q0120 feature08 sigma=8 TV=0.11583 H=0.09951 peak=0.00000
[122/162] q0121 feature08 sigma=16 TV=0.10901 H=0.08543 peak=0.00000
[123/162] q0122 feature08 sigma=32 TV=0.10058 H=0.08080 peak=0.00000
[124/162] q0123 feature09 sigma=8 TV=0.12173 H=0.12286 peak=0.04419
[125/162] q0124 feature09 sigma=16 TV=0.09612 H=0.09142 peak=0.00000
[126/162] q0125 feature09 sigma=32 TV=0.09629 H=0.07693 peak=0.00000
[127/162] q0126 feature10 sigma=8 TV=0.10477 H=0.10141 peak=0.03125
[128/162] q0127 feature10 sigma=16 TV=0.06727 H=0.07234 peak=0.03125
[129/162] q0128 feature10 sigma=32 TV=0.07486 H=0.06409 peak=0.03125
[130/162] q0129 feature11 sigma=8 TV=0.15291 H=0.14159 peak=0.00000
[131/162] q0130 feature11 sigma=16 TV=0.11763 H=0.09861 peak=0.00000
[132/162] q0131 feature11 sigma=32 TV=0.10373 H=0.08147 peak=0.00000
[133/162] q0132 feature12 sigma=8 TV=0.13488 H=0.15251 peak=0.00000
[134/162] q0133 feature12 sigma=16 TV=0.08075 H=0.08647 peak=0.00000
[135/162] q0134 feature12 sigma=32 TV=0.07895 H=0.06605 peak=0.00000
[136/162] q0135 feature13 sigma=8 TV=0.13266 H=0.12133 peak=0.00000
[137/162] q0136 feature13 sigma=16 TV=0.08717 H=0.07958 peak=0.00000
[138/162] q0137 feature13 sigma=32 TV=0.07666 H=0.06402 peak=0.03125
[139/162] q0138 feature14 sigma=8 TV=0.13821 H=0.12065 peak=0.00000
[140/162] q0139 feature14 sigma=16 TV=0.10607 H=0.08682 peak=0.00000
[141/162] q0140 feature14 sigma=32 TV=0.09114 H=0.07141 peak=0.00000
[142/162] q0141 feature15 sigma=8 TV=0.11623 H=0.13234 peak=0.03125
[143/162] q0142 feature15 sigma=16 TV=0.11145 H=0.09708 peak=0.00000
[144/162] q0143 feature15 sigma=32 TV=0.09353 H=0.07269 peak=0.00000
[145/162] q0144 seam_u0 sigma=8 TV=0.12502 H=0.11846 peak=0.00000
[146/162] q0145 seam_u0 sigma=16 TV=0.09585 H=0.08467 peak=0.00000
[147/162] q0146 seam_u0 sigma=32 TV=0.08584 H=0.07048 peak=0.00000
[148/162] q0147 seam_u1 sigma=8 TV=0.13914 H=0.12131 peak=0.03125
[149/162] q0148 seam_u1 sigma=16 TV=0.09463 H=0.08410 peak=0.00000
[150/162] q0149 seam_u1 sigma=32 TV=0.08521 H=0.06987 peak=0.00000
[151/162] q0150 seam_v0 sigma=8 TV=0.10729 H=0.10360 peak=0.00000
[152/162] q0151 seam_v0 sigma=16 TV=0.09263 H=0.08028 peak=0.04419
[153/162] q0152 seam_v0 sigma=32 TV=0.09642 H=0.07672 peak=0.00000
[154/162] q0153 seam_v1 sigma=8 TV=0.08797 H=0.08092 peak=0.00000
[155/162] q0154 seam_v1 sigma=16 TV=0.08814 H=0.07698 peak=0.04419
[156/162] q0155 seam_v1 sigma=32 TV=0.09576 H=0.07620 peak=0.00000
[157/162] q0156 corner00 sigma=8 TV=0.16365 H=0.13950 peak=0.03125
[158/162] q0157 corner00 sigma=16 TV=0.11764 H=0.10048 peak=0.03125
[159/162] q0158 corner00 sigma=32 TV=0.09620 H=0.07751 peak=0.03125
[160/162] q0159 corner11 sigma=8 TV=0.15409 H=0.13854 peak=0.03125
[161/162] q0160 corner11 sigma=16 TV=0.11747 H=0.10039 peak=0.03125
[162/162] q0161 corner11 sigma=32 TV=0.09744 H=0.07859 peak=0.00000
Wrote C:\Users\sy415\workspace\pndf_qem_phase1\out_quality_local_guard_eps1e-9\metrics_sampled_pndf\brush_qem_4d_ds4_v8192\metrics.csv
Wrote C:\Users\sy415\workspace\pndf_qem_phase1\out_quality_local_guard_eps1e-9\metrics_sampled_pndf\brush_qem_4d_ds4_v8192\summary.txt
