pnm_aniso_he stages: 40960 25844 16306 10289 6492 4096
reason=initial checkpointTarget=0 accepted=0 rejected=0 aliveV=65536 aliveF=131072 heap=196608 sec=0.48839 rebuildSec=0.435908 makeItemSec=0.403169 linkSec=0.235914 placeSec=0.02293 nonFlipSec=0.0761756 collapseSec=0 heapPops=0 stale=0 dead=0 fresh=0 requeues=0
reason=progress checkpointTarget=0 accepted=5000 rejected=3269 aliveV=60536 aliveF=121072 heap=226655 sec=2.06524 rebuildSec=0.435908 makeItemSec=0.525633 linkSec=0.302775 placeSec=0.0285371 nonFlipSec=0.100337 collapseSec=0.0094861 heapPops=8269 stale=1480 dead=1786 fresh=5003 requeues=0
reason=rebuild checkpointTarget=0 accepted=10000 rejected=10874 aliveV=55536 aliveF=111072 heap=165665 sec=4.66477 rebuildSec=0.799616 makeItemSec=0.987674 linkSec=0.569412 placeSec=0.0525708 nonFlipSec=0.190426 collapseSec=0.0195169 heapPops=20874 stale=4659 dead=6212 fresh=10003 requeues=0
reason=progress checkpointTarget=0 accepted=15000 rejected=12780 aliveV=50536 aliveF=101072 heap=194604 sec=6.09893 rebuildSec=0.799616 makeItemSec=1.11256 linkSec=0.639267 placeSec=0.0578985 nonFlipSec=0.215325 collapseSec=0.029098 heapPops=27780 stale=5589 dead=7188 fresh=15003 requeues=0
reason=rebuild checkpointTarget=0 accepted=20000 rejected=20726 aliveV=45536 aliveF=91072 heap=134245 sec=8.80836 rebuildSec=1.11203 makeItemSec=1.53369 linkSec=0.882463 placeSec=0.078563 nonFlipSec=0.299586 collapseSec=0.0396969 heapPops=40726 stale=8974 dead=11749 fresh=20003 requeues=0
reason=final checkpointTarget=0 accepted=24576 rejected=22818 aliveV=40960 aliveF=81920 heap=159083 sec=10.1038 rebuildSec=1.11203 makeItemSec=1.6455 linkSec=0.945737 placeSec=0.0830775 nonFlipSec=0.321987 collapseSec=0.0485265 heapPops=47394 stale=9900 dead=12914 fresh=24580 requeues=0
stage collapse target=40960 finalV=40960 sec=10.1038
heFlip accepted=1000 queue=4365 edges=122880
heFlip accepted=2000 queue=3446 edges=122880
heFlip accepted=3000 queue=2046 edges=122880
heFlip accepted=4000 queue=183 edges=122880
stage=40960 heFlipPass=0 flipped=4092
stage=40960 heRelocatePass=0 moved=25983
reason=initial checkpointTarget=0 accepted=0 rejected=0 aliveV=40960 aliveF=81920 heap=101129 sec=0.356901 rebuildSec=0.323143 makeItemSec=0.300612 linkSec=0.176005 placeSec=0.0150764 nonFlipSec=0.0613041 collapseSec=0 heapPops=0 stale=0 dead=0 fresh=0 requeues=0
reason=progress checkpointTarget=0 accepted=5000 rejected=1895 aliveV=35960 aliveF=71920 heap=124340 sec=1.23017 rebuildSec=0.323143 makeItemSec=0.434404 linkSec=0.253412 placeSec=0.020528 nonFlipSec=0.0879875 collapseSec=0.0102761 heapPops=6895 stale=846 dead=1032 fresh=5017 requeues=0
reason=rebuild checkpointTarget=0 accepted=10000 rejected=13731 aliveV=30960 aliveF=61920 heap=79659 sec=3.39789 rebuildSec=0.549951 makeItemSec=0.788497 linkSec=0.460212 placeSec=0.0363598 nonFlipSec=0.160996 collapseSec=0.0219344 heapPops=23731 stale=5560 dead=8110 fresh=10061 requeues=0
reason=progress checkpointTarget=0 accepted=15000 rejected=18135 aliveV=25960 aliveF=51920 heap=99324 sec=4.66974 rebuildSec=0.549951 makeItemSec=0.923354 linkSec=0.539734 placeSec=0.0417362 nonFlipSec=0.187919 collapseSec=0.0321823 heapPops=33135 stale=7463 dead=10578 fresh=15094 requeues=0
reason=final checkpointTarget=0 accepted=15116 rejected=18351 aliveV=25844 aliveF=51688 heap=99687 sec=4.70847 rebuildSec=0.549951 makeItemSec=0.926311 linkSec=0.541469 placeSec=0.0418499 nonFlipSec=0.188507 collapseSec=0.0324169 heapPops=33467 stale=7546 dead=10710 fresh=15211 requeues=0
stage collapse target=25844 finalV=25844 sec=4.70847
heFlip accepted=1000 queue=1917 edges=77532
heFlip accepted=2000 queue=648 edges=77532
stage=25844 heFlipPass=0 flipped=2398
stage=25844 heRelocatePass=0 moved=14002
reason=initial checkpointTarget=0 accepted=0 rejected=0 aliveV=25844 aliveF=51688 heap=59206 sec=0.212576 rebuildSec=0.188496 makeItemSec=0.174831 linkSec=0.104058 placeSec=0.0084176 nonFlipSec=0.0361556 collapseSec=0 heapPops=0 stale=0 dead=0 fresh=0 requeues=0
reason=progress checkpointTarget=0 accepted=5000 rejected=7016 aliveV=20844 aliveF=41688 heap=74210 sec=1.16596 rebuildSec=0.188496 makeItemSec=0.312553 linkSec=0.187071 placeSec=0.0138384 nonFlipSec=0.0630515 collapseSec=0.010369 heapPops=12016 stale=2777 dead=4200 fresh=5039 requeues=0
reason=final checkpointTarget=0 accepted=9538 rejected=24812 aliveV=16306 aliveF=32612 heap=75666 sec=2.93659 rebuildSec=0.188496 makeItemSec=0.467487 linkSec=0.282881 placeSec=0.019493 nonFlipSec=0.0925263 collapseSec=0.022259 heapPops=34350 stale=9283 dead=15359 fresh=9708 requeues=0
stage collapse target=16306 finalV=16306 sec=2.93659
heFlip accepted=1000 queue=3045 edges=48918
heFlip accepted=2000 queue=1923 edges=48918
heFlip accepted=3000 queue=24 edges=48918
stage=16306 heFlipPass=0 flipped=3014
stage=16306 heRelocatePass=0 moved=8584
reason=initial checkpointTarget=0 accepted=0 rejected=0 aliveV=16306 aliveF=32612 heap=32686 sec=0.137363 rebuildSec=0.123388 makeItemSec=0.115293 linkSec=0.069969 placeSec=0.0051951 nonFlipSec=0.0232994 collapseSec=0 heapPops=0 stale=0 dead=0 fresh=0 requeues=0
reason=progress checkpointTarget=0 accepted=5000 rejected=9451 aliveV=11306 aliveF=22612 heap=41160 sec=0.753599 rebuildSec=0.123388 makeItemSec=0.243341 linkSec=0.14876 placeSec=0.0100151 nonFlipSec=0.0478244 collapseSec=0.0090946 heapPops=14451 stale=3786 dead=5556 fresh=5109 requeues=0
reason=final checkpointTarget=0 accepted=6017 rejected=13404 aliveV=10289 aliveF=20578 heap=40726 sec=0.955114 rebuildSec=0.123388 makeItemSec=0.270247 linkSec=0.165668 placeSec=0.0109724 nonFlipSec=0.0528318 collapseSec=0.0111249 heapPops=19421 stale=5188 dead=8038 fresh=6195 requeues=0
stage collapse target=10289 finalV=10289 sec=0.955114
heFlip accepted=1000 queue=3281 edges=30867
heFlip accepted=2000 queue=2201 edges=30867
stage=10289 heFlipPass=0 flipped=2953
stage=10289 heRelocatePass=0 moved=5790
reason=initial checkpointTarget=0 accepted=0 rejected=0 aliveV=10289 aliveF=20578 heap=17669 sec=0.0853619 rebuildSec=0.0767578 makeItemSec=0.0717599 linkSec=0.0447467 placeSec=0.0030677 nonFlipSec=0.0139177 collapseSec=0 heapPops=0 stale=0 dead=0 fresh=0 requeues=0
reason=final checkpointTarget=0 accepted=3797 rejected=7443 aliveV=6492 aliveF=12984 heap=21520 sec=0.277813 rebuildSec=0.0767578 makeItemSec=0.165806 linkSec=0.102715 placeSec=0.0066707 nonFlipSec=0.0324275 collapseSec=0.0066959 heapPops=11240 stale=2821 dead=4515 fresh=3904 requeues=0
stage collapse target=6492 finalV=6492 sec=0.277813
heFlip accepted=1000 queue=2412 edges=19476
heFlip accepted=2000 queue=386 edges=19476
stage=6492 heFlipPass=0 flipped=2140
stage=6492 heRelocatePass=0 moved=3957
reason=initial checkpointTarget=0 accepted=0 rejected=0 aliveV=6492 aliveF=12984 heap=10060 sec=0.0523474 rebuildSec=0.0470322 makeItemSec=0.0438961 linkSec=0.0280605 placeSec=0.0018038 nonFlipSec=0.0082029 collapseSec=0 heapPops=0 stale=0 dead=0 fresh=0 requeues=0
reason=final checkpointTarget=0 accepted=2396 rejected=4307 aliveV=4096 aliveF=8192 heap=11801 sec=0.142637 rebuildSec=0.0470322 makeItemSec=0.0974698 linkSec=0.0621419 placeSec=0.0038469 nonFlipSec=0.0183512 collapseSec=0.0038523 heapPops=6703 stale=1702 dead=2547 fresh=2454 requeues=0
stage collapse target=4096 finalV=4096 sec=0.142637
heFlip accepted=1000 queue=857 edges=12288
stage=4096 heFlipPass=0 flipped=1337
stage=4096 heRelocatePass=0 moved=2642
final_vertices,4096
final_faces,8192
output,C:\Users\sy415\workspace\pndf_qem_phase1\out_quality_local_guard_eps1e-9\meshes\scratched_pnm_he_4d_ds4_v4096.meshbin
