pnm_aniso_he stages: 40960 25844 16306 10289 6492 4096
reason=initial checkpointTarget=0 accepted=0 rejected=0 aliveV=65536 aliveF=131072 heap=196608 sec=0.478295 rebuildSec=0.40337 makeItemSec=0.371464 linkSec=0.219615 placeSec=0.0213469 nonFlipSec=0.0677197 collapseSec=0 heapPops=0 stale=0 dead=0 fresh=0 requeues=0
reason=progress checkpointTarget=0 accepted=5000 rejected=5612 aliveV=60536 aliveF=121072 heap=225183 sec=2.51868 rebuildSec=0.40337 makeItemSec=0.498564 linkSec=0.289128 placeSec=0.02689 nonFlipSec=0.0926567 collapseSec=0.0091244 heapPops=10612 stale=2800 dead=2812 fresh=5000 requeues=0
reason=rebuild checkpointTarget=0 accepted=10000 rejected=13058 aliveV=55536 aliveF=111072 heap=165562 sec=5.26179 rebuildSec=0.784732 makeItemSec=0.992895 linkSec=0.576238 placeSec=0.0522475 nonFlipSec=0.187313 collapseSec=0.019738 heapPops=23058 stale=6457 dead=6601 fresh=10000 requeues=0
reason=progress checkpointTarget=0 accepted=15000 rejected=15973 aliveV=50536 aliveF=101072 heap=193959 sec=6.87225 rebuildSec=0.784732 makeItemSec=1.125 linkSec=0.65085 placeSec=0.0577816 nonFlipSec=0.213576 collapseSec=0.02905 heapPops=30973 stale=7900 dead=8073 fresh=15000 requeues=0
reason=rebuild checkpointTarget=0 accepted=20000 rejected=22483 aliveV=45536 aliveF=91072 heap=133869 sec=9.28841 rebuildSec=1.08836 makeItemSec=1.53742 linkSec=0.890511 placeSec=0.0779887 nonFlipSec=0.293913 collapseSec=0.0385618 heapPops=42483 stale=10998 dead=11484 fresh=20001 requeues=0
reason=final checkpointTarget=0 accepted=24576 rejected=24570 aliveV=40960 aliveF=81920 heap=158578 sec=10.5865 rebuildSec=1.08836 makeItemSec=1.65223 linkSec=0.955995 placeSec=0.0826378 nonFlipSec=0.31667 collapseSec=0.0467781 heapPops=49146 stale=12029 dead=12540 fresh=24577 requeues=0
stage collapse target=40960 finalV=40960 sec=10.5865
stage=40960 heFlipPass=0 flipped=23
stage=40960 heRelocatePass=0 moved=27356
reason=initial checkpointTarget=0 accepted=0 rejected=0 aliveV=40960 aliveF=81920 heap=105471 sec=0.308206 rebuildSec=0.27558 makeItemSec=0.254096 linkSec=0.151499 placeSec=0.0132162 nonFlipSec=0.0483794 collapseSec=0 heapPops=0 stale=0 dead=0 fresh=0 requeues=0
reason=progress checkpointTarget=0 accepted=5000 rejected=166 aliveV=35960 aliveF=71920 heap=130467 sec=0.985205 rebuildSec=0.27558 makeItemSec=0.361407 linkSec=0.214776 placeSec=0.0177961 nonFlipSec=0.068522 collapseSec=0.0080247 heapPops=5166 stale=68 dead=98 fresh=5000 requeues=0
reason=rebuild checkpointTarget=0 accepted=10000 rejected=1309 aliveV=30960 aliveF=61920 heap=88319 sec=1.97353 rebuildSec=0.491934 makeItemSec=0.67688 linkSec=0.398014 placeSec=0.0326718 nonFlipSec=0.131348 collapseSec=0.0163039 heapPops=11309 stale=581 dead=728 fresh=10000 requeues=0
reason=progress checkpointTarget=0 accepted=15000 rejected=3579 aliveV=25960 aliveF=51920 heap=115982 sec=2.98998 rebuildSec=0.491934 makeItemSec=0.797366 linkSec=0.467414 placeSec=0.0375006 nonFlipSec=0.155538 collapseSec=0.0248275 heapPops=18579 stale=1619 dead=1958 fresh=15002 requeues=0
reason=final checkpointTarget=0 accepted=15116 rejected=3691 aliveV=25844 aliveF=51688 heap=116560 sec=3.02355 rebuildSec=0.491934 makeItemSec=0.800674 linkSec=0.469354 placeSec=0.0376266 nonFlipSec=0.156204 collapseSec=0.0250685 heapPops=18807 stale=1660 dead=2029 fresh=15118 requeues=0
stage collapse target=25844 finalV=25844 sec=3.02355
stage=25844 heFlipPass=0 flipped=240
stage=25844 heRelocatePass=0 moved=13532
reason=initial checkpointTarget=0 accepted=0 rejected=0 aliveV=25844 aliveF=51688 heap=71548 sec=0.198574 rebuildSec=0.178086 makeItemSec=0.1638 linkSec=0.0967214 placeSec=0.0082802 nonFlipSec=0.0325995 collapseSec=0 heapPops=0 stale=0 dead=0 fresh=0 requeues=0
reason=progress checkpointTarget=0 accepted=5000 rejected=1081 aliveV=20844 aliveF=41688 heap=99201 sec=0.767578 rebuildSec=0.178086 makeItemSec=0.281797 linkSec=0.166426 placeSec=0.0132218 nonFlipSec=0.0555858 collapseSec=0.0082096 heapPops=6081 stale=485 dead=593 fresh=5003 requeues=0
reason=final checkpointTarget=0 accepted=9538 rejected=8871 aliveV=16306 aliveF=32612 heap=117078 sec=1.73324 rebuildSec=0.178086 makeItemSec=0.398062 linkSec=0.235733 placeSec=0.0179659 nonFlipSec=0.0784196 collapseSec=0.0166539 heapPops=18409 stale=3592 dead=5264 fresh=9553 requeues=0
stage collapse target=16306 finalV=16306 sec=1.73324
heFlip accepted=1000 queue=2637 edges=48918
heFlip accepted=2000 queue=1259 edges=48918
stage=16306 heFlipPass=0 flipped=2585
stage=16306 heRelocatePass=0 moved=10328
reason=initial checkpointTarget=0 accepted=0 rejected=0 aliveV=16306 aliveF=32612 heap=44005 sec=0.131242 rebuildSec=0.118274 makeItemSec=0.109359 linkSec=0.0641195 placeSec=0.0052754 nonFlipSec=0.0226785 collapseSec=0 heapPops=0 stale=0 dead=0 fresh=0 requeues=0
reason=progress checkpointTarget=0 accepted=5000 rejected=3335 aliveV=11306 aliveF=22612 heap=67425 sec=0.550576 rebuildSec=0.118274 makeItemSec=0.230014 linkSec=0.134872 placeSec=0.010374 nonFlipSec=0.0474667 collapseSec=0.0083514 heapPops=8335 stale=1409 dead=1910 fresh=5016 requeues=0
reason=final checkpointTarget=0 accepted=6017 rejected=5840 aliveV=10289 aliveF=20578 heap=70184 sec=0.684936 rebuildSec=0.118274 makeItemSec=0.253186 linkSec=0.148638 placeSec=0.0113156 nonFlipSec=0.052114 collapseSec=0.0100004 heapPops=11857 stale=2373 dead=3441 fresh=6043 requeues=0
stage collapse target=10289 finalV=10289 sec=0.684936
heFlip accepted=1000 queue=4484 edges=30867
heFlip accepted=2000 queue=3885 edges=30867
heFlip accepted=3000 queue=1922 edges=30867
stage=10289 heFlipPass=0 flipped=3671
stage=10289 heRelocatePass=0 moved=7651
reason=initial checkpointTarget=0 accepted=0 rejected=0 aliveV=10289 aliveF=20578 heap=25752 sec=0.109195 rebuildSec=0.100974 makeItemSec=0.0949566 linkSec=0.0558091 placeSec=0.0043571 nonFlipSec=0.0201277 collapseSec=0 heapPops=0 stale=0 dead=0 fresh=0 requeues=0
reason=final checkpointTarget=0 accepted=3797 rejected=3868 aliveV=6492 aliveF=12984 heap=40159 sec=0.262263 rebuildSec=0.100974 makeItemSec=0.17858 linkSec=0.103389 placeSec=0.0078721 nonFlipSec=0.0384374 collapseSec=0.005744 heapPops=7665 stale=1599 dead=2236 fresh=3830 requeues=0
stage collapse target=6492 finalV=6492 sec=0.262263
heFlip accepted=1000 queue=3866 edges=19476
heFlip accepted=2000 queue=2766 edges=19476
stage=6492 heFlipPass=0 flipped=2964
stage=6492 heRelocatePass=0 moved=5150
reason=initial checkpointTarget=0 accepted=0 rejected=0 aliveV=6492 aliveF=12984 heap=15027 sec=0.0544602 rebuildSec=0.0492028 makeItemSec=0.0456484 linkSec=0.0270469 placeSec=0.0020397 nonFlipSec=0.009687 collapseSec=0 heapPops=0 stale=0 dead=0 fresh=0 requeues=0
reason=final checkpointTarget=0 accepted=2396 rejected=2394 aliveV=4096 aliveF=8192 heap=23209 sec=0.157747 rebuildSec=0.0492028 makeItemSec=0.113705 linkSec=0.0667601 placeSec=0.0049429 nonFlipSec=0.0246719 collapseSec=0.0048889 heapPops=4790 stale=997 dead=1363 fresh=2430 requeues=0
stage collapse target=4096 finalV=4096 sec=0.157747
heFlip accepted=1000 queue=2023 edges=12288
stage=4096 heFlipPass=0 flipped=1877
stage=4096 heRelocatePass=0 moved=3246
final_vertices,4096
final_faces,8192
output,C:\Users\sy415\workspace\pndf_qem_phase1\out_quality_local_guard_eps1e-9\meshes\brush_pnm_he_4d_ds4_v4096.meshbin
