pnm_aniso_he stages: 40960 25844 16306 10289 6492 4096
reason=initial checkpointTarget=0 accepted=0 rejected=0 aliveV=65536 aliveF=131072 heap=196608 sec=0.470768 rebuildSec=0.397877 makeItemSec=0.366353 linkSec=0.214287 placeSec=0.0209374 nonFlipSec=0.0693546 collapseSec=0 heapPops=0 stale=0 dead=0 fresh=0 requeues=0
reason=progress checkpointTarget=0 accepted=5000 rejected=738 aliveV=60536 aliveF=121072 heap=230237 sec=1.61151 rebuildSec=0.397877 makeItemSec=0.482586 linkSec=0.277157 placeSec=0.0262463 nonFlipSec=0.0921473 collapseSec=0.0085122 heapPops=5738 stale=345 dead=393 fresh=5000 requeues=0
reason=rebuild checkpointTarget=0 accepted=10000 rejected=3490 aliveV=55536 aliveF=111072 heap=165477 sec=3.51122 rebuildSec=0.793296 makeItemSec=0.984663 linkSec=0.567347 placeSec=0.0521708 nonFlipSec=0.190333 collapseSec=0.0186364 heapPops=13490 stale=1674 dead=1813 fresh=10003 requeues=0
reason=progress checkpointTarget=0 accepted=15000 rejected=4505 aliveV=50536 aliveF=101072 heap=195656 sec=4.84647 rebuildSec=0.793296 makeItemSec=1.12974 linkSec=0.649147 placeSec=0.0581534 nonFlipSec=0.219824 collapseSec=0.0299327 heapPops=19505 stale=2163 dead=2335 fresh=15007 requeues=0
reason=rebuild checkpointTarget=0 accepted=20000 rejected=8360 aliveV=45536 aliveF=91072 heap=130437 sec=6.89366 rebuildSec=1.11422 makeItemSec=1.57015 linkSec=0.905716 placeSec=0.0790329 nonFlipSec=0.308373 collapseSec=0.0412106 heapPops=28360 stale=3942 dead=4397 fresh=20021 requeues=0
reason=final checkpointTarget=0 accepted=24576 rejected=9455 aliveV=40960 aliveF=81920 heap=154854 sec=8.14702 rebuildSec=1.11422 makeItemSec=1.70035 linkSec=0.980141 placeSec=0.0841543 nonFlipSec=0.334931 collapseSec=0.0512797 heapPops=34031 stale=4428 dead=4994 fresh=24609 requeues=0
stage collapse target=40960 finalV=40960 sec=8.14702
heFlip accepted=1000 queue=19935 edges=122880
heFlip accepted=2000 queue=21343 edges=122880
heFlip accepted=3000 queue=22285 edges=122880
heFlip accepted=4000 queue=22923 edges=122880
heFlip accepted=5000 queue=23380 edges=122880
heFlip accepted=6000 queue=23445 edges=122880
heFlip accepted=7000 queue=23140 edges=122880
heFlip accepted=8000 queue=22714 edges=122880
heFlip accepted=9000 queue=21921 edges=122880
heFlip accepted=10000 queue=20948 edges=122880
heFlip accepted=11000 queue=19599 edges=122880
heFlip accepted=12000 queue=17972 edges=122880
heFlip accepted=13000 queue=16076 edges=122880
heFlip accepted=14000 queue=13850 edges=122880
heFlip accepted=15000 queue=11511 edges=122880
heFlip accepted=16000 queue=8874 edges=122880
heFlip accepted=17000 queue=6072 edges=122880
heFlip accepted=18000 queue=3012 edges=122880
stage=40960 heFlipPass=0 flipped=18896
stage=40960 heRelocatePass=0 moved=19492
reason=initial checkpointTarget=0 accepted=0 rejected=0 aliveV=40960 aliveF=81920 heap=98384 sec=0.352906 rebuildSec=0.318577 makeItemSec=0.296776 linkSec=0.17632 placeSec=0.0136262 nonFlipSec=0.062331 collapseSec=0 heapPops=0 stale=0 dead=0 fresh=0 requeues=0
reason=progress checkpointTarget=0 accepted=5000 rejected=1151 aliveV=35960 aliveF=71920 heap=121265 sec=1.20801 rebuildSec=0.318577 makeItemSec=0.446741 linkSec=0.264765 placeSec=0.0193316 nonFlipSec=0.0926708 collapseSec=0.0112757 heapPops=6151 stale=547 dead=570 fresh=5034 requeues=0
reason=rebuild checkpointTarget=0 accepted=10000 rejected=6563 aliveV=30960 aliveF=61920 heap=75952 sec=2.76435 rebuildSec=0.558667 makeItemSec=0.827207 linkSec=0.489831 placeSec=0.0350743 nonFlipSec=0.172423 collapseSec=0.0233101 heapPops=16563 stale=2974 dead=3458 fresh=10131 requeues=0
reason=progress checkpointTarget=0 accepted=15000 rejected=8724 aliveV=25960 aliveF=51920 heap=96294 sec=3.80305 rebuildSec=0.558667 makeItemSec=0.973507 linkSec=0.576921 placeSec=0.0404544 nonFlipSec=0.201996 collapseSec=0.0344661 heapPops=23724 stale=4014 dead=4547 fresh=15163 requeues=0
reason=final checkpointTarget=0 accepted=15116 rejected=8823 aliveV=25844 aliveF=51688 heap=96716 sec=3.83344 rebuildSec=0.558667 makeItemSec=0.976645 linkSec=0.578765 placeSec=0.0405672 nonFlipSec=0.202636 collapseSec=0.0347134 heapPops=23939 stale=4055 dead=4602 fresh=15282 requeues=0
stage collapse target=25844 finalV=25844 sec=3.83344
heFlip accepted=1000 queue=10972 edges=77532
heFlip accepted=2000 queue=11801 edges=77532
heFlip accepted=3000 queue=11975 edges=77532
heFlip accepted=4000 queue=11602 edges=77532
heFlip accepted=5000 queue=10787 edges=77532
heFlip accepted=6000 queue=9571 edges=77532
heFlip accepted=7000 queue=7848 edges=77532
heFlip accepted=8000 queue=5649 edges=77532
heFlip accepted=9000 queue=3211 edges=77532
heFlip accepted=10000 queue=318 edges=77532
stage=25844 heFlipPass=0 flipped=10098
stage=25844 heRelocatePass=0 moved=12925
reason=initial checkpointTarget=0 accepted=0 rejected=0 aliveV=25844 aliveF=51688 heap=57366 sec=0.218916 rebuildSec=0.196667 makeItemSec=0.182891 linkSec=0.109364 placeSec=0.0081247 nonFlipSec=0.0386148 collapseSec=0 heapPops=0 stale=0 dead=0 fresh=0 requeues=0
reason=progress checkpointTarget=0 accepted=5000 rejected=2196 aliveV=20844 aliveF=41688 heap=76937 sec=0.868454 rebuildSec=0.196667 makeItemSec=0.320286 linkSec=0.192091 placeSec=0.0132151 nonFlipSec=0.0659402 collapseSec=0.0100025 heapPops=7196 stale=1035 dead=1111 fresh=5050 requeues=0
reason=final checkpointTarget=0 accepted=9538 rejected=11769 aliveV=16306 aliveF=32612 heap=86475 sec=1.96453 rebuildSec=0.196667 makeItemSec=0.445734 linkSec=0.268649 placeSec=0.0177887 nonFlipSec=0.0906245 collapseSec=0.01986 heapPops=21307 stale=4881 dead=6713 fresh=9713 requeues=0
stage collapse target=16306 finalV=16306 sec=1.96453
heFlip accepted=1000 queue=6915 edges=48918
heFlip accepted=2000 queue=7009 edges=48918
heFlip accepted=3000 queue=6302 edges=48918
heFlip accepted=4000 queue=4771 edges=48918
heFlip accepted=5000 queue=2764 edges=48918
heFlip accepted=6000 queue=29 edges=48918
stage=16306 heFlipPass=0 flipped=6008
stage=16306 heRelocatePass=0 moved=8556
reason=initial checkpointTarget=0 accepted=0 rejected=0 aliveV=16306 aliveF=32612 heap=33947 sec=0.143299 rebuildSec=0.129637 makeItemSec=0.121384 linkSec=0.0732234 placeSec=0.0052131 nonFlipSec=0.0253535 collapseSec=0 heapPops=0 stale=0 dead=0 fresh=0 requeues=0
reason=progress checkpointTarget=0 accepted=5000 rejected=5392 aliveV=11306 aliveF=22612 heap=48575 sec=0.657793 rebuildSec=0.129637 makeItemSec=0.252878 linkSec=0.15255 placeSec=0.010176 nonFlipSec=0.0517379 collapseSec=0.0092213 heapPops=10392 stale=2369 dead=2887 fresh=5136 requeues=0
reason=final checkpointTarget=0 accepted=6017 rejected=8841 aliveV=10289 aliveF=20578 heap=49138 sec=0.865001 rebuildSec=0.129637 makeItemSec=0.282606 linkSec=0.170554 placeSec=0.0112486 nonFlipSec=0.0578228 collapseSec=0.0114703 heapPops=14858 stale=3696 dead=4968 fresh=6194 requeues=0
stage collapse target=10289 finalV=10289 sec=0.865001
heFlip accepted=1000 queue=4702 edges=30867
heFlip accepted=2000 queue=4134 edges=30867
heFlip accepted=3000 queue=2234 edges=30867
stage=10289 heFlipPass=0 flipped=3819
stage=10289 heRelocatePass=0 moved=5836
reason=initial checkpointTarget=0 accepted=0 rejected=0 aliveV=10289 aliveF=20578 heap=19457 sec=0.099218 rebuildSec=0.0909155 makeItemSec=0.0856686 linkSec=0.0521472 placeSec=0.0035971 nonFlipSec=0.0176677 collapseSec=0 heapPops=0 stale=0 dead=0 fresh=0 requeues=0
reason=final checkpointTarget=0 accepted=3797 rejected=6505 aliveV=6492 aliveF=12984 heap=26441 sec=0.289799 rebuildSec=0.0909155 makeItemSec=0.179248 linkSec=0.107684 placeSec=0.0072031 nonFlipSec=0.0370141 collapseSec=0.0064185 heapPops=10302 stale=2624 dead=3753 fresh=3925 requeues=0
stage collapse target=6492 finalV=6492 sec=0.289799
heFlip accepted=1000 queue=2984 edges=19476
heFlip accepted=2000 queue=1445 edges=19476
stage=6492 heFlipPass=0 flipped=2510
stage=6492 heRelocatePass=0 moved=3953
reason=initial checkpointTarget=0 accepted=0 rejected=0 aliveV=6492 aliveF=12984 heap=10915 sec=0.0546412 rebuildSec=0.0494532 makeItemSec=0.0463628 linkSec=0.0288445 placeSec=0.0019478 nonFlipSec=0.0092191 collapseSec=0 heapPops=0 stale=0 dead=0 fresh=0 requeues=0
reason=final checkpointTarget=0 accepted=2396 rejected=4637 aliveV=4096 aliveF=8192 heap=13733 sec=0.156874 rebuildSec=0.0494532 makeItemSec=0.107726 linkSec=0.0668391 placeSec=0.0042825 nonFlipSec=0.0214288 collapseSec=0.0041906 heapPops=7033 stale=1823 dead=2720 fresh=2490 requeues=0
stage collapse target=4096 finalV=4096 sec=0.156874
heFlip accepted=1000 queue=1570 edges=12288
stage=4096 heFlipPass=0 flipped=1562
stage=4096 heRelocatePass=0 moved=2628
final_vertices,4096
final_faces,8192
output,C:\Users\sy415\workspace\pndf_qem_phase1\out_quality_local_guard_eps1e-9\meshes\isotropic_pnm_he_4d_ds4_v4096.meshbin
