pnm_aniso_he stages: 49667 37641 28526 21619 16384
reason=initial checkpointTarget=0 accepted=0 rejected=0 aliveV=65536 aliveF=131072 heap=196608 sec=0.446703 rebuildSec=0.39506 makeItemSec=0.364162 linkSec=0.213847 placeSec=0.0210463 nonFlipSec=0.0665707 collapseSec=0 heapPops=0 stale=0 dead=0 fresh=0 requeues=0
reason=progress checkpointTarget=0 accepted=5000 rejected=5612 aliveV=60536 aliveF=121072 heap=225183 sec=2.39332 rebuildSec=0.39506 makeItemSec=0.485985 linkSec=0.281626 placeSec=0.0264018 nonFlipSec=0.0899869 collapseSec=0.0088004 heapPops=10612 stale=2800 dead=2812 fresh=5000 requeues=0
reason=rebuild checkpointTarget=0 accepted=10000 rejected=13058 aliveV=55536 aliveF=111072 heap=165562 sec=5.01192 rebuildSec=0.751944 makeItemSec=0.950189 linkSec=0.552825 placeSec=0.0500318 nonFlipSec=0.178171 collapseSec=0.0188053 heapPops=23058 stale=6457 dead=6601 fresh=10000 requeues=0
reason=progress checkpointTarget=0 accepted=15000 rejected=15973 aliveV=50536 aliveF=101072 heap=193959 sec=6.59313 rebuildSec=0.751944 makeItemSec=1.07945 linkSec=0.626167 placeSec=0.0554218 nonFlipSec=0.203684 collapseSec=0.0280707 heapPops=30973 stale=7900 dead=8073 fresh=15000 requeues=0
reason=final checkpointTarget=0 accepted=15869 rejected=16928 aliveV=49667 aliveF=99334 heap=198322 sec=6.92668 rebuildSec=0.751944 makeItemSec=1.10095 linkSec=0.638355 placeSec=0.0562862 nonFlipSec=0.207928 collapseSec=0.0296703 heapPops=32797 stale=8369 dead=8559 fresh=15869 requeues=0
stage collapse target=49667 finalV=49667 sec=6.92668
stage=49667 heFlipPass=0 flipped=0
stage=49667 heRelocatePass=0 moved=34896
reason=initial checkpointTarget=0 accepted=0 rejected=0 aliveV=49667 aliveF=99334 heap=126261 sec=0.366294 rebuildSec=0.326125 makeItemSec=0.300804 linkSec=0.178369 placeSec=0.0160561 nonFlipSec=0.0561923 collapseSec=0 heapPops=0 stale=0 dead=0 fresh=0 requeues=0
reason=progress checkpointTarget=0 accepted=5000 rejected=123 aliveV=44667 aliveF=89334 heap=151824 sec=1.25963 rebuildSec=0.326125 makeItemSec=0.42812 linkSec=0.25277 placeSec=0.0214638 nonFlipSec=0.0803796 collapseSec=0.009355 heapPops=5123 stale=50 dead=73 fresh=5000 requeues=0
reason=rebuild checkpointTarget=0 accepted=10000 rejected=778 aliveV=39667 aliveF=79334 heap=111307 sec=2.41363 rebuildSec=0.59761 makeItemSec=0.803704 linkSec=0.471821 placeSec=0.0396644 nonFlipSec=0.153717 collapseSec=0.018595 heapPops=10778 stale=329 dead=449 fresh=10000 requeues=0
reason=final checkpointTarget=0 accepted=12026 rejected=930 aliveV=37641 aliveF=75282 heap=123253 sec=2.78628 rebuildSec=0.59761 makeItemSec=0.863042 linkSec=0.506003 placeSec=0.0420714 nonFlipSec=0.165602 collapseSec=0.0229177 heapPops=12956 stale=416 dead=514 fresh=12026 requeues=0
stage collapse target=37641 finalV=37641 sec=2.78628
stage=37641 heFlipPass=0 flipped=29
stage=37641 heRelocatePass=0 moved=17254
reason=initial checkpointTarget=0 accepted=0 rejected=0 aliveV=37641 aliveF=75282 heap=103676 sec=0.337579 rebuildSec=0.307516 makeItemSec=0.285887 linkSec=0.171214 placeSec=0.0134143 nonFlipSec=0.0548287 collapseSec=0 heapPops=0 stale=0 dead=0 fresh=0 requeues=0
reason=progress checkpointTarget=0 accepted=5000 rejected=620 aliveV=32641 aliveF=65282 heap=131842 sec=1.08634 rebuildSec=0.307516 makeItemSec=0.417464 linkSec=0.2489 placeSec=0.0187167 nonFlipSec=0.0802399 collapseSec=0.0097749 heapPops=5620 stale=275 dead=345 fresh=5000 requeues=0
reason=final checkpointTarget=0 accepted=9115 rejected=4326 aliveV=28526 aliveF=57052 heap=153257 sec=1.92576 rebuildSec=0.307516 makeItemSec=0.517904 linkSec=0.307856 placeSec=0.0227738 nonFlipSec=0.0996806 collapseSec=0.0173483 heapPops=13441 stale=1901 dead=2422 fresh=9118 requeues=0
stage collapse target=28526 finalV=28526 sec=1.92576
stage=28526 heFlipPass=0 flipped=76
stage=28526 heRelocatePass=0 moved=13071
reason=initial checkpointTarget=0 accepted=0 rejected=0 aliveV=28526 aliveF=57052 heap=79700 sec=0.245669 rebuildSec=0.22283 makeItemSec=0.206764 linkSec=0.121838 placeSec=0.0105141 nonFlipSec=0.0408624 collapseSec=0 heapPops=0 stale=0 dead=0 fresh=0 requeues=0
reason=progress checkpointTarget=0 accepted=5000 rejected=1227 aliveV=23526 aliveF=47052 heap=108099 sec=0.886903 rebuildSec=0.22283 makeItemSec=0.332154 linkSec=0.196088 placeSec=0.0157501 nonFlipSec=0.0650912 collapseSec=0.0086812 heapPops=6227 stale=541 dead=684 fresh=5002 requeues=0
reason=final checkpointTarget=0 accepted=6907 rejected=3072 aliveV=21619 aliveF=43238 heap=117420 sec=1.2394 rebuildSec=0.22283 makeItemSec=0.383515 linkSec=0.226677 placeSec=0.0178351 nonFlipSec=0.0751464 collapseSec=0.0123838 heapPops=9979 stale=1310 dead=1756 fresh=6913 requeues=0
stage collapse target=21619 finalV=21619 sec=1.2394
stage=21619 heFlipPass=0 flipped=876
stage=21619 heRelocatePass=0 moved=11121
reason=initial checkpointTarget=0 accepted=0 rejected=0 aliveV=21619 aliveF=43238 heap=59627 sec=0.17093 rebuildSec=0.153465 makeItemSec=0.141376 linkSec=0.0829769 placeSec=0.0069749 nonFlipSec=0.0285215 collapseSec=0 heapPops=0 stale=0 dead=0 fresh=0 requeues=0
reason=progress checkpointTarget=0 accepted=5000 rejected=1926 aliveV=16619 aliveF=33238 heap=85918 sec=0.727439 rebuildSec=0.153465 makeItemSec=0.263655 linkSec=0.155592 placeSec=0.0120336 nonFlipSec=0.0524352 collapseSec=0.0083794 heapPops=6926 stale=876 dead=1043 fresh=5007 requeues=0
reason=final checkpointTarget=0 accepted=5235 rejected=2237 aliveV=16384 aliveF=32768 heap=86905 sec=0.764383 rebuildSec=0.153465 makeItemSec=0.269376 linkSec=0.159011 placeSec=0.0122638 nonFlipSec=0.0535425 collapseSec=0.0087959 heapPops=7472 stale=1003 dead=1227 fresh=5242 requeues=0
stage collapse target=16384 finalV=16384 sec=0.764382
heFlip accepted=1000 queue=1921 edges=49152
heFlip accepted=2000 queue=346 edges=49152
stage=16384 heFlipPass=0 flipped=2149
stage=16384 heRelocatePass=0 moved=9561
final_vertices,16384
final_faces,32768
output,C:\Users\sy415\workspace\pndf_qem_phase1\out_quality_local_guard_eps1e-9\meshes\brush_pnm_he_4d_ds4_v16384.meshbin
