pnm_aniso_he stages: 49667 37641 28526 21619 16384
reason=initial checkpointTarget=0 accepted=0 rejected=0 aliveV=65536 aliveF=131072 heap=196608 sec=0.471038 rebuildSec=0.396186 makeItemSec=0.364323 linkSec=0.214875 placeSec=0.0210349 nonFlipSec=0.0665006 collapseSec=0 heapPops=0 stale=0 dead=0 fresh=0 requeues=0
reason=progress checkpointTarget=0 accepted=5000 rejected=3269 aliveV=60536 aliveF=121072 heap=226655 sec=2.14947 rebuildSec=0.396186 makeItemSec=0.484257 linkSec=0.279348 placeSec=0.0264226 nonFlipSec=0.0907739 collapseSec=0.0090577 heapPops=8269 stale=1480 dead=1786 fresh=5003 requeues=0
reason=rebuild checkpointTarget=0 accepted=10000 rejected=10874 aliveV=55536 aliveF=111072 heap=165665 sec=4.91012 rebuildSec=0.765752 makeItemSec=0.965039 linkSec=0.55782 placeSec=0.0509956 nonFlipSec=0.18389 collapseSec=0.0202185 heapPops=20874 stale=4659 dead=6212 fresh=10003 requeues=0
reason=progress checkpointTarget=0 accepted=15000 rejected=12780 aliveV=50536 aliveF=101072 heap=194604 sec=6.40923 rebuildSec=0.765752 makeItemSec=1.08991 linkSec=0.627157 placeSec=0.0563454 nonFlipSec=0.209269 collapseSec=0.0296661 heapPops=27780 stale=5589 dead=7188 fresh=15003 requeues=0
reason=final checkpointTarget=0 accepted=15869 rejected=13621 aliveV=49667 aliveF=99334 heap=198998 sec=6.73867 rebuildSec=0.765752 makeItemSec=1.1115 linkSec=0.639379 placeSec=0.0572221 nonFlipSec=0.213598 collapseSec=0.031372 heapPops=29490 stale=5991 dead=7627 fresh=15872 requeues=0
stage collapse target=49667 finalV=49667 sec=6.73867
heFlip accepted=1000 queue=1856 edges=149001
heFlip accepted=2000 queue=534 edges=149001
stage=49667 heFlipPass=0 flipped=2328
stage=49667 heRelocatePass=0 moved=32678
reason=initial checkpointTarget=0 accepted=0 rejected=0 aliveV=49667 aliveF=99334 heap=126491 sec=0.387937 rebuildSec=0.348362 makeItemSec=0.32263 linkSec=0.18855 placeSec=0.0175012 nonFlipSec=0.063252 collapseSec=0 heapPops=0 stale=0 dead=0 fresh=0 requeues=0
reason=progress checkpointTarget=0 accepted=5000 rejected=1015 aliveV=44667 aliveF=89334 heap=152269 sec=1.37187 rebuildSec=0.348362 makeItemSec=0.464288 linkSec=0.26935 placeSec=0.0235592 nonFlipSec=0.0917852 collapseSec=0.0103239 heapPops=6015 stale=536 dead=471 fresh=5008 requeues=0
reason=rebuild checkpointTarget=0 accepted=10000 rejected=7705 aliveV=39667 aliveF=79334 heap=106104 sec=3.26169 rebuildSec=0.626535 makeItemSec=0.852735 linkSec=0.49634 placeSec=0.042115 nonFlipSec=0.170347 collapseSec=0.0204287 heapPops=17705 stale=3366 dead=4306 fresh=10033 requeues=0
reason=final checkpointTarget=0 accepted=12026 rejected=8109 aliveV=37641 aliveF=75282 heap=116235 sec=3.68516 rebuildSec=0.626535 makeItemSec=0.90247 linkSec=0.52463 placeSec=0.0440979 nonFlipSec=0.180469 collapseSec=0.0241758 heapPops=20135 stale=3557 dead=4517 fresh=12061 requeues=0
stage collapse target=37641 finalV=37641 sec=3.68516
heFlip accepted=1000 queue=205 edges=112923
stage=37641 heFlipPass=0 flipped=1146
stage=37641 heRelocatePass=0 moved=19347
reason=initial checkpointTarget=0 accepted=0 rejected=0 aliveV=37641 aliveF=75282 heap=93104 sec=0.289439 rebuildSec=0.259346 makeItemSec=0.239746 linkSec=0.142049 placeSec=0.0121223 nonFlipSec=0.0482325 collapseSec=0 heapPops=0 stale=0 dead=0 fresh=0 requeues=0
reason=progress checkpointTarget=0 accepted=5000 rejected=3188 aliveV=32641 aliveF=65282 heap=114481 sec=1.41257 rebuildSec=0.259346 makeItemSec=0.373324 linkSec=0.219356 placeSec=0.0175212 nonFlipSec=0.0752846 collapseSec=0.0095695 heapPops=8188 stale=1366 dead=1799 fresh=5023 requeues=0
reason=final checkpointTarget=0 accepted=9115 rejected=12454 aliveV=28526 aliveF=57052 heap=125031 sec=2.8175 rebuildSec=0.259346 makeItemSec=0.483661 linkSec=0.284708 placeSec=0.0219046 nonFlipSec=0.0969941 collapseSec=0.0180096 heapPops=21569 stale=5010 dead=7367 fresh=9192 requeues=0
stage collapse target=28526 finalV=28526 sec=2.8175
heFlip accepted=1000 queue=244 edges=85578
stage=28526 heFlipPass=0 flipped=1177
stage=28526 heRelocatePass=0 moved=13382
reason=initial checkpointTarget=0 accepted=0 rejected=0 aliveV=28526 aliveF=57052 heap=67322 sec=0.225145 rebuildSec=0.202341 makeItemSec=0.187583 linkSec=0.111726 placeSec=0.0091557 nonFlipSec=0.0383588 collapseSec=0 heapPops=0 stale=0 dead=0 fresh=0 requeues=0
reason=progress checkpointTarget=0 accepted=5000 rejected=5780 aliveV=23526 aliveF=47052 heap=83982 sec=1.28167 rebuildSec=0.202341 makeItemSec=0.319974 linkSec=0.190443 placeSec=0.014352 nonFlipSec=0.0646398 collapseSec=0.0093598 heapPops=10780 stale=2318 dead=3427 fresh=5035 requeues=0
reason=final checkpointTarget=0 accepted=6907 rejected=10656 aliveV=21619 aliveF=43238 heap=87614 sec=1.82198 rebuildSec=0.202341 makeItemSec=0.369621 linkSec=0.220332 placeSec=0.016269 nonFlipSec=0.0743172 collapseSec=0.0130778 heapPops=17563 stale=4202 dead=6384 fresh=6977 requeues=0
stage collapse target=21619 finalV=21619 sec=1.82198
heFlip accepted=1000 queue=945 edges=64857
stage=21619 heFlipPass=0 flipped=1620
stage=21619 heRelocatePass=0 moved=9765
reason=initial checkpointTarget=0 accepted=0 rejected=0 aliveV=21619 aliveF=43238 heap=48093 sec=0.176901 rebuildSec=0.159621 makeItemSec=0.148647 linkSec=0.0892692 placeSec=0.0069736 nonFlipSec=0.0303415 collapseSec=0 heapPops=0 stale=0 dead=0 fresh=0 requeues=0
reason=progress checkpointTarget=0 accepted=5000 rejected=7368 aliveV=16619 aliveF=33238 heap=61248 sec=1.15608 rebuildSec=0.159621 makeItemSec=0.27777 linkSec=0.167487 placeSec=0.0119386 nonFlipSec=0.0554558 collapseSec=0.0088644 heapPops=12368 stale=2931 dead=4355 fresh=5082 requeues=0
reason=final checkpointTarget=0 accepted=5235 rejected=7959 aliveV=16384 aliveF=32768 heap=61614 sec=1.21272 rebuildSec=0.159621 makeItemSec=0.283979 linkSec=0.171257 placeSec=0.0121706 nonFlipSec=0.0566516 collapseSec=0.0093217 heapPops=13194 stale=3140 dead=4726 fresh=5328 requeues=0
stage collapse target=16384 finalV=16384 sec=1.21272
heFlip accepted=1000 queue=1753 edges=49152
heFlip accepted=2000 queue=140 edges=49152
stage=16384 heFlipPass=0 flipped=2074
stage=16384 heRelocatePass=0 moved=7549
final_vertices,16384
final_faces,32768
output,C:\Users\sy415\workspace\pndf_qem_phase1\out_quality_local_guard_eps1e-9\meshes\scratched_pnm_he_4d_ds4_v16384.meshbin
