pnm_aniso_he stages: 49667 37641 28526 21619 16384
reason=initial checkpointTarget=0 accepted=0 rejected=0 aliveV=65536 aliveF=131072 heap=196608 sec=0.457166 rebuildSec=0.406162 makeItemSec=0.374123 linkSec=0.217915 placeSec=0.0255587 nonFlipSec=0.0677285 collapseSec=0 heapPops=0 stale=0 dead=0 fresh=0 requeues=0
reason=progress checkpointTarget=0 accepted=5000 rejected=5329 aliveV=60536 aliveF=121072 heap=222101 sec=2.55844 rebuildSec=0.406162 makeItemSec=0.493987 linkSec=0.282316 placeSec=0.0317383 nonFlipSec=0.0912601 collapseSec=0.0093074 heapPops=10329 stale=2407 dead=2910 fresh=5012 requeues=0
reason=rebuild checkpointTarget=0 accepted=10000 rejected=14835 aliveV=55536 aliveF=111072 heap=163154 sec=5.72731 rebuildSec=0.812045 makeItemSec=0.987571 linkSec=0.565897 placeSec=0.0611102 nonFlipSec=0.185884 collapseSec=0.0210733 heapPops=24835 stale=6408 dead=8399 fresh=10028 requeues=0
reason=progress checkpointTarget=0 accepted=15000 rejected=16690 aliveV=50536 aliveF=101072 heap=190767 sec=7.17341 rebuildSec=0.812045 makeItemSec=1.10648 linkSec=0.632611 placeSec=0.0670092 nonFlipSec=0.209029 collapseSec=0.0302219 heapPops=31690 stale=7267 dead=9391 fresh=15032 requeues=0
reason=final checkpointTarget=0 accepted=15869 rejected=17374 aliveV=49667 aliveF=99334 heap=195098 sec=7.50918 rebuildSec=0.812045 makeItemSec=1.13085 linkSec=0.64655 placeSec=0.0682118 nonFlipSec=0.213739 collapseSec=0.0321195 heapPops=33243 stale=7580 dead=9762 fresh=15901 requeues=0
stage collapse target=49667 finalV=49667 sec=7.50918
heFlip accepted=1000 queue=8795 edges=149001
heFlip accepted=2000 queue=8482 edges=149001
heFlip accepted=3000 queue=7950 edges=149001
heFlip accepted=4000 queue=7156 edges=149001
heFlip accepted=5000 queue=6111 edges=149001
heFlip accepted=6000 queue=4783 edges=149001
heFlip accepted=7000 queue=3188 edges=149001
heFlip accepted=8000 queue=1447 edges=149001
stage=49667 heFlipPass=0 flipped=8734
stage=49667 heRelocatePass=0 moved=19582
reason=initial checkpointTarget=0 accepted=0 rejected=0 aliveV=49667 aliveF=99334 heap=138232 sec=0.41712 rebuildSec=0.377051 makeItemSec=0.350481 linkSec=0.20439 placeSec=0.0211213 nonFlipSec=0.0692703 collapseSec=0 heapPops=0 stale=0 dead=0 fresh=0 requeues=0
reason=progress checkpointTarget=0 accepted=5000 rejected=1556 aliveV=44667 aliveF=89334 heap=165123 sec=1.55812 rebuildSec=0.377051 makeItemSec=0.506286 linkSec=0.29245 placeSec=0.0286693 nonFlipSec=0.101343 collapseSec=0.0125133 heapPops=6556 stale=702 dead=853 fresh=5001 requeues=0
reason=rebuild checkpointTarget=0 accepted=10000 rejected=7191 aliveV=39667 aliveF=79334 heap=113609 sec=3.46039 rebuildSec=0.667074 makeItemSec=0.917409 linkSec=0.528028 placeSec=0.0511482 nonFlipSec=0.186023 collapseSec=0.0243336 heapPops=17191 stale=3161 dead=4018 fresh=10012 requeues=0
reason=final checkpointTarget=0 accepted=12026 rejected=7511 aliveV=37641 aliveF=75282 heap=124543 sec=3.88157 rebuildSec=0.667074 makeItemSec=0.975517 linkSec=0.56108 placeSec=0.0539323 nonFlipSec=0.197922 collapseSec=0.0289639 heapPops=19537 stale=3309 dead=4190 fresh=12038 requeues=0
stage collapse target=37641 finalV=37641 sec=3.88157
heFlip accepted=1000 queue=4982 edges=112923
heFlip accepted=2000 queue=4359 edges=112923
heFlip accepted=3000 queue=3392 edges=112923
heFlip accepted=4000 queue=2102 edges=112923
heFlip accepted=5000 queue=532 edges=112923
stage=37641 heFlipPass=0 flipped=5304
stage=37641 heRelocatePass=0 moved=9313
reason=initial checkpointTarget=0 accepted=0 rejected=0 aliveV=37641 aliveF=75282 heap=104917 sec=0.370007 rebuildSec=0.325415 makeItemSec=0.302214 linkSec=0.176195 placeSec=0.0172927 nonFlipSec=0.0625249 collapseSec=0 heapPops=0 stale=0 dead=0 fresh=0 requeues=0
reason=progress checkpointTarget=0 accepted=5000 rejected=2286 aliveV=32641 aliveF=65282 heap=129764 sec=1.24032 rebuildSec=0.325415 makeItemSec=0.424952 linkSec=0.247699 placeSec=0.0231926 nonFlipSec=0.0871297 collapseSec=0.0095651 heapPops=7286 stale=1047 dead=1234 fresh=5005 requeues=0
reason=final checkpointTarget=0 accepted=9115 rejected=7818 aliveV=28526 aliveF=57052 heap=146189 sec=2.3867 rebuildSec=0.325415 makeItemSec=0.544995 linkSec=0.318177 placeSec=0.028927 nonFlipSec=0.111234 collapseSec=0.0192559 heapPops=16933 stale=3382 dead=4420 fresh=9131 requeues=0
stage collapse target=28526 finalV=28526 sec=2.3867
heFlip accepted=1000 queue=3877 edges=85578
heFlip accepted=2000 queue=3055 edges=85578
heFlip accepted=3000 queue=1828 edges=85578
heFlip accepted=4000 queue=164 edges=85578
stage=28526 heFlipPass=0 flipped=4091
stage=28526 heRelocatePass=0 moved=6202
reason=initial checkpointTarget=0 accepted=0 rejected=0 aliveV=28526 aliveF=57052 heap=78366 sec=0.233078 rebuildSec=0.210258 makeItemSec=0.1955 linkSec=0.113512 placeSec=0.0110992 nonFlipSec=0.0418989 collapseSec=0 heapPops=0 stale=0 dead=0 fresh=0 requeues=0
reason=progress checkpointTarget=0 accepted=5000 rejected=2739 aliveV=23526 aliveF=47052 heap=101767 sec=1.02716 rebuildSec=0.210258 makeItemSec=0.319048 linkSec=0.18583 placeSec=0.0170788 nonFlipSec=0.0667004 collapseSec=0.0093303 heapPops=7739 stale=1200 dead=1536 fresh=5003 requeues=0
reason=final checkpointTarget=0 accepted=6907 rejected=5720 aliveV=21619 aliveF=43238 heap=108606 sec=1.46413 rebuildSec=0.210258 makeItemSec=0.364669 linkSec=0.21269 placeSec=0.01928 nonFlipSec=0.0758253 collapseSec=0.0128551 heapPops=12627 stale=2454 dead=3255 fresh=6918 requeues=0
stage collapse target=21619 finalV=21619 sec=1.46413
heFlip accepted=1000 queue=3070 edges=64857
heFlip accepted=2000 queue=2157 edges=64857
heFlip accepted=3000 queue=567 edges=64857
stage=21619 heFlipPass=0 flipped=3296
stage=21619 heRelocatePass=0 moved=4967
reason=initial checkpointTarget=0 accepted=0 rejected=0 aliveV=21619 aliveF=43238 heap=58345 sec=0.172672 rebuildSec=0.155682 makeItemSec=0.144458 linkSec=0.0827591 placeSec=0.0082347 nonFlipSec=0.0317093 collapseSec=0 heapPops=0 stale=0 dead=0 fresh=0 requeues=0
reason=progress checkpointTarget=0 accepted=5000 rejected=3659 aliveV=16619 aliveF=33238 heap=79921 sec=0.780258 rebuildSec=0.155682 makeItemSec=0.260914 linkSec=0.150752 placeSec=0.013959 nonFlipSec=0.0553551 collapseSec=0.0088934 heapPops=8659 stale=1638 dead=2014 fresh=5007 requeues=0
reason=final checkpointTarget=0 accepted=5235 rejected=4063 aliveV=16384 aliveF=32768 heap=80665 sec=0.838573 rebuildSec=0.155682 makeItemSec=0.2703 linkSec=0.156198 placeSec=0.0144293 nonFlipSec=0.0573381 collapseSec=0.009633 heapPops=9298 stale=1803 dead=2251 fresh=5244 requeues=0
stage collapse target=16384 finalV=16384 sec=0.838572
heFlip accepted=1000 queue=2488 edges=49152
heFlip accepted=2000 queue=1245 edges=49152
stage=16384 heFlipPass=0 flipped=2717
stage=16384 heRelocatePass=0 moved=4196
final_vertices,16384
final_faces,32768
output,C:\Users\sy415\workspace\pndf_qem_phase1\out_quality_local_guard_eps1e-9\meshes\isotropic_pnm_he_normal_ds4_v16384.meshbin
